--------------- Rebuild Started: 11/21/2015 16:26:22 Project: CE95277 ADC and UART, Configuration: ARM GCC 4.8.4 Debug ---------------
Deleting file ".\ARM_GCC_484\Debug\main.o"
Deleting file ".\ARM_GCC_484\Debug\cyfitter_cfg.o"
Deleting file ".\ARM_GCC_484\Debug\cymetadata.o"
Deleting file ".\ARM_GCC_484\Debug\UART_1.o"
Deleting file ".\ARM_GCC_484\Debug\UART_1_PM.o"
Deleting file ".\ARM_GCC_484\Debug\UART_1_INT.o"
Deleting file ".\ARM_GCC_484\Debug\UART_1_BOOT.o"
Deleting file ".\ARM_GCC_484\Debug\Vin.o"
Deleting file ".\ARM_GCC_484\Debug\ADC_DelSig_1.o"
Deleting file ".\ARM_GCC_484\Debug\ADC_DelSig_1_PM.o"
Deleting file ".\ARM_GCC_484\Debug\ADC_DelSig_1_INT.o"
Deleting file ".\ARM_GCC_484\Debug\UART_1_IntClock.o"
Deleting file ".\ARM_GCC_484\Debug\ADC_DelSig_1_AMux.o"
Deleting file ".\ARM_GCC_484\Debug\ADC_DelSig_1_Ext_CP_Clk.o"
Deleting file ".\ARM_GCC_484\Debug\ADC_DelSig_1_IRQ.o"
Deleting file ".\ARM_GCC_484\Debug\ADC_DelSig_1_theACLK.o"
Deleting file ".\ARM_GCC_484\Debug\Cm3Start.o"
Deleting file ".\ARM_GCC_484\Debug\CyBootAsmGnu.o"
Deleting file ".\ARM_GCC_484\Debug\CyDmac.o"
Deleting file ".\ARM_GCC_484\Debug\CyFlash.o"
Deleting file ".\ARM_GCC_484\Debug\CyLib.o"
Deleting file ".\ARM_GCC_484\Debug\cyPm.o"
Deleting file ".\ARM_GCC_484\Debug\CySpc.o"
Deleting file ".\ARM_GCC_484\Debug\cyutils.o"
Deleting file ".\ARM_GCC_484\Debug\CE95277 ADC and UART.hex"
Deleting file ".\ARM_GCC_484\Debug\CE95277 ADC and UART.elf"
Deleting file ".\ARM_GCC_484\Debug\CE95277 ADC and UART.map"
Deleting file ".\CE95277 ADC and UART.cycdx"
Deleting file ".\CE95277 ADC and UART.svd"
Deleting file ".\CE95277 ADC and UART.rpt"
Deleting file ".\CE95277 ADC and UART_timing.html"
Deleting file ".\ARM_GCC_484\Debug\.deps\C_FILE.P"
Deleting file ".\ARM_GCC_484\Debug\.deps\ARM_C_FILE.P"
Deleting file ".\ARM_GCC_484\Debug\.deps\GNU_ARM_ASM_FILE.P"
cydsfit.exe -.appdatapath "C:\Users\Leiuqeze\AppData\Local\Cypress Semiconductor\PSoC Creator\3.1" -.fdsnotice -.fdswarpdepfile=warp_dependencies.txt -.fdselabdepfile=elab_dependencies.txt -.fdsbldfile=generated_files.txt -p "C:\Users\Leiuqeze\Downloads\CE95277_Delta_Sigma_ADC_in_Single_Ended_Mode_with_PSoC_3_PSoC_5LP\001-95277\CE95277 ADC and UART\CE95277 ADC and UART.cydsn\CE95277 ADC and UART.cyprj" -d CY8C5888LTI-LP097 -s "C:\Users\Leiuqeze\Downloads\CE95277_Delta_Sigma_ADC_in_Single_Ended_Mode_with_PSoC_3_PSoC_5LP\001-95277\CE95277 ADC and UART\CE95277 ADC and UART.cydsn\Generated_Source\PSoC5" -- -yv2 -q10 -ygs -o2 -v3 -.fftcfgtype=LE
Elaborating Design...
HDL Generation ...
Synthesis ...
Place and Route ...
Tech mapping ...
Analog Placement ...
Info: apr.M0002: Analog signal "\ADC_DelSig_1:Net_690\" is connected to one terminal only. (App=cydsfit)
Analog Routing ...
Analog Code Generation ...
Digital Placement ...
Digital Routing ...
Bitstream Generation ...
Static timing analysis ...
API Generation ...
Dependency Generation ...
Clean Temporary Files ...
arm-none-eabi-gcc.exe -mcpu=cortex-m3 -mthumb -Wno-main -I. -I.\Generated_Source\PSoC5 -Wa,-alh=.\ARM_GCC_484\Debug/main.lst -g -ffunction-sections -O0 -c .\main.c -o .\ARM_GCC_484\Debug\main.o
arm-none-eabi-gcc.exe -mcpu=cortex-m3 -mthumb -Wno-main -I. -I.\Generated_Source\PSoC5 -Wa,-alh=.\ARM_GCC_484\Debug/cyfitter_cfg.lst -g -ffunction-sections -O0 -c .\Generated_Source\PSoC5\cyfitter_cfg.c -o .\ARM_GCC_484\Debug\cyfitter_cfg.o
arm-none-eabi-gcc.exe -mcpu=cortex-m3 -mthumb -Wno-main -I. -I.\Generated_Source\PSoC5 -Wa,-alh=.\ARM_GCC_484\Debug/cymetadata.lst -g -ffunction-sections -O0 -c .\Generated_Source\PSoC5\cymetadata.c -o .\ARM_GCC_484\Debug\cymetadata.o
arm-none-eabi-gcc.exe -mcpu=cortex-m3 -mthumb -Wno-main -I. -I.\Generated_Source\PSoC5 -Wa,-alh=.\ARM_GCC_484\Debug/UART_1.lst -g -ffunction-sections -O0 -c .\Generated_Source\PSoC5\UART_1.c -o .\ARM_GCC_484\Debug\UART_1.o
arm-none-eabi-gcc.exe -mcpu=cortex-m3 -mthumb -Wno-main -I. -I.\Generated_Source\PSoC5 -Wa,-alh=.\ARM_GCC_484\Debug/UART_1_PM.lst -g -ffunction-sections -O0 -c .\Generated_Source\PSoC5\UART_1_PM.c -o .\ARM_GCC_484\Debug\UART_1_PM.o
arm-none-eabi-gcc.exe -mcpu=cortex-m3 -mthumb -Wno-main -I. -I.\Generated_Source\PSoC5 -Wa,-alh=.\ARM_GCC_484\Debug/UART_1_INT.lst -g -ffunction-sections -O0 -c .\Generated_Source\PSoC5\UART_1_INT.c -o .\ARM_GCC_484\Debug\UART_1_INT.o
arm-none-eabi-gcc.exe -mcpu=cortex-m3 -mthumb -Wno-main -I. -I.\Generated_Source\PSoC5 -Wa,-alh=.\ARM_GCC_484\Debug/UART_1_BOOT.lst -g -ffunction-sections -O0 -c .\Generated_Source\PSoC5\UART_1_BOOT.c -o .\ARM_GCC_484\Debug\UART_1_BOOT.o
arm-none-eabi-gcc.exe -mcpu=cortex-m3 -mthumb -Wno-main -I. -I.\Generated_Source\PSoC5 -Wa,-alh=.\ARM_GCC_484\Debug/Vin.lst -g -ffunction-sections -O0 -c .\Generated_Source\PSoC5\Vin.c -o .\ARM_GCC_484\Debug\Vin.o
arm-none-eabi-gcc.exe -mcpu=cortex-m3 -mthumb -Wno-main -I. -I.\Generated_Source\PSoC5 -Wa,-alh=.\ARM_GCC_484\Debug/ADC_DelSig_1.lst -g -ffunction-sections -O0 -c .\Generated_Source\PSoC5\ADC_DelSig_1.c -o .\ARM_GCC_484\Debug\ADC_DelSig_1.o
arm-none-eabi-gcc.exe -mcpu=cortex-m3 -mthumb -Wno-main -I. -I.\Generated_Source\PSoC5 -Wa,-alh=.\ARM_GCC_484\Debug/ADC_DelSig_1_PM.lst -g -ffunction-sections -O0 -c .\Generated_Source\PSoC5\ADC_DelSig_1_PM.c -o .\ARM_GCC_484\Debug\ADC_DelSig_1_PM.o
arm-none-eabi-gcc.exe -mcpu=cortex-m3 -mthumb -Wno-main -I. -I.\Generated_Source\PSoC5 -Wa,-alh=.\ARM_GCC_484\Debug/ADC_DelSig_1_INT.lst -g -ffunction-sections -O0 -c .\Generated_Source\PSoC5\ADC_DelSig_1_INT.c -o .\ARM_GCC_484\Debug\ADC_DelSig_1_INT.o
arm-none-eabi-gcc.exe -mcpu=cortex-m3 -mthumb -Wno-main -I. -I.\Generated_Source\PSoC5 -Wa,-alh=.\ARM_GCC_484\Debug/UART_1_IntClock.lst -g -ffunction-sections -O0 -c .\Generated_Source\PSoC5\UART_1_IntClock.c -o .\ARM_GCC_484\Debug\UART_1_IntClock.o
arm-none-eabi-gcc.exe -mcpu=cortex-m3 -mthumb -Wno-main -I. -I.\Generated_Source\PSoC5 -Wa,-alh=.\ARM_GCC_484\Debug/ADC_DelSig_1_AMux.lst -g -ffunction-sections -O0 -c .\Generated_Source\PSoC5\ADC_DelSig_1_AMux.c -o .\ARM_GCC_484\Debug\ADC_DelSig_1_AMux.o
arm-none-eabi-gcc.exe -mcpu=cortex-m3 -mthumb -Wno-main -I. -I.\Generated_Source\PSoC5 -Wa,-alh=.\ARM_GCC_484\Debug/ADC_DelSig_1_Ext_CP_Clk.lst -g -ffunction-sections -O0 -c .\Generated_Source\PSoC5\ADC_DelSig_1_Ext_CP_Clk.c -o .\ARM_GCC_484\Debug\ADC_DelSig_1_Ext_CP_Clk.o
arm-none-eabi-gcc.exe -mcpu=cortex-m3 -mthumb -Wno-main -I. -I.\Generated_Source\PSoC5 -Wa,-alh=.\ARM_GCC_484\Debug/ADC_DelSig_1_IRQ.lst -g -ffunction-sections -O0 -c .\Generated_Source\PSoC5\ADC_DelSig_1_IRQ.c -o .\ARM_GCC_484\Debug\ADC_DelSig_1_IRQ.o
arm-none-eabi-gcc.exe -mcpu=cortex-m3 -mthumb -Wno-main -I. -I.\Generated_Source\PSoC5 -Wa,-alh=.\ARM_GCC_484\Debug/ADC_DelSig_1_theACLK.lst -g -ffunction-sections -O0 -c .\Generated_Source\PSoC5\ADC_DelSig_1_theACLK.c -o .\ARM_GCC_484\Debug\ADC_DelSig_1_theACLK.o
arm-none-eabi-gcc.exe -mcpu=cortex-m3 -mthumb -Wno-main -I. -I.\Generated_Source\PSoC5 -Wa,-alh=.\ARM_GCC_484\Debug/Cm3Start.lst -g -ffunction-sections -O0 -c .\Generated_Source\PSoC5\Cm3Start.c -o .\ARM_GCC_484\Debug\Cm3Start.o
arm-none-eabi-as.exe -mcpu=cortex-m3 -mthumb -I. -I.\Generated_Source\PSoC5 -alh=.\ARM_GCC_484\Debug/CyBootAsmGnu.lst -g -o .\ARM_GCC_484\Debug\CyBootAsmGnu.o .\Generated_Source\PSoC5\CyBootAsmGnu.s
arm-none-eabi-gcc.exe -mcpu=cortex-m3 -mthumb -Wno-main -I. -I.\Generated_Source\PSoC5 -Wa,-alh=.\ARM_GCC_484\Debug/CyDmac.lst -g -ffunction-sections -O0 -c .\Generated_Source\PSoC5\CyDmac.c -o .\ARM_GCC_484\Debug\CyDmac.o
arm-none-eabi-gcc.exe -mcpu=cortex-m3 -mthumb -Wno-main -I. -I.\Generated_Source\PSoC5 -Wa,-alh=.\ARM_GCC_484\Debug/CyFlash.lst -g -ffunction-sections -O0 -c .\Generated_Source\PSoC5\CyFlash.c -o .\ARM_GCC_484\Debug\CyFlash.o
arm-none-eabi-gcc.exe -mcpu=cortex-m3 -mthumb -Wno-main -I. -I.\Generated_Source\PSoC5 -Wa,-alh=.\ARM_GCC_484\Debug/CyLib.lst -g -ffunction-sections -O0 -c .\Generated_Source\PSoC5\CyLib.c -o .\ARM_GCC_484\Debug\CyLib.o
arm-none-eabi-gcc.exe -mcpu=cortex-m3 -mthumb -Wno-main -I. -I.\Generated_Source\PSoC5 -Wa,-alh=.\ARM_GCC_484\Debug/cyPm.lst -g -ffunction-sections -O0 -c .\Generated_Source\PSoC5\cyPm.c -o .\ARM_GCC_484\Debug\cyPm.o
arm-none-eabi-gcc.exe -mcpu=cortex-m3 -mthumb -Wno-main -I. -I.\Generated_Source\PSoC5 -Wa,-alh=.\ARM_GCC_484\Debug/CySpc.lst -g -ffunction-sections -O0 -c .\Generated_Source\PSoC5\CySpc.c -o .\ARM_GCC_484\Debug\CySpc.o
arm-none-eabi-gcc.exe -mcpu=cortex-m3 -mthumb -Wno-main -I. -I.\Generated_Source\PSoC5 -Wa,-alh=.\ARM_GCC_484\Debug/cyutils.lst -g -ffunction-sections -O0 -c .\Generated_Source\PSoC5\cyutils.c -o .\ARM_GCC_484\Debug\cyutils.o
arm-none-eabi-ar.exe -rs ".\ARM_GCC_484\Debug\CE95277 ADC and UART.a" .\ARM_GCC_484\Debug\cyfitter_cfg.o .\ARM_GCC_484\Debug\UART_1.o .\ARM_GCC_484\Debug\UART_1_PM.o .\ARM_GCC_484\Debug\UART_1_INT.o .\ARM_GCC_484\Debug\UART_1_BOOT.o .\ARM_GCC_484\Debug\Vin.o .\ARM_GCC_484\Debug\ADC_DelSig_1.o .\ARM_GCC_484\Debug\ADC_DelSig_1_PM.o .\ARM_GCC_484\Debug\ADC_DelSig_1_INT.o .\ARM_GCC_484\Debug\UART_1_IntClock.o .\ARM_GCC_484\Debug\ADC_DelSig_1_AMux.o .\ARM_GCC_484\Debug\ADC_DelSig_1_Ext_CP_Clk.o .\ARM_GCC_484\Debug\ADC_DelSig_1_IRQ.o .\ARM_GCC_484\Debug\ADC_DelSig_1_theACLK.o .\ARM_GCC_484\Debug\CyBootAsmGnu.o .\ARM_GCC_484\Debug\CyDmac.o .\ARM_GCC_484\Debug\CyFlash.o .\ARM_GCC_484\Debug\CyLib.o .\ARM_GCC_484\Debug\cyPm.o .\ARM_GCC_484\Debug\CySpc.o .\ARM_GCC_484\Debug\cyutils.o
arm-none-eabi-ar.exe: creating .\ARM_GCC_484\Debug\CE95277 ADC and UART.a
arm-none-eabi-gcc.exe -Wl,--start-group -o ".\ARM_GCC_484\Debug\CE95277 ADC and UART.elf" .\ARM_GCC_484\Debug\main.o .\ARM_GCC_484\Debug\cymetadata.o .\ARM_GCC_484\Debug\Cm3Start.o ".\ARM_GCC_484\Debug\CE95277 ADC and UART.a" "C:\Program Files (x86)\Cypress\PSoC Creator\3.1\PSoC Creator\psoc\content\cycomponentlibrary\CyComponentLibrary.cylib\CortexM3\ARM_GCC_484\Debug\CyComponentLibrary.a" -mthumb -march=armv7-m -mfix-cortex-m3-ldrd "-Wl,-Map,.\ARM_GCC_484\Debug/CE95277 ADC and UART.map" -T .\Generated_Source\PSoC5\cm3gcc.ld -g -specs=nano.specs "-u _printf_float" "" -Wl,--gc-sections -Wl,--end-group
cyelftool.exe -C "C:\Users\Leiuqeze\Downloads\CE95277_Delta_Sigma_ADC_in_Single_Ended_Mode_with_PSoC_3_PSoC_5LP\001-95277\CE95277 ADC and UART\CE95277 ADC and UART.cydsn\ARM_GCC_484\Debug\CE95277 ADC and UART.elf" --flash_size 262144 --flash_row_size 256
cyelftool.exe -S "C:\Users\Leiuqeze\Downloads\CE95277_Delta_Sigma_ADC_in_Single_Ended_Mode_with_PSoC_3_PSoC_5LP\001-95277\CE95277 ADC and UART\CE95277 ADC and UART.cydsn\ARM_GCC_484\Debug\CE95277 ADC and UART.elf"
Flash used: 8942 of 262144 bytes (3.4 %).
SRAM used: 2637 of 65536 bytes (4.0 %). Stack: 2048 bytes. Heap: 128 bytes.
--------------- Rebuild Succeeded: 11/21/2015 16:26:50 ---------------
