--------------- Clean Started: 11/21/2015 17:31:16 Project: CE95277 ADC and UART, Configuration: ARM GCC 4.8.4 Debug ---------------
Deleting file ".\ARM_GCC_484\Debug\main.o"
Deleting file ".\ARM_GCC_484\Debug\cyfitter_cfg.o"
Deleting file ".\ARM_GCC_484\Debug\cymetadata.o"
Deleting file ".\ARM_GCC_484\Debug\UART_1.o"
Deleting file ".\ARM_GCC_484\Debug\UART_1_PM.o"
Deleting file ".\ARM_GCC_484\Debug\UART_1_INT.o"
Deleting file ".\ARM_GCC_484\Debug\UART_1_BOOT.o"
Deleting file ".\ARM_GCC_484\Debug\Vin.o"
Deleting file ".\ARM_GCC_484\Debug\ADC_DelSig_1.o"
Deleting file ".\ARM_GCC_484\Debug\ADC_DelSig_1_PM.o"
Deleting file ".\ARM_GCC_484\Debug\ADC_DelSig_1_INT.o"
Deleting file ".\ARM_GCC_484\Debug\UART_1_IntClock.o"
Deleting file ".\ARM_GCC_484\Debug\ADC_DelSig_1_AMux.o"
Deleting file ".\ARM_GCC_484\Debug\ADC_DelSig_1_Ext_CP_Clk.o"
Deleting file ".\ARM_GCC_484\Debug\ADC_DelSig_1_IRQ.o"
Deleting file ".\ARM_GCC_484\Debug\ADC_DelSig_1_theACLK.o"
Deleting file ".\ARM_GCC_484\Debug\Cm3Start.o"
Deleting file ".\ARM_GCC_484\Debug\CyBootAsmGnu.o"
Deleting file ".\ARM_GCC_484\Debug\CyDmac.o"
Deleting file ".\ARM_GCC_484\Debug\CyFlash.o"
Deleting file ".\ARM_GCC_484\Debug\CyLib.o"
Deleting file ".\ARM_GCC_484\Debug\cyPm.o"
Deleting file ".\ARM_GCC_484\Debug\CySpc.o"
Deleting file ".\ARM_GCC_484\Debug\cyutils.o"
Deleting file ".\ARM_GCC_484\Debug\CE95277 ADC and UART.hex"
Deleting file ".\ARM_GCC_484\Debug\CE95277 ADC and UART.elf"
Deleting file ".\ARM_GCC_484\Debug\CE95277 ADC and UART.map"
Deleting file ".\CE95277 ADC and UART.cycdx"
Deleting file ".\CE95277 ADC and UART.svd"
Deleting file ".\CE95277 ADC and UART.rpt"
Deleting file ".\CE95277 ADC and UART_timing.html"
Deleting file ".\ARM_GCC_484\Debug\.deps\C_FILE.P"
Deleting file ".\ARM_GCC_484\Debug\.deps\ARM_C_FILE.P"
Deleting file ".\ARM_GCC_484\Debug\.deps\GNU_ARM_ASM_FILE.P"
--------------- Clean Succeeded: 11/21/2015 17:31:17 ---------------
