ARM GAS  C:\Users\Leiuqeze\AppData\Local\Temp\ccb8jpjy.s 			page 1


   1              		.syntax unified
   2              		.cpu cortex-m3
   3              		.fpu softvfp
   4              		.eabi_attribute 20, 1
   5              		.eabi_attribute 21, 1
   6              		.eabi_attribute 23, 3
   7              		.eabi_attribute 24, 1
   8              		.eabi_attribute 25, 1
   9              		.eabi_attribute 26, 1
  10              		.eabi_attribute 30, 6
  11              		.eabi_attribute 34, 1
  12              		.eabi_attribute 18, 4
  13              		.thumb
  14              		.file	"DAC_2_BuffAmp.c"
  15              		.text
  16              	.Ltext0:
  17              		.cfi_sections	.debug_frame
  18              		.global	DAC_2_BuffAmp_initVar
  19              		.bss
  20              		.type	DAC_2_BuffAmp_initVar, %object
  21              		.size	DAC_2_BuffAmp_initVar, 1
  22              	DAC_2_BuffAmp_initVar:
  23 0000 00       		.space	1
  24              		.section	.text.DAC_2_BuffAmp_Init,"ax",%progbits
  25              		.align	2
  26              		.global	DAC_2_BuffAmp_Init
  27              		.thumb
  28              		.thumb_func
  29              		.type	DAC_2_BuffAmp_Init, %function
  30              	DAC_2_BuffAmp_Init:
  31              	.LFB0:
  32              		.file 1 ".\\Generated_Source\\PSoC5\\DAC_2_BuffAmp.c"
   1:.\Generated_Source\PSoC5/DAC_2_BuffAmp.c **** /*******************************************************************************
   2:.\Generated_Source\PSoC5/DAC_2_BuffAmp.c **** * File Name: DAC_2_BuffAmp.c
   3:.\Generated_Source\PSoC5/DAC_2_BuffAmp.c **** * Version 1.90
   4:.\Generated_Source\PSoC5/DAC_2_BuffAmp.c **** *
   5:.\Generated_Source\PSoC5/DAC_2_BuffAmp.c **** * Description:
   6:.\Generated_Source\PSoC5/DAC_2_BuffAmp.c **** *  This file provides the source code to the API for OpAmp (Analog Buffer) 
   7:.\Generated_Source\PSoC5/DAC_2_BuffAmp.c **** *  Component.
   8:.\Generated_Source\PSoC5/DAC_2_BuffAmp.c **** *
   9:.\Generated_Source\PSoC5/DAC_2_BuffAmp.c **** * Note:
  10:.\Generated_Source\PSoC5/DAC_2_BuffAmp.c **** *
  11:.\Generated_Source\PSoC5/DAC_2_BuffAmp.c **** ********************************************************************************
  12:.\Generated_Source\PSoC5/DAC_2_BuffAmp.c **** * Copyright 2008-2012, Cypress Semiconductor Corporation.  All rights reserved.
  13:.\Generated_Source\PSoC5/DAC_2_BuffAmp.c **** * You may use this file only in accordance with the license, terms, conditions, 
  14:.\Generated_Source\PSoC5/DAC_2_BuffAmp.c **** * disclaimers, and limitations in the end user license agreement accompanying 
  15:.\Generated_Source\PSoC5/DAC_2_BuffAmp.c **** * the software package with which this file was provided.
  16:.\Generated_Source\PSoC5/DAC_2_BuffAmp.c **** *******************************************************************************/
  17:.\Generated_Source\PSoC5/DAC_2_BuffAmp.c **** 
  18:.\Generated_Source\PSoC5/DAC_2_BuffAmp.c **** #include "DAC_2_BuffAmp.h"
  19:.\Generated_Source\PSoC5/DAC_2_BuffAmp.c **** 
  20:.\Generated_Source\PSoC5/DAC_2_BuffAmp.c **** uint8 DAC_2_BuffAmp_initVar = 0u;
  21:.\Generated_Source\PSoC5/DAC_2_BuffAmp.c **** 
  22:.\Generated_Source\PSoC5/DAC_2_BuffAmp.c **** 
  23:.\Generated_Source\PSoC5/DAC_2_BuffAmp.c **** /*******************************************************************************   
  24:.\Generated_Source\PSoC5/DAC_2_BuffAmp.c **** * Function Name: DAC_2_BuffAmp_Init
  25:.\Generated_Source\PSoC5/DAC_2_BuffAmp.c **** ********************************************************************************
ARM GAS  C:\Users\Leiuqeze\AppData\Local\Temp\ccb8jpjy.s 			page 2


  26:.\Generated_Source\PSoC5/DAC_2_BuffAmp.c **** *
  27:.\Generated_Source\PSoC5/DAC_2_BuffAmp.c **** * Summary:
  28:.\Generated_Source\PSoC5/DAC_2_BuffAmp.c **** *  Initialize component's parameters to the parameters set by user in the 
  29:.\Generated_Source\PSoC5/DAC_2_BuffAmp.c **** *  customizer of the component placed onto schematic. Usually called in 
  30:.\Generated_Source\PSoC5/DAC_2_BuffAmp.c **** *  DAC_2_BuffAmp_Start().
  31:.\Generated_Source\PSoC5/DAC_2_BuffAmp.c **** *
  32:.\Generated_Source\PSoC5/DAC_2_BuffAmp.c **** * Parameters:
  33:.\Generated_Source\PSoC5/DAC_2_BuffAmp.c **** *  void
  34:.\Generated_Source\PSoC5/DAC_2_BuffAmp.c **** *
  35:.\Generated_Source\PSoC5/DAC_2_BuffAmp.c **** * Return:
  36:.\Generated_Source\PSoC5/DAC_2_BuffAmp.c **** *  void
  37:.\Generated_Source\PSoC5/DAC_2_BuffAmp.c **** *
  38:.\Generated_Source\PSoC5/DAC_2_BuffAmp.c **** *******************************************************************************/
  39:.\Generated_Source\PSoC5/DAC_2_BuffAmp.c **** void DAC_2_BuffAmp_Init(void) 
  40:.\Generated_Source\PSoC5/DAC_2_BuffAmp.c **** {
  33              		.loc 1 40 0
  34              		.cfi_startproc
  35              		@ args = 0, pretend = 0, frame = 0
  36              		@ frame_needed = 1, uses_anonymous_args = 0
  37 0000 80B5     		push	{r7, lr}
  38              		.cfi_def_cfa_offset 8
  39              		.cfi_offset 7, -8
  40              		.cfi_offset 14, -4
  41 0002 00AF     		add	r7, sp, #0
  42              		.cfi_def_cfa_register 7
  41:.\Generated_Source\PSoC5/DAC_2_BuffAmp.c ****     DAC_2_BuffAmp_SetPower(DAC_2_BuffAmp_DEFAULT_POWER);
  43              		.loc 1 41 0
  44 0004 0220     		movs	r0, #2
  45 0006 FFF7FEFF 		bl	DAC_2_BuffAmp_SetPower
  42:.\Generated_Source\PSoC5/DAC_2_BuffAmp.c **** }
  46              		.loc 1 42 0
  47 000a 80BD     		pop	{r7, pc}
  48              		.cfi_endproc
  49              	.LFE0:
  50              		.size	DAC_2_BuffAmp_Init, .-DAC_2_BuffAmp_Init
  51              		.section	.text.DAC_2_BuffAmp_Enable,"ax",%progbits
  52              		.align	2
  53              		.global	DAC_2_BuffAmp_Enable
  54              		.thumb
  55              		.thumb_func
  56              		.type	DAC_2_BuffAmp_Enable, %function
  57              	DAC_2_BuffAmp_Enable:
  58              	.LFB1:
  43:.\Generated_Source\PSoC5/DAC_2_BuffAmp.c **** 
  44:.\Generated_Source\PSoC5/DAC_2_BuffAmp.c **** 
  45:.\Generated_Source\PSoC5/DAC_2_BuffAmp.c **** /*******************************************************************************   
  46:.\Generated_Source\PSoC5/DAC_2_BuffAmp.c **** * Function Name: DAC_2_BuffAmp_Enable
  47:.\Generated_Source\PSoC5/DAC_2_BuffAmp.c **** ********************************************************************************
  48:.\Generated_Source\PSoC5/DAC_2_BuffAmp.c **** *
  49:.\Generated_Source\PSoC5/DAC_2_BuffAmp.c **** * Summary:
  50:.\Generated_Source\PSoC5/DAC_2_BuffAmp.c **** *  Enables the OpAmp block operation
  51:.\Generated_Source\PSoC5/DAC_2_BuffAmp.c **** *
  52:.\Generated_Source\PSoC5/DAC_2_BuffAmp.c **** * Parameters:
  53:.\Generated_Source\PSoC5/DAC_2_BuffAmp.c **** *  void
  54:.\Generated_Source\PSoC5/DAC_2_BuffAmp.c **** *
  55:.\Generated_Source\PSoC5/DAC_2_BuffAmp.c **** * Return:
  56:.\Generated_Source\PSoC5/DAC_2_BuffAmp.c **** *  void
ARM GAS  C:\Users\Leiuqeze\AppData\Local\Temp\ccb8jpjy.s 			page 3


  57:.\Generated_Source\PSoC5/DAC_2_BuffAmp.c **** *
  58:.\Generated_Source\PSoC5/DAC_2_BuffAmp.c **** *******************************************************************************/
  59:.\Generated_Source\PSoC5/DAC_2_BuffAmp.c **** void DAC_2_BuffAmp_Enable(void) 
  60:.\Generated_Source\PSoC5/DAC_2_BuffAmp.c **** {
  59              		.loc 1 60 0
  60              		.cfi_startproc
  61              		@ args = 0, pretend = 0, frame = 0
  62              		@ frame_needed = 1, uses_anonymous_args = 0
  63              		@ link register save eliminated.
  64 0000 80B4     		push	{r7}
  65              		.cfi_def_cfa_offset 4
  66              		.cfi_offset 7, -4
  67 0002 00AF     		add	r7, sp, #0
  68              		.cfi_def_cfa_register 7
  61:.\Generated_Source\PSoC5/DAC_2_BuffAmp.c ****     /* Enable negative charge pumps in ANIF */
  62:.\Generated_Source\PSoC5/DAC_2_BuffAmp.c ****     DAC_2_BuffAmp_PUMP_CR1_REG  |= (DAC_2_BuffAmp_PUMP_CR1_CLKSEL | DAC_2_BuffAmp_PUMP_CR1_FORCE);
  69              		.loc 1 62 0
  70 0004 0D4B     		ldr	r3, .L3
  71 0006 0D4A     		ldr	r2, .L3
  72 0008 1278     		ldrb	r2, [r2]
  73 000a D2B2     		uxtb	r2, r2
  74 000c 42F06002 		orr	r2, r2, #96
  75 0010 D2B2     		uxtb	r2, r2
  76 0012 1A70     		strb	r2, [r3]
  63:.\Generated_Source\PSoC5/DAC_2_BuffAmp.c **** 
  64:.\Generated_Source\PSoC5/DAC_2_BuffAmp.c ****     /* Enable power to buffer in active mode */
  65:.\Generated_Source\PSoC5/DAC_2_BuffAmp.c ****     DAC_2_BuffAmp_PM_ACT_CFG_REG |= DAC_2_BuffAmp_ACT_PWR_EN;
  77              		.loc 1 65 0
  78 0014 0A4B     		ldr	r3, .L3+4
  79 0016 0A4A     		ldr	r2, .L3+4
  80 0018 1278     		ldrb	r2, [r2]
  81 001a D2B2     		uxtb	r2, r2
  82 001c 42F00802 		orr	r2, r2, #8
  83 0020 D2B2     		uxtb	r2, r2
  84 0022 1A70     		strb	r2, [r3]
  66:.\Generated_Source\PSoC5/DAC_2_BuffAmp.c **** 
  67:.\Generated_Source\PSoC5/DAC_2_BuffAmp.c ****     /* Enable power to buffer in alternative active mode */
  68:.\Generated_Source\PSoC5/DAC_2_BuffAmp.c ****     DAC_2_BuffAmp_PM_STBY_CFG_REG |= DAC_2_BuffAmp_STBY_PWR_EN;
  85              		.loc 1 68 0
  86 0024 074B     		ldr	r3, .L3+8
  87 0026 074A     		ldr	r2, .L3+8
  88 0028 1278     		ldrb	r2, [r2]
  89 002a D2B2     		uxtb	r2, r2
  90 002c 42F00802 		orr	r2, r2, #8
  91 0030 D2B2     		uxtb	r2, r2
  92 0032 1A70     		strb	r2, [r3]
  69:.\Generated_Source\PSoC5/DAC_2_BuffAmp.c **** }
  93              		.loc 1 69 0
  94 0034 BD46     		mov	sp, r7
  95              		@ sp needed
  96 0036 5DF8047B 		ldr	r7, [sp], #4
  97 003a 7047     		bx	lr
  98              	.L4:
  99              		.align	2
 100              	.L3:
 101 003c 77580040 		.word	1073764471
 102 0040 A4430040 		.word	1073759140
ARM GAS  C:\Users\Leiuqeze\AppData\Local\Temp\ccb8jpjy.s 			page 4


 103 0044 B4430040 		.word	1073759156
 104              		.cfi_endproc
 105              	.LFE1:
 106              		.size	DAC_2_BuffAmp_Enable, .-DAC_2_BuffAmp_Enable
 107              		.section	.text.DAC_2_BuffAmp_Start,"ax",%progbits
 108              		.align	2
 109              		.global	DAC_2_BuffAmp_Start
 110              		.thumb
 111              		.thumb_func
 112              		.type	DAC_2_BuffAmp_Start, %function
 113              	DAC_2_BuffAmp_Start:
 114              	.LFB2:
  70:.\Generated_Source\PSoC5/DAC_2_BuffAmp.c **** 
  71:.\Generated_Source\PSoC5/DAC_2_BuffAmp.c **** 
  72:.\Generated_Source\PSoC5/DAC_2_BuffAmp.c **** /*******************************************************************************
  73:.\Generated_Source\PSoC5/DAC_2_BuffAmp.c **** * Function Name:   DAC_2_BuffAmp_Start
  74:.\Generated_Source\PSoC5/DAC_2_BuffAmp.c **** ********************************************************************************
  75:.\Generated_Source\PSoC5/DAC_2_BuffAmp.c **** *
  76:.\Generated_Source\PSoC5/DAC_2_BuffAmp.c **** * Summary:
  77:.\Generated_Source\PSoC5/DAC_2_BuffAmp.c **** *  The start function initializes the Analog Buffer with the default values and 
  78:.\Generated_Source\PSoC5/DAC_2_BuffAmp.c **** *  sets the power to the given level. A power level of 0, is same as 
  79:.\Generated_Source\PSoC5/DAC_2_BuffAmp.c **** *  executing the stop function.
  80:.\Generated_Source\PSoC5/DAC_2_BuffAmp.c **** *
  81:.\Generated_Source\PSoC5/DAC_2_BuffAmp.c **** * Parameters:
  82:.\Generated_Source\PSoC5/DAC_2_BuffAmp.c **** *  void
  83:.\Generated_Source\PSoC5/DAC_2_BuffAmp.c **** *
  84:.\Generated_Source\PSoC5/DAC_2_BuffAmp.c **** * Return:
  85:.\Generated_Source\PSoC5/DAC_2_BuffAmp.c **** *  void
  86:.\Generated_Source\PSoC5/DAC_2_BuffAmp.c **** *
  87:.\Generated_Source\PSoC5/DAC_2_BuffAmp.c **** * Global variables:
  88:.\Generated_Source\PSoC5/DAC_2_BuffAmp.c **** *  DAC_2_BuffAmp_initVar: Used to check the initial configuration, modified 
  89:.\Generated_Source\PSoC5/DAC_2_BuffAmp.c **** *  when this function is called for the first time.
  90:.\Generated_Source\PSoC5/DAC_2_BuffAmp.c **** *
  91:.\Generated_Source\PSoC5/DAC_2_BuffAmp.c **** *******************************************************************************/
  92:.\Generated_Source\PSoC5/DAC_2_BuffAmp.c **** void DAC_2_BuffAmp_Start(void) 
  93:.\Generated_Source\PSoC5/DAC_2_BuffAmp.c **** {
 115              		.loc 1 93 0
 116              		.cfi_startproc
 117              		@ args = 0, pretend = 0, frame = 0
 118              		@ frame_needed = 1, uses_anonymous_args = 0
 119 0000 80B5     		push	{r7, lr}
 120              		.cfi_def_cfa_offset 8
 121              		.cfi_offset 7, -8
 122              		.cfi_offset 14, -4
 123 0002 00AF     		add	r7, sp, #0
 124              		.cfi_def_cfa_register 7
  94:.\Generated_Source\PSoC5/DAC_2_BuffAmp.c ****     if(DAC_2_BuffAmp_initVar == 0u)
 125              		.loc 1 94 0
 126 0004 054B     		ldr	r3, .L7
 127 0006 1B78     		ldrb	r3, [r3]	@ zero_extendqisi2
 128 0008 002B     		cmp	r3, #0
 129 000a 04D1     		bne	.L6
  95:.\Generated_Source\PSoC5/DAC_2_BuffAmp.c ****     {
  96:.\Generated_Source\PSoC5/DAC_2_BuffAmp.c ****         DAC_2_BuffAmp_initVar = 1u;
 130              		.loc 1 96 0
 131 000c 034B     		ldr	r3, .L7
 132 000e 0122     		movs	r2, #1
ARM GAS  C:\Users\Leiuqeze\AppData\Local\Temp\ccb8jpjy.s 			page 5


 133 0010 1A70     		strb	r2, [r3]
  97:.\Generated_Source\PSoC5/DAC_2_BuffAmp.c ****         DAC_2_BuffAmp_Init();
 134              		.loc 1 97 0
 135 0012 FFF7FEFF 		bl	DAC_2_BuffAmp_Init
 136              	.L6:
  98:.\Generated_Source\PSoC5/DAC_2_BuffAmp.c ****     }
  99:.\Generated_Source\PSoC5/DAC_2_BuffAmp.c **** 
 100:.\Generated_Source\PSoC5/DAC_2_BuffAmp.c ****     DAC_2_BuffAmp_Enable();
 137              		.loc 1 100 0
 138 0016 FFF7FEFF 		bl	DAC_2_BuffAmp_Enable
 101:.\Generated_Source\PSoC5/DAC_2_BuffAmp.c **** }
 139              		.loc 1 101 0
 140 001a 80BD     		pop	{r7, pc}
 141              	.L8:
 142              		.align	2
 143              	.L7:
 144 001c 00000000 		.word	DAC_2_BuffAmp_initVar
 145              		.cfi_endproc
 146              	.LFE2:
 147              		.size	DAC_2_BuffAmp_Start, .-DAC_2_BuffAmp_Start
 148              		.section	.text.DAC_2_BuffAmp_Stop,"ax",%progbits
 149              		.align	2
 150              		.global	DAC_2_BuffAmp_Stop
 151              		.thumb
 152              		.thumb_func
 153              		.type	DAC_2_BuffAmp_Stop, %function
 154              	DAC_2_BuffAmp_Stop:
 155              	.LFB3:
 102:.\Generated_Source\PSoC5/DAC_2_BuffAmp.c **** 
 103:.\Generated_Source\PSoC5/DAC_2_BuffAmp.c **** 
 104:.\Generated_Source\PSoC5/DAC_2_BuffAmp.c **** /*******************************************************************************
 105:.\Generated_Source\PSoC5/DAC_2_BuffAmp.c **** * Function Name: DAC_2_BuffAmp_Stop
 106:.\Generated_Source\PSoC5/DAC_2_BuffAmp.c **** ********************************************************************************
 107:.\Generated_Source\PSoC5/DAC_2_BuffAmp.c **** *
 108:.\Generated_Source\PSoC5/DAC_2_BuffAmp.c **** * Summary:
 109:.\Generated_Source\PSoC5/DAC_2_BuffAmp.c **** *  Powers down amplifier to lowest power state.
 110:.\Generated_Source\PSoC5/DAC_2_BuffAmp.c **** *
 111:.\Generated_Source\PSoC5/DAC_2_BuffAmp.c **** * Parameters:
 112:.\Generated_Source\PSoC5/DAC_2_BuffAmp.c **** *  void
 113:.\Generated_Source\PSoC5/DAC_2_BuffAmp.c **** *
 114:.\Generated_Source\PSoC5/DAC_2_BuffAmp.c **** * Return:
 115:.\Generated_Source\PSoC5/DAC_2_BuffAmp.c **** *  void
 116:.\Generated_Source\PSoC5/DAC_2_BuffAmp.c **** *
 117:.\Generated_Source\PSoC5/DAC_2_BuffAmp.c **** *******************************************************************************/
 118:.\Generated_Source\PSoC5/DAC_2_BuffAmp.c **** void DAC_2_BuffAmp_Stop(void) 
 119:.\Generated_Source\PSoC5/DAC_2_BuffAmp.c **** {
 156              		.loc 1 119 0
 157              		.cfi_startproc
 158              		@ args = 0, pretend = 0, frame = 0
 159              		@ frame_needed = 1, uses_anonymous_args = 0
 160              		@ link register save eliminated.
 161 0000 80B4     		push	{r7}
 162              		.cfi_def_cfa_offset 4
 163              		.cfi_offset 7, -4
 164 0002 00AF     		add	r7, sp, #0
 165              		.cfi_def_cfa_register 7
 120:.\Generated_Source\PSoC5/DAC_2_BuffAmp.c ****     /* Disable power to buffer in active mode template */
ARM GAS  C:\Users\Leiuqeze\AppData\Local\Temp\ccb8jpjy.s 			page 6


 121:.\Generated_Source\PSoC5/DAC_2_BuffAmp.c ****     DAC_2_BuffAmp_PM_ACT_CFG_REG &= (uint8)(~DAC_2_BuffAmp_ACT_PWR_EN);
 166              		.loc 1 121 0
 167 0004 104B     		ldr	r3, .L11
 168 0006 104A     		ldr	r2, .L11
 169 0008 1278     		ldrb	r2, [r2]
 170 000a D2B2     		uxtb	r2, r2
 171 000c 22F00802 		bic	r2, r2, #8
 172 0010 D2B2     		uxtb	r2, r2
 173 0012 1A70     		strb	r2, [r3]
 122:.\Generated_Source\PSoC5/DAC_2_BuffAmp.c **** 
 123:.\Generated_Source\PSoC5/DAC_2_BuffAmp.c ****     /* Disable power to buffer in alternative active mode template */
 124:.\Generated_Source\PSoC5/DAC_2_BuffAmp.c ****     DAC_2_BuffAmp_PM_STBY_CFG_REG &= (uint8)(~DAC_2_BuffAmp_STBY_PWR_EN);
 174              		.loc 1 124 0
 175 0014 0D4B     		ldr	r3, .L11+4
 176 0016 0D4A     		ldr	r2, .L11+4
 177 0018 1278     		ldrb	r2, [r2]
 178 001a D2B2     		uxtb	r2, r2
 179 001c 22F00802 		bic	r2, r2, #8
 180 0020 D2B2     		uxtb	r2, r2
 181 0022 1A70     		strb	r2, [r3]
 125:.\Generated_Source\PSoC5/DAC_2_BuffAmp.c ****     
 126:.\Generated_Source\PSoC5/DAC_2_BuffAmp.c ****     /* Disable negative charge pumps for ANIF only if all ABuf is turned OFF */
 127:.\Generated_Source\PSoC5/DAC_2_BuffAmp.c ****     if(DAC_2_BuffAmp_PM_ACT_CFG_REG == 0u)
 182              		.loc 1 127 0
 183 0024 084B     		ldr	r3, .L11
 184 0026 1B78     		ldrb	r3, [r3]
 185 0028 DBB2     		uxtb	r3, r3
 186 002a 002B     		cmp	r3, #0
 187 002c 07D1     		bne	.L9
 128:.\Generated_Source\PSoC5/DAC_2_BuffAmp.c ****     {
 129:.\Generated_Source\PSoC5/DAC_2_BuffAmp.c ****         DAC_2_BuffAmp_PUMP_CR1_REG &= (uint8)(~(DAC_2_BuffAmp_PUMP_CR1_CLKSEL | DAC_2_BuffAmp_PUMP_
 188              		.loc 1 129 0
 189 002e 084B     		ldr	r3, .L11+8
 190 0030 074A     		ldr	r2, .L11+8
 191 0032 1278     		ldrb	r2, [r2]
 192 0034 D2B2     		uxtb	r2, r2
 193 0036 22F06002 		bic	r2, r2, #96
 194 003a D2B2     		uxtb	r2, r2
 195 003c 1A70     		strb	r2, [r3]
 196              	.L9:
 130:.\Generated_Source\PSoC5/DAC_2_BuffAmp.c ****     }
 131:.\Generated_Source\PSoC5/DAC_2_BuffAmp.c **** }
 197              		.loc 1 131 0
 198 003e BD46     		mov	sp, r7
 199              		@ sp needed
 200 0040 5DF8047B 		ldr	r7, [sp], #4
 201 0044 7047     		bx	lr
 202              	.L12:
 203 0046 00BF     		.align	2
 204              	.L11:
 205 0048 A4430040 		.word	1073759140
 206 004c B4430040 		.word	1073759156
 207 0050 77580040 		.word	1073764471
 208              		.cfi_endproc
 209              	.LFE3:
 210              		.size	DAC_2_BuffAmp_Stop, .-DAC_2_BuffAmp_Stop
 211              		.section	.text.DAC_2_BuffAmp_SetPower,"ax",%progbits
ARM GAS  C:\Users\Leiuqeze\AppData\Local\Temp\ccb8jpjy.s 			page 7


 212              		.align	2
 213              		.global	DAC_2_BuffAmp_SetPower
 214              		.thumb
 215              		.thumb_func
 216              		.type	DAC_2_BuffAmp_SetPower, %function
 217              	DAC_2_BuffAmp_SetPower:
 218              	.LFB4:
 132:.\Generated_Source\PSoC5/DAC_2_BuffAmp.c **** 
 133:.\Generated_Source\PSoC5/DAC_2_BuffAmp.c **** 
 134:.\Generated_Source\PSoC5/DAC_2_BuffAmp.c **** /*******************************************************************************
 135:.\Generated_Source\PSoC5/DAC_2_BuffAmp.c **** * Function Name: DAC_2_BuffAmp_SetPower
 136:.\Generated_Source\PSoC5/DAC_2_BuffAmp.c **** ********************************************************************************
 137:.\Generated_Source\PSoC5/DAC_2_BuffAmp.c **** *
 138:.\Generated_Source\PSoC5/DAC_2_BuffAmp.c **** * Summary:
 139:.\Generated_Source\PSoC5/DAC_2_BuffAmp.c **** *  Sets power level of Analog buffer.
 140:.\Generated_Source\PSoC5/DAC_2_BuffAmp.c **** *
 141:.\Generated_Source\PSoC5/DAC_2_BuffAmp.c **** * Parameters: 
 142:.\Generated_Source\PSoC5/DAC_2_BuffAmp.c **** *  power: PSoC3: Sets power level between low (1) and high power (3).
 143:.\Generated_Source\PSoC5/DAC_2_BuffAmp.c **** *         PSoC5: Sets power level High (0)
 144:.\Generated_Source\PSoC5/DAC_2_BuffAmp.c **** *
 145:.\Generated_Source\PSoC5/DAC_2_BuffAmp.c **** * Return:
 146:.\Generated_Source\PSoC5/DAC_2_BuffAmp.c **** *  void
 147:.\Generated_Source\PSoC5/DAC_2_BuffAmp.c **** *
 148:.\Generated_Source\PSoC5/DAC_2_BuffAmp.c **** **********************************************************************************/
 149:.\Generated_Source\PSoC5/DAC_2_BuffAmp.c **** void DAC_2_BuffAmp_SetPower(uint8 power) 
 150:.\Generated_Source\PSoC5/DAC_2_BuffAmp.c **** {
 219              		.loc 1 150 0
 220              		.cfi_startproc
 221              		@ args = 0, pretend = 0, frame = 8
 222              		@ frame_needed = 1, uses_anonymous_args = 0
 223              		@ link register save eliminated.
 224 0000 80B4     		push	{r7}
 225              		.cfi_def_cfa_offset 4
 226              		.cfi_offset 7, -4
 227 0002 83B0     		sub	sp, sp, #12
 228              		.cfi_def_cfa_offset 16
 229 0004 00AF     		add	r7, sp, #0
 230              		.cfi_def_cfa_register 7
 231 0006 0346     		mov	r3, r0
 232 0008 FB71     		strb	r3, [r7, #7]
 151:.\Generated_Source\PSoC5/DAC_2_BuffAmp.c ****     #if (CY_PSOC3 || CY_PSOC5LP)
 152:.\Generated_Source\PSoC5/DAC_2_BuffAmp.c ****         DAC_2_BuffAmp_CR_REG &= (uint8)(~DAC_2_BuffAmp_PWR_MASK);
 233              		.loc 1 152 0
 234 000a 0C4B     		ldr	r3, .L14
 235 000c 0B4A     		ldr	r2, .L14
 236 000e 1278     		ldrb	r2, [r2]
 237 0010 D2B2     		uxtb	r2, r2
 238 0012 22F00302 		bic	r2, r2, #3
 239 0016 D2B2     		uxtb	r2, r2
 240 0018 1A70     		strb	r2, [r3]
 153:.\Generated_Source\PSoC5/DAC_2_BuffAmp.c ****         DAC_2_BuffAmp_CR_REG |= power & DAC_2_BuffAmp_PWR_MASK;      /* Set device power */
 241              		.loc 1 153 0
 242 001a 084B     		ldr	r3, .L14
 243 001c 074A     		ldr	r2, .L14
 244 001e 1278     		ldrb	r2, [r2]
 245 0020 D1B2     		uxtb	r1, r2
 246 0022 FA79     		ldrb	r2, [r7, #7]
ARM GAS  C:\Users\Leiuqeze\AppData\Local\Temp\ccb8jpjy.s 			page 8


 247 0024 02F00302 		and	r2, r2, #3
 248 0028 D2B2     		uxtb	r2, r2
 249 002a 0A43     		orrs	r2, r2, r1
 250 002c D2B2     		uxtb	r2, r2
 251 002e 1A70     		strb	r2, [r3]
 154:.\Generated_Source\PSoC5/DAC_2_BuffAmp.c ****     #else
 155:.\Generated_Source\PSoC5/DAC_2_BuffAmp.c ****         CYASSERT(DAC_2_BuffAmp_HIGHPOWER == power);
 156:.\Generated_Source\PSoC5/DAC_2_BuffAmp.c ****     #endif /* CY_PSOC3 || CY_PSOC5LP */
 157:.\Generated_Source\PSoC5/DAC_2_BuffAmp.c **** }
 252              		.loc 1 157 0
 253 0030 0C37     		adds	r7, r7, #12
 254 0032 BD46     		mov	sp, r7
 255              		@ sp needed
 256 0034 5DF8047B 		ldr	r7, [sp], #4
 257 0038 7047     		bx	lr
 258              	.L15:
 259 003a 00BF     		.align	2
 260              	.L14:
 261 003c 5E580040 		.word	1073764446
 262              		.cfi_endproc
 263              	.LFE4:
 264              		.size	DAC_2_BuffAmp_SetPower, .-DAC_2_BuffAmp_SetPower
 265              		.text
 266              	.Letext0:
 267              		.file 2 ".\\Generated_Source\\PSoC5\\cytypes.h"
 268              		.section	.debug_info,"",%progbits
 269              	.Ldebug_info0:
 270 0000 19010000 		.4byte	0x119
 271 0004 0400     		.2byte	0x4
 272 0006 00000000 		.4byte	.Ldebug_abbrev0
 273 000a 04       		.byte	0x4
 274 000b 01       		.uleb128 0x1
 275 000c 73010000 		.4byte	.LASF19
 276 0010 01       		.byte	0x1
 277 0011 04010000 		.4byte	.LASF20
 278 0015 8C000000 		.4byte	.LASF21
 279 0019 00000000 		.4byte	.Ldebug_ranges0+0
 280 001d 00000000 		.4byte	0
 281 0021 00000000 		.4byte	.Ldebug_line0
 282 0025 02       		.uleb128 0x2
 283 0026 01       		.byte	0x1
 284 0027 06       		.byte	0x6
 285 0028 40010000 		.4byte	.LASF0
 286 002c 02       		.uleb128 0x2
 287 002d 01       		.byte	0x1
 288 002e 08       		.byte	0x8
 289 002f B9000000 		.4byte	.LASF1
 290 0033 02       		.uleb128 0x2
 291 0034 02       		.byte	0x2
 292 0035 05       		.byte	0x5
 293 0036 69010000 		.4byte	.LASF2
 294 003a 02       		.uleb128 0x2
 295 003b 02       		.byte	0x2
 296 003c 07       		.byte	0x7
 297 003d 2D010000 		.4byte	.LASF3
 298 0041 02       		.uleb128 0x2
 299 0042 04       		.byte	0x4
ARM GAS  C:\Users\Leiuqeze\AppData\Local\Temp\ccb8jpjy.s 			page 9


 300 0043 05       		.byte	0x5
 301 0044 E1000000 		.4byte	.LASF4
 302 0048 02       		.uleb128 0x2
 303 0049 04       		.byte	0x4
 304 004a 07       		.byte	0x7
 305 004b 4F000000 		.4byte	.LASF5
 306 004f 02       		.uleb128 0x2
 307 0050 08       		.byte	0x8
 308 0051 05       		.byte	0x5
 309 0052 00000000 		.4byte	.LASF6
 310 0056 02       		.uleb128 0x2
 311 0057 08       		.byte	0x8
 312 0058 07       		.byte	0x7
 313 0059 61000000 		.4byte	.LASF7
 314 005d 03       		.uleb128 0x3
 315 005e 04       		.byte	0x4
 316 005f 05       		.byte	0x5
 317 0060 696E7400 		.ascii	"int\000"
 318 0064 02       		.uleb128 0x2
 319 0065 04       		.byte	0x4
 320 0066 07       		.byte	0x7
 321 0067 0E000000 		.4byte	.LASF8
 322 006b 04       		.uleb128 0x4
 323 006c 49000000 		.4byte	.LASF12
 324 0070 02       		.byte	0x2
 325 0071 A1       		.byte	0xa1
 326 0072 2C000000 		.4byte	0x2c
 327 0076 02       		.uleb128 0x2
 328 0077 04       		.byte	0x4
 329 0078 04       		.byte	0x4
 330 0079 4C010000 		.4byte	.LASF9
 331 007d 02       		.uleb128 0x2
 332 007e 08       		.byte	0x8
 333 007f 04       		.byte	0x4
 334 0080 FD000000 		.4byte	.LASF10
 335 0084 02       		.uleb128 0x2
 336 0085 01       		.byte	0x1
 337 0086 08       		.byte	0x8
 338 0087 DC000000 		.4byte	.LASF11
 339 008b 05       		.uleb128 0x5
 340 008c 44000000 		.4byte	.LASF13
 341 0090 02       		.byte	0x2
 342 0091 4B01     		.2byte	0x14b
 343 0093 97000000 		.4byte	0x97
 344 0097 06       		.uleb128 0x6
 345 0098 6B000000 		.4byte	0x6b
 346 009c 02       		.uleb128 0x2
 347 009d 04       		.byte	0x4
 348 009e 07       		.byte	0x7
 349 009f EF010000 		.4byte	.LASF14
 350 00a3 07       		.uleb128 0x7
 351 00a4 1B000000 		.4byte	.LASF15
 352 00a8 01       		.byte	0x1
 353 00a9 27       		.byte	0x27
 354 00aa 00000000 		.4byte	.LFB0
 355 00ae 0C000000 		.4byte	.LFE0-.LFB0
 356 00b2 01       		.uleb128 0x1
ARM GAS  C:\Users\Leiuqeze\AppData\Local\Temp\ccb8jpjy.s 			page 10


 357 00b3 9C       		.byte	0x9c
 358 00b4 08       		.uleb128 0x8
 359 00b5 C7000000 		.4byte	.LASF16
 360 00b9 01       		.byte	0x1
 361 00ba 3B       		.byte	0x3b
 362 00bb 00000000 		.4byte	.LFB1
 363 00bf 48000000 		.4byte	.LFE1-.LFB1
 364 00c3 01       		.uleb128 0x1
 365 00c4 9C       		.byte	0x9c
 366 00c5 07       		.uleb128 0x7
 367 00c6 78000000 		.4byte	.LASF17
 368 00ca 01       		.byte	0x1
 369 00cb 5C       		.byte	0x5c
 370 00cc 00000000 		.4byte	.LFB2
 371 00d0 20000000 		.4byte	.LFE2-.LFB2
 372 00d4 01       		.uleb128 0x1
 373 00d5 9C       		.byte	0x9c
 374 00d6 08       		.uleb128 0x8
 375 00d7 EA000000 		.4byte	.LASF18
 376 00db 01       		.byte	0x1
 377 00dc 76       		.byte	0x76
 378 00dd 00000000 		.4byte	.LFB3
 379 00e1 54000000 		.4byte	.LFE3-.LFB3
 380 00e5 01       		.uleb128 0x1
 381 00e6 9C       		.byte	0x9c
 382 00e7 09       		.uleb128 0x9
 383 00e8 52010000 		.4byte	.LASF22
 384 00ec 01       		.byte	0x1
 385 00ed 95       		.byte	0x95
 386 00ee 00000000 		.4byte	.LFB4
 387 00f2 40000000 		.4byte	.LFE4-.LFB4
 388 00f6 01       		.uleb128 0x1
 389 00f7 9C       		.byte	0x9c
 390 00f8 0B010000 		.4byte	0x10b
 391 00fc 0A       		.uleb128 0xa
 392 00fd F8010000 		.4byte	.LASF23
 393 0101 01       		.byte	0x1
 394 0102 95       		.byte	0x95
 395 0103 6B000000 		.4byte	0x6b
 396 0107 02       		.uleb128 0x2
 397 0108 91       		.byte	0x91
 398 0109 77       		.sleb128 -9
 399 010a 00       		.byte	0
 400 010b 0B       		.uleb128 0xb
 401 010c 2E000000 		.4byte	.LASF24
 402 0110 01       		.byte	0x1
 403 0111 14       		.byte	0x14
 404 0112 6B000000 		.4byte	0x6b
 405 0116 05       		.uleb128 0x5
 406 0117 03       		.byte	0x3
 407 0118 00000000 		.4byte	DAC_2_BuffAmp_initVar
 408 011c 00       		.byte	0
 409              		.section	.debug_abbrev,"",%progbits
 410              	.Ldebug_abbrev0:
 411 0000 01       		.uleb128 0x1
 412 0001 11       		.uleb128 0x11
 413 0002 01       		.byte	0x1
ARM GAS  C:\Users\Leiuqeze\AppData\Local\Temp\ccb8jpjy.s 			page 11


 414 0003 25       		.uleb128 0x25
 415 0004 0E       		.uleb128 0xe
 416 0005 13       		.uleb128 0x13
 417 0006 0B       		.uleb128 0xb
 418 0007 03       		.uleb128 0x3
 419 0008 0E       		.uleb128 0xe
 420 0009 1B       		.uleb128 0x1b
 421 000a 0E       		.uleb128 0xe
 422 000b 55       		.uleb128 0x55
 423 000c 17       		.uleb128 0x17
 424 000d 11       		.uleb128 0x11
 425 000e 01       		.uleb128 0x1
 426 000f 10       		.uleb128 0x10
 427 0010 17       		.uleb128 0x17
 428 0011 00       		.byte	0
 429 0012 00       		.byte	0
 430 0013 02       		.uleb128 0x2
 431 0014 24       		.uleb128 0x24
 432 0015 00       		.byte	0
 433 0016 0B       		.uleb128 0xb
 434 0017 0B       		.uleb128 0xb
 435 0018 3E       		.uleb128 0x3e
 436 0019 0B       		.uleb128 0xb
 437 001a 03       		.uleb128 0x3
 438 001b 0E       		.uleb128 0xe
 439 001c 00       		.byte	0
 440 001d 00       		.byte	0
 441 001e 03       		.uleb128 0x3
 442 001f 24       		.uleb128 0x24
 443 0020 00       		.byte	0
 444 0021 0B       		.uleb128 0xb
 445 0022 0B       		.uleb128 0xb
 446 0023 3E       		.uleb128 0x3e
 447 0024 0B       		.uleb128 0xb
 448 0025 03       		.uleb128 0x3
 449 0026 08       		.uleb128 0x8
 450 0027 00       		.byte	0
 451 0028 00       		.byte	0
 452 0029 04       		.uleb128 0x4
 453 002a 16       		.uleb128 0x16
 454 002b 00       		.byte	0
 455 002c 03       		.uleb128 0x3
 456 002d 0E       		.uleb128 0xe
 457 002e 3A       		.uleb128 0x3a
 458 002f 0B       		.uleb128 0xb
 459 0030 3B       		.uleb128 0x3b
 460 0031 0B       		.uleb128 0xb
 461 0032 49       		.uleb128 0x49
 462 0033 13       		.uleb128 0x13
 463 0034 00       		.byte	0
 464 0035 00       		.byte	0
 465 0036 05       		.uleb128 0x5
 466 0037 16       		.uleb128 0x16
 467 0038 00       		.byte	0
 468 0039 03       		.uleb128 0x3
 469 003a 0E       		.uleb128 0xe
 470 003b 3A       		.uleb128 0x3a
ARM GAS  C:\Users\Leiuqeze\AppData\Local\Temp\ccb8jpjy.s 			page 12


 471 003c 0B       		.uleb128 0xb
 472 003d 3B       		.uleb128 0x3b
 473 003e 05       		.uleb128 0x5
 474 003f 49       		.uleb128 0x49
 475 0040 13       		.uleb128 0x13
 476 0041 00       		.byte	0
 477 0042 00       		.byte	0
 478 0043 06       		.uleb128 0x6
 479 0044 35       		.uleb128 0x35
 480 0045 00       		.byte	0
 481 0046 49       		.uleb128 0x49
 482 0047 13       		.uleb128 0x13
 483 0048 00       		.byte	0
 484 0049 00       		.byte	0
 485 004a 07       		.uleb128 0x7
 486 004b 2E       		.uleb128 0x2e
 487 004c 00       		.byte	0
 488 004d 3F       		.uleb128 0x3f
 489 004e 19       		.uleb128 0x19
 490 004f 03       		.uleb128 0x3
 491 0050 0E       		.uleb128 0xe
 492 0051 3A       		.uleb128 0x3a
 493 0052 0B       		.uleb128 0xb
 494 0053 3B       		.uleb128 0x3b
 495 0054 0B       		.uleb128 0xb
 496 0055 27       		.uleb128 0x27
 497 0056 19       		.uleb128 0x19
 498 0057 11       		.uleb128 0x11
 499 0058 01       		.uleb128 0x1
 500 0059 12       		.uleb128 0x12
 501 005a 06       		.uleb128 0x6
 502 005b 40       		.uleb128 0x40
 503 005c 18       		.uleb128 0x18
 504 005d 9642     		.uleb128 0x2116
 505 005f 19       		.uleb128 0x19
 506 0060 00       		.byte	0
 507 0061 00       		.byte	0
 508 0062 08       		.uleb128 0x8
 509 0063 2E       		.uleb128 0x2e
 510 0064 00       		.byte	0
 511 0065 3F       		.uleb128 0x3f
 512 0066 19       		.uleb128 0x19
 513 0067 03       		.uleb128 0x3
 514 0068 0E       		.uleb128 0xe
 515 0069 3A       		.uleb128 0x3a
 516 006a 0B       		.uleb128 0xb
 517 006b 3B       		.uleb128 0x3b
 518 006c 0B       		.uleb128 0xb
 519 006d 27       		.uleb128 0x27
 520 006e 19       		.uleb128 0x19
 521 006f 11       		.uleb128 0x11
 522 0070 01       		.uleb128 0x1
 523 0071 12       		.uleb128 0x12
 524 0072 06       		.uleb128 0x6
 525 0073 40       		.uleb128 0x40
 526 0074 18       		.uleb128 0x18
 527 0075 9742     		.uleb128 0x2117
ARM GAS  C:\Users\Leiuqeze\AppData\Local\Temp\ccb8jpjy.s 			page 13


 528 0077 19       		.uleb128 0x19
 529 0078 00       		.byte	0
 530 0079 00       		.byte	0
 531 007a 09       		.uleb128 0x9
 532 007b 2E       		.uleb128 0x2e
 533 007c 01       		.byte	0x1
 534 007d 3F       		.uleb128 0x3f
 535 007e 19       		.uleb128 0x19
 536 007f 03       		.uleb128 0x3
 537 0080 0E       		.uleb128 0xe
 538 0081 3A       		.uleb128 0x3a
 539 0082 0B       		.uleb128 0xb
 540 0083 3B       		.uleb128 0x3b
 541 0084 0B       		.uleb128 0xb
 542 0085 27       		.uleb128 0x27
 543 0086 19       		.uleb128 0x19
 544 0087 11       		.uleb128 0x11
 545 0088 01       		.uleb128 0x1
 546 0089 12       		.uleb128 0x12
 547 008a 06       		.uleb128 0x6
 548 008b 40       		.uleb128 0x40
 549 008c 18       		.uleb128 0x18
 550 008d 9742     		.uleb128 0x2117
 551 008f 19       		.uleb128 0x19
 552 0090 01       		.uleb128 0x1
 553 0091 13       		.uleb128 0x13
 554 0092 00       		.byte	0
 555 0093 00       		.byte	0
 556 0094 0A       		.uleb128 0xa
 557 0095 05       		.uleb128 0x5
 558 0096 00       		.byte	0
 559 0097 03       		.uleb128 0x3
 560 0098 0E       		.uleb128 0xe
 561 0099 3A       		.uleb128 0x3a
 562 009a 0B       		.uleb128 0xb
 563 009b 3B       		.uleb128 0x3b
 564 009c 0B       		.uleb128 0xb
 565 009d 49       		.uleb128 0x49
 566 009e 13       		.uleb128 0x13
 567 009f 02       		.uleb128 0x2
 568 00a0 18       		.uleb128 0x18
 569 00a1 00       		.byte	0
 570 00a2 00       		.byte	0
 571 00a3 0B       		.uleb128 0xb
 572 00a4 34       		.uleb128 0x34
 573 00a5 00       		.byte	0
 574 00a6 03       		.uleb128 0x3
 575 00a7 0E       		.uleb128 0xe
 576 00a8 3A       		.uleb128 0x3a
 577 00a9 0B       		.uleb128 0xb
 578 00aa 3B       		.uleb128 0x3b
 579 00ab 0B       		.uleb128 0xb
 580 00ac 49       		.uleb128 0x49
 581 00ad 13       		.uleb128 0x13
 582 00ae 3F       		.uleb128 0x3f
 583 00af 19       		.uleb128 0x19
 584 00b0 02       		.uleb128 0x2
ARM GAS  C:\Users\Leiuqeze\AppData\Local\Temp\ccb8jpjy.s 			page 14


 585 00b1 18       		.uleb128 0x18
 586 00b2 00       		.byte	0
 587 00b3 00       		.byte	0
 588 00b4 00       		.byte	0
 589              		.section	.debug_aranges,"",%progbits
 590 0000 3C000000 		.4byte	0x3c
 591 0004 0200     		.2byte	0x2
 592 0006 00000000 		.4byte	.Ldebug_info0
 593 000a 04       		.byte	0x4
 594 000b 00       		.byte	0
 595 000c 0000     		.2byte	0
 596 000e 0000     		.2byte	0
 597 0010 00000000 		.4byte	.LFB0
 598 0014 0C000000 		.4byte	.LFE0-.LFB0
 599 0018 00000000 		.4byte	.LFB1
 600 001c 48000000 		.4byte	.LFE1-.LFB1
 601 0020 00000000 		.4byte	.LFB2
 602 0024 20000000 		.4byte	.LFE2-.LFB2
 603 0028 00000000 		.4byte	.LFB3
 604 002c 54000000 		.4byte	.LFE3-.LFB3
 605 0030 00000000 		.4byte	.LFB4
 606 0034 40000000 		.4byte	.LFE4-.LFB4
 607 0038 00000000 		.4byte	0
 608 003c 00000000 		.4byte	0
 609              		.section	.debug_ranges,"",%progbits
 610              	.Ldebug_ranges0:
 611 0000 00000000 		.4byte	.LFB0
 612 0004 0C000000 		.4byte	.LFE0
 613 0008 00000000 		.4byte	.LFB1
 614 000c 48000000 		.4byte	.LFE1
 615 0010 00000000 		.4byte	.LFB2
 616 0014 20000000 		.4byte	.LFE2
 617 0018 00000000 		.4byte	.LFB3
 618 001c 54000000 		.4byte	.LFE3
 619 0020 00000000 		.4byte	.LFB4
 620 0024 40000000 		.4byte	.LFE4
 621 0028 00000000 		.4byte	0
 622 002c 00000000 		.4byte	0
 623              		.section	.debug_line,"",%progbits
 624              	.Ldebug_line0:
 625 0000 B3000000 		.section	.debug_str,"MS",%progbits,1
 625      02004C00 
 625      00000201 
 625      FB0E0D00 
 625      01010101 
 626              	.LASF6:
 627 0000 6C6F6E67 		.ascii	"long long int\000"
 627      206C6F6E 
 627      6720696E 
 627      7400
 628              	.LASF8:
 629 000e 756E7369 		.ascii	"unsigned int\000"
 629      676E6564 
 629      20696E74 
 629      00
 630              	.LASF15:
 631 001b 4441435F 		.ascii	"DAC_2_BuffAmp_Init\000"
ARM GAS  C:\Users\Leiuqeze\AppData\Local\Temp\ccb8jpjy.s 			page 15


 631      325F4275 
 631      6666416D 
 631      705F496E 
 631      697400
 632              	.LASF24:
 633 002e 4441435F 		.ascii	"DAC_2_BuffAmp_initVar\000"
 633      325F4275 
 633      6666416D 
 633      705F696E 
 633      69745661 
 634              	.LASF13:
 635 0044 72656738 		.ascii	"reg8\000"
 635      00
 636              	.LASF12:
 637 0049 75696E74 		.ascii	"uint8\000"
 637      3800
 638              	.LASF5:
 639 004f 6C6F6E67 		.ascii	"long unsigned int\000"
 639      20756E73 
 639      69676E65 
 639      6420696E 
 639      7400
 640              	.LASF7:
 641 0061 6C6F6E67 		.ascii	"long long unsigned int\000"
 641      206C6F6E 
 641      6720756E 
 641      7369676E 
 641      65642069 
 642              	.LASF17:
 643 0078 4441435F 		.ascii	"DAC_2_BuffAmp_Start\000"
 643      325F4275 
 643      6666416D 
 643      705F5374 
 643      61727400 
 644              	.LASF21:
 645 008c 433A5C55 		.ascii	"C:\\Users\\Leiuqeze\\Desktop\\Oscope_Alpha.cydsn\000"
 645      73657273 
 645      5C4C6569 
 645      7571657A 
 645      655C4465 
 646              	.LASF1:
 647 00b9 756E7369 		.ascii	"unsigned char\000"
 647      676E6564 
 647      20636861 
 647      7200
 648              	.LASF16:
 649 00c7 4441435F 		.ascii	"DAC_2_BuffAmp_Enable\000"
 649      325F4275 
 649      6666416D 
 649      705F456E 
 649      61626C65 
 650              	.LASF11:
 651 00dc 63686172 		.ascii	"char\000"
 651      00
 652              	.LASF4:
 653 00e1 6C6F6E67 		.ascii	"long int\000"
 653      20696E74 
ARM GAS  C:\Users\Leiuqeze\AppData\Local\Temp\ccb8jpjy.s 			page 16


 653      00
 654              	.LASF18:
 655 00ea 4441435F 		.ascii	"DAC_2_BuffAmp_Stop\000"
 655      325F4275 
 655      6666416D 
 655      705F5374 
 655      6F7000
 656              	.LASF10:
 657 00fd 646F7562 		.ascii	"double\000"
 657      6C6500
 658              	.LASF20:
 659 0104 2E5C4765 		.ascii	".\\Generated_Source\\PSoC5\\DAC_2_BuffAmp.c\000"
 659      6E657261 
 659      7465645F 
 659      536F7572 
 659      63655C50 
 660              	.LASF3:
 661 012d 73686F72 		.ascii	"short unsigned int\000"
 661      7420756E 
 661      7369676E 
 661      65642069 
 661      6E7400
 662              	.LASF0:
 663 0140 7369676E 		.ascii	"signed char\000"
 663      65642063 
 663      68617200 
 664              	.LASF9:
 665 014c 666C6F61 		.ascii	"float\000"
 665      7400
 666              	.LASF22:
 667 0152 4441435F 		.ascii	"DAC_2_BuffAmp_SetPower\000"
 667      325F4275 
 667      6666416D 
 667      705F5365 
 667      74506F77 
 668              	.LASF2:
 669 0169 73686F72 		.ascii	"short int\000"
 669      7420696E 
 669      7400
 670              	.LASF19:
 671 0173 474E5520 		.ascii	"GNU C 4.8.4 20140526 (release) [ARM/embedded-4_8-br"
 671      4320342E 
 671      382E3420 
 671      32303134 
 671      30353236 
 672 01a6 616E6368 		.ascii	"anch revision 211358] -mcpu=cortex-m3 -mthumb -g -O"
 672      20726576 
 672      6973696F 
 672      6E203231 
 672      31333538 
 673 01d9 30202D66 		.ascii	"0 -ffunction-sections\000"
 673      66756E63 
 673      74696F6E 
 673      2D736563 
 673      74696F6E 
 674              	.LASF14:
 675 01ef 73697A65 		.ascii	"sizetype\000"
ARM GAS  C:\Users\Leiuqeze\AppData\Local\Temp\ccb8jpjy.s 			page 17


 675      74797065 
 675      00
 676              	.LASF23:
 677 01f8 706F7765 		.ascii	"power\000"
 677      7200
 678              		.ident	"GCC: (GNU Tools for ARM Embedded Processors) 4.8.4 20140526 (release) [ARM/embedded-4_8-br
