ARM GAS  C:\Users\Leiuqeze\AppData\Local\Temp\ccxShCLx.s 			page 1


   1              		.syntax unified
   2              		.cpu cortex-m3
   3              		.fpu softvfp
   4              		.eabi_attribute 20, 1
   5              		.eabi_attribute 21, 1
   6              		.eabi_attribute 23, 3
   7              		.eabi_attribute 24, 1
   8              		.eabi_attribute 25, 1
   9              		.eabi_attribute 26, 1
  10              		.eabi_attribute 30, 6
  11              		.eabi_attribute 34, 1
  12              		.eabi_attribute 18, 4
  13              		.thumb
  14              		.file	"DAC_2.c"
  15              		.text
  16              	.Ltext0:
  17              		.cfi_sections	.debug_frame
  18              		.global	DAC_2_initVar
  19              		.bss
  20              		.type	DAC_2_initVar, %object
  21              		.size	DAC_2_initVar, 1
  22              	DAC_2_initVar:
  23 0000 00       		.space	1
  24              		.global	DAC_2_wave1
  25              		.section	.rodata
  26              		.align	2
  27              		.type	DAC_2_wave1, %object
  28              		.size	DAC_2_wave1, 268
  29              	DAC_2_wave1:
  30 0000 80       		.byte	-128
  31 0001 81       		.byte	-127
  32 0002 83       		.byte	-125
  33 0003 85       		.byte	-123
  34 0004 87       		.byte	-121
  35 0005 89       		.byte	-119
  36 0006 8B       		.byte	-117
  37 0007 8D       		.byte	-115
  38 0008 8E       		.byte	-114
  39 0009 90       		.byte	-112
  40 000a 92       		.byte	-110
  41 000b 94       		.byte	-108
  42 000c 96       		.byte	-106
  43 000d 98       		.byte	-104
  44 000e 9A       		.byte	-102
  45 000f 9B       		.byte	-101
  46 0010 9D       		.byte	-99
  47 0011 9F       		.byte	-97
  48 0012 A1       		.byte	-95
  49 0013 A3       		.byte	-93
  50 0014 A5       		.byte	-91
  51 0015 A7       		.byte	-89
  52 0016 A9       		.byte	-87
  53 0017 AA       		.byte	-86
  54 0018 AC       		.byte	-84
  55 0019 AE       		.byte	-82
  56 001a B0       		.byte	-80
  57 001b B2       		.byte	-78
ARM GAS  C:\Users\Leiuqeze\AppData\Local\Temp\ccxShCLx.s 			page 2


  58 001c B4       		.byte	-76
  59 001d B6       		.byte	-74
  60 001e B7       		.byte	-73
  61 001f B9       		.byte	-71
  62 0020 BB       		.byte	-69
  63 0021 BD       		.byte	-67
  64 0022 BF       		.byte	-65
  65 0023 C1       		.byte	-63
  66 0024 C3       		.byte	-61
  67 0025 C5       		.byte	-59
  68 0026 C6       		.byte	-58
  69 0027 C8       		.byte	-56
  70 0028 CA       		.byte	-54
  71 0029 CC       		.byte	-52
  72 002a CE       		.byte	-50
  73 002b D0       		.byte	-48
  74 002c D2       		.byte	-46
  75 002d D3       		.byte	-45
  76 002e D5       		.byte	-43
  77 002f D7       		.byte	-41
  78 0030 D9       		.byte	-39
  79 0031 DB       		.byte	-37
  80 0032 DD       		.byte	-35
  81 0033 DF       		.byte	-33
  82 0034 E1       		.byte	-31
  83 0035 E2       		.byte	-30
  84 0036 E4       		.byte	-28
  85 0037 E6       		.byte	-26
  86 0038 E8       		.byte	-24
  87 0039 EA       		.byte	-22
  88 003a EC       		.byte	-20
  89 003b EE       		.byte	-18
  90 003c EF       		.byte	-17
  91 003d F1       		.byte	-15
  92 003e F3       		.byte	-13
  93 003f F5       		.byte	-11
  94 0040 F7       		.byte	-9
  95 0041 F9       		.byte	-7
  96 0042 FB       		.byte	-5
  97 0043 FC       		.byte	-4
  98 0044 FB       		.byte	-5
  99 0045 F9       		.byte	-7
 100 0046 F7       		.byte	-9
 101 0047 F5       		.byte	-11
 102 0048 F3       		.byte	-13
 103 0049 F1       		.byte	-15
 104 004a EF       		.byte	-17
 105 004b EE       		.byte	-18
 106 004c EC       		.byte	-20
 107 004d EA       		.byte	-22
 108 004e E8       		.byte	-24
 109 004f E6       		.byte	-26
 110 0050 E4       		.byte	-28
 111 0051 E2       		.byte	-30
 112 0052 E1       		.byte	-31
 113 0053 DF       		.byte	-33
 114 0054 DD       		.byte	-35
ARM GAS  C:\Users\Leiuqeze\AppData\Local\Temp\ccxShCLx.s 			page 3


 115 0055 DB       		.byte	-37
 116 0056 D9       		.byte	-39
 117 0057 D7       		.byte	-41
 118 0058 D5       		.byte	-43
 119 0059 D3       		.byte	-45
 120 005a D2       		.byte	-46
 121 005b D0       		.byte	-48
 122 005c CE       		.byte	-50
 123 005d CC       		.byte	-52
 124 005e CA       		.byte	-54
 125 005f C8       		.byte	-56
 126 0060 C6       		.byte	-58
 127 0061 C5       		.byte	-59
 128 0062 C3       		.byte	-61
 129 0063 C1       		.byte	-63
 130 0064 BF       		.byte	-65
 131 0065 BD       		.byte	-67
 132 0066 BB       		.byte	-69
 133 0067 B9       		.byte	-71
 134 0068 B7       		.byte	-73
 135 0069 B6       		.byte	-74
 136 006a B4       		.byte	-76
 137 006b B2       		.byte	-78
 138 006c B0       		.byte	-80
 139 006d AE       		.byte	-82
 140 006e AC       		.byte	-84
 141 006f AA       		.byte	-86
 142 0070 A9       		.byte	-87
 143 0071 A7       		.byte	-89
 144 0072 A5       		.byte	-91
 145 0073 A3       		.byte	-93
 146 0074 A1       		.byte	-95
 147 0075 9F       		.byte	-97
 148 0076 9D       		.byte	-99
 149 0077 9B       		.byte	-101
 150 0078 9A       		.byte	-102
 151 0079 98       		.byte	-104
 152 007a 96       		.byte	-106
 153 007b 94       		.byte	-108
 154 007c 92       		.byte	-110
 155 007d 90       		.byte	-112
 156 007e 8E       		.byte	-114
 157 007f 8D       		.byte	-115
 158 0080 8B       		.byte	-117
 159 0081 89       		.byte	-119
 160 0082 87       		.byte	-121
 161 0083 85       		.byte	-123
 162 0084 83       		.byte	-125
 163 0085 81       		.byte	-127
 164 0086 80       		.byte	-128
 165 0087 7E       		.byte	126
 166 0088 7C       		.byte	124
 167 0089 7A       		.byte	122
 168 008a 78       		.byte	120
 169 008b 76       		.byte	118
 170 008c 74       		.byte	116
 171 008d 72       		.byte	114
ARM GAS  C:\Users\Leiuqeze\AppData\Local\Temp\ccxShCLx.s 			page 4


 172 008e 71       		.byte	113
 173 008f 6F       		.byte	111
 174 0090 6D       		.byte	109
 175 0091 6B       		.byte	107
 176 0092 69       		.byte	105
 177 0093 67       		.byte	103
 178 0094 65       		.byte	101
 179 0095 64       		.byte	100
 180 0096 62       		.byte	98
 181 0097 60       		.byte	96
 182 0098 5E       		.byte	94
 183 0099 5C       		.byte	92
 184 009a 5A       		.byte	90
 185 009b 58       		.byte	88
 186 009c 56       		.byte	86
 187 009d 55       		.byte	85
 188 009e 53       		.byte	83
 189 009f 51       		.byte	81
 190 00a0 4F       		.byte	79
 191 00a1 4D       		.byte	77
 192 00a2 4B       		.byte	75
 193 00a3 49       		.byte	73
 194 00a4 48       		.byte	72
 195 00a5 46       		.byte	70
 196 00a6 44       		.byte	68
 197 00a7 42       		.byte	66
 198 00a8 40       		.byte	64
 199 00a9 3E       		.byte	62
 200 00aa 3C       		.byte	60
 201 00ab 3A       		.byte	58
 202 00ac 39       		.byte	57
 203 00ad 37       		.byte	55
 204 00ae 35       		.byte	53
 205 00af 33       		.byte	51
 206 00b0 31       		.byte	49
 207 00b1 2F       		.byte	47
 208 00b2 2D       		.byte	45
 209 00b3 2C       		.byte	44
 210 00b4 2A       		.byte	42
 211 00b5 28       		.byte	40
 212 00b6 26       		.byte	38
 213 00b7 24       		.byte	36
 214 00b8 22       		.byte	34
 215 00b9 20       		.byte	32
 216 00ba 1E       		.byte	30
 217 00bb 1D       		.byte	29
 218 00bc 1B       		.byte	27
 219 00bd 19       		.byte	25
 220 00be 17       		.byte	23
 221 00bf 15       		.byte	21
 222 00c0 13       		.byte	19
 223 00c1 11       		.byte	17
 224 00c2 10       		.byte	16
 225 00c3 0E       		.byte	14
 226 00c4 0C       		.byte	12
 227 00c5 0A       		.byte	10
 228 00c6 08       		.byte	8
ARM GAS  C:\Users\Leiuqeze\AppData\Local\Temp\ccxShCLx.s 			page 5


 229 00c7 06       		.byte	6
 230 00c8 04       		.byte	4
 231 00c9 03       		.byte	3
 232 00ca 04       		.byte	4
 233 00cb 06       		.byte	6
 234 00cc 08       		.byte	8
 235 00cd 0A       		.byte	10
 236 00ce 0C       		.byte	12
 237 00cf 0E       		.byte	14
 238 00d0 10       		.byte	16
 239 00d1 11       		.byte	17
 240 00d2 13       		.byte	19
 241 00d3 15       		.byte	21
 242 00d4 17       		.byte	23
 243 00d5 19       		.byte	25
 244 00d6 1B       		.byte	27
 245 00d7 1D       		.byte	29
 246 00d8 1E       		.byte	30
 247 00d9 20       		.byte	32
 248 00da 22       		.byte	34
 249 00db 24       		.byte	36
 250 00dc 26       		.byte	38
 251 00dd 28       		.byte	40
 252 00de 2A       		.byte	42
 253 00df 2C       		.byte	44
 254 00e0 2D       		.byte	45
 255 00e1 2F       		.byte	47
 256 00e2 31       		.byte	49
 257 00e3 33       		.byte	51
 258 00e4 35       		.byte	53
 259 00e5 37       		.byte	55
 260 00e6 39       		.byte	57
 261 00e7 3A       		.byte	58
 262 00e8 3C       		.byte	60
 263 00e9 3E       		.byte	62
 264 00ea 40       		.byte	64
 265 00eb 42       		.byte	66
 266 00ec 44       		.byte	68
 267 00ed 46       		.byte	70
 268 00ee 48       		.byte	72
 269 00ef 49       		.byte	73
 270 00f0 4B       		.byte	75
 271 00f1 4D       		.byte	77
 272 00f2 4F       		.byte	79
 273 00f3 51       		.byte	81
 274 00f4 53       		.byte	83
 275 00f5 55       		.byte	85
 276 00f6 56       		.byte	86
 277 00f7 58       		.byte	88
 278 00f8 5A       		.byte	90
 279 00f9 5C       		.byte	92
 280 00fa 5E       		.byte	94
 281 00fb 60       		.byte	96
 282 00fc 62       		.byte	98
 283 00fd 64       		.byte	100
 284 00fe 65       		.byte	101
 285 00ff 67       		.byte	103
ARM GAS  C:\Users\Leiuqeze\AppData\Local\Temp\ccxShCLx.s 			page 6


 286 0100 69       		.byte	105
 287 0101 6B       		.byte	107
 288 0102 6D       		.byte	109
 289 0103 6F       		.byte	111
 290 0104 71       		.byte	113
 291 0105 72       		.byte	114
 292 0106 74       		.byte	116
 293 0107 76       		.byte	118
 294 0108 78       		.byte	120
 295 0109 7A       		.byte	122
 296 010a 7C       		.byte	124
 297 010b 7E       		.byte	126
 298              		.global	DAC_2_wave2
 299              		.align	2
 300              		.type	DAC_2_wave2, %object
 301              		.size	DAC_2_wave2, 500
 302              	DAC_2_wave2:
 303 010c A1       		.byte	-95
 304 010d A1       		.byte	-95
 305 010e A1       		.byte	-95
 306 010f A1       		.byte	-95
 307 0110 A3       		.byte	-93
 308 0111 A3       		.byte	-93
 309 0112 A3       		.byte	-93
 310 0113 A3       		.byte	-93
 311 0114 A3       		.byte	-93
 312 0115 A3       		.byte	-93
 313 0116 A3       		.byte	-93
 314 0117 A3       		.byte	-93
 315 0118 A6       		.byte	-90
 316 0119 A6       		.byte	-90
 317 011a A6       		.byte	-90
 318 011b A6       		.byte	-90
 319 011c A8       		.byte	-88
 320 011d A8       		.byte	-88
 321 011e A8       		.byte	-88
 322 011f A8       		.byte	-88
 323 0120 AB       		.byte	-85
 324 0121 AB       		.byte	-85
 325 0122 AB       		.byte	-85
 326 0123 AB       		.byte	-85
 327 0124 AB       		.byte	-85
 328 0125 AB       		.byte	-85
 329 0126 AB       		.byte	-85
 330 0127 AB       		.byte	-85
 331 0128 AB       		.byte	-85
 332 0129 AB       		.byte	-85
 333 012a AB       		.byte	-85
 334 012b AB       		.byte	-85
 335 012c AB       		.byte	-85
 336 012d AB       		.byte	-85
 337 012e AB       		.byte	-85
 338 012f AB       		.byte	-85
 339 0130 AB       		.byte	-85
 340 0131 AB       		.byte	-85
 341 0132 AB       		.byte	-85
 342 0133 AB       		.byte	-85
ARM GAS  C:\Users\Leiuqeze\AppData\Local\Temp\ccxShCLx.s 			page 7


 343 0134 AB       		.byte	-85
 344 0135 AB       		.byte	-85
 345 0136 AB       		.byte	-85
 346 0137 AB       		.byte	-85
 347 0138 AB       		.byte	-85
 348 0139 AB       		.byte	-85
 349 013a AB       		.byte	-85
 350 013b AB       		.byte	-85
 351 013c AB       		.byte	-85
 352 013d AB       		.byte	-85
 353 013e AB       		.byte	-85
 354 013f AB       		.byte	-85
 355 0140 AB       		.byte	-85
 356 0141 AB       		.byte	-85
 357 0142 AB       		.byte	-85
 358 0143 AB       		.byte	-85
 359 0144 AB       		.byte	-85
 360 0145 AB       		.byte	-85
 361 0146 AB       		.byte	-85
 362 0147 AB       		.byte	-85
 363 0148 AB       		.byte	-85
 364 0149 AB       		.byte	-85
 365 014a AB       		.byte	-85
 366 014b AB       		.byte	-85
 367 014c AB       		.byte	-85
 368 014d AB       		.byte	-85
 369 014e AB       		.byte	-85
 370 014f AB       		.byte	-85
 371 0150 AB       		.byte	-85
 372 0151 AB       		.byte	-85
 373 0152 AB       		.byte	-85
 374 0153 AB       		.byte	-85
 375 0154 AB       		.byte	-85
 376 0155 AB       		.byte	-85
 377 0156 AB       		.byte	-85
 378 0157 AB       		.byte	-85
 379 0158 AB       		.byte	-85
 380 0159 AB       		.byte	-85
 381 015a AB       		.byte	-85
 382 015b AD       		.byte	-83
 383 015c AD       		.byte	-83
 384 015d AD       		.byte	-83
 385 015e AD       		.byte	-83
 386 015f B8       		.byte	-72
 387 0160 B8       		.byte	-72
 388 0161 B8       		.byte	-72
 389 0162 B8       		.byte	-72
 390 0163 BA       		.byte	-70
 391 0164 BA       		.byte	-70
 392 0165 BA       		.byte	-70
 393 0166 BA       		.byte	-70
 394 0167 BD       		.byte	-67
 395 0168 BD       		.byte	-67
 396 0169 BD       		.byte	-67
 397 016a C2       		.byte	-62
 398 016b C2       		.byte	-62
 399 016c C2       		.byte	-62
ARM GAS  C:\Users\Leiuqeze\AppData\Local\Temp\ccxShCLx.s 			page 8


 400 016d C2       		.byte	-62
 401 016e C2       		.byte	-62
 402 016f C2       		.byte	-62
 403 0170 C2       		.byte	-62
 404 0171 C2       		.byte	-62
 405 0172 C2       		.byte	-62
 406 0173 C2       		.byte	-62
 407 0174 C2       		.byte	-62
 408 0175 C2       		.byte	-62
 409 0176 C2       		.byte	-62
 410 0177 C2       		.byte	-62
 411 0178 C2       		.byte	-62
 412 0179 C2       		.byte	-62
 413 017a C4       		.byte	-60
 414 017b C4       		.byte	-60
 415 017c C4       		.byte	-60
 416 017d C4       		.byte	-60
 417 017e C7       		.byte	-57
 418 017f C7       		.byte	-57
 419 0180 C7       		.byte	-57
 420 0181 C7       		.byte	-57
 421 0182 E6       		.byte	-26
 422 0183 E6       		.byte	-26
 423 0184 E6       		.byte	-26
 424 0185 E6       		.byte	-26
 425 0186 E6       		.byte	-26
 426 0187 E6       		.byte	-26
 427 0188 E6       		.byte	-26
 428 0189 E6       		.byte	-26
 429 018a EB       		.byte	-21
 430 018b EB       		.byte	-21
 431 018c EB       		.byte	-21
 432 018d EB       		.byte	-21
 433 018e ED       		.byte	-19
 434 018f ED       		.byte	-19
 435 0190 ED       		.byte	-19
 436 0191 ED       		.byte	-19
 437 0192 ED       		.byte	-19
 438 0193 ED       		.byte	-19
 439 0194 ED       		.byte	-19
 440 0195 ED       		.byte	-19
 441 0196 F0       		.byte	-16
 442 0197 F0       		.byte	-16
 443 0198 F0       		.byte	-16
 444 0199 F0       		.byte	-16
 445 019a EB       		.byte	-21
 446 019b EB       		.byte	-21
 447 019c EB       		.byte	-21
 448 019d EB       		.byte	-21
 449 019e EB       		.byte	-21
 450 019f EB       		.byte	-21
 451 01a0 EB       		.byte	-21
 452 01a1 EB       		.byte	-21
 453 01a2 E8       		.byte	-24
 454 01a3 E8       		.byte	-24
 455 01a4 E8       		.byte	-24
 456 01a5 E8       		.byte	-24
ARM GAS  C:\Users\Leiuqeze\AppData\Local\Temp\ccxShCLx.s 			page 9


 457 01a6 E8       		.byte	-24
 458 01a7 E8       		.byte	-24
 459 01a8 E8       		.byte	-24
 460 01a9 E8       		.byte	-24
 461 01aa E8       		.byte	-24
 462 01ab E8       		.byte	-24
 463 01ac E8       		.byte	-24
 464 01ad E8       		.byte	-24
 465 01ae E8       		.byte	-24
 466 01af E8       		.byte	-24
 467 01b0 E8       		.byte	-24
 468 01b1 E6       		.byte	-26
 469 01b2 E6       		.byte	-26
 470 01b3 E6       		.byte	-26
 471 01b4 E6       		.byte	-26
 472 01b5 E3       		.byte	-29
 473 01b6 E3       		.byte	-29
 474 01b7 E3       		.byte	-29
 475 01b8 E3       		.byte	-29
 476 01b9 E3       		.byte	-29
 477 01ba E3       		.byte	-29
 478 01bb E3       		.byte	-29
 479 01bc E3       		.byte	-29
 480 01bd E3       		.byte	-29
 481 01be E3       		.byte	-29
 482 01bf E3       		.byte	-29
 483 01c0 E3       		.byte	-29
 484 01c1 E3       		.byte	-29
 485 01c2 E3       		.byte	-29
 486 01c3 E3       		.byte	-29
 487 01c4 E3       		.byte	-29
 488 01c5 E3       		.byte	-29
 489 01c6 E3       		.byte	-29
 490 01c7 E3       		.byte	-29
 491 01c8 E3       		.byte	-29
 492 01c9 E3       		.byte	-29
 493 01ca E3       		.byte	-29
 494 01cb E3       		.byte	-29
 495 01cc E3       		.byte	-29
 496 01cd E0       		.byte	-32
 497 01ce E0       		.byte	-32
 498 01cf E0       		.byte	-32
 499 01d0 E0       		.byte	-32
 500 01d1 BD       		.byte	-67
 501 01d2 BD       		.byte	-67
 502 01d3 BD       		.byte	-67
 503 01d4 BD       		.byte	-67
 504 01d5 BA       		.byte	-70
 505 01d6 BA       		.byte	-70
 506 01d7 BA       		.byte	-70
 507 01d8 BA       		.byte	-70
 508 01d9 BA       		.byte	-70
 509 01da BA       		.byte	-70
 510 01db BA       		.byte	-70
 511 01dc BA       		.byte	-70
 512 01dd BA       		.byte	-70
 513 01de BA       		.byte	-70
ARM GAS  C:\Users\Leiuqeze\AppData\Local\Temp\ccxShCLx.s 			page 10


 514 01df BA       		.byte	-70
 515 01e0 BA       		.byte	-70
 516 01e1 BA       		.byte	-70
 517 01e2 BA       		.byte	-70
 518 01e3 BA       		.byte	-70
 519 01e4 BA       		.byte	-70
 520 01e5 BA       		.byte	-70
 521 01e6 BA       		.byte	-70
 522 01e7 BA       		.byte	-70
 523 01e8 BA       		.byte	-70
 524 01e9 BA       		.byte	-70
 525 01ea BA       		.byte	-70
 526 01eb BA       		.byte	-70
 527 01ec BA       		.byte	-70
 528 01ed BA       		.byte	-70
 529 01ee BA       		.byte	-70
 530 01ef BA       		.byte	-70
 531 01f0 BA       		.byte	-70
 532 01f1 BA       		.byte	-70
 533 01f2 BA       		.byte	-70
 534 01f3 BA       		.byte	-70
 535 01f4 BA       		.byte	-70
 536 01f5 BA       		.byte	-70
 537 01f6 BA       		.byte	-70
 538 01f7 BA       		.byte	-70
 539 01f8 BA       		.byte	-70
 540 01f9 BA       		.byte	-70
 541 01fa BA       		.byte	-70
 542 01fb BA       		.byte	-70
 543 01fc BF       		.byte	-65
 544 01fd BF       		.byte	-65
 545 01fe BF       		.byte	-65
 546 01ff BF       		.byte	-65
 547 0200 C4       		.byte	-60
 548 0201 C4       		.byte	-60
 549 0202 C4       		.byte	-60
 550 0203 C4       		.byte	-60
 551 0204 C9       		.byte	-55
 552 0205 C9       		.byte	-55
 553 0206 C9       		.byte	-55
 554 0207 C9       		.byte	-55
 555 0208 CF       		.byte	-49
 556 0209 CF       		.byte	-49
 557 020a CF       		.byte	-49
 558 020b CF       		.byte	-49
 559 020c C2       		.byte	-62
 560 020d C2       		.byte	-62
 561 020e C2       		.byte	-62
 562 020f C2       		.byte	-62
 563 0210 B8       		.byte	-72
 564 0211 B8       		.byte	-72
 565 0212 B8       		.byte	-72
 566 0213 B8       		.byte	-72
 567 0214 B5       		.byte	-75
 568 0215 B6       		.byte	-74
 569 0216 B7       		.byte	-73
 570 0217 B8       		.byte	-72
ARM GAS  C:\Users\Leiuqeze\AppData\Local\Temp\ccxShCLx.s 			page 11


 571 0218 94       		.byte	-108
 572 0219 94       		.byte	-108
 573 021a 94       		.byte	-108
 574 021b 94       		.byte	-108
 575 021c 91       		.byte	-111
 576 021d 91       		.byte	-111
 577 021e 91       		.byte	-111
 578 021f 91       		.byte	-111
 579 0220 91       		.byte	-111
 580 0221 91       		.byte	-111
 581 0222 91       		.byte	-111
 582 0223 91       		.byte	-111
 583 0224 8F       		.byte	-113
 584 0225 90       		.byte	-112
 585 0226 90       		.byte	-112
 586 0227 91       		.byte	-111
 587 0228 8F       		.byte	-113
 588 0229 8F       		.byte	-113
 589 022a 8F       		.byte	-113
 590 022b 8F       		.byte	-113
 591 022c 8F       		.byte	-113
 592 022d 8F       		.byte	-113
 593 022e 8F       		.byte	-113
 594 022f 8F       		.byte	-113
 595 0230 8F       		.byte	-113
 596 0231 8F       		.byte	-113
 597 0232 8F       		.byte	-113
 598 0233 8C       		.byte	-116
 599 0234 8D       		.byte	-115
 600 0235 8E       		.byte	-114
 601 0236 8F       		.byte	-113
 602 0237 8C       		.byte	-116
 603 0238 8C       		.byte	-116
 604 0239 8C       		.byte	-116
 605 023a 8C       		.byte	-116
 606 023b 63       		.byte	99
 607 023c 63       		.byte	99
 608 023d 63       		.byte	99
 609 023e 63       		.byte	99
 610 023f 61       		.byte	97
 611 0240 61       		.byte	97
 612 0241 61       		.byte	97
 613 0242 61       		.byte	97
 614 0243 5C       		.byte	92
 615 0244 5D       		.byte	93
 616 0245 5D       		.byte	93
 617 0246 5E       		.byte	94
 618 0247 54       		.byte	84
 619 0248 54       		.byte	84
 620 0249 54       		.byte	84
 621 024a 54       		.byte	84
 622 024b 4F       		.byte	79
 623 024c 4F       		.byte	79
 624 024d 4F       		.byte	79
 625 024e 4F       		.byte	79
 626 024f 4C       		.byte	76
 627 0250 4D       		.byte	77
ARM GAS  C:\Users\Leiuqeze\AppData\Local\Temp\ccxShCLx.s 			page 12


 628 0251 4E       		.byte	78
 629 0252 4F       		.byte	79
 630 0253 4A       		.byte	74
 631 0254 4A       		.byte	74
 632 0255 4A       		.byte	74
 633 0256 4A       		.byte	74
 634 0257 4A       		.byte	74
 635 0258 4A       		.byte	74
 636 0259 4A       		.byte	74
 637 025a 4A       		.byte	74
 638 025b 4A       		.byte	74
 639 025c 4A       		.byte	74
 640 025d 4A       		.byte	74
 641 025e 4A       		.byte	74
 642 025f 4A       		.byte	74
 643 0260 4A       		.byte	74
 644 0261 4A       		.byte	74
 645 0262 4A       		.byte	74
 646 0263 4A       		.byte	74
 647 0264 4A       		.byte	74
 648 0265 4A       		.byte	74
 649 0266 4A       		.byte	74
 650 0267 4A       		.byte	74
 651 0268 4A       		.byte	74
 652 0269 4A       		.byte	74
 653 026a 4A       		.byte	74
 654 026b 4A       		.byte	74
 655 026c 4A       		.byte	74
 656 026d 4A       		.byte	74
 657 026e 4A       		.byte	74
 658 026f 4A       		.byte	74
 659 0270 4A       		.byte	74
 660 0271 4A       		.byte	74
 661 0272 4A       		.byte	74
 662 0273 4A       		.byte	74
 663 0274 4A       		.byte	74
 664 0275 4A       		.byte	74
 665 0276 4A       		.byte	74
 666 0277 4A       		.byte	74
 667 0278 4A       		.byte	74
 668 0279 4A       		.byte	74
 669 027a 4A       		.byte	74
 670 027b 4A       		.byte	74
 671 027c 4A       		.byte	74
 672 027d 4A       		.byte	74
 673 027e 4A       		.byte	74
 674 027f 4A       		.byte	74
 675 0280 4A       		.byte	74
 676 0281 4A       		.byte	74
 677 0282 6E       		.byte	110
 678 0283 6E       		.byte	110
 679 0284 6E       		.byte	110
 680 0285 6E       		.byte	110
 681 0286 6E       		.byte	110
 682 0287 6E       		.byte	110
 683 0288 6E       		.byte	110
 684 0289 6E       		.byte	110
ARM GAS  C:\Users\Leiuqeze\AppData\Local\Temp\ccxShCLx.s 			page 13


 685 028a 6E       		.byte	110
 686 028b 6E       		.byte	110
 687 028c 6E       		.byte	110
 688 028d 6E       		.byte	110
 689 028e 6E       		.byte	110
 690 028f 6E       		.byte	110
 691 0290 6E       		.byte	110
 692 0291 6E       		.byte	110
 693 0292 6B       		.byte	107
 694 0293 6B       		.byte	107
 695 0294 6B       		.byte	107
 696 0295 6B       		.byte	107
 697 0296 69       		.byte	105
 698 0297 69       		.byte	105
 699 0298 69       		.byte	105
 700 0299 69       		.byte	105
 701 029a 66       		.byte	102
 702 029b 66       		.byte	102
 703 029c 66       		.byte	102
 704 029d 66       		.byte	102
 705 029e 66       		.byte	102
 706 029f 66       		.byte	102
 707 02a0 66       		.byte	102
 708 02a1 66       		.byte	102
 709 02a2 66       		.byte	102
 710 02a3 66       		.byte	102
 711 02a4 66       		.byte	102
 712 02a5 66       		.byte	102
 713 02a6 66       		.byte	102
 714 02a7 66       		.byte	102
 715 02a8 66       		.byte	102
 716 02a9 66       		.byte	102
 717 02aa 66       		.byte	102
 718 02ab 66       		.byte	102
 719 02ac 66       		.byte	102
 720 02ad 66       		.byte	102
 721 02ae 66       		.byte	102
 722 02af 66       		.byte	102
 723 02b0 66       		.byte	102
 724 02b1 63       		.byte	99
 725 02b2 63       		.byte	99
 726 02b3 63       		.byte	99
 727 02b4 63       		.byte	99
 728 02b5 63       		.byte	99
 729 02b6 63       		.byte	99
 730 02b7 63       		.byte	99
 731 02b8 63       		.byte	99
 732 02b9 63       		.byte	99
 733 02ba 63       		.byte	99
 734 02bb 63       		.byte	99
 735 02bc 63       		.byte	99
 736 02bd 96       		.byte	-106
 737 02be 96       		.byte	-106
 738 02bf 96       		.byte	-106
 739 02c0 96       		.byte	-106
 740 02c1 99       		.byte	-103
 741 02c2 99       		.byte	-103
ARM GAS  C:\Users\Leiuqeze\AppData\Local\Temp\ccxShCLx.s 			page 14


 742 02c3 99       		.byte	-103
 743 02c4 99       		.byte	-103
 744 02c5 9E       		.byte	-98
 745 02c6 9E       		.byte	-98
 746 02c7 9E       		.byte	-98
 747 02c8 9E       		.byte	-98
 748 02c9 9E       		.byte	-98
 749 02ca 9E       		.byte	-98
 750 02cb 9E       		.byte	-98
 751 02cc 9E       		.byte	-98
 752 02cd A1       		.byte	-95
 753 02ce A1       		.byte	-95
 754 02cf A1       		.byte	-95
 755 02d0 A1       		.byte	-95
 756 02d1 A1       		.byte	-95
 757 02d2 A1       		.byte	-95
 758 02d3 A1       		.byte	-95
 759 02d4 A1       		.byte	-95
 760 02d5 A1       		.byte	-95
 761 02d6 A1       		.byte	-95
 762 02d7 A1       		.byte	-95
 763 02d8 A1       		.byte	-95
 764 02d9 A1       		.byte	-95
 765 02da A1       		.byte	-95
 766 02db A1       		.byte	-95
 767 02dc A1       		.byte	-95
 768 02dd A1       		.byte	-95
 769 02de A1       		.byte	-95
 770 02df A1       		.byte	-95
 771 02e0 A1       		.byte	-95
 772 02e1 9E       		.byte	-98
 773 02e2 9E       		.byte	-98
 774 02e3 9E       		.byte	-98
 775 02e4 9E       		.byte	-98
 776 02e5 9E       		.byte	-98
 777 02e6 9E       		.byte	-98
 778 02e7 9E       		.byte	-98
 779 02e8 9E       		.byte	-98
 780 02e9 9E       		.byte	-98
 781 02ea 9E       		.byte	-98
 782 02eb 9E       		.byte	-98
 783 02ec 9E       		.byte	-98
 784 02ed 9E       		.byte	-98
 785 02ee 9E       		.byte	-98
 786 02ef 9E       		.byte	-98
 787 02f0 9E       		.byte	-98
 788 02f1 9E       		.byte	-98
 789 02f2 9E       		.byte	-98
 790 02f3 9E       		.byte	-98
 791 02f4 9E       		.byte	-98
 792 02f5 9E       		.byte	-98
 793 02f6 9E       		.byte	-98
 794 02f7 9E       		.byte	-98
 795 02f8 9E       		.byte	-98
 796 02f9 9E       		.byte	-98
 797 02fa 9E       		.byte	-98
 798 02fb 9E       		.byte	-98
ARM GAS  C:\Users\Leiuqeze\AppData\Local\Temp\ccxShCLx.s 			page 15


 799 02fc 9E       		.byte	-98
 800 02fd 9E       		.byte	-98
 801 02fe 9E       		.byte	-98
 802 02ff 9E       		.byte	-98
 803              		.bss
 804              	DAC_2_Wave1Chan:
 805 0001 00       		.space	1
 806              	DAC_2_Wave2Chan:
 807 0002 00       		.space	1
 808              	DAC_2_Wave1TD:
 809 0003 00       		.space	1
 810              	DAC_2_Wave2TD:
 811 0004 00       		.space	1
 812              		.section	.text.DAC_2_Init,"ax",%progbits
 813              		.align	2
 814              		.global	DAC_2_Init
 815              		.thumb
 816              		.thumb_func
 817              		.type	DAC_2_Init, %function
 818              	DAC_2_Init:
 819              	.LFB0:
 820              		.file 1 ".\\Generated_Source\\PSoC5\\DAC_2.c"
   1:.\Generated_Source\PSoC5/DAC_2.c **** /*******************************************************************************
   2:.\Generated_Source\PSoC5/DAC_2.c **** * File Name: DAC_2.c
   3:.\Generated_Source\PSoC5/DAC_2.c **** * Version 2.0
   4:.\Generated_Source\PSoC5/DAC_2.c **** *
   5:.\Generated_Source\PSoC5/DAC_2.c **** * Description:
   6:.\Generated_Source\PSoC5/DAC_2.c **** *  This file provides the source code for the 8-bit Waveform DAC 
   7:.\Generated_Source\PSoC5/DAC_2.c **** *  (WaveDAC8) Component.
   8:.\Generated_Source\PSoC5/DAC_2.c **** *
   9:.\Generated_Source\PSoC5/DAC_2.c **** ********************************************************************************
  10:.\Generated_Source\PSoC5/DAC_2.c **** * Copyright 2013, Cypress Semiconductor Corporation.  All rights reserved.
  11:.\Generated_Source\PSoC5/DAC_2.c **** * You may use this file only in accordance with the license, terms, conditions,
  12:.\Generated_Source\PSoC5/DAC_2.c **** * disclaimers, and limitations in the end user license agreement accompanying
  13:.\Generated_Source\PSoC5/DAC_2.c **** * the software package with which this file was provided.
  14:.\Generated_Source\PSoC5/DAC_2.c **** *******************************************************************************/
  15:.\Generated_Source\PSoC5/DAC_2.c **** 
  16:.\Generated_Source\PSoC5/DAC_2.c **** #include "DAC_2.h"
  17:.\Generated_Source\PSoC5/DAC_2.c **** 
  18:.\Generated_Source\PSoC5/DAC_2.c **** uint8  DAC_2_initVar = 0u;
  19:.\Generated_Source\PSoC5/DAC_2.c **** 
  20:.\Generated_Source\PSoC5/DAC_2.c **** const uint8 CYCODE DAC_2_wave1[DAC_2_WAVE1_LENGTH] = { 128u,129u,131u,133u,135u,137u,139u,141u,142u
  21:.\Generated_Source\PSoC5/DAC_2.c **** const uint8 CYCODE DAC_2_wave2[DAC_2_WAVE2_LENGTH] = { 161u,161u,161u,161u,163u,163u,163u,163u,163u
  22:.\Generated_Source\PSoC5/DAC_2.c **** 
  23:.\Generated_Source\PSoC5/DAC_2.c **** static uint8  DAC_2_Wave1Chan;
  24:.\Generated_Source\PSoC5/DAC_2.c **** static uint8  DAC_2_Wave2Chan;
  25:.\Generated_Source\PSoC5/DAC_2.c **** static uint8  DAC_2_Wave1TD;
  26:.\Generated_Source\PSoC5/DAC_2.c **** static uint8  DAC_2_Wave2TD;
  27:.\Generated_Source\PSoC5/DAC_2.c **** 
  28:.\Generated_Source\PSoC5/DAC_2.c **** 
  29:.\Generated_Source\PSoC5/DAC_2.c **** /*******************************************************************************
  30:.\Generated_Source\PSoC5/DAC_2.c **** * Function Name: DAC_2_Init
  31:.\Generated_Source\PSoC5/DAC_2.c **** ********************************************************************************
  32:.\Generated_Source\PSoC5/DAC_2.c **** *
  33:.\Generated_Source\PSoC5/DAC_2.c **** * Summary:
  34:.\Generated_Source\PSoC5/DAC_2.c **** *  Initializes component with parameters set in the customizer.
  35:.\Generated_Source\PSoC5/DAC_2.c **** *
ARM GAS  C:\Users\Leiuqeze\AppData\Local\Temp\ccxShCLx.s 			page 16


  36:.\Generated_Source\PSoC5/DAC_2.c **** * Parameters:  
  37:.\Generated_Source\PSoC5/DAC_2.c **** *  None
  38:.\Generated_Source\PSoC5/DAC_2.c **** *
  39:.\Generated_Source\PSoC5/DAC_2.c **** * Return: 
  40:.\Generated_Source\PSoC5/DAC_2.c **** *  None
  41:.\Generated_Source\PSoC5/DAC_2.c **** *
  42:.\Generated_Source\PSoC5/DAC_2.c **** *******************************************************************************/
  43:.\Generated_Source\PSoC5/DAC_2.c **** void DAC_2_Init(void) 
  44:.\Generated_Source\PSoC5/DAC_2.c **** {
 821              		.loc 1 44 0
 822              		.cfi_startproc
 823              		@ args = 0, pretend = 0, frame = 0
 824              		@ frame_needed = 1, uses_anonymous_args = 0
 825 0000 80B5     		push	{r7, lr}
 826              		.cfi_def_cfa_offset 8
 827              		.cfi_offset 7, -8
 828              		.cfi_offset 14, -4
 829 0002 00AF     		add	r7, sp, #0
 830              		.cfi_def_cfa_register 7
  45:.\Generated_Source\PSoC5/DAC_2.c **** 	DAC_2_VDAC8_Init();
 831              		.loc 1 45 0
 832 0004 FFF7FEFF 		bl	DAC_2_VDAC8_Init
  46:.\Generated_Source\PSoC5/DAC_2.c **** 	DAC_2_VDAC8_SetSpeed(DAC_2_HIGHSPEED);
 833              		.loc 1 46 0
 834 0008 0220     		movs	r0, #2
 835 000a FFF7FEFF 		bl	DAC_2_VDAC8_SetSpeed
  47:.\Generated_Source\PSoC5/DAC_2.c **** 	DAC_2_VDAC8_SetRange(DAC_2_DAC_RANGE);
 836              		.loc 1 47 0
 837 000e 0020     		movs	r0, #0
 838 0010 FFF7FEFF 		bl	DAC_2_VDAC8_SetRange
  48:.\Generated_Source\PSoC5/DAC_2.c **** 
  49:.\Generated_Source\PSoC5/DAC_2.c **** 	#if(DAC_2_DAC_MODE == DAC_2_CURRENT_MODE)
  50:.\Generated_Source\PSoC5/DAC_2.c **** 		DAC_2_IDAC8_SetPolarity(DAC_2_DAC_POL);
  51:.\Generated_Source\PSoC5/DAC_2.c **** 	#endif /* DAC_2_DAC_MODE == DAC_2_CURRENT_MODE */
  52:.\Generated_Source\PSoC5/DAC_2.c **** 
  53:.\Generated_Source\PSoC5/DAC_2.c **** 	#if(DAC_2_OUT_MODE == DAC_2_BUFFER_MODE)
  54:.\Generated_Source\PSoC5/DAC_2.c **** 	   DAC_2_BuffAmp_Init();
 839              		.loc 1 54 0
 840 0014 FFF7FEFF 		bl	DAC_2_BuffAmp_Init
  55:.\Generated_Source\PSoC5/DAC_2.c **** 	#endif /* DAC_2_OUT_MODE == DAC_2_BUFFER_MODE */
  56:.\Generated_Source\PSoC5/DAC_2.c **** 
  57:.\Generated_Source\PSoC5/DAC_2.c **** 	/* Get the TD Number for the DMA channel 1 and 2   */
  58:.\Generated_Source\PSoC5/DAC_2.c **** 	DAC_2_Wave1TD = CyDmaTdAllocate();
 841              		.loc 1 58 0
 842 0018 FFF7FEFF 		bl	CyDmaTdAllocate
 843 001c 0346     		mov	r3, r0
 844 001e 1A46     		mov	r2, r3
 845 0020 094B     		ldr	r3, .L2
 846 0022 1A70     		strb	r2, [r3]
  59:.\Generated_Source\PSoC5/DAC_2.c **** 	DAC_2_Wave2TD = CyDmaTdAllocate();
 847              		.loc 1 59 0
 848 0024 FFF7FEFF 		bl	CyDmaTdAllocate
 849 0028 0346     		mov	r3, r0
 850 002a 1A46     		mov	r2, r3
 851 002c 074B     		ldr	r3, .L2+4
 852 002e 1A70     		strb	r2, [r3]
  60:.\Generated_Source\PSoC5/DAC_2.c **** 	
ARM GAS  C:\Users\Leiuqeze\AppData\Local\Temp\ccxShCLx.s 			page 17


  61:.\Generated_Source\PSoC5/DAC_2.c **** 	/* Initialize waveform pointers  */
  62:.\Generated_Source\PSoC5/DAC_2.c **** 	DAC_2_Wave1Setup(DAC_2_wave1, DAC_2_WAVE1_LENGTH) ;
 853              		.loc 1 62 0
 854 0030 0748     		ldr	r0, .L2+8
 855 0032 4FF48671 		mov	r1, #268
 856 0036 FFF7FEFF 		bl	DAC_2_Wave1Setup
  63:.\Generated_Source\PSoC5/DAC_2.c **** 	DAC_2_Wave2Setup(DAC_2_wave2, DAC_2_WAVE2_LENGTH) ;
 857              		.loc 1 63 0
 858 003a 0648     		ldr	r0, .L2+12
 859 003c 4FF4FA71 		mov	r1, #500
 860 0040 FFF7FEFF 		bl	DAC_2_Wave2Setup
  64:.\Generated_Source\PSoC5/DAC_2.c **** 	
  65:.\Generated_Source\PSoC5/DAC_2.c **** 	/* Initialize the internal clock if one present  */
  66:.\Generated_Source\PSoC5/DAC_2.c **** 	#if defined(DAC_2_DacClk_PHASE)
  67:.\Generated_Source\PSoC5/DAC_2.c **** 	   DAC_2_DacClk_SetPhase(DAC_2_CLK_PHASE_0nS);
  68:.\Generated_Source\PSoC5/DAC_2.c **** 	#endif /* defined(DAC_2_DacClk_PHASE) */
  69:.\Generated_Source\PSoC5/DAC_2.c **** }
 861              		.loc 1 69 0
 862 0044 80BD     		pop	{r7, pc}
 863              	.L3:
 864 0046 00BF     		.align	2
 865              	.L2:
 866 0048 03000000 		.word	DAC_2_Wave1TD
 867 004c 04000000 		.word	DAC_2_Wave2TD
 868 0050 00000000 		.word	DAC_2_wave1
 869 0054 00000000 		.word	DAC_2_wave2
 870              		.cfi_endproc
 871              	.LFE0:
 872              		.size	DAC_2_Init, .-DAC_2_Init
 873              		.section	.text.DAC_2_Enable,"ax",%progbits
 874              		.align	2
 875              		.global	DAC_2_Enable
 876              		.thumb
 877              		.thumb_func
 878              		.type	DAC_2_Enable, %function
 879              	DAC_2_Enable:
 880              	.LFB1:
  70:.\Generated_Source\PSoC5/DAC_2.c **** 
  71:.\Generated_Source\PSoC5/DAC_2.c **** 
  72:.\Generated_Source\PSoC5/DAC_2.c **** /*******************************************************************************
  73:.\Generated_Source\PSoC5/DAC_2.c **** * Function Name: DAC_2_Enable
  74:.\Generated_Source\PSoC5/DAC_2.c **** ********************************************************************************
  75:.\Generated_Source\PSoC5/DAC_2.c **** *  
  76:.\Generated_Source\PSoC5/DAC_2.c **** * Summary: 
  77:.\Generated_Source\PSoC5/DAC_2.c **** *  Enables the DAC block and DMA operation.
  78:.\Generated_Source\PSoC5/DAC_2.c **** *
  79:.\Generated_Source\PSoC5/DAC_2.c **** * Parameters:  
  80:.\Generated_Source\PSoC5/DAC_2.c **** *  None
  81:.\Generated_Source\PSoC5/DAC_2.c **** *
  82:.\Generated_Source\PSoC5/DAC_2.c **** * Return: 
  83:.\Generated_Source\PSoC5/DAC_2.c **** *  None
  84:.\Generated_Source\PSoC5/DAC_2.c **** *
  85:.\Generated_Source\PSoC5/DAC_2.c **** *******************************************************************************/
  86:.\Generated_Source\PSoC5/DAC_2.c **** void DAC_2_Enable(void) 
  87:.\Generated_Source\PSoC5/DAC_2.c **** {
 881              		.loc 1 87 0
 882              		.cfi_startproc
ARM GAS  C:\Users\Leiuqeze\AppData\Local\Temp\ccxShCLx.s 			page 18


 883              		@ args = 0, pretend = 0, frame = 0
 884              		@ frame_needed = 1, uses_anonymous_args = 0
 885 0000 80B5     		push	{r7, lr}
 886              		.cfi_def_cfa_offset 8
 887              		.cfi_offset 7, -8
 888              		.cfi_offset 14, -4
 889 0002 00AF     		add	r7, sp, #0
 890              		.cfi_def_cfa_register 7
  88:.\Generated_Source\PSoC5/DAC_2.c **** 	DAC_2_VDAC8_Enable();
 891              		.loc 1 88 0
 892 0004 FFF7FEFF 		bl	DAC_2_VDAC8_Enable
  89:.\Generated_Source\PSoC5/DAC_2.c **** 
  90:.\Generated_Source\PSoC5/DAC_2.c **** 	#if(DAC_2_OUT_MODE == DAC_2_BUFFER_MODE)
  91:.\Generated_Source\PSoC5/DAC_2.c **** 	   DAC_2_BuffAmp_Enable();
 893              		.loc 1 91 0
 894 0008 FFF7FEFF 		bl	DAC_2_BuffAmp_Enable
  92:.\Generated_Source\PSoC5/DAC_2.c **** 	#endif /* DAC_2_OUT_MODE == DAC_2_BUFFER_MODE */
  93:.\Generated_Source\PSoC5/DAC_2.c **** 
  94:.\Generated_Source\PSoC5/DAC_2.c **** 	/* 
  95:.\Generated_Source\PSoC5/DAC_2.c **** 	* Enable the channel. It is configured to remember the TD value so that
  96:.\Generated_Source\PSoC5/DAC_2.c **** 	* it can be restored from the place where it has been stopped.
  97:.\Generated_Source\PSoC5/DAC_2.c **** 	*/
  98:.\Generated_Source\PSoC5/DAC_2.c **** 	(void)CyDmaChEnable(DAC_2_Wave1Chan, 1u);
 895              		.loc 1 98 0
 896 000c 084B     		ldr	r3, .L5
 897 000e 1B78     		ldrb	r3, [r3]	@ zero_extendqisi2
 898 0010 1846     		mov	r0, r3
 899 0012 0121     		movs	r1, #1
 900 0014 FFF7FEFF 		bl	CyDmaChEnable
  99:.\Generated_Source\PSoC5/DAC_2.c **** 	(void)CyDmaChEnable(DAC_2_Wave2Chan, 1u);
 901              		.loc 1 99 0
 902 0018 064B     		ldr	r3, .L5+4
 903 001a 1B78     		ldrb	r3, [r3]	@ zero_extendqisi2
 904 001c 1846     		mov	r0, r3
 905 001e 0121     		movs	r1, #1
 906 0020 FFF7FEFF 		bl	CyDmaChEnable
 100:.\Generated_Source\PSoC5/DAC_2.c **** 	
 101:.\Generated_Source\PSoC5/DAC_2.c **** 	/* set the initial value */
 102:.\Generated_Source\PSoC5/DAC_2.c **** 	DAC_2_SetValue(0u);
 907              		.loc 1 102 0
 908 0024 0020     		movs	r0, #0
 909 0026 FFF7FEFF 		bl	DAC_2_VDAC8_SetValue
 103:.\Generated_Source\PSoC5/DAC_2.c **** 	
 104:.\Generated_Source\PSoC5/DAC_2.c **** 	#if(DAC_2_CLOCK_SRC == DAC_2_CLOCK_INT)  	
 105:.\Generated_Source\PSoC5/DAC_2.c **** 	   DAC_2_DacClk_Start();
 910              		.loc 1 105 0
 911 002a FFF7FEFF 		bl	DAC_2_DacClk_Start
 106:.\Generated_Source\PSoC5/DAC_2.c **** 	#endif /* DAC_2_CLOCK_SRC == DAC_2_CLOCK_INT */
 107:.\Generated_Source\PSoC5/DAC_2.c **** }
 912              		.loc 1 107 0
 913 002e 80BD     		pop	{r7, pc}
 914              	.L6:
 915              		.align	2
 916              	.L5:
 917 0030 01000000 		.word	DAC_2_Wave1Chan
 918 0034 02000000 		.word	DAC_2_Wave2Chan
 919              		.cfi_endproc
ARM GAS  C:\Users\Leiuqeze\AppData\Local\Temp\ccxShCLx.s 			page 19


 920              	.LFE1:
 921              		.size	DAC_2_Enable, .-DAC_2_Enable
 922              		.section	.text.DAC_2_Start,"ax",%progbits
 923              		.align	2
 924              		.global	DAC_2_Start
 925              		.thumb
 926              		.thumb_func
 927              		.type	DAC_2_Start, %function
 928              	DAC_2_Start:
 929              	.LFB2:
 108:.\Generated_Source\PSoC5/DAC_2.c **** 
 109:.\Generated_Source\PSoC5/DAC_2.c **** 
 110:.\Generated_Source\PSoC5/DAC_2.c **** /*******************************************************************************
 111:.\Generated_Source\PSoC5/DAC_2.c **** * Function Name: DAC_2_Start
 112:.\Generated_Source\PSoC5/DAC_2.c **** ********************************************************************************
 113:.\Generated_Source\PSoC5/DAC_2.c **** *
 114:.\Generated_Source\PSoC5/DAC_2.c **** * Summary:
 115:.\Generated_Source\PSoC5/DAC_2.c **** *  The start function initializes the voltage DAC with the default values, 
 116:.\Generated_Source\PSoC5/DAC_2.c **** *  and sets the power to the given level.  A power level of 0, is the same as 
 117:.\Generated_Source\PSoC5/DAC_2.c **** *  executing the stop function.
 118:.\Generated_Source\PSoC5/DAC_2.c **** *
 119:.\Generated_Source\PSoC5/DAC_2.c **** * Parameters:  
 120:.\Generated_Source\PSoC5/DAC_2.c **** *  None
 121:.\Generated_Source\PSoC5/DAC_2.c **** *
 122:.\Generated_Source\PSoC5/DAC_2.c **** * Return: 
 123:.\Generated_Source\PSoC5/DAC_2.c **** *  None
 124:.\Generated_Source\PSoC5/DAC_2.c **** *
 125:.\Generated_Source\PSoC5/DAC_2.c **** * Reentrant:
 126:.\Generated_Source\PSoC5/DAC_2.c **** *  No
 127:.\Generated_Source\PSoC5/DAC_2.c **** *
 128:.\Generated_Source\PSoC5/DAC_2.c **** *******************************************************************************/
 129:.\Generated_Source\PSoC5/DAC_2.c **** void DAC_2_Start(void) 
 130:.\Generated_Source\PSoC5/DAC_2.c **** {
 930              		.loc 1 130 0
 931              		.cfi_startproc
 932              		@ args = 0, pretend = 0, frame = 0
 933              		@ frame_needed = 1, uses_anonymous_args = 0
 934 0000 80B5     		push	{r7, lr}
 935              		.cfi_def_cfa_offset 8
 936              		.cfi_offset 7, -8
 937              		.cfi_offset 14, -4
 938 0002 00AF     		add	r7, sp, #0
 939              		.cfi_def_cfa_register 7
 131:.\Generated_Source\PSoC5/DAC_2.c **** 	/* If not Initialized then initialize all required hardware and software */
 132:.\Generated_Source\PSoC5/DAC_2.c **** 	if(DAC_2_initVar == 0u)
 940              		.loc 1 132 0
 941 0004 054B     		ldr	r3, .L9
 942 0006 1B78     		ldrb	r3, [r3]	@ zero_extendqisi2
 943 0008 002B     		cmp	r3, #0
 944 000a 04D1     		bne	.L8
 133:.\Generated_Source\PSoC5/DAC_2.c **** 	{
 134:.\Generated_Source\PSoC5/DAC_2.c **** 		DAC_2_Init();
 945              		.loc 1 134 0
 946 000c FFF7FEFF 		bl	DAC_2_Init
 135:.\Generated_Source\PSoC5/DAC_2.c **** 		DAC_2_initVar = 1u;
 947              		.loc 1 135 0
 948 0010 024B     		ldr	r3, .L9
ARM GAS  C:\Users\Leiuqeze\AppData\Local\Temp\ccxShCLx.s 			page 20


 949 0012 0122     		movs	r2, #1
 950 0014 1A70     		strb	r2, [r3]
 951              	.L8:
 136:.\Generated_Source\PSoC5/DAC_2.c **** 	}
 137:.\Generated_Source\PSoC5/DAC_2.c **** 	
 138:.\Generated_Source\PSoC5/DAC_2.c **** 	DAC_2_Enable();
 952              		.loc 1 138 0
 953 0016 FFF7FEFF 		bl	DAC_2_Enable
 139:.\Generated_Source\PSoC5/DAC_2.c **** }
 954              		.loc 1 139 0
 955 001a 80BD     		pop	{r7, pc}
 956              	.L10:
 957              		.align	2
 958              	.L9:
 959 001c 00000000 		.word	DAC_2_initVar
 960              		.cfi_endproc
 961              	.LFE2:
 962              		.size	DAC_2_Start, .-DAC_2_Start
 963              		.section	.text.DAC_2_StartEx,"ax",%progbits
 964              		.align	2
 965              		.global	DAC_2_StartEx
 966              		.thumb
 967              		.thumb_func
 968              		.type	DAC_2_StartEx, %function
 969              	DAC_2_StartEx:
 970              	.LFB3:
 140:.\Generated_Source\PSoC5/DAC_2.c **** 
 141:.\Generated_Source\PSoC5/DAC_2.c **** 
 142:.\Generated_Source\PSoC5/DAC_2.c **** /*******************************************************************************
 143:.\Generated_Source\PSoC5/DAC_2.c **** * Function Name: DAC_2_StartEx
 144:.\Generated_Source\PSoC5/DAC_2.c **** ********************************************************************************
 145:.\Generated_Source\PSoC5/DAC_2.c **** *
 146:.\Generated_Source\PSoC5/DAC_2.c **** * Summary:
 147:.\Generated_Source\PSoC5/DAC_2.c **** *  The StartEx function sets pointers and sizes for both waveforms
 148:.\Generated_Source\PSoC5/DAC_2.c **** *  and then starts the component.
 149:.\Generated_Source\PSoC5/DAC_2.c **** *
 150:.\Generated_Source\PSoC5/DAC_2.c **** * Parameters:  
 151:.\Generated_Source\PSoC5/DAC_2.c **** *   uint8 * wavePtr1:     Pointer to the waveform 1 array.
 152:.\Generated_Source\PSoC5/DAC_2.c **** *   uint16  sampleSize1:  The amount of samples in the waveform 1.
 153:.\Generated_Source\PSoC5/DAC_2.c **** *   uint8 * wavePtr2:     Pointer to the waveform 2 array.
 154:.\Generated_Source\PSoC5/DAC_2.c **** *   uint16  sampleSize2:  The amount of samples in the waveform 2.
 155:.\Generated_Source\PSoC5/DAC_2.c **** *
 156:.\Generated_Source\PSoC5/DAC_2.c **** * Return: 
 157:.\Generated_Source\PSoC5/DAC_2.c **** *  None
 158:.\Generated_Source\PSoC5/DAC_2.c **** *
 159:.\Generated_Source\PSoC5/DAC_2.c **** * Reentrant:
 160:.\Generated_Source\PSoC5/DAC_2.c **** *  No
 161:.\Generated_Source\PSoC5/DAC_2.c **** *
 162:.\Generated_Source\PSoC5/DAC_2.c **** *******************************************************************************/
 163:.\Generated_Source\PSoC5/DAC_2.c **** void DAC_2_StartEx(const uint8 * wavePtr1, uint16 sampleSize1, const uint8 * wavePtr2, uint16 sampl
 164:.\Generated_Source\PSoC5/DAC_2.c **** 
 165:.\Generated_Source\PSoC5/DAC_2.c **** {
 971              		.loc 1 165 0
 972              		.cfi_startproc
 973              		@ args = 0, pretend = 0, frame = 16
 974              		@ frame_needed = 1, uses_anonymous_args = 0
 975 0000 80B5     		push	{r7, lr}
ARM GAS  C:\Users\Leiuqeze\AppData\Local\Temp\ccxShCLx.s 			page 21


 976              		.cfi_def_cfa_offset 8
 977              		.cfi_offset 7, -8
 978              		.cfi_offset 14, -4
 979 0002 84B0     		sub	sp, sp, #16
 980              		.cfi_def_cfa_offset 24
 981 0004 00AF     		add	r7, sp, #0
 982              		.cfi_def_cfa_register 7
 983 0006 F860     		str	r0, [r7, #12]
 984 0008 7A60     		str	r2, [r7, #4]
 985 000a 0A46     		mov	r2, r1	@ movhi
 986 000c 7A81     		strh	r2, [r7, #10]	@ movhi
 987 000e 3B81     		strh	r3, [r7, #8]	@ movhi
 166:.\Generated_Source\PSoC5/DAC_2.c **** 	DAC_2_Wave1Setup(wavePtr1, sampleSize1);
 988              		.loc 1 166 0
 989 0010 7B89     		ldrh	r3, [r7, #10]
 990 0012 F868     		ldr	r0, [r7, #12]
 991 0014 1946     		mov	r1, r3
 992 0016 FFF7FEFF 		bl	DAC_2_Wave1Setup
 167:.\Generated_Source\PSoC5/DAC_2.c **** 	DAC_2_Wave2Setup(wavePtr2, sampleSize2);
 993              		.loc 1 167 0
 994 001a 3B89     		ldrh	r3, [r7, #8]
 995 001c 7868     		ldr	r0, [r7, #4]
 996 001e 1946     		mov	r1, r3
 997 0020 FFF7FEFF 		bl	DAC_2_Wave2Setup
 168:.\Generated_Source\PSoC5/DAC_2.c **** 	DAC_2_Start();
 998              		.loc 1 168 0
 999 0024 FFF7FEFF 		bl	DAC_2_Start
 169:.\Generated_Source\PSoC5/DAC_2.c **** }
 1000              		.loc 1 169 0
 1001 0028 1037     		adds	r7, r7, #16
 1002 002a BD46     		mov	sp, r7
 1003              		@ sp needed
 1004 002c 80BD     		pop	{r7, pc}
 1005              		.cfi_endproc
 1006              	.LFE3:
 1007              		.size	DAC_2_StartEx, .-DAC_2_StartEx
 1008 002e 00BF     		.section	.text.DAC_2_Stop,"ax",%progbits
 1009              		.align	2
 1010              		.global	DAC_2_Stop
 1011              		.thumb
 1012              		.thumb_func
 1013              		.type	DAC_2_Stop, %function
 1014              	DAC_2_Stop:
 1015              	.LFB4:
 170:.\Generated_Source\PSoC5/DAC_2.c **** 
 171:.\Generated_Source\PSoC5/DAC_2.c **** 
 172:.\Generated_Source\PSoC5/DAC_2.c **** /*******************************************************************************
 173:.\Generated_Source\PSoC5/DAC_2.c **** * Function Name: DAC_2_Stop
 174:.\Generated_Source\PSoC5/DAC_2.c **** ********************************************************************************
 175:.\Generated_Source\PSoC5/DAC_2.c **** *
 176:.\Generated_Source\PSoC5/DAC_2.c **** * Summary:
 177:.\Generated_Source\PSoC5/DAC_2.c **** *  Stops the clock (if internal), disables the DMA channels
 178:.\Generated_Source\PSoC5/DAC_2.c **** *  and powers down the DAC.
 179:.\Generated_Source\PSoC5/DAC_2.c **** *
 180:.\Generated_Source\PSoC5/DAC_2.c **** * Parameters:  
 181:.\Generated_Source\PSoC5/DAC_2.c **** *  None  
 182:.\Generated_Source\PSoC5/DAC_2.c **** *
ARM GAS  C:\Users\Leiuqeze\AppData\Local\Temp\ccxShCLx.s 			page 22


 183:.\Generated_Source\PSoC5/DAC_2.c **** * Return: 
 184:.\Generated_Source\PSoC5/DAC_2.c **** *  None
 185:.\Generated_Source\PSoC5/DAC_2.c **** *
 186:.\Generated_Source\PSoC5/DAC_2.c **** *******************************************************************************/
 187:.\Generated_Source\PSoC5/DAC_2.c **** void DAC_2_Stop(void) 
 188:.\Generated_Source\PSoC5/DAC_2.c **** {
 1016              		.loc 1 188 0
 1017              		.cfi_startproc
 1018              		@ args = 0, pretend = 0, frame = 0
 1019              		@ frame_needed = 1, uses_anonymous_args = 0
 1020 0000 80B5     		push	{r7, lr}
 1021              		.cfi_def_cfa_offset 8
 1022              		.cfi_offset 7, -8
 1023              		.cfi_offset 14, -4
 1024 0002 00AF     		add	r7, sp, #0
 1025              		.cfi_def_cfa_register 7
 189:.\Generated_Source\PSoC5/DAC_2.c **** 	/* Turn off internal clock, if one present */
 190:.\Generated_Source\PSoC5/DAC_2.c **** 	#if(DAC_2_CLOCK_SRC == DAC_2_CLOCK_INT)  	
 191:.\Generated_Source\PSoC5/DAC_2.c **** 	   DAC_2_DacClk_Stop();
 1026              		.loc 1 191 0
 1027 0004 FFF7FEFF 		bl	DAC_2_DacClk_Stop
 192:.\Generated_Source\PSoC5/DAC_2.c **** 	#endif /* DAC_2_CLOCK_SRC == DAC_2_CLOCK_INT */
 193:.\Generated_Source\PSoC5/DAC_2.c **** 	
 194:.\Generated_Source\PSoC5/DAC_2.c **** 	/* Disble DMA channels */
 195:.\Generated_Source\PSoC5/DAC_2.c **** 	(void)CyDmaChDisable(DAC_2_Wave1Chan);
 1028              		.loc 1 195 0
 1029 0008 064B     		ldr	r3, .L13
 1030 000a 1B78     		ldrb	r3, [r3]	@ zero_extendqisi2
 1031 000c 1846     		mov	r0, r3
 1032 000e FFF7FEFF 		bl	CyDmaChDisable
 196:.\Generated_Source\PSoC5/DAC_2.c **** 	(void)CyDmaChDisable(DAC_2_Wave2Chan);
 1033              		.loc 1 196 0
 1034 0012 054B     		ldr	r3, .L13+4
 1035 0014 1B78     		ldrb	r3, [r3]	@ zero_extendqisi2
 1036 0016 1846     		mov	r0, r3
 1037 0018 FFF7FEFF 		bl	CyDmaChDisable
 197:.\Generated_Source\PSoC5/DAC_2.c **** 
 198:.\Generated_Source\PSoC5/DAC_2.c **** 	/* Disable power to DAC */
 199:.\Generated_Source\PSoC5/DAC_2.c **** 	DAC_2_VDAC8_Stop();
 1038              		.loc 1 199 0
 1039 001c FFF7FEFF 		bl	DAC_2_VDAC8_Stop
 200:.\Generated_Source\PSoC5/DAC_2.c **** }
 1040              		.loc 1 200 0
 1041 0020 80BD     		pop	{r7, pc}
 1042              	.L14:
 1043 0022 00BF     		.align	2
 1044              	.L13:
 1045 0024 01000000 		.word	DAC_2_Wave1Chan
 1046 0028 02000000 		.word	DAC_2_Wave2Chan
 1047              		.cfi_endproc
 1048              	.LFE4:
 1049              		.size	DAC_2_Stop, .-DAC_2_Stop
 1050              		.section	.text.DAC_2_Wave1Setup,"ax",%progbits
 1051              		.align	2
 1052              		.global	DAC_2_Wave1Setup
 1053              		.thumb
 1054              		.thumb_func
ARM GAS  C:\Users\Leiuqeze\AppData\Local\Temp\ccxShCLx.s 			page 23


 1055              		.type	DAC_2_Wave1Setup, %function
 1056              	DAC_2_Wave1Setup:
 1057              	.LFB5:
 201:.\Generated_Source\PSoC5/DAC_2.c **** 
 202:.\Generated_Source\PSoC5/DAC_2.c **** 
 203:.\Generated_Source\PSoC5/DAC_2.c **** /*******************************************************************************
 204:.\Generated_Source\PSoC5/DAC_2.c **** * Function Name: DAC_2_Wave1Setup
 205:.\Generated_Source\PSoC5/DAC_2.c **** ********************************************************************************
 206:.\Generated_Source\PSoC5/DAC_2.c **** *
 207:.\Generated_Source\PSoC5/DAC_2.c **** * Summary:
 208:.\Generated_Source\PSoC5/DAC_2.c **** *  Sets pointer and size for waveform 1.                                    
 209:.\Generated_Source\PSoC5/DAC_2.c **** *
 210:.\Generated_Source\PSoC5/DAC_2.c **** * Parameters:  
 211:.\Generated_Source\PSoC5/DAC_2.c **** *  uint8 * WavePtr:     Pointer to the waveform array.
 212:.\Generated_Source\PSoC5/DAC_2.c **** *  uint16  SampleSize:  The amount of samples in the waveform.
 213:.\Generated_Source\PSoC5/DAC_2.c **** *
 214:.\Generated_Source\PSoC5/DAC_2.c **** * Return: 
 215:.\Generated_Source\PSoC5/DAC_2.c **** *  None 
 216:.\Generated_Source\PSoC5/DAC_2.c **** *
 217:.\Generated_Source\PSoC5/DAC_2.c **** *******************************************************************************/
 218:.\Generated_Source\PSoC5/DAC_2.c **** void DAC_2_Wave1Setup(const uint8 * wavePtr, uint16 sampleSize)
 219:.\Generated_Source\PSoC5/DAC_2.c **** 
 220:.\Generated_Source\PSoC5/DAC_2.c **** {
 1058              		.loc 1 220 0
 1059              		.cfi_startproc
 1060              		@ args = 0, pretend = 0, frame = 8
 1061              		@ frame_needed = 1, uses_anonymous_args = 0
 1062 0000 80B5     		push	{r7, lr}
 1063              		.cfi_def_cfa_offset 8
 1064              		.cfi_offset 7, -8
 1065              		.cfi_offset 14, -4
 1066 0002 82B0     		sub	sp, sp, #8
 1067              		.cfi_def_cfa_offset 16
 1068 0004 00AF     		add	r7, sp, #0
 1069              		.cfi_def_cfa_register 7
 1070 0006 7860     		str	r0, [r7, #4]
 1071 0008 0B46     		mov	r3, r1
 1072 000a 7B80     		strh	r3, [r7, #2]	@ movhi
 221:.\Generated_Source\PSoC5/DAC_2.c **** 	#if (CY_PSOC3)
 222:.\Generated_Source\PSoC5/DAC_2.c **** 		uint16 memoryType; /* determining the source memory type */
 223:.\Generated_Source\PSoC5/DAC_2.c **** 		memoryType = (DAC_2_HI16FLASHPTR == HI16(wavePtr)) ? HI16(CYDEV_FLS_BASE) : HI16(CYDEV_SRAM_BASE)
 224:.\Generated_Source\PSoC5/DAC_2.c **** 		
 225:.\Generated_Source\PSoC5/DAC_2.c **** 		DAC_2_Wave1Chan = DAC_2_Wave1_DMA_DmaInitialize(
 226:.\Generated_Source\PSoC5/DAC_2.c **** 		DAC_2_Wave1_DMA_BYTES_PER_BURST, DAC_2_Wave1_DMA_REQUEST_PER_BURST,
 227:.\Generated_Source\PSoC5/DAC_2.c **** 		memoryType, HI16(CYDEV_PERIPH_BASE));
 228:.\Generated_Source\PSoC5/DAC_2.c **** 	#else /* PSoC 5 */
 229:.\Generated_Source\PSoC5/DAC_2.c **** 		DAC_2_Wave1Chan = DAC_2_Wave1_DMA_DmaInitialize(
 230:.\Generated_Source\PSoC5/DAC_2.c **** 		DAC_2_Wave1_DMA_BYTES_PER_BURST, DAC_2_Wave1_DMA_REQUEST_PER_BURST,
 231:.\Generated_Source\PSoC5/DAC_2.c **** 		HI16(wavePtr), HI16(DAC_2_DAC8__D));
 1073              		.loc 1 231 0
 1074 000c 7B68     		ldr	r3, [r7, #4]
 1075 000e 1B0C     		lsrs	r3, r3, #16
 229:.\Generated_Source\PSoC5/DAC_2.c **** 		DAC_2_Wave1Chan = DAC_2_Wave1_DMA_DmaInitialize(
 1076              		.loc 1 229 0
 1077 0010 9BB2     		uxth	r3, r3
 1078 0012 0120     		movs	r0, #1
 1079 0014 0121     		movs	r1, #1
ARM GAS  C:\Users\Leiuqeze\AppData\Local\Temp\ccxShCLx.s 			page 24


 1080 0016 1A46     		mov	r2, r3
 1081 0018 4FF48043 		mov	r3, #16384
 1082 001c FFF7FEFF 		bl	DAC_2_Wave1_DMA_DmaInitialize
 1083 0020 0346     		mov	r3, r0
 1084 0022 1A46     		mov	r2, r3
 1085 0024 104B     		ldr	r3, .L16
 1086 0026 1A70     		strb	r2, [r3]
 232:.\Generated_Source\PSoC5/DAC_2.c **** 	#endif /* CY_PSOC3 */
 233:.\Generated_Source\PSoC5/DAC_2.c **** 	
 234:.\Generated_Source\PSoC5/DAC_2.c **** 	/*
 235:.\Generated_Source\PSoC5/DAC_2.c **** 	* TD is looping on itself. 
 236:.\Generated_Source\PSoC5/DAC_2.c ****     * Increment the source address, but not the destination address. 
 237:.\Generated_Source\PSoC5/DAC_2.c **** 	*/
 238:.\Generated_Source\PSoC5/DAC_2.c **** 	(void)CyDmaTdSetConfiguration(DAC_2_Wave1TD, sampleSize, DAC_2_Wave1TD, 
 1087              		.loc 1 238 0
 1088 0028 104B     		ldr	r3, .L16+4
 1089 002a 1978     		ldrb	r1, [r3]	@ zero_extendqisi2
 1090 002c 0F4B     		ldr	r3, .L16+4
 1091 002e 1B78     		ldrb	r3, [r3]	@ zero_extendqisi2
 1092 0030 7A88     		ldrh	r2, [r7, #2]
 1093 0032 0846     		mov	r0, r1
 1094 0034 1146     		mov	r1, r2
 1095 0036 1A46     		mov	r2, r3
 1096 0038 0123     		movs	r3, #1
 1097 003a FFF7FEFF 		bl	CyDmaTdSetConfiguration
 239:.\Generated_Source\PSoC5/DAC_2.c ****                                     (uint8)CY_DMA_TD_INC_SRC_ADR | (uint8)DAC_2_Wave1_DMA__TD_TERMO
 240:.\Generated_Source\PSoC5/DAC_2.c **** 	
 241:.\Generated_Source\PSoC5/DAC_2.c **** 	/* Set the TD source and destination address */
 242:.\Generated_Source\PSoC5/DAC_2.c **** 	(void)CyDmaTdSetAddress(DAC_2_Wave1TD, LO16((uint32)wavePtr), LO16(DAC_2_DAC8__D));
 1098              		.loc 1 242 0
 1099 003e 0B4B     		ldr	r3, .L16+4
 1100 0040 1A78     		ldrb	r2, [r3]	@ zero_extendqisi2
 1101 0042 7B68     		ldr	r3, [r7, #4]
 1102 0044 9BB2     		uxth	r3, r3
 1103 0046 1046     		mov	r0, r2
 1104 0048 1946     		mov	r1, r3
 1105 004a 45F68332 		movw	r2, #23427
 1106 004e FFF7FEFF 		bl	CyDmaTdSetAddress
 243:.\Generated_Source\PSoC5/DAC_2.c **** 	
 244:.\Generated_Source\PSoC5/DAC_2.c **** 	/* Associate the TD with the channel */
 245:.\Generated_Source\PSoC5/DAC_2.c **** 	(void)CyDmaChSetInitialTd(DAC_2_Wave1Chan, DAC_2_Wave1TD);
 1107              		.loc 1 245 0
 1108 0052 054B     		ldr	r3, .L16
 1109 0054 1A78     		ldrb	r2, [r3]	@ zero_extendqisi2
 1110 0056 054B     		ldr	r3, .L16+4
 1111 0058 1B78     		ldrb	r3, [r3]	@ zero_extendqisi2
 1112 005a 1046     		mov	r0, r2
 1113 005c 1946     		mov	r1, r3
 1114 005e FFF7FEFF 		bl	CyDmaChSetInitialTd
 246:.\Generated_Source\PSoC5/DAC_2.c **** }
 1115              		.loc 1 246 0
 1116 0062 0837     		adds	r7, r7, #8
 1117 0064 BD46     		mov	sp, r7
 1118              		@ sp needed
 1119 0066 80BD     		pop	{r7, pc}
 1120              	.L17:
 1121              		.align	2
ARM GAS  C:\Users\Leiuqeze\AppData\Local\Temp\ccxShCLx.s 			page 25


 1122              	.L16:
 1123 0068 01000000 		.word	DAC_2_Wave1Chan
 1124 006c 03000000 		.word	DAC_2_Wave1TD
 1125              		.cfi_endproc
 1126              	.LFE5:
 1127              		.size	DAC_2_Wave1Setup, .-DAC_2_Wave1Setup
 1128              		.section	.text.DAC_2_Wave2Setup,"ax",%progbits
 1129              		.align	2
 1130              		.global	DAC_2_Wave2Setup
 1131              		.thumb
 1132              		.thumb_func
 1133              		.type	DAC_2_Wave2Setup, %function
 1134              	DAC_2_Wave2Setup:
 1135              	.LFB6:
 247:.\Generated_Source\PSoC5/DAC_2.c **** 
 248:.\Generated_Source\PSoC5/DAC_2.c **** 
 249:.\Generated_Source\PSoC5/DAC_2.c **** /*******************************************************************************
 250:.\Generated_Source\PSoC5/DAC_2.c **** * Function Name: DAC_2_Wave2Setup
 251:.\Generated_Source\PSoC5/DAC_2.c **** ********************************************************************************
 252:.\Generated_Source\PSoC5/DAC_2.c **** *
 253:.\Generated_Source\PSoC5/DAC_2.c **** * Summary:
 254:.\Generated_Source\PSoC5/DAC_2.c **** *  Sets pointer and size for waveform 2.                                    
 255:.\Generated_Source\PSoC5/DAC_2.c **** *
 256:.\Generated_Source\PSoC5/DAC_2.c **** * Parameters:  
 257:.\Generated_Source\PSoC5/DAC_2.c **** *  uint8 * WavePtr:     Pointer to the waveform array.
 258:.\Generated_Source\PSoC5/DAC_2.c **** *  uint16  SampleSize:  The amount of samples in the waveform.
 259:.\Generated_Source\PSoC5/DAC_2.c **** *
 260:.\Generated_Source\PSoC5/DAC_2.c **** * Return: 
 261:.\Generated_Source\PSoC5/DAC_2.c **** *  None
 262:.\Generated_Source\PSoC5/DAC_2.c **** *
 263:.\Generated_Source\PSoC5/DAC_2.c **** *******************************************************************************/
 264:.\Generated_Source\PSoC5/DAC_2.c **** void DAC_2_Wave2Setup(const uint8 * wavePtr, uint16 sampleSize)
 265:.\Generated_Source\PSoC5/DAC_2.c ****  
 266:.\Generated_Source\PSoC5/DAC_2.c **** {
 1136              		.loc 1 266 0
 1137              		.cfi_startproc
 1138              		@ args = 0, pretend = 0, frame = 8
 1139              		@ frame_needed = 1, uses_anonymous_args = 0
 1140 0000 80B5     		push	{r7, lr}
 1141              		.cfi_def_cfa_offset 8
 1142              		.cfi_offset 7, -8
 1143              		.cfi_offset 14, -4
 1144 0002 82B0     		sub	sp, sp, #8
 1145              		.cfi_def_cfa_offset 16
 1146 0004 00AF     		add	r7, sp, #0
 1147              		.cfi_def_cfa_register 7
 1148 0006 7860     		str	r0, [r7, #4]
 1149 0008 0B46     		mov	r3, r1
 1150 000a 7B80     		strh	r3, [r7, #2]	@ movhi
 267:.\Generated_Source\PSoC5/DAC_2.c **** 	#if (CY_PSOC3)
 268:.\Generated_Source\PSoC5/DAC_2.c **** 		uint16 memoryType; /* determining the source memory type */
 269:.\Generated_Source\PSoC5/DAC_2.c **** 		memoryType = (DAC_2_HI16FLASHPTR == HI16(wavePtr)) ? HI16(CYDEV_FLS_BASE) : HI16(CYDEV_SRAM_BASE)
 270:.\Generated_Source\PSoC5/DAC_2.c **** 			
 271:.\Generated_Source\PSoC5/DAC_2.c **** 		DAC_2_Wave2Chan = DAC_2_Wave2_DMA_DmaInitialize(
 272:.\Generated_Source\PSoC5/DAC_2.c **** 		DAC_2_Wave2_DMA_BYTES_PER_BURST, DAC_2_Wave2_DMA_REQUEST_PER_BURST,
 273:.\Generated_Source\PSoC5/DAC_2.c **** 		memoryType, HI16(CYDEV_PERIPH_BASE));
 274:.\Generated_Source\PSoC5/DAC_2.c **** 	#else /* PSoC 5 */
ARM GAS  C:\Users\Leiuqeze\AppData\Local\Temp\ccxShCLx.s 			page 26


 275:.\Generated_Source\PSoC5/DAC_2.c **** 		DAC_2_Wave2Chan = DAC_2_Wave2_DMA_DmaInitialize(
 276:.\Generated_Source\PSoC5/DAC_2.c **** 		DAC_2_Wave2_DMA_BYTES_PER_BURST, DAC_2_Wave2_DMA_REQUEST_PER_BURST,
 277:.\Generated_Source\PSoC5/DAC_2.c **** 		HI16(wavePtr), HI16(DAC_2_DAC8__D));
 1151              		.loc 1 277 0
 1152 000c 7B68     		ldr	r3, [r7, #4]
 1153 000e 1B0C     		lsrs	r3, r3, #16
 275:.\Generated_Source\PSoC5/DAC_2.c **** 		DAC_2_Wave2Chan = DAC_2_Wave2_DMA_DmaInitialize(
 1154              		.loc 1 275 0
 1155 0010 9BB2     		uxth	r3, r3
 1156 0012 0120     		movs	r0, #1
 1157 0014 0121     		movs	r1, #1
 1158 0016 1A46     		mov	r2, r3
 1159 0018 4FF48043 		mov	r3, #16384
 1160 001c FFF7FEFF 		bl	DAC_2_Wave2_DMA_DmaInitialize
 1161 0020 0346     		mov	r3, r0
 1162 0022 1A46     		mov	r2, r3
 1163 0024 104B     		ldr	r3, .L19
 1164 0026 1A70     		strb	r2, [r3]
 278:.\Generated_Source\PSoC5/DAC_2.c **** 	#endif /* CY_PSOC3 */
 279:.\Generated_Source\PSoC5/DAC_2.c **** 	
 280:.\Generated_Source\PSoC5/DAC_2.c **** 	/*
 281:.\Generated_Source\PSoC5/DAC_2.c **** 	* TD is looping on itself. 
 282:.\Generated_Source\PSoC5/DAC_2.c **** 	* Increment the source address, but not the destination address. 
 283:.\Generated_Source\PSoC5/DAC_2.c **** 	*/
 284:.\Generated_Source\PSoC5/DAC_2.c **** 	(void)CyDmaTdSetConfiguration(DAC_2_Wave2TD, sampleSize, DAC_2_Wave2TD, 
 1165              		.loc 1 284 0
 1166 0028 104B     		ldr	r3, .L19+4
 1167 002a 1978     		ldrb	r1, [r3]	@ zero_extendqisi2
 1168 002c 0F4B     		ldr	r3, .L19+4
 1169 002e 1B78     		ldrb	r3, [r3]	@ zero_extendqisi2
 1170 0030 7A88     		ldrh	r2, [r7, #2]
 1171 0032 0846     		mov	r0, r1
 1172 0034 1146     		mov	r1, r2
 1173 0036 1A46     		mov	r2, r3
 1174 0038 0123     		movs	r3, #1
 1175 003a FFF7FEFF 		bl	CyDmaTdSetConfiguration
 285:.\Generated_Source\PSoC5/DAC_2.c ****                                     (uint8)CY_DMA_TD_INC_SRC_ADR | (uint8)DAC_2_Wave2_DMA__TD_TERMO
 286:.\Generated_Source\PSoC5/DAC_2.c **** 	
 287:.\Generated_Source\PSoC5/DAC_2.c **** 	/* Set the TD source and destination address */
 288:.\Generated_Source\PSoC5/DAC_2.c **** 	(void)CyDmaTdSetAddress(DAC_2_Wave2TD, LO16((uint32)wavePtr), LO16(DAC_2_DAC8__D));
 1176              		.loc 1 288 0
 1177 003e 0B4B     		ldr	r3, .L19+4
 1178 0040 1A78     		ldrb	r2, [r3]	@ zero_extendqisi2
 1179 0042 7B68     		ldr	r3, [r7, #4]
 1180 0044 9BB2     		uxth	r3, r3
 1181 0046 1046     		mov	r0, r2
 1182 0048 1946     		mov	r1, r3
 1183 004a 45F68332 		movw	r2, #23427
 1184 004e FFF7FEFF 		bl	CyDmaTdSetAddress
 289:.\Generated_Source\PSoC5/DAC_2.c **** 	
 290:.\Generated_Source\PSoC5/DAC_2.c **** 	/* Associate the TD with the channel */
 291:.\Generated_Source\PSoC5/DAC_2.c **** 	(void)CyDmaChSetInitialTd(DAC_2_Wave2Chan, DAC_2_Wave2TD);
 1185              		.loc 1 291 0
 1186 0052 054B     		ldr	r3, .L19
 1187 0054 1A78     		ldrb	r2, [r3]	@ zero_extendqisi2
 1188 0056 054B     		ldr	r3, .L19+4
 1189 0058 1B78     		ldrb	r3, [r3]	@ zero_extendqisi2
ARM GAS  C:\Users\Leiuqeze\AppData\Local\Temp\ccxShCLx.s 			page 27


 1190 005a 1046     		mov	r0, r2
 1191 005c 1946     		mov	r1, r3
 1192 005e FFF7FEFF 		bl	CyDmaChSetInitialTd
 292:.\Generated_Source\PSoC5/DAC_2.c **** }
 1193              		.loc 1 292 0
 1194 0062 0837     		adds	r7, r7, #8
 1195 0064 BD46     		mov	sp, r7
 1196              		@ sp needed
 1197 0066 80BD     		pop	{r7, pc}
 1198              	.L20:
 1199              		.align	2
 1200              	.L19:
 1201 0068 02000000 		.word	DAC_2_Wave2Chan
 1202 006c 04000000 		.word	DAC_2_Wave2TD
 1203              		.cfi_endproc
 1204              	.LFE6:
 1205              		.size	DAC_2_Wave2Setup, .-DAC_2_Wave2Setup
 1206              		.text
 1207              	.Letext0:
 1208              		.file 2 ".\\Generated_Source\\PSoC5\\cytypes.h"
 1209              		.section	.debug_info,"",%progbits
 1210              	.Ldebug_info0:
 1211 0000 4C020000 		.4byte	0x24c
 1212 0004 0400     		.2byte	0x4
 1213 0006 00000000 		.4byte	.Ldebug_abbrev0
 1214 000a 04       		.byte	0x4
 1215 000b 01       		.uleb128 0x1
 1216 000c 79010000 		.4byte	.LASF36
 1217 0010 01       		.byte	0x1
 1218 0011 18000000 		.4byte	.LASF37
 1219 0015 39000000 		.4byte	.LASF38
 1220 0019 00000000 		.4byte	.Ldebug_ranges0+0
 1221 001d 00000000 		.4byte	0
 1222 0021 00000000 		.4byte	.Ldebug_line0
 1223 0025 02       		.uleb128 0x2
 1224 0026 01       		.byte	0x1
 1225 0027 06       		.byte	0x6
 1226 0028 64020000 		.4byte	.LASF0
 1227 002c 02       		.uleb128 0x2
 1228 002d 01       		.byte	0x1
 1229 002e 08       		.byte	0x8
 1230 002f 47010000 		.4byte	.LASF1
 1231 0033 02       		.uleb128 0x2
 1232 0034 02       		.byte	0x2
 1233 0035 05       		.byte	0x5
 1234 0036 40020000 		.4byte	.LASF2
 1235 003a 02       		.uleb128 0x2
 1236 003b 02       		.byte	0x2
 1237 003c 07       		.byte	0x7
 1238 003d 66000000 		.4byte	.LASF3
 1239 0041 02       		.uleb128 0x2
 1240 0042 04       		.byte	0x4
 1241 0043 05       		.byte	0x5
 1242 0044 4A020000 		.4byte	.LASF4
 1243 0048 02       		.uleb128 0x2
 1244 0049 04       		.byte	0x4
 1245 004a 07       		.byte	0x7
ARM GAS  C:\Users\Leiuqeze\AppData\Local\Temp\ccxShCLx.s 			page 28


 1246 004b B5000000 		.4byte	.LASF5
 1247 004f 02       		.uleb128 0x2
 1248 0050 08       		.byte	0x8
 1249 0051 05       		.byte	0x5
 1250 0052 0F020000 		.4byte	.LASF6
 1251 0056 02       		.uleb128 0x2
 1252 0057 08       		.byte	0x8
 1253 0058 07       		.byte	0x7
 1254 0059 62010000 		.4byte	.LASF7
 1255 005d 03       		.uleb128 0x3
 1256 005e 04       		.byte	0x4
 1257 005f 05       		.byte	0x5
 1258 0060 696E7400 		.ascii	"int\000"
 1259 0064 02       		.uleb128 0x2
 1260 0065 04       		.byte	0x4
 1261 0066 07       		.byte	0x7
 1262 0067 55010000 		.4byte	.LASF8
 1263 006b 04       		.uleb128 0x4
 1264 006c CF000000 		.4byte	.LASF9
 1265 0070 02       		.byte	0x2
 1266 0071 A1       		.byte	0xa1
 1267 0072 2C000000 		.4byte	0x2c
 1268 0076 04       		.uleb128 0x4
 1269 0077 39010000 		.4byte	.LASF10
 1270 007b 02       		.byte	0x2
 1271 007c A2       		.byte	0xa2
 1272 007d 3A000000 		.4byte	0x3a
 1273 0081 04       		.uleb128 0x4
 1274 0082 40010000 		.4byte	.LASF11
 1275 0086 02       		.byte	0x2
 1276 0087 A3       		.byte	0xa3
 1277 0088 48000000 		.4byte	0x48
 1278 008c 02       		.uleb128 0x2
 1279 008d 04       		.byte	0x4
 1280 008e 04       		.byte	0x4
 1281 008f A4000000 		.4byte	.LASF12
 1282 0093 02       		.uleb128 0x2
 1283 0094 08       		.byte	0x8
 1284 0095 04       		.byte	0x4
 1285 0096 0B010000 		.4byte	.LASF13
 1286 009a 02       		.uleb128 0x2
 1287 009b 01       		.byte	0x1
 1288 009c 08       		.byte	0x8
 1289 009d 1D020000 		.4byte	.LASF14
 1290 00a1 02       		.uleb128 0x2
 1291 00a2 04       		.byte	0x4
 1292 00a3 07       		.byte	0x7
 1293 00a4 06020000 		.4byte	.LASF15
 1294 00a8 05       		.uleb128 0x5
 1295 00a9 70020000 		.4byte	.LASF16
 1296 00ad 01       		.byte	0x1
 1297 00ae 2B       		.byte	0x2b
 1298 00af 00000000 		.4byte	.LFB0
 1299 00b3 58000000 		.4byte	.LFE0-.LFB0
 1300 00b7 01       		.uleb128 0x1
 1301 00b8 9C       		.byte	0x9c
 1302 00b9 05       		.uleb128 0x5
ARM GAS  C:\Users\Leiuqeze\AppData\Local\Temp\ccxShCLx.s 			page 29


 1303 00ba 1E010000 		.4byte	.LASF17
 1304 00be 01       		.byte	0x1
 1305 00bf 56       		.byte	0x56
 1306 00c0 00000000 		.4byte	.LFB1
 1307 00c4 38000000 		.4byte	.LFE1-.LFB1
 1308 00c8 01       		.uleb128 0x1
 1309 00c9 9C       		.byte	0x9c
 1310 00ca 05       		.uleb128 0x5
 1311 00cb 12010000 		.4byte	.LASF18
 1312 00cf 01       		.byte	0x1
 1313 00d0 81       		.byte	0x81
 1314 00d1 00000000 		.4byte	.LFB2
 1315 00d5 20000000 		.4byte	.LFE2-.LFB2
 1316 00d9 01       		.uleb128 0x1
 1317 00da 9C       		.byte	0x9c
 1318 00db 06       		.uleb128 0x6
 1319 00dc 2B010000 		.4byte	.LASF24
 1320 00e0 01       		.byte	0x1
 1321 00e1 A3       		.byte	0xa3
 1322 00e2 00000000 		.4byte	.LFB3
 1323 00e6 2E000000 		.4byte	.LFE3-.LFB3
 1324 00ea 01       		.uleb128 0x1
 1325 00eb 9C       		.byte	0x9c
 1326 00ec 29010000 		.4byte	0x129
 1327 00f0 07       		.uleb128 0x7
 1328 00f1 87000000 		.4byte	.LASF19
 1329 00f5 01       		.byte	0x1
 1330 00f6 A3       		.byte	0xa3
 1331 00f7 29010000 		.4byte	0x129
 1332 00fb 02       		.uleb128 0x2
 1333 00fc 91       		.byte	0x91
 1334 00fd 74       		.sleb128 -12
 1335 00fe 07       		.uleb128 0x7
 1336 00ff D5000000 		.4byte	.LASF20
 1337 0103 01       		.byte	0x1
 1338 0104 A3       		.byte	0xa3
 1339 0105 76000000 		.4byte	0x76
 1340 0109 02       		.uleb128 0x2
 1341 010a 91       		.byte	0x91
 1342 010b 72       		.sleb128 -14
 1343 010c 07       		.uleb128 0x7
 1344 010d 90000000 		.4byte	.LASF21
 1345 0111 01       		.byte	0x1
 1346 0112 A3       		.byte	0xa3
 1347 0113 29010000 		.4byte	0x129
 1348 0117 02       		.uleb128 0x2
 1349 0118 91       		.byte	0x91
 1350 0119 6C       		.sleb128 -20
 1351 011a 07       		.uleb128 0x7
 1352 011b E1000000 		.4byte	.LASF22
 1353 011f 01       		.byte	0x1
 1354 0120 A3       		.byte	0xa3
 1355 0121 76000000 		.4byte	0x76
 1356 0125 02       		.uleb128 0x2
 1357 0126 91       		.byte	0x91
 1358 0127 70       		.sleb128 -16
 1359 0128 00       		.byte	0
ARM GAS  C:\Users\Leiuqeze\AppData\Local\Temp\ccxShCLx.s 			page 30


 1360 0129 08       		.uleb128 0x8
 1361 012a 04       		.byte	0x4
 1362 012b 2F010000 		.4byte	0x12f
 1363 012f 09       		.uleb128 0x9
 1364 0130 6B000000 		.4byte	0x6b
 1365 0134 05       		.uleb128 0x5
 1366 0135 99000000 		.4byte	.LASF23
 1367 0139 01       		.byte	0x1
 1368 013a BB       		.byte	0xbb
 1369 013b 00000000 		.4byte	.LFB4
 1370 013f 2C000000 		.4byte	.LFE4-.LFB4
 1371 0143 01       		.uleb128 0x1
 1372 0144 9C       		.byte	0x9c
 1373 0145 06       		.uleb128 0x6
 1374 0146 F5010000 		.4byte	.LASF25
 1375 014a 01       		.byte	0x1
 1376 014b DA       		.byte	0xda
 1377 014c 00000000 		.4byte	.LFB5
 1378 0150 70000000 		.4byte	.LFE5-.LFB5
 1379 0154 01       		.uleb128 0x1
 1380 0155 9C       		.byte	0x9c
 1381 0156 77010000 		.4byte	0x177
 1382 015a 07       		.uleb128 0x7
 1383 015b C7000000 		.4byte	.LASF26
 1384 015f 01       		.byte	0x1
 1385 0160 DA       		.byte	0xda
 1386 0161 29010000 		.4byte	0x129
 1387 0165 02       		.uleb128 0x2
 1388 0166 91       		.byte	0x91
 1389 0167 74       		.sleb128 -12
 1390 0168 07       		.uleb128 0x7
 1391 0169 AA000000 		.4byte	.LASF27
 1392 016d 01       		.byte	0x1
 1393 016e DA       		.byte	0xda
 1394 016f 76000000 		.4byte	0x76
 1395 0173 02       		.uleb128 0x2
 1396 0174 91       		.byte	0x91
 1397 0175 72       		.sleb128 -14
 1398 0176 00       		.byte	0
 1399 0177 0A       		.uleb128 0xa
 1400 0178 53020000 		.4byte	.LASF28
 1401 017c 01       		.byte	0x1
 1402 017d 0801     		.2byte	0x108
 1403 017f 00000000 		.4byte	.LFB6
 1404 0183 70000000 		.4byte	.LFE6-.LFB6
 1405 0187 01       		.uleb128 0x1
 1406 0188 9C       		.byte	0x9c
 1407 0189 AC010000 		.4byte	0x1ac
 1408 018d 0B       		.uleb128 0xb
 1409 018e C7000000 		.4byte	.LASF26
 1410 0192 01       		.byte	0x1
 1411 0193 0801     		.2byte	0x108
 1412 0195 29010000 		.4byte	0x129
 1413 0199 02       		.uleb128 0x2
 1414 019a 91       		.byte	0x91
 1415 019b 74       		.sleb128 -12
 1416 019c 0B       		.uleb128 0xb
ARM GAS  C:\Users\Leiuqeze\AppData\Local\Temp\ccxShCLx.s 			page 31


 1417 019d AA000000 		.4byte	.LASF27
 1418 01a1 01       		.byte	0x1
 1419 01a2 0801     		.2byte	0x108
 1420 01a4 76000000 		.4byte	0x76
 1421 01a8 02       		.uleb128 0x2
 1422 01a9 91       		.byte	0x91
 1423 01aa 72       		.sleb128 -14
 1424 01ab 00       		.byte	0
 1425 01ac 0C       		.uleb128 0xc
 1426 01ad FB000000 		.4byte	.LASF29
 1427 01b1 01       		.byte	0x1
 1428 01b2 17       		.byte	0x17
 1429 01b3 6B000000 		.4byte	0x6b
 1430 01b7 05       		.uleb128 0x5
 1431 01b8 03       		.byte	0x3
 1432 01b9 01000000 		.4byte	DAC_2_Wave1Chan
 1433 01bd 0C       		.uleb128 0xc
 1434 01be 22020000 		.4byte	.LASF30
 1435 01c2 01       		.byte	0x1
 1436 01c3 18       		.byte	0x18
 1437 01c4 6B000000 		.4byte	0x6b
 1438 01c8 05       		.uleb128 0x5
 1439 01c9 03       		.byte	0x3
 1440 01ca 02000000 		.4byte	DAC_2_Wave2Chan
 1441 01ce 0C       		.uleb128 0xc
 1442 01cf ED000000 		.4byte	.LASF31
 1443 01d3 01       		.byte	0x1
 1444 01d4 19       		.byte	0x19
 1445 01d5 6B000000 		.4byte	0x6b
 1446 01d9 05       		.uleb128 0x5
 1447 01da 03       		.byte	0x3
 1448 01db 03000000 		.4byte	DAC_2_Wave1TD
 1449 01df 0C       		.uleb128 0xc
 1450 01e0 32020000 		.4byte	.LASF32
 1451 01e4 01       		.byte	0x1
 1452 01e5 1A       		.byte	0x1a
 1453 01e6 6B000000 		.4byte	0x6b
 1454 01ea 05       		.uleb128 0x5
 1455 01eb 03       		.byte	0x3
 1456 01ec 04000000 		.4byte	DAC_2_Wave2TD
 1457 01f0 0D       		.uleb128 0xd
 1458 01f1 79000000 		.4byte	.LASF33
 1459 01f5 01       		.byte	0x1
 1460 01f6 12       		.byte	0x12
 1461 01f7 6B000000 		.4byte	0x6b
 1462 01fb 05       		.uleb128 0x5
 1463 01fc 03       		.byte	0x3
 1464 01fd 00000000 		.4byte	DAC_2_initVar
 1465 0201 0E       		.uleb128 0xe
 1466 0202 6B000000 		.4byte	0x6b
 1467 0206 12020000 		.4byte	0x212
 1468 020a 0F       		.uleb128 0xf
 1469 020b A1000000 		.4byte	0xa1
 1470 020f 0B01     		.2byte	0x10b
 1471 0211 00       		.byte	0
 1472 0212 0D       		.uleb128 0xd
 1473 0213 00000000 		.4byte	.LASF34
ARM GAS  C:\Users\Leiuqeze\AppData\Local\Temp\ccxShCLx.s 			page 32


 1474 0217 01       		.byte	0x1
 1475 0218 14       		.byte	0x14
 1476 0219 23020000 		.4byte	0x223
 1477 021d 05       		.uleb128 0x5
 1478 021e 03       		.byte	0x3
 1479 021f 00000000 		.4byte	DAC_2_wave1
 1480 0223 09       		.uleb128 0x9
 1481 0224 01020000 		.4byte	0x201
 1482 0228 0E       		.uleb128 0xe
 1483 0229 6B000000 		.4byte	0x6b
 1484 022d 39020000 		.4byte	0x239
 1485 0231 0F       		.uleb128 0xf
 1486 0232 A1000000 		.4byte	0xa1
 1487 0236 F301     		.2byte	0x1f3
 1488 0238 00       		.byte	0
 1489 0239 0D       		.uleb128 0xd
 1490 023a 0C000000 		.4byte	.LASF35
 1491 023e 01       		.byte	0x1
 1492 023f 15       		.byte	0x15
 1493 0240 4A020000 		.4byte	0x24a
 1494 0244 05       		.uleb128 0x5
 1495 0245 03       		.byte	0x3
 1496 0246 00000000 		.4byte	DAC_2_wave2
 1497 024a 09       		.uleb128 0x9
 1498 024b 28020000 		.4byte	0x228
 1499 024f 00       		.byte	0
 1500              		.section	.debug_abbrev,"",%progbits
 1501              	.Ldebug_abbrev0:
 1502 0000 01       		.uleb128 0x1
 1503 0001 11       		.uleb128 0x11
 1504 0002 01       		.byte	0x1
 1505 0003 25       		.uleb128 0x25
 1506 0004 0E       		.uleb128 0xe
 1507 0005 13       		.uleb128 0x13
 1508 0006 0B       		.uleb128 0xb
 1509 0007 03       		.uleb128 0x3
 1510 0008 0E       		.uleb128 0xe
 1511 0009 1B       		.uleb128 0x1b
 1512 000a 0E       		.uleb128 0xe
 1513 000b 55       		.uleb128 0x55
 1514 000c 17       		.uleb128 0x17
 1515 000d 11       		.uleb128 0x11
 1516 000e 01       		.uleb128 0x1
 1517 000f 10       		.uleb128 0x10
 1518 0010 17       		.uleb128 0x17
 1519 0011 00       		.byte	0
 1520 0012 00       		.byte	0
 1521 0013 02       		.uleb128 0x2
 1522 0014 24       		.uleb128 0x24
 1523 0015 00       		.byte	0
 1524 0016 0B       		.uleb128 0xb
 1525 0017 0B       		.uleb128 0xb
 1526 0018 3E       		.uleb128 0x3e
 1527 0019 0B       		.uleb128 0xb
 1528 001a 03       		.uleb128 0x3
 1529 001b 0E       		.uleb128 0xe
 1530 001c 00       		.byte	0
ARM GAS  C:\Users\Leiuqeze\AppData\Local\Temp\ccxShCLx.s 			page 33


 1531 001d 00       		.byte	0
 1532 001e 03       		.uleb128 0x3
 1533 001f 24       		.uleb128 0x24
 1534 0020 00       		.byte	0
 1535 0021 0B       		.uleb128 0xb
 1536 0022 0B       		.uleb128 0xb
 1537 0023 3E       		.uleb128 0x3e
 1538 0024 0B       		.uleb128 0xb
 1539 0025 03       		.uleb128 0x3
 1540 0026 08       		.uleb128 0x8
 1541 0027 00       		.byte	0
 1542 0028 00       		.byte	0
 1543 0029 04       		.uleb128 0x4
 1544 002a 16       		.uleb128 0x16
 1545 002b 00       		.byte	0
 1546 002c 03       		.uleb128 0x3
 1547 002d 0E       		.uleb128 0xe
 1548 002e 3A       		.uleb128 0x3a
 1549 002f 0B       		.uleb128 0xb
 1550 0030 3B       		.uleb128 0x3b
 1551 0031 0B       		.uleb128 0xb
 1552 0032 49       		.uleb128 0x49
 1553 0033 13       		.uleb128 0x13
 1554 0034 00       		.byte	0
 1555 0035 00       		.byte	0
 1556 0036 05       		.uleb128 0x5
 1557 0037 2E       		.uleb128 0x2e
 1558 0038 00       		.byte	0
 1559 0039 3F       		.uleb128 0x3f
 1560 003a 19       		.uleb128 0x19
 1561 003b 03       		.uleb128 0x3
 1562 003c 0E       		.uleb128 0xe
 1563 003d 3A       		.uleb128 0x3a
 1564 003e 0B       		.uleb128 0xb
 1565 003f 3B       		.uleb128 0x3b
 1566 0040 0B       		.uleb128 0xb
 1567 0041 27       		.uleb128 0x27
 1568 0042 19       		.uleb128 0x19
 1569 0043 11       		.uleb128 0x11
 1570 0044 01       		.uleb128 0x1
 1571 0045 12       		.uleb128 0x12
 1572 0046 06       		.uleb128 0x6
 1573 0047 40       		.uleb128 0x40
 1574 0048 18       		.uleb128 0x18
 1575 0049 9642     		.uleb128 0x2116
 1576 004b 19       		.uleb128 0x19
 1577 004c 00       		.byte	0
 1578 004d 00       		.byte	0
 1579 004e 06       		.uleb128 0x6
 1580 004f 2E       		.uleb128 0x2e
 1581 0050 01       		.byte	0x1
 1582 0051 3F       		.uleb128 0x3f
 1583 0052 19       		.uleb128 0x19
 1584 0053 03       		.uleb128 0x3
 1585 0054 0E       		.uleb128 0xe
 1586 0055 3A       		.uleb128 0x3a
 1587 0056 0B       		.uleb128 0xb
ARM GAS  C:\Users\Leiuqeze\AppData\Local\Temp\ccxShCLx.s 			page 34


 1588 0057 3B       		.uleb128 0x3b
 1589 0058 0B       		.uleb128 0xb
 1590 0059 27       		.uleb128 0x27
 1591 005a 19       		.uleb128 0x19
 1592 005b 11       		.uleb128 0x11
 1593 005c 01       		.uleb128 0x1
 1594 005d 12       		.uleb128 0x12
 1595 005e 06       		.uleb128 0x6
 1596 005f 40       		.uleb128 0x40
 1597 0060 18       		.uleb128 0x18
 1598 0061 9642     		.uleb128 0x2116
 1599 0063 19       		.uleb128 0x19
 1600 0064 01       		.uleb128 0x1
 1601 0065 13       		.uleb128 0x13
 1602 0066 00       		.byte	0
 1603 0067 00       		.byte	0
 1604 0068 07       		.uleb128 0x7
 1605 0069 05       		.uleb128 0x5
 1606 006a 00       		.byte	0
 1607 006b 03       		.uleb128 0x3
 1608 006c 0E       		.uleb128 0xe
 1609 006d 3A       		.uleb128 0x3a
 1610 006e 0B       		.uleb128 0xb
 1611 006f 3B       		.uleb128 0x3b
 1612 0070 0B       		.uleb128 0xb
 1613 0071 49       		.uleb128 0x49
 1614 0072 13       		.uleb128 0x13
 1615 0073 02       		.uleb128 0x2
 1616 0074 18       		.uleb128 0x18
 1617 0075 00       		.byte	0
 1618 0076 00       		.byte	0
 1619 0077 08       		.uleb128 0x8
 1620 0078 0F       		.uleb128 0xf
 1621 0079 00       		.byte	0
 1622 007a 0B       		.uleb128 0xb
 1623 007b 0B       		.uleb128 0xb
 1624 007c 49       		.uleb128 0x49
 1625 007d 13       		.uleb128 0x13
 1626 007e 00       		.byte	0
 1627 007f 00       		.byte	0
 1628 0080 09       		.uleb128 0x9
 1629 0081 26       		.uleb128 0x26
 1630 0082 00       		.byte	0
 1631 0083 49       		.uleb128 0x49
 1632 0084 13       		.uleb128 0x13
 1633 0085 00       		.byte	0
 1634 0086 00       		.byte	0
 1635 0087 0A       		.uleb128 0xa
 1636 0088 2E       		.uleb128 0x2e
 1637 0089 01       		.byte	0x1
 1638 008a 3F       		.uleb128 0x3f
 1639 008b 19       		.uleb128 0x19
 1640 008c 03       		.uleb128 0x3
 1641 008d 0E       		.uleb128 0xe
 1642 008e 3A       		.uleb128 0x3a
 1643 008f 0B       		.uleb128 0xb
 1644 0090 3B       		.uleb128 0x3b
ARM GAS  C:\Users\Leiuqeze\AppData\Local\Temp\ccxShCLx.s 			page 35


 1645 0091 05       		.uleb128 0x5
 1646 0092 27       		.uleb128 0x27
 1647 0093 19       		.uleb128 0x19
 1648 0094 11       		.uleb128 0x11
 1649 0095 01       		.uleb128 0x1
 1650 0096 12       		.uleb128 0x12
 1651 0097 06       		.uleb128 0x6
 1652 0098 40       		.uleb128 0x40
 1653 0099 18       		.uleb128 0x18
 1654 009a 9642     		.uleb128 0x2116
 1655 009c 19       		.uleb128 0x19
 1656 009d 01       		.uleb128 0x1
 1657 009e 13       		.uleb128 0x13
 1658 009f 00       		.byte	0
 1659 00a0 00       		.byte	0
 1660 00a1 0B       		.uleb128 0xb
 1661 00a2 05       		.uleb128 0x5
 1662 00a3 00       		.byte	0
 1663 00a4 03       		.uleb128 0x3
 1664 00a5 0E       		.uleb128 0xe
 1665 00a6 3A       		.uleb128 0x3a
 1666 00a7 0B       		.uleb128 0xb
 1667 00a8 3B       		.uleb128 0x3b
 1668 00a9 05       		.uleb128 0x5
 1669 00aa 49       		.uleb128 0x49
 1670 00ab 13       		.uleb128 0x13
 1671 00ac 02       		.uleb128 0x2
 1672 00ad 18       		.uleb128 0x18
 1673 00ae 00       		.byte	0
 1674 00af 00       		.byte	0
 1675 00b0 0C       		.uleb128 0xc
 1676 00b1 34       		.uleb128 0x34
 1677 00b2 00       		.byte	0
 1678 00b3 03       		.uleb128 0x3
 1679 00b4 0E       		.uleb128 0xe
 1680 00b5 3A       		.uleb128 0x3a
 1681 00b6 0B       		.uleb128 0xb
 1682 00b7 3B       		.uleb128 0x3b
 1683 00b8 0B       		.uleb128 0xb
 1684 00b9 49       		.uleb128 0x49
 1685 00ba 13       		.uleb128 0x13
 1686 00bb 02       		.uleb128 0x2
 1687 00bc 18       		.uleb128 0x18
 1688 00bd 00       		.byte	0
 1689 00be 00       		.byte	0
 1690 00bf 0D       		.uleb128 0xd
 1691 00c0 34       		.uleb128 0x34
 1692 00c1 00       		.byte	0
 1693 00c2 03       		.uleb128 0x3
 1694 00c3 0E       		.uleb128 0xe
 1695 00c4 3A       		.uleb128 0x3a
 1696 00c5 0B       		.uleb128 0xb
 1697 00c6 3B       		.uleb128 0x3b
 1698 00c7 0B       		.uleb128 0xb
 1699 00c8 49       		.uleb128 0x49
 1700 00c9 13       		.uleb128 0x13
 1701 00ca 3F       		.uleb128 0x3f
ARM GAS  C:\Users\Leiuqeze\AppData\Local\Temp\ccxShCLx.s 			page 36


 1702 00cb 19       		.uleb128 0x19
 1703 00cc 02       		.uleb128 0x2
 1704 00cd 18       		.uleb128 0x18
 1705 00ce 00       		.byte	0
 1706 00cf 00       		.byte	0
 1707 00d0 0E       		.uleb128 0xe
 1708 00d1 01       		.uleb128 0x1
 1709 00d2 01       		.byte	0x1
 1710 00d3 49       		.uleb128 0x49
 1711 00d4 13       		.uleb128 0x13
 1712 00d5 01       		.uleb128 0x1
 1713 00d6 13       		.uleb128 0x13
 1714 00d7 00       		.byte	0
 1715 00d8 00       		.byte	0
 1716 00d9 0F       		.uleb128 0xf
 1717 00da 21       		.uleb128 0x21
 1718 00db 00       		.byte	0
 1719 00dc 49       		.uleb128 0x49
 1720 00dd 13       		.uleb128 0x13
 1721 00de 2F       		.uleb128 0x2f
 1722 00df 05       		.uleb128 0x5
 1723 00e0 00       		.byte	0
 1724 00e1 00       		.byte	0
 1725 00e2 00       		.byte	0
 1726              		.section	.debug_aranges,"",%progbits
 1727 0000 4C000000 		.4byte	0x4c
 1728 0004 0200     		.2byte	0x2
 1729 0006 00000000 		.4byte	.Ldebug_info0
 1730 000a 04       		.byte	0x4
 1731 000b 00       		.byte	0
 1732 000c 0000     		.2byte	0
 1733 000e 0000     		.2byte	0
 1734 0010 00000000 		.4byte	.LFB0
 1735 0014 58000000 		.4byte	.LFE0-.LFB0
 1736 0018 00000000 		.4byte	.LFB1
 1737 001c 38000000 		.4byte	.LFE1-.LFB1
 1738 0020 00000000 		.4byte	.LFB2
 1739 0024 20000000 		.4byte	.LFE2-.LFB2
 1740 0028 00000000 		.4byte	.LFB3
 1741 002c 2E000000 		.4byte	.LFE3-.LFB3
 1742 0030 00000000 		.4byte	.LFB4
 1743 0034 2C000000 		.4byte	.LFE4-.LFB4
 1744 0038 00000000 		.4byte	.LFB5
 1745 003c 70000000 		.4byte	.LFE5-.LFB5
 1746 0040 00000000 		.4byte	.LFB6
 1747 0044 70000000 		.4byte	.LFE6-.LFB6
 1748 0048 00000000 		.4byte	0
 1749 004c 00000000 		.4byte	0
 1750              		.section	.debug_ranges,"",%progbits
 1751              	.Ldebug_ranges0:
 1752 0000 00000000 		.4byte	.LFB0
 1753 0004 58000000 		.4byte	.LFE0
 1754 0008 00000000 		.4byte	.LFB1
 1755 000c 38000000 		.4byte	.LFE1
 1756 0010 00000000 		.4byte	.LFB2
 1757 0014 20000000 		.4byte	.LFE2
 1758 0018 00000000 		.4byte	.LFB3
ARM GAS  C:\Users\Leiuqeze\AppData\Local\Temp\ccxShCLx.s 			page 37


 1759 001c 2E000000 		.4byte	.LFE3
 1760 0020 00000000 		.4byte	.LFB4
 1761 0024 2C000000 		.4byte	.LFE4
 1762 0028 00000000 		.4byte	.LFB5
 1763 002c 70000000 		.4byte	.LFE5
 1764 0030 00000000 		.4byte	.LFB6
 1765 0034 70000000 		.4byte	.LFE6
 1766 0038 00000000 		.4byte	0
 1767 003c 00000000 		.4byte	0
 1768              		.section	.debug_line,"",%progbits
 1769              	.Ldebug_line0:
 1770 0000 EB000000 		.section	.debug_str,"MS",%progbits,1
 1770      02004400 
 1770      00000201 
 1770      FB0E0D00 
 1770      01010101 
 1771              	.LASF34:
 1772 0000 4441435F 		.ascii	"DAC_2_wave1\000"
 1772      325F7761 
 1772      76653100 
 1773              	.LASF35:
 1774 000c 4441435F 		.ascii	"DAC_2_wave2\000"
 1774      325F7761 
 1774      76653200 
 1775              	.LASF37:
 1776 0018 2E5C4765 		.ascii	".\\Generated_Source\\PSoC5\\DAC_2.c\000"
 1776      6E657261 
 1776      7465645F 
 1776      536F7572 
 1776      63655C50 
 1777              	.LASF38:
 1778 0039 433A5C55 		.ascii	"C:\\Users\\Leiuqeze\\Desktop\\Oscope_Alpha.cydsn\000"
 1778      73657273 
 1778      5C4C6569 
 1778      7571657A 
 1778      655C4465 
 1779              	.LASF3:
 1780 0066 73686F72 		.ascii	"short unsigned int\000"
 1780      7420756E 
 1780      7369676E 
 1780      65642069 
 1780      6E7400
 1781              	.LASF33:
 1782 0079 4441435F 		.ascii	"DAC_2_initVar\000"
 1782      325F696E 
 1782      69745661 
 1782      7200
 1783              	.LASF19:
 1784 0087 77617665 		.ascii	"wavePtr1\000"
 1784      50747231 
 1784      00
 1785              	.LASF21:
 1786 0090 77617665 		.ascii	"wavePtr2\000"
 1786      50747232 
 1786      00
 1787              	.LASF23:
 1788 0099 4441435F 		.ascii	"DAC_2_Stop\000"
ARM GAS  C:\Users\Leiuqeze\AppData\Local\Temp\ccxShCLx.s 			page 38


 1788      325F5374 
 1788      6F7000
 1789              	.LASF12:
 1790 00a4 666C6F61 		.ascii	"float\000"
 1790      7400
 1791              	.LASF27:
 1792 00aa 73616D70 		.ascii	"sampleSize\000"
 1792      6C655369 
 1792      7A6500
 1793              	.LASF5:
 1794 00b5 6C6F6E67 		.ascii	"long unsigned int\000"
 1794      20756E73 
 1794      69676E65 
 1794      6420696E 
 1794      7400
 1795              	.LASF26:
 1796 00c7 77617665 		.ascii	"wavePtr\000"
 1796      50747200 
 1797              	.LASF9:
 1798 00cf 75696E74 		.ascii	"uint8\000"
 1798      3800
 1799              	.LASF20:
 1800 00d5 73616D70 		.ascii	"sampleSize1\000"
 1800      6C655369 
 1800      7A653100 
 1801              	.LASF22:
 1802 00e1 73616D70 		.ascii	"sampleSize2\000"
 1802      6C655369 
 1802      7A653200 
 1803              	.LASF31:
 1804 00ed 4441435F 		.ascii	"DAC_2_Wave1TD\000"
 1804      325F5761 
 1804      76653154 
 1804      4400
 1805              	.LASF29:
 1806 00fb 4441435F 		.ascii	"DAC_2_Wave1Chan\000"
 1806      325F5761 
 1806      76653143 
 1806      68616E00 
 1807              	.LASF13:
 1808 010b 646F7562 		.ascii	"double\000"
 1808      6C6500
 1809              	.LASF18:
 1810 0112 4441435F 		.ascii	"DAC_2_Start\000"
 1810      325F5374 
 1810      61727400 
 1811              	.LASF17:
 1812 011e 4441435F 		.ascii	"DAC_2_Enable\000"
 1812      325F456E 
 1812      61626C65 
 1812      00
 1813              	.LASF24:
 1814 012b 4441435F 		.ascii	"DAC_2_StartEx\000"
 1814      325F5374 
 1814      61727445 
 1814      7800
 1815              	.LASF10:
ARM GAS  C:\Users\Leiuqeze\AppData\Local\Temp\ccxShCLx.s 			page 39


 1816 0139 75696E74 		.ascii	"uint16\000"
 1816      313600
 1817              	.LASF11:
 1818 0140 75696E74 		.ascii	"uint32\000"
 1818      333200
 1819              	.LASF1:
 1820 0147 756E7369 		.ascii	"unsigned char\000"
 1820      676E6564 
 1820      20636861 
 1820      7200
 1821              	.LASF8:
 1822 0155 756E7369 		.ascii	"unsigned int\000"
 1822      676E6564 
 1822      20696E74 
 1822      00
 1823              	.LASF7:
 1824 0162 6C6F6E67 		.ascii	"long long unsigned int\000"
 1824      206C6F6E 
 1824      6720756E 
 1824      7369676E 
 1824      65642069 
 1825              	.LASF36:
 1826 0179 474E5520 		.ascii	"GNU C 4.8.4 20140526 (release) [ARM/embedded-4_8-br"
 1826      4320342E 
 1826      382E3420 
 1826      32303134 
 1826      30353236 
 1827 01ac 616E6368 		.ascii	"anch revision 211358] -mcpu=cortex-m3 -mthumb -g -O"
 1827      20726576 
 1827      6973696F 
 1827      6E203231 
 1827      31333538 
 1828 01df 30202D66 		.ascii	"0 -ffunction-sections\000"
 1828      66756E63 
 1828      74696F6E 
 1828      2D736563 
 1828      74696F6E 
 1829              	.LASF25:
 1830 01f5 4441435F 		.ascii	"DAC_2_Wave1Setup\000"
 1830      325F5761 
 1830      76653153 
 1830      65747570 
 1830      00
 1831              	.LASF15:
 1832 0206 73697A65 		.ascii	"sizetype\000"
 1832      74797065 
 1832      00
 1833              	.LASF6:
 1834 020f 6C6F6E67 		.ascii	"long long int\000"
 1834      206C6F6E 
 1834      6720696E 
 1834      7400
 1835              	.LASF14:
 1836 021d 63686172 		.ascii	"char\000"
 1836      00
 1837              	.LASF30:
 1838 0222 4441435F 		.ascii	"DAC_2_Wave2Chan\000"
ARM GAS  C:\Users\Leiuqeze\AppData\Local\Temp\ccxShCLx.s 			page 40


 1838      325F5761 
 1838      76653243 
 1838      68616E00 
 1839              	.LASF32:
 1840 0232 4441435F 		.ascii	"DAC_2_Wave2TD\000"
 1840      325F5761 
 1840      76653254 
 1840      4400
 1841              	.LASF2:
 1842 0240 73686F72 		.ascii	"short int\000"
 1842      7420696E 
 1842      7400
 1843              	.LASF4:
 1844 024a 6C6F6E67 		.ascii	"long int\000"
 1844      20696E74 
 1844      00
 1845              	.LASF28:
 1846 0253 4441435F 		.ascii	"DAC_2_Wave2Setup\000"
 1846      325F5761 
 1846      76653253 
 1846      65747570 
 1846      00
 1847              	.LASF0:
 1848 0264 7369676E 		.ascii	"signed char\000"
 1848      65642063 
 1848      68617200 
 1849              	.LASF16:
 1850 0270 4441435F 		.ascii	"DAC_2_Init\000"
 1850      325F496E 
 1850      697400
 1851              		.ident	"GCC: (GNU Tools for ARM Embedded Processors) 4.8.4 20140526 (release) [ARM/embedded-4_8-br
