ARM GAS  C:\Users\Leiuqeze\AppData\Local\Temp\ccbzcZza.s 			page 1


   1              		.syntax unified
   2              		.cpu cortex-m3
   3              		.fpu softvfp
   4              		.eabi_attribute 20, 1
   5              		.eabi_attribute 21, 1
   6              		.eabi_attribute 23, 3
   7              		.eabi_attribute 24, 1
   8              		.eabi_attribute 25, 1
   9              		.eabi_attribute 26, 1
  10              		.eabi_attribute 30, 6
  11              		.eabi_attribute 34, 1
  12              		.eabi_attribute 18, 4
  13              		.thumb
  14              		.file	"DAC_1.c"
  15              		.text
  16              	.Ltext0:
  17              		.cfi_sections	.debug_frame
  18              		.global	DAC_1_initVar
  19              		.bss
  20              		.type	DAC_1_initVar, %object
  21              		.size	DAC_1_initVar, 1
  22              	DAC_1_initVar:
  23 0000 00       		.space	1
  24              		.global	DAC_1_wave1
  25              		.section	.rodata
  26              		.align	2
  27              		.type	DAC_1_wave1, %object
  28              		.size	DAC_1_wave1, 268
  29              	DAC_1_wave1:
  30 0000 3E       		.byte	62
  31 0001 40       		.byte	64
  32 0002 41       		.byte	65
  33 0003 43       		.byte	67
  34 0004 44       		.byte	68
  35 0005 46       		.byte	70
  36 0006 47       		.byte	71
  37 0007 49       		.byte	73
  38 0008 4A       		.byte	74
  39 0009 4C       		.byte	76
  40 000a 4D       		.byte	77
  41 000b 4E       		.byte	78
  42 000c 50       		.byte	80
  43 000d 51       		.byte	81
  44 000e 53       		.byte	83
  45 000f 54       		.byte	84
  46 0010 55       		.byte	85
  47 0011 57       		.byte	87
  48 0012 58       		.byte	88
  49 0013 59       		.byte	89
  50 0014 5B       		.byte	91
  51 0015 5C       		.byte	92
  52 0016 5D       		.byte	93
  53 0017 5F       		.byte	95
  54 0018 60       		.byte	96
  55 0019 61       		.byte	97
  56 001a 62       		.byte	98
  57 001b 63       		.byte	99
ARM GAS  C:\Users\Leiuqeze\AppData\Local\Temp\ccbzcZza.s 			page 2


  58 001c 65       		.byte	101
  59 001d 66       		.byte	102
  60 001e 67       		.byte	103
  61 001f 68       		.byte	104
  62 0020 69       		.byte	105
  63 0021 6A       		.byte	106
  64 0022 6B       		.byte	107
  65 0023 6C       		.byte	108
  66 0024 6D       		.byte	109
  67 0025 6E       		.byte	110
  68 0026 6F       		.byte	111
  69 0027 70       		.byte	112
  70 0028 71       		.byte	113
  71 0029 72       		.byte	114
  72 002a 73       		.byte	115
  73 002b 73       		.byte	115
  74 002c 74       		.byte	116
  75 002d 75       		.byte	117
  76 002e 76       		.byte	118
  77 002f 76       		.byte	118
  78 0030 77       		.byte	119
  79 0031 78       		.byte	120
  80 0032 78       		.byte	120
  81 0033 79       		.byte	121
  82 0034 79       		.byte	121
  83 0035 7A       		.byte	122
  84 0036 7A       		.byte	122
  85 0037 7B       		.byte	123
  86 0038 7B       		.byte	123
  87 0039 7B       		.byte	123
  88 003a 7C       		.byte	124
  89 003b 7C       		.byte	124
  90 003c 7C       		.byte	124
  91 003d 7C       		.byte	124
  92 003e 7D       		.byte	125
  93 003f 7D       		.byte	125
  94 0040 7D       		.byte	125
  95 0041 7D       		.byte	125
  96 0042 7D       		.byte	125
  97 0043 7D       		.byte	125
  98 0044 7D       		.byte	125
  99 0045 7D       		.byte	125
 100 0046 7D       		.byte	125
 101 0047 7D       		.byte	125
 102 0048 7D       		.byte	125
 103 0049 7C       		.byte	124
 104 004a 7C       		.byte	124
 105 004b 7C       		.byte	124
 106 004c 7C       		.byte	124
 107 004d 7B       		.byte	123
 108 004e 7B       		.byte	123
 109 004f 7B       		.byte	123
 110 0050 7A       		.byte	122
 111 0051 7A       		.byte	122
 112 0052 79       		.byte	121
 113 0053 79       		.byte	121
 114 0054 78       		.byte	120
ARM GAS  C:\Users\Leiuqeze\AppData\Local\Temp\ccbzcZza.s 			page 3


 115 0055 78       		.byte	120
 116 0056 77       		.byte	119
 117 0057 76       		.byte	118
 118 0058 76       		.byte	118
 119 0059 75       		.byte	117
 120 005a 74       		.byte	116
 121 005b 73       		.byte	115
 122 005c 73       		.byte	115
 123 005d 72       		.byte	114
 124 005e 71       		.byte	113
 125 005f 70       		.byte	112
 126 0060 6F       		.byte	111
 127 0061 6E       		.byte	110
 128 0062 6D       		.byte	109
 129 0063 6C       		.byte	108
 130 0064 6B       		.byte	107
 131 0065 6A       		.byte	106
 132 0066 69       		.byte	105
 133 0067 68       		.byte	104
 134 0068 67       		.byte	103
 135 0069 66       		.byte	102
 136 006a 65       		.byte	101
 137 006b 63       		.byte	99
 138 006c 62       		.byte	98
 139 006d 61       		.byte	97
 140 006e 60       		.byte	96
 141 006f 5F       		.byte	95
 142 0070 5D       		.byte	93
 143 0071 5C       		.byte	92
 144 0072 5B       		.byte	91
 145 0073 59       		.byte	89
 146 0074 58       		.byte	88
 147 0075 57       		.byte	87
 148 0076 55       		.byte	85
 149 0077 54       		.byte	84
 150 0078 53       		.byte	83
 151 0079 51       		.byte	81
 152 007a 50       		.byte	80
 153 007b 4E       		.byte	78
 154 007c 4D       		.byte	77
 155 007d 4C       		.byte	76
 156 007e 4A       		.byte	74
 157 007f 49       		.byte	73
 158 0080 47       		.byte	71
 159 0081 46       		.byte	70
 160 0082 44       		.byte	68
 161 0083 43       		.byte	67
 162 0084 41       		.byte	65
 163 0085 40       		.byte	64
 164 0086 3F       		.byte	63
 165 0087 3D       		.byte	61
 166 0088 3C       		.byte	60
 167 0089 3A       		.byte	58
 168 008a 39       		.byte	57
 169 008b 37       		.byte	55
 170 008c 36       		.byte	54
 171 008d 34       		.byte	52
ARM GAS  C:\Users\Leiuqeze\AppData\Local\Temp\ccbzcZza.s 			page 4


 172 008e 33       		.byte	51
 173 008f 31       		.byte	49
 174 0090 30       		.byte	48
 175 0091 2F       		.byte	47
 176 0092 2D       		.byte	45
 177 0093 2C       		.byte	44
 178 0094 2A       		.byte	42
 179 0095 29       		.byte	41
 180 0096 28       		.byte	40
 181 0097 26       		.byte	38
 182 0098 25       		.byte	37
 183 0099 24       		.byte	36
 184 009a 22       		.byte	34
 185 009b 21       		.byte	33
 186 009c 20       		.byte	32
 187 009d 1E       		.byte	30
 188 009e 1D       		.byte	29
 189 009f 1C       		.byte	28
 190 00a0 1B       		.byte	27
 191 00a1 1A       		.byte	26
 192 00a2 18       		.byte	24
 193 00a3 17       		.byte	23
 194 00a4 16       		.byte	22
 195 00a5 15       		.byte	21
 196 00a6 14       		.byte	20
 197 00a7 13       		.byte	19
 198 00a8 12       		.byte	18
 199 00a9 11       		.byte	17
 200 00aa 10       		.byte	16
 201 00ab 0F       		.byte	15
 202 00ac 0E       		.byte	14
 203 00ad 0D       		.byte	13
 204 00ae 0C       		.byte	12
 205 00af 0B       		.byte	11
 206 00b0 0A       		.byte	10
 207 00b1 0A       		.byte	10
 208 00b2 09       		.byte	9
 209 00b3 08       		.byte	8
 210 00b4 07       		.byte	7
 211 00b5 07       		.byte	7
 212 00b6 06       		.byte	6
 213 00b7 05       		.byte	5
 214 00b8 05       		.byte	5
 215 00b9 04       		.byte	4
 216 00ba 04       		.byte	4
 217 00bb 03       		.byte	3
 218 00bc 03       		.byte	3
 219 00bd 02       		.byte	2
 220 00be 02       		.byte	2
 221 00bf 02       		.byte	2
 222 00c0 01       		.byte	1
 223 00c1 01       		.byte	1
 224 00c2 01       		.byte	1
 225 00c3 01       		.byte	1
 226 00c4 00       		.byte	0
 227 00c5 00       		.byte	0
 228 00c6 00       		.byte	0
ARM GAS  C:\Users\Leiuqeze\AppData\Local\Temp\ccbzcZza.s 			page 5


 229 00c7 00       		.byte	0
 230 00c8 00       		.byte	0
 231 00c9 00       		.byte	0
 232 00ca 00       		.byte	0
 233 00cb 00       		.byte	0
 234 00cc 00       		.byte	0
 235 00cd 00       		.byte	0
 236 00ce 00       		.byte	0
 237 00cf 01       		.byte	1
 238 00d0 01       		.byte	1
 239 00d1 01       		.byte	1
 240 00d2 01       		.byte	1
 241 00d3 02       		.byte	2
 242 00d4 02       		.byte	2
 243 00d5 02       		.byte	2
 244 00d6 03       		.byte	3
 245 00d7 03       		.byte	3
 246 00d8 04       		.byte	4
 247 00d9 04       		.byte	4
 248 00da 05       		.byte	5
 249 00db 05       		.byte	5
 250 00dc 06       		.byte	6
 251 00dd 07       		.byte	7
 252 00de 07       		.byte	7
 253 00df 08       		.byte	8
 254 00e0 09       		.byte	9
 255 00e1 0A       		.byte	10
 256 00e2 0A       		.byte	10
 257 00e3 0B       		.byte	11
 258 00e4 0C       		.byte	12
 259 00e5 0D       		.byte	13
 260 00e6 0E       		.byte	14
 261 00e7 0F       		.byte	15
 262 00e8 10       		.byte	16
 263 00e9 11       		.byte	17
 264 00ea 12       		.byte	18
 265 00eb 13       		.byte	19
 266 00ec 14       		.byte	20
 267 00ed 15       		.byte	21
 268 00ee 16       		.byte	22
 269 00ef 17       		.byte	23
 270 00f0 18       		.byte	24
 271 00f1 1A       		.byte	26
 272 00f2 1B       		.byte	27
 273 00f3 1C       		.byte	28
 274 00f4 1D       		.byte	29
 275 00f5 1E       		.byte	30
 276 00f6 20       		.byte	32
 277 00f7 21       		.byte	33
 278 00f8 22       		.byte	34
 279 00f9 24       		.byte	36
 280 00fa 25       		.byte	37
 281 00fb 26       		.byte	38
 282 00fc 28       		.byte	40
 283 00fd 29       		.byte	41
 284 00fe 2A       		.byte	42
 285 00ff 2C       		.byte	44
ARM GAS  C:\Users\Leiuqeze\AppData\Local\Temp\ccbzcZza.s 			page 6


 286 0100 2D       		.byte	45
 287 0101 2F       		.byte	47
 288 0102 30       		.byte	48
 289 0103 31       		.byte	49
 290 0104 33       		.byte	51
 291 0105 34       		.byte	52
 292 0106 36       		.byte	54
 293 0107 37       		.byte	55
 294 0108 39       		.byte	57
 295 0109 3A       		.byte	58
 296 010a 3C       		.byte	60
 297 010b 3D       		.byte	61
 298              		.global	DAC_1_wave2
 299              		.align	2
 300              		.type	DAC_1_wave2, %object
 301              		.size	DAC_1_wave2, 500
 302              	DAC_1_wave2:
 303 010c 7D       		.byte	125
 304 010d 7D       		.byte	125
 305 010e 7D       		.byte	125
 306 010f 7D       		.byte	125
 307 0110 7D       		.byte	125
 308 0111 7D       		.byte	125
 309 0112 7D       		.byte	125
 310 0113 7D       		.byte	125
 311 0114 7D       		.byte	125
 312 0115 7D       		.byte	125
 313 0116 7D       		.byte	125
 314 0117 7D       		.byte	125
 315 0118 7D       		.byte	125
 316 0119 7D       		.byte	125
 317 011a 7D       		.byte	125
 318 011b 7D       		.byte	125
 319 011c 7D       		.byte	125
 320 011d 7D       		.byte	125
 321 011e 7D       		.byte	125
 322 011f 7D       		.byte	125
 323 0120 7D       		.byte	125
 324 0121 7D       		.byte	125
 325 0122 7D       		.byte	125
 326 0123 7D       		.byte	125
 327 0124 7D       		.byte	125
 328 0125 7D       		.byte	125
 329 0126 7D       		.byte	125
 330 0127 7D       		.byte	125
 331 0128 7D       		.byte	125
 332 0129 7D       		.byte	125
 333 012a 7D       		.byte	125
 334 012b 7D       		.byte	125
 335 012c 7D       		.byte	125
 336 012d 7D       		.byte	125
 337 012e 7D       		.byte	125
 338 012f 7D       		.byte	125
 339 0130 7D       		.byte	125
 340 0131 7D       		.byte	125
 341 0132 7D       		.byte	125
 342 0133 7D       		.byte	125
ARM GAS  C:\Users\Leiuqeze\AppData\Local\Temp\ccbzcZza.s 			page 7


 343 0134 7D       		.byte	125
 344 0135 7D       		.byte	125
 345 0136 7D       		.byte	125
 346 0137 7D       		.byte	125
 347 0138 7D       		.byte	125
 348 0139 7D       		.byte	125
 349 013a 7D       		.byte	125
 350 013b 7D       		.byte	125
 351 013c 7D       		.byte	125
 352 013d 7D       		.byte	125
 353 013e 7D       		.byte	125
 354 013f 7D       		.byte	125
 355 0140 7D       		.byte	125
 356 0141 7D       		.byte	125
 357 0142 7D       		.byte	125
 358 0143 7D       		.byte	125
 359 0144 7D       		.byte	125
 360 0145 7D       		.byte	125
 361 0146 7D       		.byte	125
 362 0147 7D       		.byte	125
 363 0148 7D       		.byte	125
 364 0149 7D       		.byte	125
 365 014a 7D       		.byte	125
 366 014b 7D       		.byte	125
 367 014c 7D       		.byte	125
 368 014d 7D       		.byte	125
 369 014e 7D       		.byte	125
 370 014f 7D       		.byte	125
 371 0150 7D       		.byte	125
 372 0151 7D       		.byte	125
 373 0152 7D       		.byte	125
 374 0153 7D       		.byte	125
 375 0154 7D       		.byte	125
 376 0155 7D       		.byte	125
 377 0156 7D       		.byte	125
 378 0157 7D       		.byte	125
 379 0158 7D       		.byte	125
 380 0159 7D       		.byte	125
 381 015a 7D       		.byte	125
 382 015b 7D       		.byte	125
 383 015c 7D       		.byte	125
 384 015d 7D       		.byte	125
 385 015e 7D       		.byte	125
 386 015f 7D       		.byte	125
 387 0160 7D       		.byte	125
 388 0161 7D       		.byte	125
 389 0162 7D       		.byte	125
 390 0163 7D       		.byte	125
 391 0164 7D       		.byte	125
 392 0165 7D       		.byte	125
 393 0166 7D       		.byte	125
 394 0167 7D       		.byte	125
 395 0168 7D       		.byte	125
 396 0169 7D       		.byte	125
 397 016a 7D       		.byte	125
 398 016b 7D       		.byte	125
 399 016c 7D       		.byte	125
ARM GAS  C:\Users\Leiuqeze\AppData\Local\Temp\ccbzcZza.s 			page 8


 400 016d 7D       		.byte	125
 401 016e 7D       		.byte	125
 402 016f 7D       		.byte	125
 403 0170 7D       		.byte	125
 404 0171 7D       		.byte	125
 405 0172 7D       		.byte	125
 406 0173 7D       		.byte	125
 407 0174 7D       		.byte	125
 408 0175 7D       		.byte	125
 409 0176 7D       		.byte	125
 410 0177 7D       		.byte	125
 411 0178 7D       		.byte	125
 412 0179 7D       		.byte	125
 413 017a 7D       		.byte	125
 414 017b 7D       		.byte	125
 415 017c 7D       		.byte	125
 416 017d 7D       		.byte	125
 417 017e 7D       		.byte	125
 418 017f 7D       		.byte	125
 419 0180 7D       		.byte	125
 420 0181 7D       		.byte	125
 421 0182 7D       		.byte	125
 422 0183 7D       		.byte	125
 423 0184 7D       		.byte	125
 424 0185 7D       		.byte	125
 425 0186 7D       		.byte	125
 426 0187 7D       		.byte	125
 427 0188 7D       		.byte	125
 428 0189 7D       		.byte	125
 429 018a 7D       		.byte	125
 430 018b 7D       		.byte	125
 431 018c 7D       		.byte	125
 432 018d 7D       		.byte	125
 433 018e 7D       		.byte	125
 434 018f 7D       		.byte	125
 435 0190 7D       		.byte	125
 436 0191 7D       		.byte	125
 437 0192 7D       		.byte	125
 438 0193 7D       		.byte	125
 439 0194 7D       		.byte	125
 440 0195 7D       		.byte	125
 441 0196 7D       		.byte	125
 442 0197 7D       		.byte	125
 443 0198 7D       		.byte	125
 444 0199 7D       		.byte	125
 445 019a 7D       		.byte	125
 446 019b 7D       		.byte	125
 447 019c 7D       		.byte	125
 448 019d 7D       		.byte	125
 449 019e 7D       		.byte	125
 450 019f 7D       		.byte	125
 451 01a0 7D       		.byte	125
 452 01a1 7D       		.byte	125
 453 01a2 7D       		.byte	125
 454 01a3 7D       		.byte	125
 455 01a4 7D       		.byte	125
 456 01a5 7D       		.byte	125
ARM GAS  C:\Users\Leiuqeze\AppData\Local\Temp\ccbzcZza.s 			page 9


 457 01a6 7D       		.byte	125
 458 01a7 7D       		.byte	125
 459 01a8 7D       		.byte	125
 460 01a9 7D       		.byte	125
 461 01aa 7D       		.byte	125
 462 01ab 7D       		.byte	125
 463 01ac 7D       		.byte	125
 464 01ad 7D       		.byte	125
 465 01ae 7D       		.byte	125
 466 01af 7D       		.byte	125
 467 01b0 7D       		.byte	125
 468 01b1 7D       		.byte	125
 469 01b2 7D       		.byte	125
 470 01b3 7D       		.byte	125
 471 01b4 7D       		.byte	125
 472 01b5 7D       		.byte	125
 473 01b6 7D       		.byte	125
 474 01b7 7D       		.byte	125
 475 01b8 7D       		.byte	125
 476 01b9 7D       		.byte	125
 477 01ba 7D       		.byte	125
 478 01bb 7D       		.byte	125
 479 01bc 7D       		.byte	125
 480 01bd 7D       		.byte	125
 481 01be 7D       		.byte	125
 482 01bf 7D       		.byte	125
 483 01c0 7D       		.byte	125
 484 01c1 7D       		.byte	125
 485 01c2 7D       		.byte	125
 486 01c3 7D       		.byte	125
 487 01c4 7D       		.byte	125
 488 01c5 7D       		.byte	125
 489 01c6 7D       		.byte	125
 490 01c7 7D       		.byte	125
 491 01c8 7D       		.byte	125
 492 01c9 7D       		.byte	125
 493 01ca 7D       		.byte	125
 494 01cb 7D       		.byte	125
 495 01cc 7D       		.byte	125
 496 01cd 7D       		.byte	125
 497 01ce 7D       		.byte	125
 498 01cf 7D       		.byte	125
 499 01d0 7D       		.byte	125
 500 01d1 7D       		.byte	125
 501 01d2 7D       		.byte	125
 502 01d3 7D       		.byte	125
 503 01d4 7D       		.byte	125
 504 01d5 7D       		.byte	125
 505 01d6 7D       		.byte	125
 506 01d7 7D       		.byte	125
 507 01d8 7D       		.byte	125
 508 01d9 7D       		.byte	125
 509 01da 7D       		.byte	125
 510 01db 7D       		.byte	125
 511 01dc 7D       		.byte	125
 512 01dd 7D       		.byte	125
 513 01de 7D       		.byte	125
ARM GAS  C:\Users\Leiuqeze\AppData\Local\Temp\ccbzcZza.s 			page 10


 514 01df 7D       		.byte	125
 515 01e0 7D       		.byte	125
 516 01e1 7D       		.byte	125
 517 01e2 7D       		.byte	125
 518 01e3 7D       		.byte	125
 519 01e4 7D       		.byte	125
 520 01e5 7D       		.byte	125
 521 01e6 7D       		.byte	125
 522 01e7 7D       		.byte	125
 523 01e8 7D       		.byte	125
 524 01e9 7D       		.byte	125
 525 01ea 7D       		.byte	125
 526 01eb 7D       		.byte	125
 527 01ec 7D       		.byte	125
 528 01ed 7D       		.byte	125
 529 01ee 7D       		.byte	125
 530 01ef 7D       		.byte	125
 531 01f0 7D       		.byte	125
 532 01f1 7D       		.byte	125
 533 01f2 7D       		.byte	125
 534 01f3 7D       		.byte	125
 535 01f4 7D       		.byte	125
 536 01f5 7D       		.byte	125
 537 01f6 7D       		.byte	125
 538 01f7 7D       		.byte	125
 539 01f8 7D       		.byte	125
 540 01f9 7D       		.byte	125
 541 01fa 7D       		.byte	125
 542 01fb 7D       		.byte	125
 543 01fc 7D       		.byte	125
 544 01fd 7D       		.byte	125
 545 01fe 7D       		.byte	125
 546 01ff 7D       		.byte	125
 547 0200 7D       		.byte	125
 548 0201 7D       		.byte	125
 549 0202 7D       		.byte	125
 550 0203 7D       		.byte	125
 551 0204 7D       		.byte	125
 552 0205 7D       		.byte	125
 553 0206 00       		.byte	0
 554 0207 00       		.byte	0
 555 0208 00       		.byte	0
 556 0209 00       		.byte	0
 557 020a 00       		.byte	0
 558 020b 00       		.byte	0
 559 020c 00       		.byte	0
 560 020d 00       		.byte	0
 561 020e 00       		.byte	0
 562 020f 00       		.byte	0
 563 0210 00       		.byte	0
 564 0211 00       		.byte	0
 565 0212 00       		.byte	0
 566 0213 00       		.byte	0
 567 0214 00       		.byte	0
 568 0215 00       		.byte	0
 569 0216 00       		.byte	0
 570 0217 00       		.byte	0
ARM GAS  C:\Users\Leiuqeze\AppData\Local\Temp\ccbzcZza.s 			page 11


 571 0218 00       		.byte	0
 572 0219 00       		.byte	0
 573 021a 00       		.byte	0
 574 021b 00       		.byte	0
 575 021c 00       		.byte	0
 576 021d 00       		.byte	0
 577 021e 00       		.byte	0
 578 021f 00       		.byte	0
 579 0220 00       		.byte	0
 580 0221 00       		.byte	0
 581 0222 00       		.byte	0
 582 0223 00       		.byte	0
 583 0224 00       		.byte	0
 584 0225 00       		.byte	0
 585 0226 00       		.byte	0
 586 0227 00       		.byte	0
 587 0228 00       		.byte	0
 588 0229 00       		.byte	0
 589 022a 00       		.byte	0
 590 022b 00       		.byte	0
 591 022c 00       		.byte	0
 592 022d 00       		.byte	0
 593 022e 00       		.byte	0
 594 022f 00       		.byte	0
 595 0230 00       		.byte	0
 596 0231 00       		.byte	0
 597 0232 00       		.byte	0
 598 0233 00       		.byte	0
 599 0234 00       		.byte	0
 600 0235 00       		.byte	0
 601 0236 00       		.byte	0
 602 0237 00       		.byte	0
 603 0238 00       		.byte	0
 604 0239 00       		.byte	0
 605 023a 00       		.byte	0
 606 023b 00       		.byte	0
 607 023c 00       		.byte	0
 608 023d 00       		.byte	0
 609 023e 00       		.byte	0
 610 023f 00       		.byte	0
 611 0240 00       		.byte	0
 612 0241 00       		.byte	0
 613 0242 00       		.byte	0
 614 0243 00       		.byte	0
 615 0244 00       		.byte	0
 616 0245 00       		.byte	0
 617 0246 00       		.byte	0
 618 0247 00       		.byte	0
 619 0248 00       		.byte	0
 620 0249 00       		.byte	0
 621 024a 00       		.byte	0
 622 024b 00       		.byte	0
 623 024c 00       		.byte	0
 624 024d 00       		.byte	0
 625 024e 00       		.byte	0
 626 024f 00       		.byte	0
 627 0250 00       		.byte	0
ARM GAS  C:\Users\Leiuqeze\AppData\Local\Temp\ccbzcZza.s 			page 12


 628 0251 00       		.byte	0
 629 0252 00       		.byte	0
 630 0253 00       		.byte	0
 631 0254 00       		.byte	0
 632 0255 00       		.byte	0
 633 0256 00       		.byte	0
 634 0257 00       		.byte	0
 635 0258 00       		.byte	0
 636 0259 00       		.byte	0
 637 025a 00       		.byte	0
 638 025b 00       		.byte	0
 639 025c 00       		.byte	0
 640 025d 00       		.byte	0
 641 025e 00       		.byte	0
 642 025f 00       		.byte	0
 643 0260 00       		.byte	0
 644 0261 00       		.byte	0
 645 0262 00       		.byte	0
 646 0263 00       		.byte	0
 647 0264 00       		.byte	0
 648 0265 00       		.byte	0
 649 0266 00       		.byte	0
 650 0267 00       		.byte	0
 651 0268 00       		.byte	0
 652 0269 00       		.byte	0
 653 026a 00       		.byte	0
 654 026b 00       		.byte	0
 655 026c 00       		.byte	0
 656 026d 00       		.byte	0
 657 026e 00       		.byte	0
 658 026f 00       		.byte	0
 659 0270 00       		.byte	0
 660 0271 00       		.byte	0
 661 0272 00       		.byte	0
 662 0273 00       		.byte	0
 663 0274 00       		.byte	0
 664 0275 00       		.byte	0
 665 0276 00       		.byte	0
 666 0277 00       		.byte	0
 667 0278 00       		.byte	0
 668 0279 00       		.byte	0
 669 027a 00       		.byte	0
 670 027b 00       		.byte	0
 671 027c 00       		.byte	0
 672 027d 00       		.byte	0
 673 027e 00       		.byte	0
 674 027f 00       		.byte	0
 675 0280 00       		.byte	0
 676 0281 00       		.byte	0
 677 0282 00       		.byte	0
 678 0283 00       		.byte	0
 679 0284 00       		.byte	0
 680 0285 00       		.byte	0
 681 0286 00       		.byte	0
 682 0287 00       		.byte	0
 683 0288 00       		.byte	0
 684 0289 00       		.byte	0
ARM GAS  C:\Users\Leiuqeze\AppData\Local\Temp\ccbzcZza.s 			page 13


 685 028a 00       		.byte	0
 686 028b 00       		.byte	0
 687 028c 00       		.byte	0
 688 028d 00       		.byte	0
 689 028e 00       		.byte	0
 690 028f 00       		.byte	0
 691 0290 00       		.byte	0
 692 0291 00       		.byte	0
 693 0292 00       		.byte	0
 694 0293 00       		.byte	0
 695 0294 00       		.byte	0
 696 0295 00       		.byte	0
 697 0296 00       		.byte	0
 698 0297 00       		.byte	0
 699 0298 00       		.byte	0
 700 0299 00       		.byte	0
 701 029a 00       		.byte	0
 702 029b 00       		.byte	0
 703 029c 00       		.byte	0
 704 029d 00       		.byte	0
 705 029e 00       		.byte	0
 706 029f 00       		.byte	0
 707 02a0 00       		.byte	0
 708 02a1 00       		.byte	0
 709 02a2 00       		.byte	0
 710 02a3 00       		.byte	0
 711 02a4 00       		.byte	0
 712 02a5 00       		.byte	0
 713 02a6 00       		.byte	0
 714 02a7 00       		.byte	0
 715 02a8 00       		.byte	0
 716 02a9 00       		.byte	0
 717 02aa 00       		.byte	0
 718 02ab 00       		.byte	0
 719 02ac 00       		.byte	0
 720 02ad 00       		.byte	0
 721 02ae 00       		.byte	0
 722 02af 00       		.byte	0
 723 02b0 00       		.byte	0
 724 02b1 00       		.byte	0
 725 02b2 00       		.byte	0
 726 02b3 00       		.byte	0
 727 02b4 00       		.byte	0
 728 02b5 00       		.byte	0
 729 02b6 00       		.byte	0
 730 02b7 00       		.byte	0
 731 02b8 00       		.byte	0
 732 02b9 00       		.byte	0
 733 02ba 00       		.byte	0
 734 02bb 00       		.byte	0
 735 02bc 00       		.byte	0
 736 02bd 00       		.byte	0
 737 02be 00       		.byte	0
 738 02bf 00       		.byte	0
 739 02c0 00       		.byte	0
 740 02c1 00       		.byte	0
 741 02c2 00       		.byte	0
ARM GAS  C:\Users\Leiuqeze\AppData\Local\Temp\ccbzcZza.s 			page 14


 742 02c3 00       		.byte	0
 743 02c4 00       		.byte	0
 744 02c5 00       		.byte	0
 745 02c6 00       		.byte	0
 746 02c7 00       		.byte	0
 747 02c8 00       		.byte	0
 748 02c9 00       		.byte	0
 749 02ca 00       		.byte	0
 750 02cb 00       		.byte	0
 751 02cc 00       		.byte	0
 752 02cd 00       		.byte	0
 753 02ce 00       		.byte	0
 754 02cf 00       		.byte	0
 755 02d0 00       		.byte	0
 756 02d1 00       		.byte	0
 757 02d2 00       		.byte	0
 758 02d3 00       		.byte	0
 759 02d4 00       		.byte	0
 760 02d5 00       		.byte	0
 761 02d6 00       		.byte	0
 762 02d7 00       		.byte	0
 763 02d8 00       		.byte	0
 764 02d9 00       		.byte	0
 765 02da 00       		.byte	0
 766 02db 00       		.byte	0
 767 02dc 00       		.byte	0
 768 02dd 00       		.byte	0
 769 02de 00       		.byte	0
 770 02df 00       		.byte	0
 771 02e0 00       		.byte	0
 772 02e1 00       		.byte	0
 773 02e2 00       		.byte	0
 774 02e3 00       		.byte	0
 775 02e4 00       		.byte	0
 776 02e5 00       		.byte	0
 777 02e6 00       		.byte	0
 778 02e7 00       		.byte	0
 779 02e8 00       		.byte	0
 780 02e9 00       		.byte	0
 781 02ea 00       		.byte	0
 782 02eb 00       		.byte	0
 783 02ec 00       		.byte	0
 784 02ed 00       		.byte	0
 785 02ee 00       		.byte	0
 786 02ef 00       		.byte	0
 787 02f0 00       		.byte	0
 788 02f1 00       		.byte	0
 789 02f2 00       		.byte	0
 790 02f3 00       		.byte	0
 791 02f4 00       		.byte	0
 792 02f5 00       		.byte	0
 793 02f6 00       		.byte	0
 794 02f7 00       		.byte	0
 795 02f8 00       		.byte	0
 796 02f9 00       		.byte	0
 797 02fa 00       		.byte	0
 798 02fb 00       		.byte	0
ARM GAS  C:\Users\Leiuqeze\AppData\Local\Temp\ccbzcZza.s 			page 15


 799 02fc 00       		.byte	0
 800 02fd 00       		.byte	0
 801 02fe 00       		.byte	0
 802 02ff 00       		.byte	0
 803              		.bss
 804              	DAC_1_Wave1Chan:
 805 0001 00       		.space	1
 806              	DAC_1_Wave2Chan:
 807 0002 00       		.space	1
 808              	DAC_1_Wave1TD:
 809 0003 00       		.space	1
 810              	DAC_1_Wave2TD:
 811 0004 00       		.space	1
 812              		.section	.text.DAC_1_Init,"ax",%progbits
 813              		.align	2
 814              		.global	DAC_1_Init
 815              		.thumb
 816              		.thumb_func
 817              		.type	DAC_1_Init, %function
 818              	DAC_1_Init:
 819              	.LFB0:
 820              		.file 1 ".\\Generated_Source\\PSoC5\\DAC_1.c"
   1:.\Generated_Source\PSoC5/DAC_1.c **** /*******************************************************************************
   2:.\Generated_Source\PSoC5/DAC_1.c **** * File Name: DAC_1.c
   3:.\Generated_Source\PSoC5/DAC_1.c **** * Version 2.0
   4:.\Generated_Source\PSoC5/DAC_1.c **** *
   5:.\Generated_Source\PSoC5/DAC_1.c **** * Description:
   6:.\Generated_Source\PSoC5/DAC_1.c **** *  This file provides the source code for the 8-bit Waveform DAC 
   7:.\Generated_Source\PSoC5/DAC_1.c **** *  (WaveDAC8) Component.
   8:.\Generated_Source\PSoC5/DAC_1.c **** *
   9:.\Generated_Source\PSoC5/DAC_1.c **** ********************************************************************************
  10:.\Generated_Source\PSoC5/DAC_1.c **** * Copyright 2013, Cypress Semiconductor Corporation.  All rights reserved.
  11:.\Generated_Source\PSoC5/DAC_1.c **** * You may use this file only in accordance with the license, terms, conditions,
  12:.\Generated_Source\PSoC5/DAC_1.c **** * disclaimers, and limitations in the end user license agreement accompanying
  13:.\Generated_Source\PSoC5/DAC_1.c **** * the software package with which this file was provided.
  14:.\Generated_Source\PSoC5/DAC_1.c **** *******************************************************************************/
  15:.\Generated_Source\PSoC5/DAC_1.c **** 
  16:.\Generated_Source\PSoC5/DAC_1.c **** #include "DAC_1.h"
  17:.\Generated_Source\PSoC5/DAC_1.c **** 
  18:.\Generated_Source\PSoC5/DAC_1.c **** uint8  DAC_1_initVar = 0u;
  19:.\Generated_Source\PSoC5/DAC_1.c **** 
  20:.\Generated_Source\PSoC5/DAC_1.c **** const uint8 CYCODE DAC_1_wave1[DAC_1_WAVE1_LENGTH] = { 62u,64u,65u,67u,68u,70u,71u,73u,74u,76u,77u,
  21:.\Generated_Source\PSoC5/DAC_1.c **** const uint8 CYCODE DAC_1_wave2[DAC_1_WAVE2_LENGTH] = { 125u,125u,125u,125u,125u,125u,125u,125u,125u
  22:.\Generated_Source\PSoC5/DAC_1.c **** 
  23:.\Generated_Source\PSoC5/DAC_1.c **** static uint8  DAC_1_Wave1Chan;
  24:.\Generated_Source\PSoC5/DAC_1.c **** static uint8  DAC_1_Wave2Chan;
  25:.\Generated_Source\PSoC5/DAC_1.c **** static uint8  DAC_1_Wave1TD;
  26:.\Generated_Source\PSoC5/DAC_1.c **** static uint8  DAC_1_Wave2TD;
  27:.\Generated_Source\PSoC5/DAC_1.c **** 
  28:.\Generated_Source\PSoC5/DAC_1.c **** 
  29:.\Generated_Source\PSoC5/DAC_1.c **** /*******************************************************************************
  30:.\Generated_Source\PSoC5/DAC_1.c **** * Function Name: DAC_1_Init
  31:.\Generated_Source\PSoC5/DAC_1.c **** ********************************************************************************
  32:.\Generated_Source\PSoC5/DAC_1.c **** *
  33:.\Generated_Source\PSoC5/DAC_1.c **** * Summary:
  34:.\Generated_Source\PSoC5/DAC_1.c **** *  Initializes component with parameters set in the customizer.
  35:.\Generated_Source\PSoC5/DAC_1.c **** *
ARM GAS  C:\Users\Leiuqeze\AppData\Local\Temp\ccbzcZza.s 			page 16


  36:.\Generated_Source\PSoC5/DAC_1.c **** * Parameters:  
  37:.\Generated_Source\PSoC5/DAC_1.c **** *  None
  38:.\Generated_Source\PSoC5/DAC_1.c **** *
  39:.\Generated_Source\PSoC5/DAC_1.c **** * Return: 
  40:.\Generated_Source\PSoC5/DAC_1.c **** *  None
  41:.\Generated_Source\PSoC5/DAC_1.c **** *
  42:.\Generated_Source\PSoC5/DAC_1.c **** *******************************************************************************/
  43:.\Generated_Source\PSoC5/DAC_1.c **** void DAC_1_Init(void) 
  44:.\Generated_Source\PSoC5/DAC_1.c **** {
 821              		.loc 1 44 0
 822              		.cfi_startproc
 823              		@ args = 0, pretend = 0, frame = 0
 824              		@ frame_needed = 1, uses_anonymous_args = 0
 825 0000 80B5     		push	{r7, lr}
 826              		.cfi_def_cfa_offset 8
 827              		.cfi_offset 7, -8
 828              		.cfi_offset 14, -4
 829 0002 00AF     		add	r7, sp, #0
 830              		.cfi_def_cfa_register 7
  45:.\Generated_Source\PSoC5/DAC_1.c **** 	DAC_1_VDAC8_Init();
 831              		.loc 1 45 0
 832 0004 FFF7FEFF 		bl	DAC_1_VDAC8_Init
  46:.\Generated_Source\PSoC5/DAC_1.c **** 	DAC_1_VDAC8_SetSpeed(DAC_1_HIGHSPEED);
 833              		.loc 1 46 0
 834 0008 0220     		movs	r0, #2
 835 000a FFF7FEFF 		bl	DAC_1_VDAC8_SetSpeed
  47:.\Generated_Source\PSoC5/DAC_1.c **** 	DAC_1_VDAC8_SetRange(DAC_1_DAC_RANGE);
 836              		.loc 1 47 0
 837 000e 0420     		movs	r0, #4
 838 0010 FFF7FEFF 		bl	DAC_1_VDAC8_SetRange
  48:.\Generated_Source\PSoC5/DAC_1.c **** 
  49:.\Generated_Source\PSoC5/DAC_1.c **** 	#if(DAC_1_DAC_MODE == DAC_1_CURRENT_MODE)
  50:.\Generated_Source\PSoC5/DAC_1.c **** 		DAC_1_IDAC8_SetPolarity(DAC_1_DAC_POL);
  51:.\Generated_Source\PSoC5/DAC_1.c **** 	#endif /* DAC_1_DAC_MODE == DAC_1_CURRENT_MODE */
  52:.\Generated_Source\PSoC5/DAC_1.c **** 
  53:.\Generated_Source\PSoC5/DAC_1.c **** 	#if(DAC_1_OUT_MODE == DAC_1_BUFFER_MODE)
  54:.\Generated_Source\PSoC5/DAC_1.c **** 	   DAC_1_BuffAmp_Init();
  55:.\Generated_Source\PSoC5/DAC_1.c **** 	#endif /* DAC_1_OUT_MODE == DAC_1_BUFFER_MODE */
  56:.\Generated_Source\PSoC5/DAC_1.c **** 
  57:.\Generated_Source\PSoC5/DAC_1.c **** 	/* Get the TD Number for the DMA channel 1 and 2   */
  58:.\Generated_Source\PSoC5/DAC_1.c **** 	DAC_1_Wave1TD = CyDmaTdAllocate();
 839              		.loc 1 58 0
 840 0014 FFF7FEFF 		bl	CyDmaTdAllocate
 841 0018 0346     		mov	r3, r0
 842 001a 1A46     		mov	r2, r3
 843 001c 094B     		ldr	r3, .L2
 844 001e 1A70     		strb	r2, [r3]
  59:.\Generated_Source\PSoC5/DAC_1.c **** 	DAC_1_Wave2TD = CyDmaTdAllocate();
 845              		.loc 1 59 0
 846 0020 FFF7FEFF 		bl	CyDmaTdAllocate
 847 0024 0346     		mov	r3, r0
 848 0026 1A46     		mov	r2, r3
 849 0028 074B     		ldr	r3, .L2+4
 850 002a 1A70     		strb	r2, [r3]
  60:.\Generated_Source\PSoC5/DAC_1.c **** 	
  61:.\Generated_Source\PSoC5/DAC_1.c **** 	/* Initialize waveform pointers  */
  62:.\Generated_Source\PSoC5/DAC_1.c **** 	DAC_1_Wave1Setup(DAC_1_wave1, DAC_1_WAVE1_LENGTH) ;
ARM GAS  C:\Users\Leiuqeze\AppData\Local\Temp\ccbzcZza.s 			page 17


 851              		.loc 1 62 0
 852 002c 0748     		ldr	r0, .L2+8
 853 002e 4FF48671 		mov	r1, #268
 854 0032 FFF7FEFF 		bl	DAC_1_Wave1Setup
  63:.\Generated_Source\PSoC5/DAC_1.c **** 	DAC_1_Wave2Setup(DAC_1_wave2, DAC_1_WAVE2_LENGTH) ;
 855              		.loc 1 63 0
 856 0036 0648     		ldr	r0, .L2+12
 857 0038 4FF4FA71 		mov	r1, #500
 858 003c FFF7FEFF 		bl	DAC_1_Wave2Setup
  64:.\Generated_Source\PSoC5/DAC_1.c **** 	
  65:.\Generated_Source\PSoC5/DAC_1.c **** 	/* Initialize the internal clock if one present  */
  66:.\Generated_Source\PSoC5/DAC_1.c **** 	#if defined(DAC_1_DacClk_PHASE)
  67:.\Generated_Source\PSoC5/DAC_1.c **** 	   DAC_1_DacClk_SetPhase(DAC_1_CLK_PHASE_0nS);
  68:.\Generated_Source\PSoC5/DAC_1.c **** 	#endif /* defined(DAC_1_DacClk_PHASE) */
  69:.\Generated_Source\PSoC5/DAC_1.c **** }
 859              		.loc 1 69 0
 860 0040 80BD     		pop	{r7, pc}
 861              	.L3:
 862 0042 00BF     		.align	2
 863              	.L2:
 864 0044 03000000 		.word	DAC_1_Wave1TD
 865 0048 04000000 		.word	DAC_1_Wave2TD
 866 004c 00000000 		.word	DAC_1_wave1
 867 0050 00000000 		.word	DAC_1_wave2
 868              		.cfi_endproc
 869              	.LFE0:
 870              		.size	DAC_1_Init, .-DAC_1_Init
 871              		.section	.text.DAC_1_Enable,"ax",%progbits
 872              		.align	2
 873              		.global	DAC_1_Enable
 874              		.thumb
 875              		.thumb_func
 876              		.type	DAC_1_Enable, %function
 877              	DAC_1_Enable:
 878              	.LFB1:
  70:.\Generated_Source\PSoC5/DAC_1.c **** 
  71:.\Generated_Source\PSoC5/DAC_1.c **** 
  72:.\Generated_Source\PSoC5/DAC_1.c **** /*******************************************************************************
  73:.\Generated_Source\PSoC5/DAC_1.c **** * Function Name: DAC_1_Enable
  74:.\Generated_Source\PSoC5/DAC_1.c **** ********************************************************************************
  75:.\Generated_Source\PSoC5/DAC_1.c **** *  
  76:.\Generated_Source\PSoC5/DAC_1.c **** * Summary: 
  77:.\Generated_Source\PSoC5/DAC_1.c **** *  Enables the DAC block and DMA operation.
  78:.\Generated_Source\PSoC5/DAC_1.c **** *
  79:.\Generated_Source\PSoC5/DAC_1.c **** * Parameters:  
  80:.\Generated_Source\PSoC5/DAC_1.c **** *  None
  81:.\Generated_Source\PSoC5/DAC_1.c **** *
  82:.\Generated_Source\PSoC5/DAC_1.c **** * Return: 
  83:.\Generated_Source\PSoC5/DAC_1.c **** *  None
  84:.\Generated_Source\PSoC5/DAC_1.c **** *
  85:.\Generated_Source\PSoC5/DAC_1.c **** *******************************************************************************/
  86:.\Generated_Source\PSoC5/DAC_1.c **** void DAC_1_Enable(void) 
  87:.\Generated_Source\PSoC5/DAC_1.c **** {
 879              		.loc 1 87 0
 880              		.cfi_startproc
 881              		@ args = 0, pretend = 0, frame = 0
 882              		@ frame_needed = 1, uses_anonymous_args = 0
ARM GAS  C:\Users\Leiuqeze\AppData\Local\Temp\ccbzcZza.s 			page 18


 883 0000 80B5     		push	{r7, lr}
 884              		.cfi_def_cfa_offset 8
 885              		.cfi_offset 7, -8
 886              		.cfi_offset 14, -4
 887 0002 00AF     		add	r7, sp, #0
 888              		.cfi_def_cfa_register 7
  88:.\Generated_Source\PSoC5/DAC_1.c **** 	DAC_1_VDAC8_Enable();
 889              		.loc 1 88 0
 890 0004 FFF7FEFF 		bl	DAC_1_VDAC8_Enable
  89:.\Generated_Source\PSoC5/DAC_1.c **** 
  90:.\Generated_Source\PSoC5/DAC_1.c **** 	#if(DAC_1_OUT_MODE == DAC_1_BUFFER_MODE)
  91:.\Generated_Source\PSoC5/DAC_1.c **** 	   DAC_1_BuffAmp_Enable();
  92:.\Generated_Source\PSoC5/DAC_1.c **** 	#endif /* DAC_1_OUT_MODE == DAC_1_BUFFER_MODE */
  93:.\Generated_Source\PSoC5/DAC_1.c **** 
  94:.\Generated_Source\PSoC5/DAC_1.c **** 	/* 
  95:.\Generated_Source\PSoC5/DAC_1.c **** 	* Enable the channel. It is configured to remember the TD value so that
  96:.\Generated_Source\PSoC5/DAC_1.c **** 	* it can be restored from the place where it has been stopped.
  97:.\Generated_Source\PSoC5/DAC_1.c **** 	*/
  98:.\Generated_Source\PSoC5/DAC_1.c **** 	(void)CyDmaChEnable(DAC_1_Wave1Chan, 1u);
 891              		.loc 1 98 0
 892 0008 084B     		ldr	r3, .L5
 893 000a 1B78     		ldrb	r3, [r3]	@ zero_extendqisi2
 894 000c 1846     		mov	r0, r3
 895 000e 0121     		movs	r1, #1
 896 0010 FFF7FEFF 		bl	CyDmaChEnable
  99:.\Generated_Source\PSoC5/DAC_1.c **** 	(void)CyDmaChEnable(DAC_1_Wave2Chan, 1u);
 897              		.loc 1 99 0
 898 0014 064B     		ldr	r3, .L5+4
 899 0016 1B78     		ldrb	r3, [r3]	@ zero_extendqisi2
 900 0018 1846     		mov	r0, r3
 901 001a 0121     		movs	r1, #1
 902 001c FFF7FEFF 		bl	CyDmaChEnable
 100:.\Generated_Source\PSoC5/DAC_1.c **** 	
 101:.\Generated_Source\PSoC5/DAC_1.c **** 	/* set the initial value */
 102:.\Generated_Source\PSoC5/DAC_1.c **** 	DAC_1_SetValue(0u);
 903              		.loc 1 102 0
 904 0020 0020     		movs	r0, #0
 905 0022 FFF7FEFF 		bl	DAC_1_VDAC8_SetValue
 103:.\Generated_Source\PSoC5/DAC_1.c **** 	
 104:.\Generated_Source\PSoC5/DAC_1.c **** 	#if(DAC_1_CLOCK_SRC == DAC_1_CLOCK_INT)  	
 105:.\Generated_Source\PSoC5/DAC_1.c **** 	   DAC_1_DacClk_Start();
 906              		.loc 1 105 0
 907 0026 FFF7FEFF 		bl	DAC_1_DacClk_Start
 106:.\Generated_Source\PSoC5/DAC_1.c **** 	#endif /* DAC_1_CLOCK_SRC == DAC_1_CLOCK_INT */
 107:.\Generated_Source\PSoC5/DAC_1.c **** }
 908              		.loc 1 107 0
 909 002a 80BD     		pop	{r7, pc}
 910              	.L6:
 911              		.align	2
 912              	.L5:
 913 002c 01000000 		.word	DAC_1_Wave1Chan
 914 0030 02000000 		.word	DAC_1_Wave2Chan
 915              		.cfi_endproc
 916              	.LFE1:
 917              		.size	DAC_1_Enable, .-DAC_1_Enable
 918              		.section	.text.DAC_1_Start,"ax",%progbits
 919              		.align	2
ARM GAS  C:\Users\Leiuqeze\AppData\Local\Temp\ccbzcZza.s 			page 19


 920              		.global	DAC_1_Start
 921              		.thumb
 922              		.thumb_func
 923              		.type	DAC_1_Start, %function
 924              	DAC_1_Start:
 925              	.LFB2:
 108:.\Generated_Source\PSoC5/DAC_1.c **** 
 109:.\Generated_Source\PSoC5/DAC_1.c **** 
 110:.\Generated_Source\PSoC5/DAC_1.c **** /*******************************************************************************
 111:.\Generated_Source\PSoC5/DAC_1.c **** * Function Name: DAC_1_Start
 112:.\Generated_Source\PSoC5/DAC_1.c **** ********************************************************************************
 113:.\Generated_Source\PSoC5/DAC_1.c **** *
 114:.\Generated_Source\PSoC5/DAC_1.c **** * Summary:
 115:.\Generated_Source\PSoC5/DAC_1.c **** *  The start function initializes the voltage DAC with the default values, 
 116:.\Generated_Source\PSoC5/DAC_1.c **** *  and sets the power to the given level.  A power level of 0, is the same as 
 117:.\Generated_Source\PSoC5/DAC_1.c **** *  executing the stop function.
 118:.\Generated_Source\PSoC5/DAC_1.c **** *
 119:.\Generated_Source\PSoC5/DAC_1.c **** * Parameters:  
 120:.\Generated_Source\PSoC5/DAC_1.c **** *  None
 121:.\Generated_Source\PSoC5/DAC_1.c **** *
 122:.\Generated_Source\PSoC5/DAC_1.c **** * Return: 
 123:.\Generated_Source\PSoC5/DAC_1.c **** *  None
 124:.\Generated_Source\PSoC5/DAC_1.c **** *
 125:.\Generated_Source\PSoC5/DAC_1.c **** * Reentrant:
 126:.\Generated_Source\PSoC5/DAC_1.c **** *  No
 127:.\Generated_Source\PSoC5/DAC_1.c **** *
 128:.\Generated_Source\PSoC5/DAC_1.c **** *******************************************************************************/
 129:.\Generated_Source\PSoC5/DAC_1.c **** void DAC_1_Start(void) 
 130:.\Generated_Source\PSoC5/DAC_1.c **** {
 926              		.loc 1 130 0
 927              		.cfi_startproc
 928              		@ args = 0, pretend = 0, frame = 0
 929              		@ frame_needed = 1, uses_anonymous_args = 0
 930 0000 80B5     		push	{r7, lr}
 931              		.cfi_def_cfa_offset 8
 932              		.cfi_offset 7, -8
 933              		.cfi_offset 14, -4
 934 0002 00AF     		add	r7, sp, #0
 935              		.cfi_def_cfa_register 7
 131:.\Generated_Source\PSoC5/DAC_1.c **** 	/* If not Initialized then initialize all required hardware and software */
 132:.\Generated_Source\PSoC5/DAC_1.c **** 	if(DAC_1_initVar == 0u)
 936              		.loc 1 132 0
 937 0004 054B     		ldr	r3, .L9
 938 0006 1B78     		ldrb	r3, [r3]	@ zero_extendqisi2
 939 0008 002B     		cmp	r3, #0
 940 000a 04D1     		bne	.L8
 133:.\Generated_Source\PSoC5/DAC_1.c **** 	{
 134:.\Generated_Source\PSoC5/DAC_1.c **** 		DAC_1_Init();
 941              		.loc 1 134 0
 942 000c FFF7FEFF 		bl	DAC_1_Init
 135:.\Generated_Source\PSoC5/DAC_1.c **** 		DAC_1_initVar = 1u;
 943              		.loc 1 135 0
 944 0010 024B     		ldr	r3, .L9
 945 0012 0122     		movs	r2, #1
 946 0014 1A70     		strb	r2, [r3]
 947              	.L8:
 136:.\Generated_Source\PSoC5/DAC_1.c **** 	}
ARM GAS  C:\Users\Leiuqeze\AppData\Local\Temp\ccbzcZza.s 			page 20


 137:.\Generated_Source\PSoC5/DAC_1.c **** 	
 138:.\Generated_Source\PSoC5/DAC_1.c **** 	DAC_1_Enable();
 948              		.loc 1 138 0
 949 0016 FFF7FEFF 		bl	DAC_1_Enable
 139:.\Generated_Source\PSoC5/DAC_1.c **** }
 950              		.loc 1 139 0
 951 001a 80BD     		pop	{r7, pc}
 952              	.L10:
 953              		.align	2
 954              	.L9:
 955 001c 00000000 		.word	DAC_1_initVar
 956              		.cfi_endproc
 957              	.LFE2:
 958              		.size	DAC_1_Start, .-DAC_1_Start
 959              		.section	.text.DAC_1_StartEx,"ax",%progbits
 960              		.align	2
 961              		.global	DAC_1_StartEx
 962              		.thumb
 963              		.thumb_func
 964              		.type	DAC_1_StartEx, %function
 965              	DAC_1_StartEx:
 966              	.LFB3:
 140:.\Generated_Source\PSoC5/DAC_1.c **** 
 141:.\Generated_Source\PSoC5/DAC_1.c **** 
 142:.\Generated_Source\PSoC5/DAC_1.c **** /*******************************************************************************
 143:.\Generated_Source\PSoC5/DAC_1.c **** * Function Name: DAC_1_StartEx
 144:.\Generated_Source\PSoC5/DAC_1.c **** ********************************************************************************
 145:.\Generated_Source\PSoC5/DAC_1.c **** *
 146:.\Generated_Source\PSoC5/DAC_1.c **** * Summary:
 147:.\Generated_Source\PSoC5/DAC_1.c **** *  The StartEx function sets pointers and sizes for both waveforms
 148:.\Generated_Source\PSoC5/DAC_1.c **** *  and then starts the component.
 149:.\Generated_Source\PSoC5/DAC_1.c **** *
 150:.\Generated_Source\PSoC5/DAC_1.c **** * Parameters:  
 151:.\Generated_Source\PSoC5/DAC_1.c **** *   uint8 * wavePtr1:     Pointer to the waveform 1 array.
 152:.\Generated_Source\PSoC5/DAC_1.c **** *   uint16  sampleSize1:  The amount of samples in the waveform 1.
 153:.\Generated_Source\PSoC5/DAC_1.c **** *   uint8 * wavePtr2:     Pointer to the waveform 2 array.
 154:.\Generated_Source\PSoC5/DAC_1.c **** *   uint16  sampleSize2:  The amount of samples in the waveform 2.
 155:.\Generated_Source\PSoC5/DAC_1.c **** *
 156:.\Generated_Source\PSoC5/DAC_1.c **** * Return: 
 157:.\Generated_Source\PSoC5/DAC_1.c **** *  None
 158:.\Generated_Source\PSoC5/DAC_1.c **** *
 159:.\Generated_Source\PSoC5/DAC_1.c **** * Reentrant:
 160:.\Generated_Source\PSoC5/DAC_1.c **** *  No
 161:.\Generated_Source\PSoC5/DAC_1.c **** *
 162:.\Generated_Source\PSoC5/DAC_1.c **** *******************************************************************************/
 163:.\Generated_Source\PSoC5/DAC_1.c **** void DAC_1_StartEx(const uint8 * wavePtr1, uint16 sampleSize1, const uint8 * wavePtr2, uint16 sampl
 164:.\Generated_Source\PSoC5/DAC_1.c **** 
 165:.\Generated_Source\PSoC5/DAC_1.c **** {
 967              		.loc 1 165 0
 968              		.cfi_startproc
 969              		@ args = 0, pretend = 0, frame = 16
 970              		@ frame_needed = 1, uses_anonymous_args = 0
 971 0000 80B5     		push	{r7, lr}
 972              		.cfi_def_cfa_offset 8
 973              		.cfi_offset 7, -8
 974              		.cfi_offset 14, -4
 975 0002 84B0     		sub	sp, sp, #16
ARM GAS  C:\Users\Leiuqeze\AppData\Local\Temp\ccbzcZza.s 			page 21


 976              		.cfi_def_cfa_offset 24
 977 0004 00AF     		add	r7, sp, #0
 978              		.cfi_def_cfa_register 7
 979 0006 F860     		str	r0, [r7, #12]
 980 0008 7A60     		str	r2, [r7, #4]
 981 000a 0A46     		mov	r2, r1	@ movhi
 982 000c 7A81     		strh	r2, [r7, #10]	@ movhi
 983 000e 3B81     		strh	r3, [r7, #8]	@ movhi
 166:.\Generated_Source\PSoC5/DAC_1.c **** 	DAC_1_Wave1Setup(wavePtr1, sampleSize1);
 984              		.loc 1 166 0
 985 0010 7B89     		ldrh	r3, [r7, #10]
 986 0012 F868     		ldr	r0, [r7, #12]
 987 0014 1946     		mov	r1, r3
 988 0016 FFF7FEFF 		bl	DAC_1_Wave1Setup
 167:.\Generated_Source\PSoC5/DAC_1.c **** 	DAC_1_Wave2Setup(wavePtr2, sampleSize2);
 989              		.loc 1 167 0
 990 001a 3B89     		ldrh	r3, [r7, #8]
 991 001c 7868     		ldr	r0, [r7, #4]
 992 001e 1946     		mov	r1, r3
 993 0020 FFF7FEFF 		bl	DAC_1_Wave2Setup
 168:.\Generated_Source\PSoC5/DAC_1.c **** 	DAC_1_Start();
 994              		.loc 1 168 0
 995 0024 FFF7FEFF 		bl	DAC_1_Start
 169:.\Generated_Source\PSoC5/DAC_1.c **** }
 996              		.loc 1 169 0
 997 0028 1037     		adds	r7, r7, #16
 998 002a BD46     		mov	sp, r7
 999              		@ sp needed
 1000 002c 80BD     		pop	{r7, pc}
 1001              		.cfi_endproc
 1002              	.LFE3:
 1003              		.size	DAC_1_StartEx, .-DAC_1_StartEx
 1004 002e 00BF     		.section	.text.DAC_1_Stop,"ax",%progbits
 1005              		.align	2
 1006              		.global	DAC_1_Stop
 1007              		.thumb
 1008              		.thumb_func
 1009              		.type	DAC_1_Stop, %function
 1010              	DAC_1_Stop:
 1011              	.LFB4:
 170:.\Generated_Source\PSoC5/DAC_1.c **** 
 171:.\Generated_Source\PSoC5/DAC_1.c **** 
 172:.\Generated_Source\PSoC5/DAC_1.c **** /*******************************************************************************
 173:.\Generated_Source\PSoC5/DAC_1.c **** * Function Name: DAC_1_Stop
 174:.\Generated_Source\PSoC5/DAC_1.c **** ********************************************************************************
 175:.\Generated_Source\PSoC5/DAC_1.c **** *
 176:.\Generated_Source\PSoC5/DAC_1.c **** * Summary:
 177:.\Generated_Source\PSoC5/DAC_1.c **** *  Stops the clock (if internal), disables the DMA channels
 178:.\Generated_Source\PSoC5/DAC_1.c **** *  and powers down the DAC.
 179:.\Generated_Source\PSoC5/DAC_1.c **** *
 180:.\Generated_Source\PSoC5/DAC_1.c **** * Parameters:  
 181:.\Generated_Source\PSoC5/DAC_1.c **** *  None  
 182:.\Generated_Source\PSoC5/DAC_1.c **** *
 183:.\Generated_Source\PSoC5/DAC_1.c **** * Return: 
 184:.\Generated_Source\PSoC5/DAC_1.c **** *  None
 185:.\Generated_Source\PSoC5/DAC_1.c **** *
 186:.\Generated_Source\PSoC5/DAC_1.c **** *******************************************************************************/
ARM GAS  C:\Users\Leiuqeze\AppData\Local\Temp\ccbzcZza.s 			page 22


 187:.\Generated_Source\PSoC5/DAC_1.c **** void DAC_1_Stop(void) 
 188:.\Generated_Source\PSoC5/DAC_1.c **** {
 1012              		.loc 1 188 0
 1013              		.cfi_startproc
 1014              		@ args = 0, pretend = 0, frame = 0
 1015              		@ frame_needed = 1, uses_anonymous_args = 0
 1016 0000 80B5     		push	{r7, lr}
 1017              		.cfi_def_cfa_offset 8
 1018              		.cfi_offset 7, -8
 1019              		.cfi_offset 14, -4
 1020 0002 00AF     		add	r7, sp, #0
 1021              		.cfi_def_cfa_register 7
 189:.\Generated_Source\PSoC5/DAC_1.c **** 	/* Turn off internal clock, if one present */
 190:.\Generated_Source\PSoC5/DAC_1.c **** 	#if(DAC_1_CLOCK_SRC == DAC_1_CLOCK_INT)  	
 191:.\Generated_Source\PSoC5/DAC_1.c **** 	   DAC_1_DacClk_Stop();
 1022              		.loc 1 191 0
 1023 0004 FFF7FEFF 		bl	DAC_1_DacClk_Stop
 192:.\Generated_Source\PSoC5/DAC_1.c **** 	#endif /* DAC_1_CLOCK_SRC == DAC_1_CLOCK_INT */
 193:.\Generated_Source\PSoC5/DAC_1.c **** 	
 194:.\Generated_Source\PSoC5/DAC_1.c **** 	/* Disble DMA channels */
 195:.\Generated_Source\PSoC5/DAC_1.c **** 	(void)CyDmaChDisable(DAC_1_Wave1Chan);
 1024              		.loc 1 195 0
 1025 0008 064B     		ldr	r3, .L13
 1026 000a 1B78     		ldrb	r3, [r3]	@ zero_extendqisi2
 1027 000c 1846     		mov	r0, r3
 1028 000e FFF7FEFF 		bl	CyDmaChDisable
 196:.\Generated_Source\PSoC5/DAC_1.c **** 	(void)CyDmaChDisable(DAC_1_Wave2Chan);
 1029              		.loc 1 196 0
 1030 0012 054B     		ldr	r3, .L13+4
 1031 0014 1B78     		ldrb	r3, [r3]	@ zero_extendqisi2
 1032 0016 1846     		mov	r0, r3
 1033 0018 FFF7FEFF 		bl	CyDmaChDisable
 197:.\Generated_Source\PSoC5/DAC_1.c **** 
 198:.\Generated_Source\PSoC5/DAC_1.c **** 	/* Disable power to DAC */
 199:.\Generated_Source\PSoC5/DAC_1.c **** 	DAC_1_VDAC8_Stop();
 1034              		.loc 1 199 0
 1035 001c FFF7FEFF 		bl	DAC_1_VDAC8_Stop
 200:.\Generated_Source\PSoC5/DAC_1.c **** }
 1036              		.loc 1 200 0
 1037 0020 80BD     		pop	{r7, pc}
 1038              	.L14:
 1039 0022 00BF     		.align	2
 1040              	.L13:
 1041 0024 01000000 		.word	DAC_1_Wave1Chan
 1042 0028 02000000 		.word	DAC_1_Wave2Chan
 1043              		.cfi_endproc
 1044              	.LFE4:
 1045              		.size	DAC_1_Stop, .-DAC_1_Stop
 1046              		.section	.text.DAC_1_Wave1Setup,"ax",%progbits
 1047              		.align	2
 1048              		.global	DAC_1_Wave1Setup
 1049              		.thumb
 1050              		.thumb_func
 1051              		.type	DAC_1_Wave1Setup, %function
 1052              	DAC_1_Wave1Setup:
 1053              	.LFB5:
 201:.\Generated_Source\PSoC5/DAC_1.c **** 
ARM GAS  C:\Users\Leiuqeze\AppData\Local\Temp\ccbzcZza.s 			page 23


 202:.\Generated_Source\PSoC5/DAC_1.c **** 
 203:.\Generated_Source\PSoC5/DAC_1.c **** /*******************************************************************************
 204:.\Generated_Source\PSoC5/DAC_1.c **** * Function Name: DAC_1_Wave1Setup
 205:.\Generated_Source\PSoC5/DAC_1.c **** ********************************************************************************
 206:.\Generated_Source\PSoC5/DAC_1.c **** *
 207:.\Generated_Source\PSoC5/DAC_1.c **** * Summary:
 208:.\Generated_Source\PSoC5/DAC_1.c **** *  Sets pointer and size for waveform 1.                                    
 209:.\Generated_Source\PSoC5/DAC_1.c **** *
 210:.\Generated_Source\PSoC5/DAC_1.c **** * Parameters:  
 211:.\Generated_Source\PSoC5/DAC_1.c **** *  uint8 * WavePtr:     Pointer to the waveform array.
 212:.\Generated_Source\PSoC5/DAC_1.c **** *  uint16  SampleSize:  The amount of samples in the waveform.
 213:.\Generated_Source\PSoC5/DAC_1.c **** *
 214:.\Generated_Source\PSoC5/DAC_1.c **** * Return: 
 215:.\Generated_Source\PSoC5/DAC_1.c **** *  None 
 216:.\Generated_Source\PSoC5/DAC_1.c **** *
 217:.\Generated_Source\PSoC5/DAC_1.c **** *******************************************************************************/
 218:.\Generated_Source\PSoC5/DAC_1.c **** void DAC_1_Wave1Setup(const uint8 * wavePtr, uint16 sampleSize)
 219:.\Generated_Source\PSoC5/DAC_1.c **** 
 220:.\Generated_Source\PSoC5/DAC_1.c **** {
 1054              		.loc 1 220 0
 1055              		.cfi_startproc
 1056              		@ args = 0, pretend = 0, frame = 8
 1057              		@ frame_needed = 1, uses_anonymous_args = 0
 1058 0000 80B5     		push	{r7, lr}
 1059              		.cfi_def_cfa_offset 8
 1060              		.cfi_offset 7, -8
 1061              		.cfi_offset 14, -4
 1062 0002 82B0     		sub	sp, sp, #8
 1063              		.cfi_def_cfa_offset 16
 1064 0004 00AF     		add	r7, sp, #0
 1065              		.cfi_def_cfa_register 7
 1066 0006 7860     		str	r0, [r7, #4]
 1067 0008 0B46     		mov	r3, r1
 1068 000a 7B80     		strh	r3, [r7, #2]	@ movhi
 221:.\Generated_Source\PSoC5/DAC_1.c **** 	#if (CY_PSOC3)
 222:.\Generated_Source\PSoC5/DAC_1.c **** 		uint16 memoryType; /* determining the source memory type */
 223:.\Generated_Source\PSoC5/DAC_1.c **** 		memoryType = (DAC_1_HI16FLASHPTR == HI16(wavePtr)) ? HI16(CYDEV_FLS_BASE) : HI16(CYDEV_SRAM_BASE)
 224:.\Generated_Source\PSoC5/DAC_1.c **** 		
 225:.\Generated_Source\PSoC5/DAC_1.c **** 		DAC_1_Wave1Chan = DAC_1_Wave1_DMA_DmaInitialize(
 226:.\Generated_Source\PSoC5/DAC_1.c **** 		DAC_1_Wave1_DMA_BYTES_PER_BURST, DAC_1_Wave1_DMA_REQUEST_PER_BURST,
 227:.\Generated_Source\PSoC5/DAC_1.c **** 		memoryType, HI16(CYDEV_PERIPH_BASE));
 228:.\Generated_Source\PSoC5/DAC_1.c **** 	#else /* PSoC 5 */
 229:.\Generated_Source\PSoC5/DAC_1.c **** 		DAC_1_Wave1Chan = DAC_1_Wave1_DMA_DmaInitialize(
 230:.\Generated_Source\PSoC5/DAC_1.c **** 		DAC_1_Wave1_DMA_BYTES_PER_BURST, DAC_1_Wave1_DMA_REQUEST_PER_BURST,
 231:.\Generated_Source\PSoC5/DAC_1.c **** 		HI16(wavePtr), HI16(DAC_1_DAC8__D));
 1069              		.loc 1 231 0
 1070 000c 7B68     		ldr	r3, [r7, #4]
 1071 000e 1B0C     		lsrs	r3, r3, #16
 229:.\Generated_Source\PSoC5/DAC_1.c **** 		DAC_1_Wave1Chan = DAC_1_Wave1_DMA_DmaInitialize(
 1072              		.loc 1 229 0
 1073 0010 9BB2     		uxth	r3, r3
 1074 0012 0120     		movs	r0, #1
 1075 0014 0121     		movs	r1, #1
 1076 0016 1A46     		mov	r2, r3
 1077 0018 4FF48043 		mov	r3, #16384
 1078 001c FFF7FEFF 		bl	DAC_1_Wave1_DMA_DmaInitialize
 1079 0020 0346     		mov	r3, r0
ARM GAS  C:\Users\Leiuqeze\AppData\Local\Temp\ccbzcZza.s 			page 24


 1080 0022 1A46     		mov	r2, r3
 1081 0024 104B     		ldr	r3, .L16
 1082 0026 1A70     		strb	r2, [r3]
 232:.\Generated_Source\PSoC5/DAC_1.c **** 	#endif /* CY_PSOC3 */
 233:.\Generated_Source\PSoC5/DAC_1.c **** 	
 234:.\Generated_Source\PSoC5/DAC_1.c **** 	/*
 235:.\Generated_Source\PSoC5/DAC_1.c **** 	* TD is looping on itself. 
 236:.\Generated_Source\PSoC5/DAC_1.c ****     * Increment the source address, but not the destination address. 
 237:.\Generated_Source\PSoC5/DAC_1.c **** 	*/
 238:.\Generated_Source\PSoC5/DAC_1.c **** 	(void)CyDmaTdSetConfiguration(DAC_1_Wave1TD, sampleSize, DAC_1_Wave1TD, 
 1083              		.loc 1 238 0
 1084 0028 104B     		ldr	r3, .L16+4
 1085 002a 1978     		ldrb	r1, [r3]	@ zero_extendqisi2
 1086 002c 0F4B     		ldr	r3, .L16+4
 1087 002e 1B78     		ldrb	r3, [r3]	@ zero_extendqisi2
 1088 0030 7A88     		ldrh	r2, [r7, #2]
 1089 0032 0846     		mov	r0, r1
 1090 0034 1146     		mov	r1, r2
 1091 0036 1A46     		mov	r2, r3
 1092 0038 0123     		movs	r3, #1
 1093 003a FFF7FEFF 		bl	CyDmaTdSetConfiguration
 239:.\Generated_Source\PSoC5/DAC_1.c ****                                     (uint8)CY_DMA_TD_INC_SRC_ADR | (uint8)DAC_1_Wave1_DMA__TD_TERMO
 240:.\Generated_Source\PSoC5/DAC_1.c **** 	
 241:.\Generated_Source\PSoC5/DAC_1.c **** 	/* Set the TD source and destination address */
 242:.\Generated_Source\PSoC5/DAC_1.c **** 	(void)CyDmaTdSetAddress(DAC_1_Wave1TD, LO16((uint32)wavePtr), LO16(DAC_1_DAC8__D));
 1094              		.loc 1 242 0
 1095 003e 0B4B     		ldr	r3, .L16+4
 1096 0040 1A78     		ldrb	r2, [r3]	@ zero_extendqisi2
 1097 0042 7B68     		ldr	r3, [r7, #4]
 1098 0044 9BB2     		uxth	r3, r3
 1099 0046 1046     		mov	r0, r2
 1100 0048 1946     		mov	r1, r3
 1101 004a 4FF4B742 		mov	r2, #23424
 1102 004e FFF7FEFF 		bl	CyDmaTdSetAddress
 243:.\Generated_Source\PSoC5/DAC_1.c **** 	
 244:.\Generated_Source\PSoC5/DAC_1.c **** 	/* Associate the TD with the channel */
 245:.\Generated_Source\PSoC5/DAC_1.c **** 	(void)CyDmaChSetInitialTd(DAC_1_Wave1Chan, DAC_1_Wave1TD);
 1103              		.loc 1 245 0
 1104 0052 054B     		ldr	r3, .L16
 1105 0054 1A78     		ldrb	r2, [r3]	@ zero_extendqisi2
 1106 0056 054B     		ldr	r3, .L16+4
 1107 0058 1B78     		ldrb	r3, [r3]	@ zero_extendqisi2
 1108 005a 1046     		mov	r0, r2
 1109 005c 1946     		mov	r1, r3
 1110 005e FFF7FEFF 		bl	CyDmaChSetInitialTd
 246:.\Generated_Source\PSoC5/DAC_1.c **** }
 1111              		.loc 1 246 0
 1112 0062 0837     		adds	r7, r7, #8
 1113 0064 BD46     		mov	sp, r7
 1114              		@ sp needed
 1115 0066 80BD     		pop	{r7, pc}
 1116              	.L17:
 1117              		.align	2
 1118              	.L16:
 1119 0068 01000000 		.word	DAC_1_Wave1Chan
 1120 006c 03000000 		.word	DAC_1_Wave1TD
 1121              		.cfi_endproc
ARM GAS  C:\Users\Leiuqeze\AppData\Local\Temp\ccbzcZza.s 			page 25


 1122              	.LFE5:
 1123              		.size	DAC_1_Wave1Setup, .-DAC_1_Wave1Setup
 1124              		.section	.text.DAC_1_Wave2Setup,"ax",%progbits
 1125              		.align	2
 1126              		.global	DAC_1_Wave2Setup
 1127              		.thumb
 1128              		.thumb_func
 1129              		.type	DAC_1_Wave2Setup, %function
 1130              	DAC_1_Wave2Setup:
 1131              	.LFB6:
 247:.\Generated_Source\PSoC5/DAC_1.c **** 
 248:.\Generated_Source\PSoC5/DAC_1.c **** 
 249:.\Generated_Source\PSoC5/DAC_1.c **** /*******************************************************************************
 250:.\Generated_Source\PSoC5/DAC_1.c **** * Function Name: DAC_1_Wave2Setup
 251:.\Generated_Source\PSoC5/DAC_1.c **** ********************************************************************************
 252:.\Generated_Source\PSoC5/DAC_1.c **** *
 253:.\Generated_Source\PSoC5/DAC_1.c **** * Summary:
 254:.\Generated_Source\PSoC5/DAC_1.c **** *  Sets pointer and size for waveform 2.                                    
 255:.\Generated_Source\PSoC5/DAC_1.c **** *
 256:.\Generated_Source\PSoC5/DAC_1.c **** * Parameters:  
 257:.\Generated_Source\PSoC5/DAC_1.c **** *  uint8 * WavePtr:     Pointer to the waveform array.
 258:.\Generated_Source\PSoC5/DAC_1.c **** *  uint16  SampleSize:  The amount of samples in the waveform.
 259:.\Generated_Source\PSoC5/DAC_1.c **** *
 260:.\Generated_Source\PSoC5/DAC_1.c **** * Return: 
 261:.\Generated_Source\PSoC5/DAC_1.c **** *  None
 262:.\Generated_Source\PSoC5/DAC_1.c **** *
 263:.\Generated_Source\PSoC5/DAC_1.c **** *******************************************************************************/
 264:.\Generated_Source\PSoC5/DAC_1.c **** void DAC_1_Wave2Setup(const uint8 * wavePtr, uint16 sampleSize)
 265:.\Generated_Source\PSoC5/DAC_1.c ****  
 266:.\Generated_Source\PSoC5/DAC_1.c **** {
 1132              		.loc 1 266 0
 1133              		.cfi_startproc
 1134              		@ args = 0, pretend = 0, frame = 8
 1135              		@ frame_needed = 1, uses_anonymous_args = 0
 1136 0000 80B5     		push	{r7, lr}
 1137              		.cfi_def_cfa_offset 8
 1138              		.cfi_offset 7, -8
 1139              		.cfi_offset 14, -4
 1140 0002 82B0     		sub	sp, sp, #8
 1141              		.cfi_def_cfa_offset 16
 1142 0004 00AF     		add	r7, sp, #0
 1143              		.cfi_def_cfa_register 7
 1144 0006 7860     		str	r0, [r7, #4]
 1145 0008 0B46     		mov	r3, r1
 1146 000a 7B80     		strh	r3, [r7, #2]	@ movhi
 267:.\Generated_Source\PSoC5/DAC_1.c **** 	#if (CY_PSOC3)
 268:.\Generated_Source\PSoC5/DAC_1.c **** 		uint16 memoryType; /* determining the source memory type */
 269:.\Generated_Source\PSoC5/DAC_1.c **** 		memoryType = (DAC_1_HI16FLASHPTR == HI16(wavePtr)) ? HI16(CYDEV_FLS_BASE) : HI16(CYDEV_SRAM_BASE)
 270:.\Generated_Source\PSoC5/DAC_1.c **** 			
 271:.\Generated_Source\PSoC5/DAC_1.c **** 		DAC_1_Wave2Chan = DAC_1_Wave2_DMA_DmaInitialize(
 272:.\Generated_Source\PSoC5/DAC_1.c **** 		DAC_1_Wave2_DMA_BYTES_PER_BURST, DAC_1_Wave2_DMA_REQUEST_PER_BURST,
 273:.\Generated_Source\PSoC5/DAC_1.c **** 		memoryType, HI16(CYDEV_PERIPH_BASE));
 274:.\Generated_Source\PSoC5/DAC_1.c **** 	#else /* PSoC 5 */
 275:.\Generated_Source\PSoC5/DAC_1.c **** 		DAC_1_Wave2Chan = DAC_1_Wave2_DMA_DmaInitialize(
 276:.\Generated_Source\PSoC5/DAC_1.c **** 		DAC_1_Wave2_DMA_BYTES_PER_BURST, DAC_1_Wave2_DMA_REQUEST_PER_BURST,
 277:.\Generated_Source\PSoC5/DAC_1.c **** 		HI16(wavePtr), HI16(DAC_1_DAC8__D));
 1147              		.loc 1 277 0
ARM GAS  C:\Users\Leiuqeze\AppData\Local\Temp\ccbzcZza.s 			page 26


 1148 000c 7B68     		ldr	r3, [r7, #4]
 1149 000e 1B0C     		lsrs	r3, r3, #16
 275:.\Generated_Source\PSoC5/DAC_1.c **** 		DAC_1_Wave2Chan = DAC_1_Wave2_DMA_DmaInitialize(
 1150              		.loc 1 275 0
 1151 0010 9BB2     		uxth	r3, r3
 1152 0012 0120     		movs	r0, #1
 1153 0014 0121     		movs	r1, #1
 1154 0016 1A46     		mov	r2, r3
 1155 0018 4FF48043 		mov	r3, #16384
 1156 001c FFF7FEFF 		bl	DAC_1_Wave2_DMA_DmaInitialize
 1157 0020 0346     		mov	r3, r0
 1158 0022 1A46     		mov	r2, r3
 1159 0024 104B     		ldr	r3, .L19
 1160 0026 1A70     		strb	r2, [r3]
 278:.\Generated_Source\PSoC5/DAC_1.c **** 	#endif /* CY_PSOC3 */
 279:.\Generated_Source\PSoC5/DAC_1.c **** 	
 280:.\Generated_Source\PSoC5/DAC_1.c **** 	/*
 281:.\Generated_Source\PSoC5/DAC_1.c **** 	* TD is looping on itself. 
 282:.\Generated_Source\PSoC5/DAC_1.c **** 	* Increment the source address, but not the destination address. 
 283:.\Generated_Source\PSoC5/DAC_1.c **** 	*/
 284:.\Generated_Source\PSoC5/DAC_1.c **** 	(void)CyDmaTdSetConfiguration(DAC_1_Wave2TD, sampleSize, DAC_1_Wave2TD, 
 1161              		.loc 1 284 0
 1162 0028 104B     		ldr	r3, .L19+4
 1163 002a 1978     		ldrb	r1, [r3]	@ zero_extendqisi2
 1164 002c 0F4B     		ldr	r3, .L19+4
 1165 002e 1B78     		ldrb	r3, [r3]	@ zero_extendqisi2
 1166 0030 7A88     		ldrh	r2, [r7, #2]
 1167 0032 0846     		mov	r0, r1
 1168 0034 1146     		mov	r1, r2
 1169 0036 1A46     		mov	r2, r3
 1170 0038 0123     		movs	r3, #1
 1171 003a FFF7FEFF 		bl	CyDmaTdSetConfiguration
 285:.\Generated_Source\PSoC5/DAC_1.c ****                                     (uint8)CY_DMA_TD_INC_SRC_ADR | (uint8)DAC_1_Wave2_DMA__TD_TERMO
 286:.\Generated_Source\PSoC5/DAC_1.c **** 	
 287:.\Generated_Source\PSoC5/DAC_1.c **** 	/* Set the TD source and destination address */
 288:.\Generated_Source\PSoC5/DAC_1.c **** 	(void)CyDmaTdSetAddress(DAC_1_Wave2TD, LO16((uint32)wavePtr), LO16(DAC_1_DAC8__D));
 1172              		.loc 1 288 0
 1173 003e 0B4B     		ldr	r3, .L19+4
 1174 0040 1A78     		ldrb	r2, [r3]	@ zero_extendqisi2
 1175 0042 7B68     		ldr	r3, [r7, #4]
 1176 0044 9BB2     		uxth	r3, r3
 1177 0046 1046     		mov	r0, r2
 1178 0048 1946     		mov	r1, r3
 1179 004a 4FF4B742 		mov	r2, #23424
 1180 004e FFF7FEFF 		bl	CyDmaTdSetAddress
 289:.\Generated_Source\PSoC5/DAC_1.c **** 	
 290:.\Generated_Source\PSoC5/DAC_1.c **** 	/* Associate the TD with the channel */
 291:.\Generated_Source\PSoC5/DAC_1.c **** 	(void)CyDmaChSetInitialTd(DAC_1_Wave2Chan, DAC_1_Wave2TD);
 1181              		.loc 1 291 0
 1182 0052 054B     		ldr	r3, .L19
 1183 0054 1A78     		ldrb	r2, [r3]	@ zero_extendqisi2
 1184 0056 054B     		ldr	r3, .L19+4
 1185 0058 1B78     		ldrb	r3, [r3]	@ zero_extendqisi2
 1186 005a 1046     		mov	r0, r2
 1187 005c 1946     		mov	r1, r3
 1188 005e FFF7FEFF 		bl	CyDmaChSetInitialTd
 292:.\Generated_Source\PSoC5/DAC_1.c **** }
ARM GAS  C:\Users\Leiuqeze\AppData\Local\Temp\ccbzcZza.s 			page 27


 1189              		.loc 1 292 0
 1190 0062 0837     		adds	r7, r7, #8
 1191 0064 BD46     		mov	sp, r7
 1192              		@ sp needed
 1193 0066 80BD     		pop	{r7, pc}
 1194              	.L20:
 1195              		.align	2
 1196              	.L19:
 1197 0068 02000000 		.word	DAC_1_Wave2Chan
 1198 006c 04000000 		.word	DAC_1_Wave2TD
 1199              		.cfi_endproc
 1200              	.LFE6:
 1201              		.size	DAC_1_Wave2Setup, .-DAC_1_Wave2Setup
 1202              		.text
 1203              	.Letext0:
 1204              		.file 2 ".\\Generated_Source\\PSoC5\\cytypes.h"
 1205              		.section	.debug_info,"",%progbits
 1206              	.Ldebug_info0:
 1207 0000 4C020000 		.4byte	0x24c
 1208 0004 0400     		.2byte	0x4
 1209 0006 00000000 		.4byte	.Ldebug_abbrev0
 1210 000a 04       		.byte	0x4
 1211 000b 01       		.uleb128 0x1
 1212 000c 50010000 		.4byte	.LASF36
 1213 0010 01       		.byte	0x1
 1214 0011 CC010000 		.4byte	.LASF37
 1215 0015 14000000 		.4byte	.LASF38
 1216 0019 00000000 		.4byte	.Ldebug_ranges0+0
 1217 001d 00000000 		.4byte	0
 1218 0021 00000000 		.4byte	.Ldebug_line0
 1219 0025 02       		.uleb128 0x2
 1220 0026 01       		.byte	0x1
 1221 0027 06       		.byte	0x6
 1222 0028 5F020000 		.4byte	.LASF0
 1223 002c 02       		.uleb128 0x2
 1224 002d 01       		.byte	0x1
 1225 002e 08       		.byte	0x8
 1226 002f FA000000 		.4byte	.LASF1
 1227 0033 02       		.uleb128 0x2
 1228 0034 02       		.byte	0x2
 1229 0035 05       		.byte	0x5
 1230 0036 27020000 		.4byte	.LASF2
 1231 003a 02       		.uleb128 0x2
 1232 003b 02       		.byte	0x2
 1233 003c 07       		.byte	0x7
 1234 003d 4F000000 		.4byte	.LASF3
 1235 0041 02       		.uleb128 0x2
 1236 0042 04       		.byte	0x4
 1237 0043 05       		.byte	0x5
 1238 0044 3D020000 		.4byte	.LASF4
 1239 0048 02       		.uleb128 0x2
 1240 0049 04       		.byte	0x4
 1241 004a 07       		.byte	0x7
 1242 004b B4000000 		.4byte	.LASF5
 1243 004f 02       		.uleb128 0x2
 1244 0050 08       		.byte	0x8
 1245 0051 05       		.byte	0x5
ARM GAS  C:\Users\Leiuqeze\AppData\Local\Temp\ccbzcZza.s 			page 28


 1246 0052 F6010000 		.4byte	.LASF6
 1247 0056 02       		.uleb128 0x2
 1248 0057 08       		.byte	0x8
 1249 0058 07       		.byte	0x7
 1250 0059 39010000 		.4byte	.LASF7
 1251 005d 03       		.uleb128 0x3
 1252 005e 04       		.byte	0x4
 1253 005f 05       		.byte	0x5
 1254 0060 696E7400 		.ascii	"int\000"
 1255 0064 02       		.uleb128 0x2
 1256 0065 04       		.byte	0x4
 1257 0066 07       		.byte	0x7
 1258 0067 62000000 		.4byte	.LASF8
 1259 006b 04       		.uleb128 0x4
 1260 006c CE000000 		.4byte	.LASF9
 1261 0070 02       		.byte	0x2
 1262 0071 A1       		.byte	0xa1
 1263 0072 2C000000 		.4byte	0x2c
 1264 0076 04       		.uleb128 0x4
 1265 0077 20010000 		.4byte	.LASF10
 1266 007b 02       		.byte	0x2
 1267 007c A2       		.byte	0xa2
 1268 007d 3A000000 		.4byte	0x3a
 1269 0081 04       		.uleb128 0x4
 1270 0082 27010000 		.4byte	.LASF11
 1271 0086 02       		.byte	0x2
 1272 0087 A3       		.byte	0xa3
 1273 0088 48000000 		.4byte	0x48
 1274 008c 02       		.uleb128 0x2
 1275 008d 04       		.byte	0x4
 1276 008e 04       		.byte	0x4
 1277 008f 0E000000 		.4byte	.LASF12
 1278 0093 02       		.uleb128 0x2
 1279 0094 08       		.byte	0x8
 1280 0095 04       		.byte	0x4
 1281 0096 08010000 		.4byte	.LASF13
 1282 009a 02       		.uleb128 0x2
 1283 009b 01       		.byte	0x1
 1284 009c 08       		.byte	0x8
 1285 009d 04020000 		.4byte	.LASF14
 1286 00a1 02       		.uleb128 0x2
 1287 00a2 04       		.byte	0x4
 1288 00a3 07       		.byte	0x7
 1289 00a4 ED010000 		.4byte	.LASF15
 1290 00a8 05       		.uleb128 0x5
 1291 00a9 2E010000 		.4byte	.LASF16
 1292 00ad 01       		.byte	0x1
 1293 00ae 2B       		.byte	0x2b
 1294 00af 00000000 		.4byte	.LFB0
 1295 00b3 54000000 		.4byte	.LFE0-.LFB0
 1296 00b7 01       		.uleb128 0x1
 1297 00b8 9C       		.byte	0x9c
 1298 00b9 05       		.uleb128 0x5
 1299 00ba 46020000 		.4byte	.LASF17
 1300 00be 01       		.byte	0x1
 1301 00bf 56       		.byte	0x56
 1302 00c0 00000000 		.4byte	.LFB1
ARM GAS  C:\Users\Leiuqeze\AppData\Local\Temp\ccbzcZza.s 			page 29


 1303 00c4 34000000 		.4byte	.LFE1-.LFB1
 1304 00c8 01       		.uleb128 0x1
 1305 00c9 9C       		.byte	0x9c
 1306 00ca 05       		.uleb128 0x5
 1307 00cb 9D000000 		.4byte	.LASF18
 1308 00cf 01       		.byte	0x1
 1309 00d0 81       		.byte	0x81
 1310 00d1 00000000 		.4byte	.LFB2
 1311 00d5 20000000 		.4byte	.LFE2-.LFB2
 1312 00d9 01       		.uleb128 0x1
 1313 00da 9C       		.byte	0x9c
 1314 00db 06       		.uleb128 0x6
 1315 00dc 41000000 		.4byte	.LASF24
 1316 00e0 01       		.byte	0x1
 1317 00e1 A3       		.byte	0xa3
 1318 00e2 00000000 		.4byte	.LFB3
 1319 00e6 2E000000 		.4byte	.LFE3-.LFB3
 1320 00ea 01       		.uleb128 0x1
 1321 00eb 9C       		.byte	0x9c
 1322 00ec 29010000 		.4byte	0x129
 1323 00f0 07       		.uleb128 0x7
 1324 00f1 6F000000 		.4byte	.LASF19
 1325 00f5 01       		.byte	0x1
 1326 00f6 A3       		.byte	0xa3
 1327 00f7 29010000 		.4byte	0x129
 1328 00fb 02       		.uleb128 0x2
 1329 00fc 91       		.byte	0x91
 1330 00fd 74       		.sleb128 -12
 1331 00fe 07       		.uleb128 0x7
 1332 00ff E2000000 		.4byte	.LASF20
 1333 0103 01       		.byte	0x1
 1334 0104 A3       		.byte	0xa3
 1335 0105 76000000 		.4byte	0x76
 1336 0109 02       		.uleb128 0x2
 1337 010a 91       		.byte	0x91
 1338 010b 72       		.sleb128 -14
 1339 010c 07       		.uleb128 0x7
 1340 010d 78000000 		.4byte	.LASF21
 1341 0111 01       		.byte	0x1
 1342 0112 A3       		.byte	0xa3
 1343 0113 29010000 		.4byte	0x129
 1344 0117 02       		.uleb128 0x2
 1345 0118 91       		.byte	0x91
 1346 0119 6C       		.sleb128 -20
 1347 011a 07       		.uleb128 0x7
 1348 011b EE000000 		.4byte	.LASF22
 1349 011f 01       		.byte	0x1
 1350 0120 A3       		.byte	0xa3
 1351 0121 76000000 		.4byte	0x76
 1352 0125 02       		.uleb128 0x2
 1353 0126 91       		.byte	0x91
 1354 0127 70       		.sleb128 -16
 1355 0128 00       		.byte	0
 1356 0129 08       		.uleb128 0x8
 1357 012a 04       		.byte	0x4
 1358 012b 2F010000 		.4byte	0x12f
 1359 012f 09       		.uleb128 0x9
ARM GAS  C:\Users\Leiuqeze\AppData\Local\Temp\ccbzcZza.s 			page 30


 1360 0130 6B000000 		.4byte	0x6b
 1361 0134 05       		.uleb128 0x5
 1362 0135 81000000 		.4byte	.LASF23
 1363 0139 01       		.byte	0x1
 1364 013a BB       		.byte	0xbb
 1365 013b 00000000 		.4byte	.LFB4
 1366 013f 2C000000 		.4byte	.LFE4-.LFB4
 1367 0143 01       		.uleb128 0x1
 1368 0144 9C       		.byte	0x9c
 1369 0145 06       		.uleb128 0x6
 1370 0146 8C000000 		.4byte	.LASF25
 1371 014a 01       		.byte	0x1
 1372 014b DA       		.byte	0xda
 1373 014c 00000000 		.4byte	.LFB5
 1374 0150 70000000 		.4byte	.LFE5-.LFB5
 1375 0154 01       		.uleb128 0x1
 1376 0155 9C       		.byte	0x9c
 1377 0156 77010000 		.4byte	0x177
 1378 015a 07       		.uleb128 0x7
 1379 015b C6000000 		.4byte	.LASF26
 1380 015f 01       		.byte	0x1
 1381 0160 DA       		.byte	0xda
 1382 0161 29010000 		.4byte	0x129
 1383 0165 02       		.uleb128 0x2
 1384 0166 91       		.byte	0x91
 1385 0167 74       		.sleb128 -12
 1386 0168 07       		.uleb128 0x7
 1387 0169 A9000000 		.4byte	.LASF27
 1388 016d 01       		.byte	0x1
 1389 016e DA       		.byte	0xda
 1390 016f 76000000 		.4byte	0x76
 1391 0173 02       		.uleb128 0x2
 1392 0174 91       		.byte	0x91
 1393 0175 72       		.sleb128 -14
 1394 0176 00       		.byte	0
 1395 0177 0A       		.uleb128 0xa
 1396 0178 0F010000 		.4byte	.LASF28
 1397 017c 01       		.byte	0x1
 1398 017d 0801     		.2byte	0x108
 1399 017f 00000000 		.4byte	.LFB6
 1400 0183 70000000 		.4byte	.LFE6-.LFB6
 1401 0187 01       		.uleb128 0x1
 1402 0188 9C       		.byte	0x9c
 1403 0189 AC010000 		.4byte	0x1ac
 1404 018d 0B       		.uleb128 0xb
 1405 018e C6000000 		.4byte	.LASF26
 1406 0192 01       		.byte	0x1
 1407 0193 0801     		.2byte	0x108
 1408 0195 29010000 		.4byte	0x129
 1409 0199 02       		.uleb128 0x2
 1410 019a 91       		.byte	0x91
 1411 019b 74       		.sleb128 -12
 1412 019c 0B       		.uleb128 0xb
 1413 019d A9000000 		.4byte	.LASF27
 1414 01a1 01       		.byte	0x1
 1415 01a2 0801     		.2byte	0x108
 1416 01a4 76000000 		.4byte	0x76
ARM GAS  C:\Users\Leiuqeze\AppData\Local\Temp\ccbzcZza.s 			page 31


 1417 01a8 02       		.uleb128 0x2
 1418 01a9 91       		.byte	0x91
 1419 01aa 72       		.sleb128 -14
 1420 01ab 00       		.byte	0
 1421 01ac 0C       		.uleb128 0xc
 1422 01ad 09020000 		.4byte	.LASF29
 1423 01b1 01       		.byte	0x1
 1424 01b2 17       		.byte	0x17
 1425 01b3 6B000000 		.4byte	0x6b
 1426 01b7 05       		.uleb128 0x5
 1427 01b8 03       		.byte	0x3
 1428 01b9 01000000 		.4byte	DAC_1_Wave1Chan
 1429 01bd 0C       		.uleb128 0xc
 1430 01be 6B020000 		.4byte	.LASF30
 1431 01c2 01       		.byte	0x1
 1432 01c3 18       		.byte	0x18
 1433 01c4 6B000000 		.4byte	0x6b
 1434 01c8 05       		.uleb128 0x5
 1435 01c9 03       		.byte	0x3
 1436 01ca 02000000 		.4byte	DAC_1_Wave2Chan
 1437 01ce 0C       		.uleb128 0xc
 1438 01cf 00000000 		.4byte	.LASF31
 1439 01d3 01       		.byte	0x1
 1440 01d4 19       		.byte	0x19
 1441 01d5 6B000000 		.4byte	0x6b
 1442 01d9 05       		.uleb128 0x5
 1443 01da 03       		.byte	0x3
 1444 01db 03000000 		.4byte	DAC_1_Wave1TD
 1445 01df 0C       		.uleb128 0xc
 1446 01e0 D4000000 		.4byte	.LASF32
 1447 01e4 01       		.byte	0x1
 1448 01e5 1A       		.byte	0x1a
 1449 01e6 6B000000 		.4byte	0x6b
 1450 01ea 05       		.uleb128 0x5
 1451 01eb 03       		.byte	0x3
 1452 01ec 04000000 		.4byte	DAC_1_Wave2TD
 1453 01f0 0D       		.uleb128 0xd
 1454 01f1 19020000 		.4byte	.LASF33
 1455 01f5 01       		.byte	0x1
 1456 01f6 12       		.byte	0x12
 1457 01f7 6B000000 		.4byte	0x6b
 1458 01fb 05       		.uleb128 0x5
 1459 01fc 03       		.byte	0x3
 1460 01fd 00000000 		.4byte	DAC_1_initVar
 1461 0201 0E       		.uleb128 0xe
 1462 0202 6B000000 		.4byte	0x6b
 1463 0206 12020000 		.4byte	0x212
 1464 020a 0F       		.uleb128 0xf
 1465 020b A1000000 		.4byte	0xa1
 1466 020f 0B01     		.2byte	0x10b
 1467 0211 00       		.byte	0
 1468 0212 0D       		.uleb128 0xd
 1469 0213 53020000 		.4byte	.LASF34
 1470 0217 01       		.byte	0x1
 1471 0218 14       		.byte	0x14
 1472 0219 23020000 		.4byte	0x223
 1473 021d 05       		.uleb128 0x5
ARM GAS  C:\Users\Leiuqeze\AppData\Local\Temp\ccbzcZza.s 			page 32


 1474 021e 03       		.byte	0x3
 1475 021f 00000000 		.4byte	DAC_1_wave1
 1476 0223 09       		.uleb128 0x9
 1477 0224 01020000 		.4byte	0x201
 1478 0228 0E       		.uleb128 0xe
 1479 0229 6B000000 		.4byte	0x6b
 1480 022d 39020000 		.4byte	0x239
 1481 0231 0F       		.uleb128 0xf
 1482 0232 A1000000 		.4byte	0xa1
 1483 0236 F301     		.2byte	0x1f3
 1484 0238 00       		.byte	0
 1485 0239 0D       		.uleb128 0xd
 1486 023a 31020000 		.4byte	.LASF35
 1487 023e 01       		.byte	0x1
 1488 023f 15       		.byte	0x15
 1489 0240 4A020000 		.4byte	0x24a
 1490 0244 05       		.uleb128 0x5
 1491 0245 03       		.byte	0x3
 1492 0246 00000000 		.4byte	DAC_1_wave2
 1493 024a 09       		.uleb128 0x9
 1494 024b 28020000 		.4byte	0x228
 1495 024f 00       		.byte	0
 1496              		.section	.debug_abbrev,"",%progbits
 1497              	.Ldebug_abbrev0:
 1498 0000 01       		.uleb128 0x1
 1499 0001 11       		.uleb128 0x11
 1500 0002 01       		.byte	0x1
 1501 0003 25       		.uleb128 0x25
 1502 0004 0E       		.uleb128 0xe
 1503 0005 13       		.uleb128 0x13
 1504 0006 0B       		.uleb128 0xb
 1505 0007 03       		.uleb128 0x3
 1506 0008 0E       		.uleb128 0xe
 1507 0009 1B       		.uleb128 0x1b
 1508 000a 0E       		.uleb128 0xe
 1509 000b 55       		.uleb128 0x55
 1510 000c 17       		.uleb128 0x17
 1511 000d 11       		.uleb128 0x11
 1512 000e 01       		.uleb128 0x1
 1513 000f 10       		.uleb128 0x10
 1514 0010 17       		.uleb128 0x17
 1515 0011 00       		.byte	0
 1516 0012 00       		.byte	0
 1517 0013 02       		.uleb128 0x2
 1518 0014 24       		.uleb128 0x24
 1519 0015 00       		.byte	0
 1520 0016 0B       		.uleb128 0xb
 1521 0017 0B       		.uleb128 0xb
 1522 0018 3E       		.uleb128 0x3e
 1523 0019 0B       		.uleb128 0xb
 1524 001a 03       		.uleb128 0x3
 1525 001b 0E       		.uleb128 0xe
 1526 001c 00       		.byte	0
 1527 001d 00       		.byte	0
 1528 001e 03       		.uleb128 0x3
 1529 001f 24       		.uleb128 0x24
 1530 0020 00       		.byte	0
ARM GAS  C:\Users\Leiuqeze\AppData\Local\Temp\ccbzcZza.s 			page 33


 1531 0021 0B       		.uleb128 0xb
 1532 0022 0B       		.uleb128 0xb
 1533 0023 3E       		.uleb128 0x3e
 1534 0024 0B       		.uleb128 0xb
 1535 0025 03       		.uleb128 0x3
 1536 0026 08       		.uleb128 0x8
 1537 0027 00       		.byte	0
 1538 0028 00       		.byte	0
 1539 0029 04       		.uleb128 0x4
 1540 002a 16       		.uleb128 0x16
 1541 002b 00       		.byte	0
 1542 002c 03       		.uleb128 0x3
 1543 002d 0E       		.uleb128 0xe
 1544 002e 3A       		.uleb128 0x3a
 1545 002f 0B       		.uleb128 0xb
 1546 0030 3B       		.uleb128 0x3b
 1547 0031 0B       		.uleb128 0xb
 1548 0032 49       		.uleb128 0x49
 1549 0033 13       		.uleb128 0x13
 1550 0034 00       		.byte	0
 1551 0035 00       		.byte	0
 1552 0036 05       		.uleb128 0x5
 1553 0037 2E       		.uleb128 0x2e
 1554 0038 00       		.byte	0
 1555 0039 3F       		.uleb128 0x3f
 1556 003a 19       		.uleb128 0x19
 1557 003b 03       		.uleb128 0x3
 1558 003c 0E       		.uleb128 0xe
 1559 003d 3A       		.uleb128 0x3a
 1560 003e 0B       		.uleb128 0xb
 1561 003f 3B       		.uleb128 0x3b
 1562 0040 0B       		.uleb128 0xb
 1563 0041 27       		.uleb128 0x27
 1564 0042 19       		.uleb128 0x19
 1565 0043 11       		.uleb128 0x11
 1566 0044 01       		.uleb128 0x1
 1567 0045 12       		.uleb128 0x12
 1568 0046 06       		.uleb128 0x6
 1569 0047 40       		.uleb128 0x40
 1570 0048 18       		.uleb128 0x18
 1571 0049 9642     		.uleb128 0x2116
 1572 004b 19       		.uleb128 0x19
 1573 004c 00       		.byte	0
 1574 004d 00       		.byte	0
 1575 004e 06       		.uleb128 0x6
 1576 004f 2E       		.uleb128 0x2e
 1577 0050 01       		.byte	0x1
 1578 0051 3F       		.uleb128 0x3f
 1579 0052 19       		.uleb128 0x19
 1580 0053 03       		.uleb128 0x3
 1581 0054 0E       		.uleb128 0xe
 1582 0055 3A       		.uleb128 0x3a
 1583 0056 0B       		.uleb128 0xb
 1584 0057 3B       		.uleb128 0x3b
 1585 0058 0B       		.uleb128 0xb
 1586 0059 27       		.uleb128 0x27
 1587 005a 19       		.uleb128 0x19
ARM GAS  C:\Users\Leiuqeze\AppData\Local\Temp\ccbzcZza.s 			page 34


 1588 005b 11       		.uleb128 0x11
 1589 005c 01       		.uleb128 0x1
 1590 005d 12       		.uleb128 0x12
 1591 005e 06       		.uleb128 0x6
 1592 005f 40       		.uleb128 0x40
 1593 0060 18       		.uleb128 0x18
 1594 0061 9642     		.uleb128 0x2116
 1595 0063 19       		.uleb128 0x19
 1596 0064 01       		.uleb128 0x1
 1597 0065 13       		.uleb128 0x13
 1598 0066 00       		.byte	0
 1599 0067 00       		.byte	0
 1600 0068 07       		.uleb128 0x7
 1601 0069 05       		.uleb128 0x5
 1602 006a 00       		.byte	0
 1603 006b 03       		.uleb128 0x3
 1604 006c 0E       		.uleb128 0xe
 1605 006d 3A       		.uleb128 0x3a
 1606 006e 0B       		.uleb128 0xb
 1607 006f 3B       		.uleb128 0x3b
 1608 0070 0B       		.uleb128 0xb
 1609 0071 49       		.uleb128 0x49
 1610 0072 13       		.uleb128 0x13
 1611 0073 02       		.uleb128 0x2
 1612 0074 18       		.uleb128 0x18
 1613 0075 00       		.byte	0
 1614 0076 00       		.byte	0
 1615 0077 08       		.uleb128 0x8
 1616 0078 0F       		.uleb128 0xf
 1617 0079 00       		.byte	0
 1618 007a 0B       		.uleb128 0xb
 1619 007b 0B       		.uleb128 0xb
 1620 007c 49       		.uleb128 0x49
 1621 007d 13       		.uleb128 0x13
 1622 007e 00       		.byte	0
 1623 007f 00       		.byte	0
 1624 0080 09       		.uleb128 0x9
 1625 0081 26       		.uleb128 0x26
 1626 0082 00       		.byte	0
 1627 0083 49       		.uleb128 0x49
 1628 0084 13       		.uleb128 0x13
 1629 0085 00       		.byte	0
 1630 0086 00       		.byte	0
 1631 0087 0A       		.uleb128 0xa
 1632 0088 2E       		.uleb128 0x2e
 1633 0089 01       		.byte	0x1
 1634 008a 3F       		.uleb128 0x3f
 1635 008b 19       		.uleb128 0x19
 1636 008c 03       		.uleb128 0x3
 1637 008d 0E       		.uleb128 0xe
 1638 008e 3A       		.uleb128 0x3a
 1639 008f 0B       		.uleb128 0xb
 1640 0090 3B       		.uleb128 0x3b
 1641 0091 05       		.uleb128 0x5
 1642 0092 27       		.uleb128 0x27
 1643 0093 19       		.uleb128 0x19
 1644 0094 11       		.uleb128 0x11
ARM GAS  C:\Users\Leiuqeze\AppData\Local\Temp\ccbzcZza.s 			page 35


 1645 0095 01       		.uleb128 0x1
 1646 0096 12       		.uleb128 0x12
 1647 0097 06       		.uleb128 0x6
 1648 0098 40       		.uleb128 0x40
 1649 0099 18       		.uleb128 0x18
 1650 009a 9642     		.uleb128 0x2116
 1651 009c 19       		.uleb128 0x19
 1652 009d 01       		.uleb128 0x1
 1653 009e 13       		.uleb128 0x13
 1654 009f 00       		.byte	0
 1655 00a0 00       		.byte	0
 1656 00a1 0B       		.uleb128 0xb
 1657 00a2 05       		.uleb128 0x5
 1658 00a3 00       		.byte	0
 1659 00a4 03       		.uleb128 0x3
 1660 00a5 0E       		.uleb128 0xe
 1661 00a6 3A       		.uleb128 0x3a
 1662 00a7 0B       		.uleb128 0xb
 1663 00a8 3B       		.uleb128 0x3b
 1664 00a9 05       		.uleb128 0x5
 1665 00aa 49       		.uleb128 0x49
 1666 00ab 13       		.uleb128 0x13
 1667 00ac 02       		.uleb128 0x2
 1668 00ad 18       		.uleb128 0x18
 1669 00ae 00       		.byte	0
 1670 00af 00       		.byte	0
 1671 00b0 0C       		.uleb128 0xc
 1672 00b1 34       		.uleb128 0x34
 1673 00b2 00       		.byte	0
 1674 00b3 03       		.uleb128 0x3
 1675 00b4 0E       		.uleb128 0xe
 1676 00b5 3A       		.uleb128 0x3a
 1677 00b6 0B       		.uleb128 0xb
 1678 00b7 3B       		.uleb128 0x3b
 1679 00b8 0B       		.uleb128 0xb
 1680 00b9 49       		.uleb128 0x49
 1681 00ba 13       		.uleb128 0x13
 1682 00bb 02       		.uleb128 0x2
 1683 00bc 18       		.uleb128 0x18
 1684 00bd 00       		.byte	0
 1685 00be 00       		.byte	0
 1686 00bf 0D       		.uleb128 0xd
 1687 00c0 34       		.uleb128 0x34
 1688 00c1 00       		.byte	0
 1689 00c2 03       		.uleb128 0x3
 1690 00c3 0E       		.uleb128 0xe
 1691 00c4 3A       		.uleb128 0x3a
 1692 00c5 0B       		.uleb128 0xb
 1693 00c6 3B       		.uleb128 0x3b
 1694 00c7 0B       		.uleb128 0xb
 1695 00c8 49       		.uleb128 0x49
 1696 00c9 13       		.uleb128 0x13
 1697 00ca 3F       		.uleb128 0x3f
 1698 00cb 19       		.uleb128 0x19
 1699 00cc 02       		.uleb128 0x2
 1700 00cd 18       		.uleb128 0x18
 1701 00ce 00       		.byte	0
ARM GAS  C:\Users\Leiuqeze\AppData\Local\Temp\ccbzcZza.s 			page 36


 1702 00cf 00       		.byte	0
 1703 00d0 0E       		.uleb128 0xe
 1704 00d1 01       		.uleb128 0x1
 1705 00d2 01       		.byte	0x1
 1706 00d3 49       		.uleb128 0x49
 1707 00d4 13       		.uleb128 0x13
 1708 00d5 01       		.uleb128 0x1
 1709 00d6 13       		.uleb128 0x13
 1710 00d7 00       		.byte	0
 1711 00d8 00       		.byte	0
 1712 00d9 0F       		.uleb128 0xf
 1713 00da 21       		.uleb128 0x21
 1714 00db 00       		.byte	0
 1715 00dc 49       		.uleb128 0x49
 1716 00dd 13       		.uleb128 0x13
 1717 00de 2F       		.uleb128 0x2f
 1718 00df 05       		.uleb128 0x5
 1719 00e0 00       		.byte	0
 1720 00e1 00       		.byte	0
 1721 00e2 00       		.byte	0
 1722              		.section	.debug_aranges,"",%progbits
 1723 0000 4C000000 		.4byte	0x4c
 1724 0004 0200     		.2byte	0x2
 1725 0006 00000000 		.4byte	.Ldebug_info0
 1726 000a 04       		.byte	0x4
 1727 000b 00       		.byte	0
 1728 000c 0000     		.2byte	0
 1729 000e 0000     		.2byte	0
 1730 0010 00000000 		.4byte	.LFB0
 1731 0014 54000000 		.4byte	.LFE0-.LFB0
 1732 0018 00000000 		.4byte	.LFB1
 1733 001c 34000000 		.4byte	.LFE1-.LFB1
 1734 0020 00000000 		.4byte	.LFB2
 1735 0024 20000000 		.4byte	.LFE2-.LFB2
 1736 0028 00000000 		.4byte	.LFB3
 1737 002c 2E000000 		.4byte	.LFE3-.LFB3
 1738 0030 00000000 		.4byte	.LFB4
 1739 0034 2C000000 		.4byte	.LFE4-.LFB4
 1740 0038 00000000 		.4byte	.LFB5
 1741 003c 70000000 		.4byte	.LFE5-.LFB5
 1742 0040 00000000 		.4byte	.LFB6
 1743 0044 70000000 		.4byte	.LFE6-.LFB6
 1744 0048 00000000 		.4byte	0
 1745 004c 00000000 		.4byte	0
 1746              		.section	.debug_ranges,"",%progbits
 1747              	.Ldebug_ranges0:
 1748 0000 00000000 		.4byte	.LFB0
 1749 0004 54000000 		.4byte	.LFE0
 1750 0008 00000000 		.4byte	.LFB1
 1751 000c 34000000 		.4byte	.LFE1
 1752 0010 00000000 		.4byte	.LFB2
 1753 0014 20000000 		.4byte	.LFE2
 1754 0018 00000000 		.4byte	.LFB3
 1755 001c 2E000000 		.4byte	.LFE3
 1756 0020 00000000 		.4byte	.LFB4
 1757 0024 2C000000 		.4byte	.LFE4
 1758 0028 00000000 		.4byte	.LFB5
ARM GAS  C:\Users\Leiuqeze\AppData\Local\Temp\ccbzcZza.s 			page 37


 1759 002c 70000000 		.4byte	.LFE5
 1760 0030 00000000 		.4byte	.LFB6
 1761 0034 70000000 		.4byte	.LFE6
 1762 0038 00000000 		.4byte	0
 1763 003c 00000000 		.4byte	0
 1764              		.section	.debug_line,"",%progbits
 1765              	.Ldebug_line0:
 1766 0000 ED000000 		.section	.debug_str,"MS",%progbits,1
 1766      02004400 
 1766      00000201 
 1766      FB0E0D00 
 1766      01010101 
 1767              	.LASF31:
 1768 0000 4441435F 		.ascii	"DAC_1_Wave1TD\000"
 1768      315F5761 
 1768      76653154 
 1768      4400
 1769              	.LASF12:
 1770 000e 666C6F61 		.ascii	"float\000"
 1770      7400
 1771              	.LASF38:
 1772 0014 433A5C55 		.ascii	"C:\\Users\\Leiuqeze\\Desktop\\Oscope_Alpha.cydsn\000"
 1772      73657273 
 1772      5C4C6569 
 1772      7571657A 
 1772      655C4465 
 1773              	.LASF24:
 1774 0041 4441435F 		.ascii	"DAC_1_StartEx\000"
 1774      315F5374 
 1774      61727445 
 1774      7800
 1775              	.LASF3:
 1776 004f 73686F72 		.ascii	"short unsigned int\000"
 1776      7420756E 
 1776      7369676E 
 1776      65642069 
 1776      6E7400
 1777              	.LASF8:
 1778 0062 756E7369 		.ascii	"unsigned int\000"
 1778      676E6564 
 1778      20696E74 
 1778      00
 1779              	.LASF19:
 1780 006f 77617665 		.ascii	"wavePtr1\000"
 1780      50747231 
 1780      00
 1781              	.LASF21:
 1782 0078 77617665 		.ascii	"wavePtr2\000"
 1782      50747232 
 1782      00
 1783              	.LASF23:
 1784 0081 4441435F 		.ascii	"DAC_1_Stop\000"
 1784      315F5374 
 1784      6F7000
 1785              	.LASF25:
 1786 008c 4441435F 		.ascii	"DAC_1_Wave1Setup\000"
 1786      315F5761 
ARM GAS  C:\Users\Leiuqeze\AppData\Local\Temp\ccbzcZza.s 			page 38


 1786      76653153 
 1786      65747570 
 1786      00
 1787              	.LASF18:
 1788 009d 4441435F 		.ascii	"DAC_1_Start\000"
 1788      315F5374 
 1788      61727400 
 1789              	.LASF27:
 1790 00a9 73616D70 		.ascii	"sampleSize\000"
 1790      6C655369 
 1790      7A6500
 1791              	.LASF5:
 1792 00b4 6C6F6E67 		.ascii	"long unsigned int\000"
 1792      20756E73 
 1792      69676E65 
 1792      6420696E 
 1792      7400
 1793              	.LASF26:
 1794 00c6 77617665 		.ascii	"wavePtr\000"
 1794      50747200 
 1795              	.LASF9:
 1796 00ce 75696E74 		.ascii	"uint8\000"
 1796      3800
 1797              	.LASF32:
 1798 00d4 4441435F 		.ascii	"DAC_1_Wave2TD\000"
 1798      315F5761 
 1798      76653254 
 1798      4400
 1799              	.LASF20:
 1800 00e2 73616D70 		.ascii	"sampleSize1\000"
 1800      6C655369 
 1800      7A653100 
 1801              	.LASF22:
 1802 00ee 73616D70 		.ascii	"sampleSize2\000"
 1802      6C655369 
 1802      7A653200 
 1803              	.LASF1:
 1804 00fa 756E7369 		.ascii	"unsigned char\000"
 1804      676E6564 
 1804      20636861 
 1804      7200
 1805              	.LASF13:
 1806 0108 646F7562 		.ascii	"double\000"
 1806      6C6500
 1807              	.LASF28:
 1808 010f 4441435F 		.ascii	"DAC_1_Wave2Setup\000"
 1808      315F5761 
 1808      76653253 
 1808      65747570 
 1808      00
 1809              	.LASF10:
 1810 0120 75696E74 		.ascii	"uint16\000"
 1810      313600
 1811              	.LASF11:
 1812 0127 75696E74 		.ascii	"uint32\000"
 1812      333200
 1813              	.LASF16:
ARM GAS  C:\Users\Leiuqeze\AppData\Local\Temp\ccbzcZza.s 			page 39


 1814 012e 4441435F 		.ascii	"DAC_1_Init\000"
 1814      315F496E 
 1814      697400
 1815              	.LASF7:
 1816 0139 6C6F6E67 		.ascii	"long long unsigned int\000"
 1816      206C6F6E 
 1816      6720756E 
 1816      7369676E 
 1816      65642069 
 1817              	.LASF36:
 1818 0150 474E5520 		.ascii	"GNU C 4.8.4 20140526 (release) [ARM/embedded-4_8-br"
 1818      4320342E 
 1818      382E3420 
 1818      32303134 
 1818      30353236 
 1819 0183 616E6368 		.ascii	"anch revision 211358] -mcpu=cortex-m3 -mthumb -g -O"
 1819      20726576 
 1819      6973696F 
 1819      6E203231 
 1819      31333538 
 1820 01b6 30202D66 		.ascii	"0 -ffunction-sections\000"
 1820      66756E63 
 1820      74696F6E 
 1820      2D736563 
 1820      74696F6E 
 1821              	.LASF37:
 1822 01cc 2E5C4765 		.ascii	".\\Generated_Source\\PSoC5\\DAC_1.c\000"
 1822      6E657261 
 1822      7465645F 
 1822      536F7572 
 1822      63655C50 
 1823              	.LASF15:
 1824 01ed 73697A65 		.ascii	"sizetype\000"
 1824      74797065 
 1824      00
 1825              	.LASF6:
 1826 01f6 6C6F6E67 		.ascii	"long long int\000"
 1826      206C6F6E 
 1826      6720696E 
 1826      7400
 1827              	.LASF14:
 1828 0204 63686172 		.ascii	"char\000"
 1828      00
 1829              	.LASF29:
 1830 0209 4441435F 		.ascii	"DAC_1_Wave1Chan\000"
 1830      315F5761 
 1830      76653143 
 1830      68616E00 
 1831              	.LASF33:
 1832 0219 4441435F 		.ascii	"DAC_1_initVar\000"
 1832      315F696E 
 1832      69745661 
 1832      7200
 1833              	.LASF2:
 1834 0227 73686F72 		.ascii	"short int\000"
 1834      7420696E 
 1834      7400
ARM GAS  C:\Users\Leiuqeze\AppData\Local\Temp\ccbzcZza.s 			page 40


 1835              	.LASF35:
 1836 0231 4441435F 		.ascii	"DAC_1_wave2\000"
 1836      315F7761 
 1836      76653200 
 1837              	.LASF4:
 1838 023d 6C6F6E67 		.ascii	"long int\000"
 1838      20696E74 
 1838      00
 1839              	.LASF17:
 1840 0246 4441435F 		.ascii	"DAC_1_Enable\000"
 1840      315F456E 
 1840      61626C65 
 1840      00
 1841              	.LASF34:
 1842 0253 4441435F 		.ascii	"DAC_1_wave1\000"
 1842      315F7761 
 1842      76653100 
 1843              	.LASF0:
 1844 025f 7369676E 		.ascii	"signed char\000"
 1844      65642063 
 1844      68617200 
 1845              	.LASF30:
 1846 026b 4441435F 		.ascii	"DAC_1_Wave2Chan\000"
 1846      315F5761 
 1846      76653243 
 1846      68616E00 
 1847              		.ident	"GCC: (GNU Tools for ARM Embedded Processors) 4.8.4 20140526 (release) [ARM/embedded-4_8-br
