ARM GAS  C:\Users\Leiuqeze\AppData\Local\Temp\ccgGByRE.s 			page 1


   1              		.syntax unified
   2              		.cpu cortex-m3
   3              		.fpu softvfp
   4              		.eabi_attribute 20, 1
   5              		.eabi_attribute 21, 1
   6              		.eabi_attribute 23, 3
   7              		.eabi_attribute 24, 1
   8              		.eabi_attribute 25, 1
   9              		.eabi_attribute 26, 1
  10              		.eabi_attribute 30, 6
  11              		.eabi_attribute 34, 1
  12              		.eabi_attribute 18, 4
  13              		.thumb
  14              		.file	"LPF_PVT.c"
  15              		.text
  16              	.Ltext0:
  17              		.cfi_sections	.debug_frame
  18              		.section	.text.LPF_SetInterruptMode,"ax",%progbits
  19              		.align	2
  20              		.global	LPF_SetInterruptMode
  21              		.thumb
  22              		.thumb_func
  23              		.type	LPF_SetInterruptMode, %function
  24              	LPF_SetInterruptMode:
  25              	.LFB0:
  26              		.file 1 ".\\Generated_Source\\PSoC5\\LPF_PVT.c"
   1:.\Generated_Source\PSoC5/LPF_PVT.c **** /*******************************************************************************
   2:.\Generated_Source\PSoC5/LPF_PVT.c **** * File Name: LPF_PVT.c
   3:.\Generated_Source\PSoC5/LPF_PVT.c **** * Version 2.30
   4:.\Generated_Source\PSoC5/LPF_PVT.c **** *
   5:.\Generated_Source\PSoC5/LPF_PVT.c **** * Description:
   6:.\Generated_Source\PSoC5/LPF_PVT.c **** *  This file provides source code for FILT component internal functions.
   7:.\Generated_Source\PSoC5/LPF_PVT.c **** *
   8:.\Generated_Source\PSoC5/LPF_PVT.c **** * Note:
   9:.\Generated_Source\PSoC5/LPF_PVT.c **** *  
  10:.\Generated_Source\PSoC5/LPF_PVT.c **** *******************************************************************************
  11:.\Generated_Source\PSoC5/LPF_PVT.c **** * Copyright 2008-2013, Cypress Semiconductor Corporation.  All rights reserved.
  12:.\Generated_Source\PSoC5/LPF_PVT.c **** * You may use this file only in accordance with the license, terms, conditions, 
  13:.\Generated_Source\PSoC5/LPF_PVT.c **** * disclaimers, and limitations in the end user license agreement accompanying 
  14:.\Generated_Source\PSoC5/LPF_PVT.c **** * the software package with which this file was provided.
  15:.\Generated_Source\PSoC5/LPF_PVT.c **** ********************************************************************************/
  16:.\Generated_Source\PSoC5/LPF_PVT.c **** 
  17:.\Generated_Source\PSoC5/LPF_PVT.c **** #include "LPF_PVT.h"
  18:.\Generated_Source\PSoC5/LPF_PVT.c **** 
  19:.\Generated_Source\PSoC5/LPF_PVT.c **** 
  20:.\Generated_Source\PSoC5/LPF_PVT.c **** /*******************************************************************************
  21:.\Generated_Source\PSoC5/LPF_PVT.c **** * Function Name: LPF_SetInterruptMode
  22:.\Generated_Source\PSoC5/LPF_PVT.c **** ********************************************************************************
  23:.\Generated_Source\PSoC5/LPF_PVT.c **** *
  24:.\Generated_Source\PSoC5/LPF_PVT.c **** * Summary:
  25:.\Generated_Source\PSoC5/LPF_PVT.c **** *  Assign the events which will trigger a DFB interrupt to be triggered. 
  26:.\Generated_Source\PSoC5/LPF_PVT.c **** *
  27:.\Generated_Source\PSoC5/LPF_PVT.c **** * Parameters:  
  28:.\Generated_Source\PSoC5/LPF_PVT.c **** *  events:  Bits [0:5] of events represent the events which will trigger DFB
  29:.\Generated_Source\PSoC5/LPF_PVT.c **** *           interrupts.
  30:.\Generated_Source\PSoC5/LPF_PVT.c **** *            Bit 0 - Output value ready in the holding register on channel A
  31:.\Generated_Source\PSoC5/LPF_PVT.c **** *            Bit 1 - Output value ready in the holding register on channel B
ARM GAS  C:\Users\Leiuqeze\AppData\Local\Temp\ccgGByRE.s 			page 2


  32:.\Generated_Source\PSoC5/LPF_PVT.c **** *            Bit 2 - '1' written to Semaphore 0  - See Note
  33:.\Generated_Source\PSoC5/LPF_PVT.c **** *            Bit 3 - '1' written to Semaphore 1  - See Note
  34:.\Generated_Source\PSoC5/LPF_PVT.c **** *            Bit 4 - '1' written to Semaphore 2
  35:.\Generated_Source\PSoC5/LPF_PVT.c **** *
  36:.\Generated_Source\PSoC5/LPF_PVT.c **** * Return: 
  37:.\Generated_Source\PSoC5/LPF_PVT.c **** *  void
  38:.\Generated_Source\PSoC5/LPF_PVT.c **** *
  39:.\Generated_Source\PSoC5/LPF_PVT.c **** * Note:
  40:.\Generated_Source\PSoC5/LPF_PVT.c **** *  Semaphore 0 and Semaphore 1 should not be configured as both a DMA request 
  41:.\Generated_Source\PSoC5/LPF_PVT.c **** *  and an interrupt event, because, after one clock cycle, the system 
  42:.\Generated_Source\PSoC5/LPF_PVT.c **** *  automatically clears any semaphore which triggered a DMA request.
  43:.\Generated_Source\PSoC5/LPF_PVT.c **** *
  44:.\Generated_Source\PSoC5/LPF_PVT.c **** *******************************************************************************/
  45:.\Generated_Source\PSoC5/LPF_PVT.c **** void LPF_SetInterruptMode(uint8 events) 
  46:.\Generated_Source\PSoC5/LPF_PVT.c **** {
  27              		.loc 1 46 0
  28              		.cfi_startproc
  29              		@ args = 0, pretend = 0, frame = 8
  30              		@ frame_needed = 1, uses_anonymous_args = 0
  31              		@ link register save eliminated.
  32 0000 80B4     		push	{r7}
  33              		.cfi_def_cfa_offset 4
  34              		.cfi_offset 7, -4
  35 0002 83B0     		sub	sp, sp, #12
  36              		.cfi_def_cfa_offset 16
  37 0004 00AF     		add	r7, sp, #0
  38              		.cfi_def_cfa_register 7
  39 0006 0346     		mov	r3, r0
  40 0008 FB71     		strb	r3, [r7, #7]
  47:.\Generated_Source\PSoC5/LPF_PVT.c ****     events &= LPF_EVENT_MASK;
  41              		.loc 1 47 0
  42 000a FB79     		ldrb	r3, [r7, #7]
  43 000c 03F01F03 		and	r3, r3, #31
  44 0010 FB71     		strb	r3, [r7, #7]
  48:.\Generated_Source\PSoC5/LPF_PVT.c ****     LPF_INT_CTRL_REG = events;
  45              		.loc 1 48 0
  46 0012 044B     		ldr	r3, .L2
  47 0014 FA79     		ldrb	r2, [r7, #7]
  48 0016 1A70     		strb	r2, [r3]
  49:.\Generated_Source\PSoC5/LPF_PVT.c **** }
  49              		.loc 1 49 0
  50 0018 0C37     		adds	r7, r7, #12
  51 001a BD46     		mov	sp, r7
  52              		@ sp needed
  53 001c 5DF8047B 		ldr	r7, [sp], #4
  54 0020 7047     		bx	lr
  55              	.L3:
  56 0022 00BF     		.align	2
  57              	.L2:
  58 0024 98C70040 		.word	1073792920
  59              		.cfi_endproc
  60              	.LFE0:
  61              		.size	LPF_SetInterruptMode, .-LPF_SetInterruptMode
  62              		.section	.text.LPF_SetDMAMode,"ax",%progbits
  63              		.align	2
  64              		.global	LPF_SetDMAMode
  65              		.thumb
ARM GAS  C:\Users\Leiuqeze\AppData\Local\Temp\ccgGByRE.s 			page 3


  66              		.thumb_func
  67              		.type	LPF_SetDMAMode, %function
  68              	LPF_SetDMAMode:
  69              	.LFB1:
  50:.\Generated_Source\PSoC5/LPF_PVT.c **** 
  51:.\Generated_Source\PSoC5/LPF_PVT.c **** 
  52:.\Generated_Source\PSoC5/LPF_PVT.c **** /*******************************************************************************
  53:.\Generated_Source\PSoC5/LPF_PVT.c **** * Function Name: LPF_SetDMAMode
  54:.\Generated_Source\PSoC5/LPF_PVT.c **** ********************************************************************************
  55:.\Generated_Source\PSoC5/LPF_PVT.c **** *
  56:.\Generated_Source\PSoC5/LPF_PVT.c **** * Summary:
  57:.\Generated_Source\PSoC5/LPF_PVT.c **** *  Assign the events which will trigger a DMA request for the DFB.  There are 
  58:.\Generated_Source\PSoC5/LPF_PVT.c **** *  two different DMA requests that can be triggered.
  59:.\Generated_Source\PSoC5/LPF_PVT.c **** *
  60:.\Generated_Source\PSoC5/LPF_PVT.c **** * Parameters:  
  61:.\Generated_Source\PSoC5/LPF_PVT.c **** *  events:  A set of 4 bits which configure what event, if any, triggers a DMA 
  62:.\Generated_Source\PSoC5/LPF_PVT.c **** *           request for the DFB.  
  63:.\Generated_Source\PSoC5/LPF_PVT.c **** *           Bits [0:1] configure the trigger for DMA Request 1
  64:.\Generated_Source\PSoC5/LPF_PVT.c **** *           Bits [2:3] configure the trigger for DMA Request 2
  65:.\Generated_Source\PSoC5/LPF_PVT.c **** *            DMA Request 1: 
  66:.\Generated_Source\PSoC5/LPF_PVT.c **** *               0 - no request will be generated
  67:.\Generated_Source\PSoC5/LPF_PVT.c **** *               1 - Output value ready in the holding register on channel A
  68:.\Generated_Source\PSoC5/LPF_PVT.c **** *               2 - Semaphore 0
  69:.\Generated_Source\PSoC5/LPF_PVT.c **** *               3 - Sempahore 1
  70:.\Generated_Source\PSoC5/LPF_PVT.c **** *            DMA Request 2: 
  71:.\Generated_Source\PSoC5/LPF_PVT.c **** *               0 - no request will be generated
  72:.\Generated_Source\PSoC5/LPF_PVT.c **** *               1 - Output value ready in the holding register on channel B
  73:.\Generated_Source\PSoC5/LPF_PVT.c **** *               2 - Semaphore 0
  74:.\Generated_Source\PSoC5/LPF_PVT.c **** *               3 - Sempahore 1
  75:.\Generated_Source\PSoC5/LPF_PVT.c **** *
  76:.\Generated_Source\PSoC5/LPF_PVT.c **** * Return: 
  77:.\Generated_Source\PSoC5/LPF_PVT.c **** *  void
  78:.\Generated_Source\PSoC5/LPF_PVT.c **** *
  79:.\Generated_Source\PSoC5/LPF_PVT.c **** * Note:
  80:.\Generated_Source\PSoC5/LPF_PVT.c **** *  Semaphore 0 and Semaphore 1 should not be configured as both a DMA request 
  81:.\Generated_Source\PSoC5/LPF_PVT.c **** *  and an interrupt event, because, after one clock cycle, the system 
  82:.\Generated_Source\PSoC5/LPF_PVT.c **** *  automatically clears any semaphore which triggered a DMA request.
  83:.\Generated_Source\PSoC5/LPF_PVT.c **** *
  84:.\Generated_Source\PSoC5/LPF_PVT.c **** *******************************************************************************/
  85:.\Generated_Source\PSoC5/LPF_PVT.c **** void LPF_SetDMAMode(uint8 events) 
  86:.\Generated_Source\PSoC5/LPF_PVT.c **** {
  70              		.loc 1 86 0
  71              		.cfi_startproc
  72              		@ args = 0, pretend = 0, frame = 8
  73              		@ frame_needed = 1, uses_anonymous_args = 0
  74              		@ link register save eliminated.
  75 0000 80B4     		push	{r7}
  76              		.cfi_def_cfa_offset 4
  77              		.cfi_offset 7, -4
  78 0002 83B0     		sub	sp, sp, #12
  79              		.cfi_def_cfa_offset 16
  80 0004 00AF     		add	r7, sp, #0
  81              		.cfi_def_cfa_register 7
  82 0006 0346     		mov	r3, r0
  83 0008 FB71     		strb	r3, [r7, #7]
  87:.\Generated_Source\PSoC5/LPF_PVT.c ****     events &= LPF_DMA_CTRL_MASK;
  84              		.loc 1 87 0
ARM GAS  C:\Users\Leiuqeze\AppData\Local\Temp\ccgGByRE.s 			page 4


  85 000a FB79     		ldrb	r3, [r7, #7]
  86 000c 03F00F03 		and	r3, r3, #15
  87 0010 FB71     		strb	r3, [r7, #7]
  88:.\Generated_Source\PSoC5/LPF_PVT.c ****     LPF_DMA_CTRL_REG = events;
  88              		.loc 1 88 0
  89 0012 044B     		ldr	r3, .L5
  90 0014 FA79     		ldrb	r2, [r7, #7]
  91 0016 1A70     		strb	r2, [r3]
  89:.\Generated_Source\PSoC5/LPF_PVT.c **** }
  92              		.loc 1 89 0
  93 0018 0C37     		adds	r7, r7, #12
  94 001a BD46     		mov	sp, r7
  95              		@ sp needed
  96 001c 5DF8047B 		ldr	r7, [sp], #4
  97 0020 7047     		bx	lr
  98              	.L6:
  99 0022 00BF     		.align	2
 100              	.L5:
 101 0024 9CC70040 		.word	1073792924
 102              		.cfi_endproc
 103              	.LFE1:
 104              		.size	LPF_SetDMAMode, .-LPF_SetDMAMode
 105              		.text
 106              	.Letext0:
 107              		.file 2 ".\\Generated_Source\\PSoC5\\cytypes.h"
 108              		.section	.debug_info,"",%progbits
 109              	.Ldebug_info0:
 110 0000 E4000000 		.4byte	0xe4
 111 0004 0400     		.2byte	0x4
 112 0006 00000000 		.4byte	.Ldebug_abbrev0
 113 000a 04       		.byte	0x4
 114 000b 01       		.uleb128 0x1
 115 000c 1B010000 		.4byte	.LASF16
 116 0010 01       		.byte	0x1
 117 0011 9D000000 		.4byte	.LASF17
 118 0015 C0000000 		.4byte	.LASF18
 119 0019 00000000 		.4byte	.Ldebug_ranges0+0
 120 001d 00000000 		.4byte	0
 121 0021 00000000 		.4byte	.Ldebug_line0
 122 0025 02       		.uleb128 0x2
 123 0026 04       		.byte	0x4
 124 0027 05       		.byte	0x5
 125 0028 696E7400 		.ascii	"int\000"
 126 002c 03       		.uleb128 0x3
 127 002d 04       		.byte	0x4
 128 002e 07       		.byte	0x7
 129 002f 0E000000 		.4byte	.LASF0
 130 0033 03       		.uleb128 0x3
 131 0034 01       		.byte	0x1
 132 0035 06       		.byte	0x6
 133 0036 FF000000 		.4byte	.LASF1
 134 003a 03       		.uleb128 0x3
 135 003b 01       		.byte	0x1
 136 003c 08       		.byte	0x8
 137 003d 7A000000 		.4byte	.LASF2
 138 0041 03       		.uleb128 0x3
 139 0042 02       		.byte	0x2
ARM GAS  C:\Users\Leiuqeze\AppData\Local\Temp\ccgGByRE.s 			page 5


 140 0043 05       		.byte	0x5
 141 0044 11010000 		.4byte	.LASF3
 142 0048 03       		.uleb128 0x3
 143 0049 02       		.byte	0x2
 144 004a 07       		.byte	0x7
 145 004b EC000000 		.4byte	.LASF4
 146 004f 03       		.uleb128 0x3
 147 0050 04       		.byte	0x4
 148 0051 05       		.byte	0x5
 149 0052 8D000000 		.4byte	.LASF5
 150 0056 03       		.uleb128 0x3
 151 0057 04       		.byte	0x4
 152 0058 07       		.byte	0x7
 153 0059 3B000000 		.4byte	.LASF6
 154 005d 03       		.uleb128 0x3
 155 005e 08       		.byte	0x8
 156 005f 05       		.byte	0x5
 157 0060 00000000 		.4byte	.LASF7
 158 0064 03       		.uleb128 0x3
 159 0065 08       		.byte	0x8
 160 0066 07       		.byte	0x7
 161 0067 5C000000 		.4byte	.LASF8
 162 006b 03       		.uleb128 0x3
 163 006c 04       		.byte	0x4
 164 006d 07       		.byte	0x7
 165 006e 97010000 		.4byte	.LASF9
 166 0072 03       		.uleb128 0x3
 167 0073 01       		.byte	0x1
 168 0074 08       		.byte	0x8
 169 0075 88000000 		.4byte	.LASF10
 170 0079 04       		.uleb128 0x4
 171 007a 35000000 		.4byte	.LASF13
 172 007e 02       		.byte	0x2
 173 007f A1       		.byte	0xa1
 174 0080 3A000000 		.4byte	0x3a
 175 0084 03       		.uleb128 0x3
 176 0085 04       		.byte	0x4
 177 0086 04       		.byte	0x4
 178 0087 0B010000 		.4byte	.LASF11
 179 008b 03       		.uleb128 0x3
 180 008c 08       		.byte	0x8
 181 008d 04       		.byte	0x4
 182 008e 96000000 		.4byte	.LASF12
 183 0092 05       		.uleb128 0x5
 184 0093 30000000 		.4byte	.LASF14
 185 0097 02       		.byte	0x2
 186 0098 4B01     		.2byte	0x14b
 187 009a 9E000000 		.4byte	0x9e
 188 009e 06       		.uleb128 0x6
 189 009f 79000000 		.4byte	0x79
 190 00a3 07       		.uleb128 0x7
 191 00a4 1B000000 		.4byte	.LASF19
 192 00a8 01       		.byte	0x1
 193 00a9 2D       		.byte	0x2d
 194 00aa 00000000 		.4byte	.LFB0
 195 00ae 28000000 		.4byte	.LFE0-.LFB0
 196 00b2 01       		.uleb128 0x1
ARM GAS  C:\Users\Leiuqeze\AppData\Local\Temp\ccgGByRE.s 			page 6


 197 00b3 9C       		.byte	0x9c
 198 00b4 C7000000 		.4byte	0xc7
 199 00b8 08       		.uleb128 0x8
 200 00b9 73000000 		.4byte	.LASF15
 201 00bd 01       		.byte	0x1
 202 00be 2D       		.byte	0x2d
 203 00bf 79000000 		.4byte	0x79
 204 00c3 02       		.uleb128 0x2
 205 00c4 91       		.byte	0x91
 206 00c5 77       		.sleb128 -9
 207 00c6 00       		.byte	0
 208 00c7 09       		.uleb128 0x9
 209 00c8 4D000000 		.4byte	.LASF20
 210 00cc 01       		.byte	0x1
 211 00cd 55       		.byte	0x55
 212 00ce 00000000 		.4byte	.LFB1
 213 00d2 28000000 		.4byte	.LFE1-.LFB1
 214 00d6 01       		.uleb128 0x1
 215 00d7 9C       		.byte	0x9c
 216 00d8 08       		.uleb128 0x8
 217 00d9 73000000 		.4byte	.LASF15
 218 00dd 01       		.byte	0x1
 219 00de 55       		.byte	0x55
 220 00df 79000000 		.4byte	0x79
 221 00e3 02       		.uleb128 0x2
 222 00e4 91       		.byte	0x91
 223 00e5 77       		.sleb128 -9
 224 00e6 00       		.byte	0
 225 00e7 00       		.byte	0
 226              		.section	.debug_abbrev,"",%progbits
 227              	.Ldebug_abbrev0:
 228 0000 01       		.uleb128 0x1
 229 0001 11       		.uleb128 0x11
 230 0002 01       		.byte	0x1
 231 0003 25       		.uleb128 0x25
 232 0004 0E       		.uleb128 0xe
 233 0005 13       		.uleb128 0x13
 234 0006 0B       		.uleb128 0xb
 235 0007 03       		.uleb128 0x3
 236 0008 0E       		.uleb128 0xe
 237 0009 1B       		.uleb128 0x1b
 238 000a 0E       		.uleb128 0xe
 239 000b 55       		.uleb128 0x55
 240 000c 17       		.uleb128 0x17
 241 000d 11       		.uleb128 0x11
 242 000e 01       		.uleb128 0x1
 243 000f 10       		.uleb128 0x10
 244 0010 17       		.uleb128 0x17
 245 0011 00       		.byte	0
 246 0012 00       		.byte	0
 247 0013 02       		.uleb128 0x2
 248 0014 24       		.uleb128 0x24
 249 0015 00       		.byte	0
 250 0016 0B       		.uleb128 0xb
 251 0017 0B       		.uleb128 0xb
 252 0018 3E       		.uleb128 0x3e
 253 0019 0B       		.uleb128 0xb
ARM GAS  C:\Users\Leiuqeze\AppData\Local\Temp\ccgGByRE.s 			page 7


 254 001a 03       		.uleb128 0x3
 255 001b 08       		.uleb128 0x8
 256 001c 00       		.byte	0
 257 001d 00       		.byte	0
 258 001e 03       		.uleb128 0x3
 259 001f 24       		.uleb128 0x24
 260 0020 00       		.byte	0
 261 0021 0B       		.uleb128 0xb
 262 0022 0B       		.uleb128 0xb
 263 0023 3E       		.uleb128 0x3e
 264 0024 0B       		.uleb128 0xb
 265 0025 03       		.uleb128 0x3
 266 0026 0E       		.uleb128 0xe
 267 0027 00       		.byte	0
 268 0028 00       		.byte	0
 269 0029 04       		.uleb128 0x4
 270 002a 16       		.uleb128 0x16
 271 002b 00       		.byte	0
 272 002c 03       		.uleb128 0x3
 273 002d 0E       		.uleb128 0xe
 274 002e 3A       		.uleb128 0x3a
 275 002f 0B       		.uleb128 0xb
 276 0030 3B       		.uleb128 0x3b
 277 0031 0B       		.uleb128 0xb
 278 0032 49       		.uleb128 0x49
 279 0033 13       		.uleb128 0x13
 280 0034 00       		.byte	0
 281 0035 00       		.byte	0
 282 0036 05       		.uleb128 0x5
 283 0037 16       		.uleb128 0x16
 284 0038 00       		.byte	0
 285 0039 03       		.uleb128 0x3
 286 003a 0E       		.uleb128 0xe
 287 003b 3A       		.uleb128 0x3a
 288 003c 0B       		.uleb128 0xb
 289 003d 3B       		.uleb128 0x3b
 290 003e 05       		.uleb128 0x5
 291 003f 49       		.uleb128 0x49
 292 0040 13       		.uleb128 0x13
 293 0041 00       		.byte	0
 294 0042 00       		.byte	0
 295 0043 06       		.uleb128 0x6
 296 0044 35       		.uleb128 0x35
 297 0045 00       		.byte	0
 298 0046 49       		.uleb128 0x49
 299 0047 13       		.uleb128 0x13
 300 0048 00       		.byte	0
 301 0049 00       		.byte	0
 302 004a 07       		.uleb128 0x7
 303 004b 2E       		.uleb128 0x2e
 304 004c 01       		.byte	0x1
 305 004d 3F       		.uleb128 0x3f
 306 004e 19       		.uleb128 0x19
 307 004f 03       		.uleb128 0x3
 308 0050 0E       		.uleb128 0xe
 309 0051 3A       		.uleb128 0x3a
 310 0052 0B       		.uleb128 0xb
ARM GAS  C:\Users\Leiuqeze\AppData\Local\Temp\ccgGByRE.s 			page 8


 311 0053 3B       		.uleb128 0x3b
 312 0054 0B       		.uleb128 0xb
 313 0055 27       		.uleb128 0x27
 314 0056 19       		.uleb128 0x19
 315 0057 11       		.uleb128 0x11
 316 0058 01       		.uleb128 0x1
 317 0059 12       		.uleb128 0x12
 318 005a 06       		.uleb128 0x6
 319 005b 40       		.uleb128 0x40
 320 005c 18       		.uleb128 0x18
 321 005d 9742     		.uleb128 0x2117
 322 005f 19       		.uleb128 0x19
 323 0060 01       		.uleb128 0x1
 324 0061 13       		.uleb128 0x13
 325 0062 00       		.byte	0
 326 0063 00       		.byte	0
 327 0064 08       		.uleb128 0x8
 328 0065 05       		.uleb128 0x5
 329 0066 00       		.byte	0
 330 0067 03       		.uleb128 0x3
 331 0068 0E       		.uleb128 0xe
 332 0069 3A       		.uleb128 0x3a
 333 006a 0B       		.uleb128 0xb
 334 006b 3B       		.uleb128 0x3b
 335 006c 0B       		.uleb128 0xb
 336 006d 49       		.uleb128 0x49
 337 006e 13       		.uleb128 0x13
 338 006f 02       		.uleb128 0x2
 339 0070 18       		.uleb128 0x18
 340 0071 00       		.byte	0
 341 0072 00       		.byte	0
 342 0073 09       		.uleb128 0x9
 343 0074 2E       		.uleb128 0x2e
 344 0075 01       		.byte	0x1
 345 0076 3F       		.uleb128 0x3f
 346 0077 19       		.uleb128 0x19
 347 0078 03       		.uleb128 0x3
 348 0079 0E       		.uleb128 0xe
 349 007a 3A       		.uleb128 0x3a
 350 007b 0B       		.uleb128 0xb
 351 007c 3B       		.uleb128 0x3b
 352 007d 0B       		.uleb128 0xb
 353 007e 27       		.uleb128 0x27
 354 007f 19       		.uleb128 0x19
 355 0080 11       		.uleb128 0x11
 356 0081 01       		.uleb128 0x1
 357 0082 12       		.uleb128 0x12
 358 0083 06       		.uleb128 0x6
 359 0084 40       		.uleb128 0x40
 360 0085 18       		.uleb128 0x18
 361 0086 9742     		.uleb128 0x2117
 362 0088 19       		.uleb128 0x19
 363 0089 00       		.byte	0
 364 008a 00       		.byte	0
 365 008b 00       		.byte	0
 366              		.section	.debug_aranges,"",%progbits
 367 0000 24000000 		.4byte	0x24
ARM GAS  C:\Users\Leiuqeze\AppData\Local\Temp\ccgGByRE.s 			page 9


 368 0004 0200     		.2byte	0x2
 369 0006 00000000 		.4byte	.Ldebug_info0
 370 000a 04       		.byte	0x4
 371 000b 00       		.byte	0
 372 000c 0000     		.2byte	0
 373 000e 0000     		.2byte	0
 374 0010 00000000 		.4byte	.LFB0
 375 0014 28000000 		.4byte	.LFE0-.LFB0
 376 0018 00000000 		.4byte	.LFB1
 377 001c 28000000 		.4byte	.LFE1-.LFB1
 378 0020 00000000 		.4byte	0
 379 0024 00000000 		.4byte	0
 380              		.section	.debug_ranges,"",%progbits
 381              	.Ldebug_ranges0:
 382 0000 00000000 		.4byte	.LFB0
 383 0004 28000000 		.4byte	.LFE0
 384 0008 00000000 		.4byte	.LFB1
 385 000c 28000000 		.4byte	.LFE1
 386 0010 00000000 		.4byte	0
 387 0014 00000000 		.4byte	0
 388              		.section	.debug_line,"",%progbits
 389              	.Ldebug_line0:
 390 0000 71000000 		.section	.debug_str,"MS",%progbits,1
 390      02004600 
 390      00000201 
 390      FB0E0D00 
 390      01010101 
 391              	.LASF7:
 392 0000 6C6F6E67 		.ascii	"long long int\000"
 392      206C6F6E 
 392      6720696E 
 392      7400
 393              	.LASF0:
 394 000e 756E7369 		.ascii	"unsigned int\000"
 394      676E6564 
 394      20696E74 
 394      00
 395              	.LASF19:
 396 001b 4C50465F 		.ascii	"LPF_SetInterruptMode\000"
 396      53657449 
 396      6E746572 
 396      72757074 
 396      4D6F6465 
 397              	.LASF14:
 398 0030 72656738 		.ascii	"reg8\000"
 398      00
 399              	.LASF13:
 400 0035 75696E74 		.ascii	"uint8\000"
 400      3800
 401              	.LASF6:
 402 003b 6C6F6E67 		.ascii	"long unsigned int\000"
 402      20756E73 
 402      69676E65 
 402      6420696E 
 402      7400
 403              	.LASF20:
 404 004d 4C50465F 		.ascii	"LPF_SetDMAMode\000"
ARM GAS  C:\Users\Leiuqeze\AppData\Local\Temp\ccgGByRE.s 			page 10


 404      53657444 
 404      4D414D6F 
 404      646500
 405              	.LASF8:
 406 005c 6C6F6E67 		.ascii	"long long unsigned int\000"
 406      206C6F6E 
 406      6720756E 
 406      7369676E 
 406      65642069 
 407              	.LASF15:
 408 0073 6576656E 		.ascii	"events\000"
 408      747300
 409              	.LASF2:
 410 007a 756E7369 		.ascii	"unsigned char\000"
 410      676E6564 
 410      20636861 
 410      7200
 411              	.LASF10:
 412 0088 63686172 		.ascii	"char\000"
 412      00
 413              	.LASF5:
 414 008d 6C6F6E67 		.ascii	"long int\000"
 414      20696E74 
 414      00
 415              	.LASF12:
 416 0096 646F7562 		.ascii	"double\000"
 416      6C6500
 417              	.LASF17:
 418 009d 2E5C4765 		.ascii	".\\Generated_Source\\PSoC5\\LPF_PVT.c\000"
 418      6E657261 
 418      7465645F 
 418      536F7572 
 418      63655C50 
 419              	.LASF18:
 420 00c0 433A5C55 		.ascii	"C:\\Users\\Leiuqeze\\Desktop\\Oscope_Init.cydsn\000"
 420      73657273 
 420      5C4C6569 
 420      7571657A 
 420      655C4465 
 421              	.LASF4:
 422 00ec 73686F72 		.ascii	"short unsigned int\000"
 422      7420756E 
 422      7369676E 
 422      65642069 
 422      6E7400
 423              	.LASF1:
 424 00ff 7369676E 		.ascii	"signed char\000"
 424      65642063 
 424      68617200 
 425              	.LASF11:
 426 010b 666C6F61 		.ascii	"float\000"
 426      7400
 427              	.LASF3:
 428 0111 73686F72 		.ascii	"short int\000"
 428      7420696E 
 428      7400
 429              	.LASF16:
ARM GAS  C:\Users\Leiuqeze\AppData\Local\Temp\ccgGByRE.s 			page 11


 430 011b 474E5520 		.ascii	"GNU C 4.8.4 20140526 (release) [ARM/embedded-4_8-br"
 430      4320342E 
 430      382E3420 
 430      32303134 
 430      30353236 
 431 014e 616E6368 		.ascii	"anch revision 211358] -mcpu=cortex-m3 -mthumb -g -O"
 431      20726576 
 431      6973696F 
 431      6E203231 
 431      31333538 
 432 0181 30202D66 		.ascii	"0 -ffunction-sections\000"
 432      66756E63 
 432      74696F6E 
 432      2D736563 
 432      74696F6E 
 433              	.LASF9:
 434 0197 73697A65 		.ascii	"sizetype\000"
 434      74797065 
 434      00
 435              		.ident	"GCC: (GNU Tools for ARM Embedded Processors) 4.8.4 20140526 (release) [ARM/embedded-4_8-br
