ARM GAS  C:\Users\Leiuqeze\AppData\Local\Temp\ccWxEnL0.s 			page 1


   1              		.syntax unified
   2              		.cpu cortex-m3
   3              		.fpu softvfp
   4              		.eabi_attribute 20, 1
   5              		.eabi_attribute 21, 1
   6              		.eabi_attribute 23, 3
   7              		.eabi_attribute 24, 1
   8              		.eabi_attribute 25, 1
   9              		.eabi_attribute 26, 1
  10              		.eabi_attribute 30, 6
  11              		.eabi_attribute 34, 1
  12              		.eabi_attribute 18, 4
  13              		.thumb
  14              		.file	"LPF_Coefficients.c"
  15              		.text
  16              	.Ltext0:
  17              		.cfi_sections	.debug_frame
  18              		.global	LPF_ChannelAFirCoefficients
  19              		.section	.rodata
  20              		.align	2
  21              		.type	LPF_ChannelAFirCoefficients, %object
  22              		.size	LPF_ChannelAFirCoefficients, 64
  23              	LPF_ChannelAFirCoefficients:
  24 0000 9A       		.byte	-102
  25 0001 F3       		.byte	-13
  26 0002 FF       		.byte	-1
  27 0003 00       		.byte	0
  28 0004 7C       		.byte	124
  29 0005 41       		.byte	65
  30 0006 00       		.byte	0
  31 0007 00       		.byte	0
  32 0008 04       		.byte	4
  33 0009 20       		.byte	32
  34 000a FF       		.byte	-1
  35 000b 00       		.byte	0
  36 000c 1A       		.byte	26
  37 000d 4F       		.byte	79
  38 000e 02       		.byte	2
  39 000f 00       		.byte	0
  40 0010 B8       		.byte	-72
  41 0011 C5       		.byte	-59
  42 0012 FA       		.byte	-6
  43 0013 00       		.byte	0
  44 0014 59       		.byte	89
  45 0015 EE       		.byte	-18
  46 0016 0A       		.byte	10
  47 0017 00       		.byte	0
  48 0018 4D       		.byte	77
  49 0019 6D       		.byte	109
  50 001a E8       		.byte	-24
  51 001b 00       		.byte	0
  52 001c 12       		.byte	18
  53 001d 39       		.byte	57
  54 001e 50       		.byte	80
  55 001f 00       		.byte	0
  56 0020 12       		.byte	18
  57 0021 39       		.byte	57
ARM GAS  C:\Users\Leiuqeze\AppData\Local\Temp\ccWxEnL0.s 			page 2


  58 0022 50       		.byte	80
  59 0023 00       		.byte	0
  60 0024 4D       		.byte	77
  61 0025 6D       		.byte	109
  62 0026 E8       		.byte	-24
  63 0027 00       		.byte	0
  64 0028 59       		.byte	89
  65 0029 EE       		.byte	-18
  66 002a 0A       		.byte	10
  67 002b 00       		.byte	0
  68 002c B8       		.byte	-72
  69 002d C5       		.byte	-59
  70 002e FA       		.byte	-6
  71 002f 00       		.byte	0
  72 0030 1A       		.byte	26
  73 0031 4F       		.byte	79
  74 0032 02       		.byte	2
  75 0033 00       		.byte	0
  76 0034 04       		.byte	4
  77 0035 20       		.byte	32
  78 0036 FF       		.byte	-1
  79 0037 00       		.byte	0
  80 0038 7C       		.byte	124
  81 0039 41       		.byte	65
  82 003a 00       		.byte	0
  83 003b 00       		.byte	0
  84 003c 9A       		.byte	-102
  85 003d F3       		.byte	-13
  86 003e FF       		.byte	-1
  87 003f 00       		.byte	0
  88              		.text
  89              	.Letext0:
  90              		.file 1 ".\\Generated_Source\\PSoC5\\cytypes.h"
  91              		.file 2 ".\\Generated_Source\\PSoC5\\LPF_Coefficients.c"
  92              		.section	.debug_info,"",%progbits
  93              	.Ldebug_info0:
  94 0000 AD000000 		.4byte	0xad
  95 0004 0400     		.2byte	0x4
  96 0006 00000000 		.4byte	.Ldebug_abbrev0
  97 000a 04       		.byte	0x4
  98 000b 01       		.uleb128 0x1
  99 000c 10010000 		.4byte	.LASF13
 100 0010 01       		.byte	0x1
 101 0011 1B000000 		.4byte	.LASF14
 102 0015 B5000000 		.4byte	.LASF15
 103 0019 00000000 		.4byte	.Ldebug_line0
 104 001d 02       		.uleb128 0x2
 105 001e 04       		.byte	0x4
 106 001f 05       		.byte	0x5
 107 0020 696E7400 		.ascii	"int\000"
 108 0024 03       		.uleb128 0x3
 109 0025 04       		.byte	0x4
 110 0026 07       		.byte	0x7
 111 0027 0E000000 		.4byte	.LASF0
 112 002b 03       		.uleb128 0x3
 113 002c 01       		.byte	0x1
 114 002d 06       		.byte	0x6
ARM GAS  C:\Users\Leiuqeze\AppData\Local\Temp\ccWxEnL0.s 			page 3


 115 002e F4000000 		.4byte	.LASF1
 116 0032 03       		.uleb128 0x3
 117 0033 01       		.byte	0x1
 118 0034 08       		.byte	0x8
 119 0035 92000000 		.4byte	.LASF2
 120 0039 03       		.uleb128 0x3
 121 003a 02       		.byte	0x2
 122 003b 05       		.byte	0x5
 123 003c 06010000 		.4byte	.LASF3
 124 0040 03       		.uleb128 0x3
 125 0041 02       		.byte	0x2
 126 0042 07       		.byte	0x7
 127 0043 E1000000 		.4byte	.LASF4
 128 0047 03       		.uleb128 0x3
 129 0048 04       		.byte	0x4
 130 0049 05       		.byte	0x5
 131 004a A5000000 		.4byte	.LASF5
 132 004e 03       		.uleb128 0x3
 133 004f 04       		.byte	0x4
 134 0050 07       		.byte	0x7
 135 0051 4D000000 		.4byte	.LASF6
 136 0055 03       		.uleb128 0x3
 137 0056 08       		.byte	0x8
 138 0057 05       		.byte	0x5
 139 0058 00000000 		.4byte	.LASF7
 140 005c 03       		.uleb128 0x3
 141 005d 08       		.byte	0x8
 142 005e 07       		.byte	0x7
 143 005f 5F000000 		.4byte	.LASF8
 144 0063 03       		.uleb128 0x3
 145 0064 04       		.byte	0x4
 146 0065 07       		.byte	0x7
 147 0066 8C010000 		.4byte	.LASF9
 148 006a 03       		.uleb128 0x3
 149 006b 01       		.byte	0x1
 150 006c 08       		.byte	0x8
 151 006d A0000000 		.4byte	.LASF10
 152 0071 04       		.uleb128 0x4
 153 0072 47000000 		.4byte	.LASF16
 154 0076 01       		.byte	0x1
 155 0077 A1       		.byte	0xa1
 156 0078 32000000 		.4byte	0x32
 157 007c 03       		.uleb128 0x3
 158 007d 04       		.byte	0x4
 159 007e 04       		.byte	0x4
 160 007f 00010000 		.4byte	.LASF11
 161 0083 03       		.uleb128 0x3
 162 0084 08       		.byte	0x8
 163 0085 04       		.byte	0x4
 164 0086 AE000000 		.4byte	.LASF12
 165 008a 05       		.uleb128 0x5
 166 008b 71000000 		.4byte	0x71
 167 008f 9A000000 		.4byte	0x9a
 168 0093 06       		.uleb128 0x6
 169 0094 63000000 		.4byte	0x63
 170 0098 3F       		.byte	0x3f
 171 0099 00       		.byte	0
ARM GAS  C:\Users\Leiuqeze\AppData\Local\Temp\ccWxEnL0.s 			page 4


 172 009a 07       		.uleb128 0x7
 173 009b 76000000 		.4byte	.LASF17
 174 009f 02       		.byte	0x2
 175 00a0 11       		.byte	0x11
 176 00a1 AB000000 		.4byte	0xab
 177 00a5 05       		.uleb128 0x5
 178 00a6 03       		.byte	0x3
 179 00a7 00000000 		.4byte	LPF_ChannelAFirCoefficients
 180 00ab 08       		.uleb128 0x8
 181 00ac 8A000000 		.4byte	0x8a
 182 00b0 00       		.byte	0
 183              		.section	.debug_abbrev,"",%progbits
 184              	.Ldebug_abbrev0:
 185 0000 01       		.uleb128 0x1
 186 0001 11       		.uleb128 0x11
 187 0002 01       		.byte	0x1
 188 0003 25       		.uleb128 0x25
 189 0004 0E       		.uleb128 0xe
 190 0005 13       		.uleb128 0x13
 191 0006 0B       		.uleb128 0xb
 192 0007 03       		.uleb128 0x3
 193 0008 0E       		.uleb128 0xe
 194 0009 1B       		.uleb128 0x1b
 195 000a 0E       		.uleb128 0xe
 196 000b 10       		.uleb128 0x10
 197 000c 17       		.uleb128 0x17
 198 000d 00       		.byte	0
 199 000e 00       		.byte	0
 200 000f 02       		.uleb128 0x2
 201 0010 24       		.uleb128 0x24
 202 0011 00       		.byte	0
 203 0012 0B       		.uleb128 0xb
 204 0013 0B       		.uleb128 0xb
 205 0014 3E       		.uleb128 0x3e
 206 0015 0B       		.uleb128 0xb
 207 0016 03       		.uleb128 0x3
 208 0017 08       		.uleb128 0x8
 209 0018 00       		.byte	0
 210 0019 00       		.byte	0
 211 001a 03       		.uleb128 0x3
 212 001b 24       		.uleb128 0x24
 213 001c 00       		.byte	0
 214 001d 0B       		.uleb128 0xb
 215 001e 0B       		.uleb128 0xb
 216 001f 3E       		.uleb128 0x3e
 217 0020 0B       		.uleb128 0xb
 218 0021 03       		.uleb128 0x3
 219 0022 0E       		.uleb128 0xe
 220 0023 00       		.byte	0
 221 0024 00       		.byte	0
 222 0025 04       		.uleb128 0x4
 223 0026 16       		.uleb128 0x16
 224 0027 00       		.byte	0
 225 0028 03       		.uleb128 0x3
 226 0029 0E       		.uleb128 0xe
 227 002a 3A       		.uleb128 0x3a
 228 002b 0B       		.uleb128 0xb
ARM GAS  C:\Users\Leiuqeze\AppData\Local\Temp\ccWxEnL0.s 			page 5


 229 002c 3B       		.uleb128 0x3b
 230 002d 0B       		.uleb128 0xb
 231 002e 49       		.uleb128 0x49
 232 002f 13       		.uleb128 0x13
 233 0030 00       		.byte	0
 234 0031 00       		.byte	0
 235 0032 05       		.uleb128 0x5
 236 0033 01       		.uleb128 0x1
 237 0034 01       		.byte	0x1
 238 0035 49       		.uleb128 0x49
 239 0036 13       		.uleb128 0x13
 240 0037 01       		.uleb128 0x1
 241 0038 13       		.uleb128 0x13
 242 0039 00       		.byte	0
 243 003a 00       		.byte	0
 244 003b 06       		.uleb128 0x6
 245 003c 21       		.uleb128 0x21
 246 003d 00       		.byte	0
 247 003e 49       		.uleb128 0x49
 248 003f 13       		.uleb128 0x13
 249 0040 2F       		.uleb128 0x2f
 250 0041 0B       		.uleb128 0xb
 251 0042 00       		.byte	0
 252 0043 00       		.byte	0
 253 0044 07       		.uleb128 0x7
 254 0045 34       		.uleb128 0x34
 255 0046 00       		.byte	0
 256 0047 03       		.uleb128 0x3
 257 0048 0E       		.uleb128 0xe
 258 0049 3A       		.uleb128 0x3a
 259 004a 0B       		.uleb128 0xb
 260 004b 3B       		.uleb128 0x3b
 261 004c 0B       		.uleb128 0xb
 262 004d 49       		.uleb128 0x49
 263 004e 13       		.uleb128 0x13
 264 004f 3F       		.uleb128 0x3f
 265 0050 19       		.uleb128 0x19
 266 0051 02       		.uleb128 0x2
 267 0052 18       		.uleb128 0x18
 268 0053 00       		.byte	0
 269 0054 00       		.byte	0
 270 0055 08       		.uleb128 0x8
 271 0056 26       		.uleb128 0x26
 272 0057 00       		.byte	0
 273 0058 49       		.uleb128 0x49
 274 0059 13       		.uleb128 0x13
 275 005a 00       		.byte	0
 276 005b 00       		.byte	0
 277 005c 00       		.byte	0
 278              		.section	.debug_aranges,"",%progbits
 279 0000 14000000 		.4byte	0x14
 280 0004 0200     		.2byte	0x2
 281 0006 00000000 		.4byte	.Ldebug_info0
 282 000a 04       		.byte	0x4
 283 000b 00       		.byte	0
 284 000c 0000     		.2byte	0
 285 000e 0000     		.2byte	0
ARM GAS  C:\Users\Leiuqeze\AppData\Local\Temp\ccWxEnL0.s 			page 6


 286 0010 00000000 		.4byte	0
 287 0014 00000000 		.4byte	0
 288              		.section	.debug_line,"",%progbits
 289              	.Ldebug_line0:
 290 0000 55000000 		.section	.debug_str,"MS",%progbits,1
 290      02004F00 
 290      00000201 
 290      FB0E0D00 
 290      01010101 
 291              	.LASF7:
 292 0000 6C6F6E67 		.ascii	"long long int\000"
 292      206C6F6E 
 292      6720696E 
 292      7400
 293              	.LASF0:
 294 000e 756E7369 		.ascii	"unsigned int\000"
 294      676E6564 
 294      20696E74 
 294      00
 295              	.LASF14:
 296 001b 2E5C4765 		.ascii	".\\Generated_Source\\PSoC5\\LPF_Coefficients.c\000"
 296      6E657261 
 296      7465645F 
 296      536F7572 
 296      63655C50 
 297              	.LASF16:
 298 0047 75696E74 		.ascii	"uint8\000"
 298      3800
 299              	.LASF6:
 300 004d 6C6F6E67 		.ascii	"long unsigned int\000"
 300      20756E73 
 300      69676E65 
 300      6420696E 
 300      7400
 301              	.LASF8:
 302 005f 6C6F6E67 		.ascii	"long long unsigned int\000"
 302      206C6F6E 
 302      6720756E 
 302      7369676E 
 302      65642069 
 303              	.LASF17:
 304 0076 4C50465F 		.ascii	"LPF_ChannelAFirCoefficients\000"
 304      4368616E 
 304      6E656C41 
 304      46697243 
 304      6F656666 
 305              	.LASF2:
 306 0092 756E7369 		.ascii	"unsigned char\000"
 306      676E6564 
 306      20636861 
 306      7200
 307              	.LASF10:
 308 00a0 63686172 		.ascii	"char\000"
 308      00
 309              	.LASF5:
 310 00a5 6C6F6E67 		.ascii	"long int\000"
 310      20696E74 
ARM GAS  C:\Users\Leiuqeze\AppData\Local\Temp\ccWxEnL0.s 			page 7


 310      00
 311              	.LASF12:
 312 00ae 646F7562 		.ascii	"double\000"
 312      6C6500
 313              	.LASF15:
 314 00b5 433A5C55 		.ascii	"C:\\Users\\Leiuqeze\\Desktop\\Oscope_Init.cydsn\000"
 314      73657273 
 314      5C4C6569 
 314      7571657A 
 314      655C4465 
 315              	.LASF4:
 316 00e1 73686F72 		.ascii	"short unsigned int\000"
 316      7420756E 
 316      7369676E 
 316      65642069 
 316      6E7400
 317              	.LASF1:
 318 00f4 7369676E 		.ascii	"signed char\000"
 318      65642063 
 318      68617200 
 319              	.LASF11:
 320 0100 666C6F61 		.ascii	"float\000"
 320      7400
 321              	.LASF3:
 322 0106 73686F72 		.ascii	"short int\000"
 322      7420696E 
 322      7400
 323              	.LASF13:
 324 0110 474E5520 		.ascii	"GNU C 4.8.4 20140526 (release) [ARM/embedded-4_8-br"
 324      4320342E 
 324      382E3420 
 324      32303134 
 324      30353236 
 325 0143 616E6368 		.ascii	"anch revision 211358] -mcpu=cortex-m3 -mthumb -g -O"
 325      20726576 
 325      6973696F 
 325      6E203231 
 325      31333538 
 326 0176 30202D66 		.ascii	"0 -ffunction-sections\000"
 326      66756E63 
 326      74696F6E 
 326      2D736563 
 326      74696F6E 
 327              	.LASF9:
 328 018c 73697A65 		.ascii	"sizetype\000"
 328      74797065 
 328      00
 329              		.ident	"GCC: (GNU Tools for ARM Embedded Processors) 4.8.4 20140526 (release) [ARM/embedded-4_8-br
