ARM GAS  C:\Users\Leiuqeze\AppData\Local\Temp\ccpKB82g.s 			page 1


   1              		.syntax unified
   2              		.cpu cortex-m3
   3              		.fpu softvfp
   4              		.eabi_attribute 20, 1
   5              		.eabi_attribute 21, 1
   6              		.eabi_attribute 23, 3
   7              		.eabi_attribute 24, 1
   8              		.eabi_attribute 25, 1
   9              		.eabi_attribute 26, 1
  10              		.eabi_attribute 30, 6
  11              		.eabi_attribute 34, 1
  12              		.eabi_attribute 18, 4
  13              		.thumb
  14              		.file	"main.c"
  15              		.text
  16              	.Ltext0:
  17              		.cfi_sections	.debug_frame
  18              		.global	initialized
  19              		.bss
  20              		.type	initialized, %object
  21              		.size	initialized, 1
  22              	initialized:
  23 0000 00       		.space	1
  24              		.comm	rxBuffer,32,4
  25              		.global	rxBufLen
  26              		.type	rxBufLen, %object
  27              		.size	rxBufLen, 1
  28              	rxBufLen:
  29 0001 00       		.space	1
  30              		.global	commandReady
  31              		.type	commandReady, %object
  32              		.size	commandReady, 1
  33              	commandReady:
  34 0002 00       		.space	1
  35              		.global	command
  36 0003 00       		.align	2
  37              		.type	command, %object
  38              		.size	command, 32
  39              	command:
  40 0004 00000000 		.space	32
  40      00000000 
  40      00000000 
  40      00000000 
  40      00000000 
  41              		.global	adcOn
  42              		.type	adcOn, %object
  43              		.size	adcOn, 1
  44              	adcOn:
  45 0024 00       		.space	1
  46              		.global	adcRez
  47              		.data
  48              		.type	adcRez, %object
  49              		.size	adcRez, 1
  50              	adcRez:
  51 0000 0C       		.byte	12
  52              		.global	adcSPS
  53 0001 000000   		.align	2
ARM GAS  C:\Users\Leiuqeze\AppData\Local\Temp\ccpKB82g.s 			page 2


  54              		.type	adcSPS, %object
  55              		.size	adcSPS, 4
  56              	adcSPS:
  57 0004 A0860100 		.word	100000
  58              		.comm	adcFrame,800,4
  59              		.global	adcFrameReady
  60              		.bss
  61              		.type	adcFrameReady, %object
  62              		.size	adcFrameReady, 1
  63              	adcFrameReady:
  64 0025 00       		.space	1
  65              		.global	dacOn
  66              		.type	dacOn, %object
  67              		.size	dacOn, 1
  68              	dacOn:
  69 0026 00       		.space	1
  70              		.global	dacFreq
  71              		.data
  72              		.align	2
  73              		.type	dacFreq, %object
  74              		.size	dacFreq, 4
  75              	dacFreq:
  76 0008 64000000 		.word	100
  77              		.global	dacVPP
  78              		.align	2
  79              		.type	dacVPP, %object
  80              		.size	dacVPP, 4
  81              	dacVPP:
  82 000c 00000040 		.word	1073741824
  83              		.global	dacOffset
  84              		.align	2
  85              		.type	dacOffset, %object
  86              		.size	dacOffset, 4
  87              	dacOffset:
  88 0010 0000803F 		.word	1065353216
  89              		.global	dacWave
  90              		.type	dacWave, %object
  91              		.size	dacWave, 1
  92              	dacWave:
  93 0014 01       		.byte	1
  94              		.global	dacDuty
  95              		.type	dacDuty, %object
  96              		.size	dacDuty, 1
  97              	dacDuty:
  98 0015 32       		.byte	50
  99              		.global	ws
 100 0016 0000     		.bss
 101              		.type	ws, %object
 102              		.size	ws, 1
 103              	ws:
 104 0027 00       		.space	1
 105              		.global	ms
 106              		.type	ms, %object
 107              		.size	ms, 1
 108              	ms:
 109 0028 00       		.space	1
 110              		.comm	DMA_ADC_MEM_Chan,1,1
ARM GAS  C:\Users\Leiuqeze\AppData\Local\Temp\ccpKB82g.s 			page 3


 111              		.comm	DMA_ADC_MEM_TD,1,4
 112 0029 000000   		.section	.rodata
 113              		.align	2
 114              	.LC0:
 115 0000 2350435F 		.ascii	"#PC_REQ_CONNECT#\000"
 115      5245515F 
 115      434F4E4E 
 115      45435423 
 115      00
 116 0011 000000   		.align	2
 117              	.LC1:
 118 0014 50534F43 		.ascii	"PSOC_READY\000"
 118      5F524541 
 118      445900
 119 001f 00       		.align	2
 120              	.LC2:
 121 0020 23462564 		.ascii	"#F%dD\000"
 121      4400
 122              		.section	.text.main,"ax",%progbits
 123              		.align	2
 124              		.global	main
 125              		.thumb
 126              		.thumb_func
 127              		.type	main, %function
 128              	main:
 129              	.LFB56:
 130              		.file 1 ".\\main.c"
   1:.\main.c      **** #include <main.h>
   2:.\main.c      **** #include <device.h>
   3:.\main.c      **** #include <stdlib.h>
   4:.\main.c      **** #include <stdio.h>
   5:.\main.c      **** 
   6:.\main.c      **** CY_ISR_PROTO(UART_RX_INTER);
   7:.\main.c      **** CY_ISR_PROTO(TIMER_DMA_INTER);
   8:.\main.c      **** CY_ISR_PROTO(DMA_FRAME_INTER);
   9:.\main.c      **** 
  10:.\main.c      **** // Value describes sync state with PC GUI
  11:.\main.c      **** uint8 initialized = 0;
  12:.\main.c      **** 
  13:.\main.c      **** // UART variables
  14:.\main.c      **** char  rxBuffer[RX_BUFFER_SIZE];
  15:.\main.c      **** uint8 rxBufLen = 0;
  16:.\main.c      **** uint8 commandReady = 0;
  17:.\main.c      **** char  command[RX_BUFFER_SIZE] = {0};
  18:.\main.c      **** 
  19:.\main.c      **** // ADC Variables
  20:.\main.c      **** uint8  adcOn         = 0;
  21:.\main.c      **** uint8  adcRez        = DEFAULT_ADC_RESOLUTION;
  22:.\main.c      **** uint32 adcSPS        = DEFAULT_ADC_SPS;
  23:.\main.c      **** uint16 adcFrame[ADC_FRAME_SIZE];
  24:.\main.c      **** uint8  adcFrameReady = 0;
  25:.\main.c      **** 
  26:.\main.c      **** // DAC Variables
  27:.\main.c      **** uint8    dacOn     = 0;
  28:.\main.c      **** uint32   dacFreq   = DEFAULT_DAC_FREQUENCY;
  29:.\main.c      **** float    dacVPP    = DEFAULT_DAC_VPP;
  30:.\main.c      **** float    dacOffset = DEFAULT_DAC_OFFSET;
ARM GAS  C:\Users\Leiuqeze\AppData\Local\Temp\ccpKB82g.s 			page 4


  31:.\main.c      **** waveform dacWave   = DEFAULT_DAC_WAVE;
  32:.\main.c      **** uint8    dacDuty   = DEFAULT_DAC_DUTY;
  33:.\main.c      **** uint8    ws        = 0;
  34:.\main.c      **** uint8    ms        = 0;
  35:.\main.c      **** 
  36:.\main.c      **** /* Variable declarations for DMA_ADC_MEM */
  37:.\main.c      **** uint8 DMA_ADC_MEM_Chan;
  38:.\main.c      **** uint8 DMA_ADC_MEM_TD[1];
  39:.\main.c      **** 
  40:.\main.c      **** int main() {
 131              		.loc 1 40 0
 132              		.cfi_startproc
 133              		@ args = 0, pretend = 0, frame = 16
 134              		@ frame_needed = 1, uses_anonymous_args = 0
 135 0000 80B5     		push	{r7, lr}
 136              		.cfi_def_cfa_offset 8
 137              		.cfi_offset 7, -8
 138              		.cfi_offset 14, -4
 139 0002 84B0     		sub	sp, sp, #16
 140              		.cfi_def_cfa_offset 24
 141 0004 00AF     		add	r7, sp, #0
 142              		.cfi_def_cfa_register 7
  41:.\main.c      ****     uint16 i;
  42:.\main.c      ****     char framePrefix[10];
  43:.\main.c      ****     
  44:.\main.c      ****     // Init modules
  45:.\main.c      ****     UART_Start();
 143              		.loc 1 45 0
 144 0006 FFF7FEFF 		bl	UART_Start
  46:.\main.c      ****     ADC_Start();
 145              		.loc 1 46 0
 146 000a FFF7FEFF 		bl	ADC_Start
  47:.\main.c      ****     DMA_ADC_MEM_Config();
 147              		.loc 1 47 0
 148 000e FFF7FEFF 		bl	DMA_ADC_MEM_Config
  48:.\main.c      ****     TIMER_DMA_Init();
 149              		.loc 1 48 0
 150 0012 FFF7FEFF 		bl	TIMER_DMA_Init
  49:.\main.c      ****     UART_RX_StartEx(UART_RX_INTER);
 151              		.loc 1 49 0
 152 0016 2E48     		ldr	r0, .L9
 153 0018 FFF7FEFF 		bl	UART_RX_StartEx
  50:.\main.c      ****     DMA_ENABLE_StartEx(TIMER_DMA_INTER);
 154              		.loc 1 50 0
 155 001c 2D48     		ldr	r0, .L9+4
 156 001e FFF7FEFF 		bl	DMA_ENABLE_StartEx
  51:.\main.c      ****     DMA_FRAME_READY_StartEx(DMA_FRAME_INTER);
 157              		.loc 1 51 0
 158 0022 2D48     		ldr	r0, .L9+8
 159 0024 FFF7FEFF 		bl	DMA_FRAME_READY_StartEx
  52:.\main.c      ****     CYGlobalIntEnable;
 160              		.loc 1 52 0
 161              	@ 52 ".\main.c" 1
 162 0028 62B6     		CPSIE   i
 163              	@ 0 "" 2
  53:.\main.c      ****     
  54:.\main.c      ****     for(;;) {
ARM GAS  C:\Users\Leiuqeze\AppData\Local\Temp\ccpKB82g.s 			page 5


  55:.\main.c      ****         // Sync with the GUI
  56:.\main.c      ****         while(!initialized) {
 164              		.loc 1 56 0
 165              		.thumb
 166 002a 13E0     		b	.L2
 167              	.L3:
  57:.\main.c      ****             if (commandReady) {
 168              		.loc 1 57 0
 169 002c 2B4B     		ldr	r3, .L9+12
 170 002e 1B78     		ldrb	r3, [r3]	@ zero_extendqisi2
 171 0030 002B     		cmp	r3, #0
 172 0032 0FD0     		beq	.L2
  58:.\main.c      ****                 commandReady = 0;
 173              		.loc 1 58 0
 174 0034 294B     		ldr	r3, .L9+12
 175 0036 0022     		movs	r2, #0
 176 0038 1A70     		strb	r2, [r3]
  59:.\main.c      ****                 if (strcmp(command, PC_CONNECT) == 0) {
 177              		.loc 1 59 0
 178 003a 2948     		ldr	r0, .L9+16
 179 003c 2949     		ldr	r1, .L9+20
 180 003e FFF7FEFF 		bl	strcmp
 181 0042 0346     		mov	r3, r0
 182 0044 002B     		cmp	r3, #0
 183 0046 05D1     		bne	.L2
  60:.\main.c      ****                     initialized = 1;
 184              		.loc 1 60 0
 185 0048 274B     		ldr	r3, .L9+24
 186 004a 0122     		movs	r2, #1
 187 004c 1A70     		strb	r2, [r3]
  61:.\main.c      ****                     UART_PutString(PSOC_ACK);
 188              		.loc 1 61 0
 189 004e 2748     		ldr	r0, .L9+28
 190 0050 FFF7FEFF 		bl	UART_PutString
 191              	.L2:
  56:.\main.c      ****         while(!initialized) {
 192              		.loc 1 56 0 discriminator 1
 193 0054 244B     		ldr	r3, .L9+24
 194 0056 1B78     		ldrb	r3, [r3]	@ zero_extendqisi2
 195 0058 002B     		cmp	r3, #0
 196 005a E7D0     		beq	.L3
  62:.\main.c      ****                 }
  63:.\main.c      ****             }
  64:.\main.c      ****         }
  65:.\main.c      ****         
  66:.\main.c      ****         // Parse a command if available
  67:.\main.c      ****         if (commandReady) {
 197              		.loc 1 67 0
 198 005c 1F4B     		ldr	r3, .L9+12
 199 005e 1B78     		ldrb	r3, [r3]	@ zero_extendqisi2
 200 0060 002B     		cmp	r3, #0
 201 0062 05D0     		beq	.L4
  68:.\main.c      ****             parseCommand(command);
 202              		.loc 1 68 0
 203 0064 1E48     		ldr	r0, .L9+16
 204 0066 FFF7FEFF 		bl	parseCommand
  69:.\main.c      ****             commandReady = 0;
ARM GAS  C:\Users\Leiuqeze\AppData\Local\Temp\ccpKB82g.s 			page 6


 205              		.loc 1 69 0
 206 006a 1C4B     		ldr	r3, .L9+12
 207 006c 0022     		movs	r2, #0
 208 006e 1A70     		strb	r2, [r3]
 209              	.L4:
  70:.\main.c      ****         }
  71:.\main.c      ****         
  72:.\main.c      ****         // Send ADC frame to PC if available
  73:.\main.c      ****         if (adcFrameReady) {
 210              		.loc 1 73 0
 211 0070 1F4B     		ldr	r3, .L9+32
 212 0072 1B78     		ldrb	r3, [r3]	@ zero_extendqisi2
 213 0074 002B     		cmp	r3, #0
 214 0076 29D0     		beq	.L5
  74:.\main.c      ****             adcFrameReady = 0;
 215              		.loc 1 74 0
 216 0078 1D4B     		ldr	r3, .L9+32
 217 007a 0022     		movs	r2, #0
 218 007c 1A70     		strb	r2, [r3]
  75:.\main.c      ****             #ifndef DEBUG_OUTPUT
  76:.\main.c      ****             sprintf(framePrefix, "#F%dD", ADC_FRAME_SIZE);
 219              		.loc 1 76 0
 220 007e 3B1D     		adds	r3, r7, #4
 221 0080 1846     		mov	r0, r3
 222 0082 1C49     		ldr	r1, .L9+36
 223 0084 4FF4C872 		mov	r2, #400
 224 0088 FFF7FEFF 		bl	sprintf
  77:.\main.c      ****             UART_PutString(framePrefix);
 225              		.loc 1 77 0
 226 008c 3B1D     		adds	r3, r7, #4
 227 008e 1846     		mov	r0, r3
 228 0090 FFF7FEFF 		bl	UART_PutString
  78:.\main.c      ****             for (i = 0; i < ADC_FRAME_SIZE; i++) {
 229              		.loc 1 78 0
 230 0094 0023     		movs	r3, #0
 231 0096 FB81     		strh	r3, [r7, #14]	@ movhi
 232 0098 14E0     		b	.L6
 233              	.L7:
  79:.\main.c      ****                 UART_PutChar((adcFrame[i] >> 8) & 0XFF);
 234              		.loc 1 79 0 discriminator 2
 235 009a FA89     		ldrh	r2, [r7, #14]
 236 009c 164B     		ldr	r3, .L9+40
 237 009e 33F81230 		ldrh	r3, [r3, r2, lsl #1]
 238 00a2 1B0A     		lsrs	r3, r3, #8
 239 00a4 9BB2     		uxth	r3, r3
 240 00a6 DBB2     		uxtb	r3, r3
 241 00a8 1846     		mov	r0, r3
 242 00aa FFF7FEFF 		bl	UART_PutChar
  80:.\main.c      ****                 UART_PutChar(adcFrame[i] & 0XFF);
 243              		.loc 1 80 0 discriminator 2
 244 00ae FA89     		ldrh	r2, [r7, #14]
 245 00b0 114B     		ldr	r3, .L9+40
 246 00b2 33F81230 		ldrh	r3, [r3, r2, lsl #1]
 247 00b6 DBB2     		uxtb	r3, r3
 248 00b8 1846     		mov	r0, r3
 249 00ba FFF7FEFF 		bl	UART_PutChar
  78:.\main.c      ****             for (i = 0; i < ADC_FRAME_SIZE; i++) {
ARM GAS  C:\Users\Leiuqeze\AppData\Local\Temp\ccpKB82g.s 			page 7


 250              		.loc 1 78 0 discriminator 2
 251 00be FB89     		ldrh	r3, [r7, #14]
 252 00c0 0133     		adds	r3, r3, #1
 253 00c2 FB81     		strh	r3, [r7, #14]	@ movhi
 254              	.L6:
  78:.\main.c      ****             for (i = 0; i < ADC_FRAME_SIZE; i++) {
 255              		.loc 1 78 0 is_stmt 0 discriminator 1
 256 00c4 FB89     		ldrh	r3, [r7, #14]
 257 00c6 B3F5C87F 		cmp	r3, #400
 258 00ca E6D3     		bcc	.L7
 259              	.L5:
  81:.\main.c      ****             }
  82:.\main.c      ****             #endif
  83:.\main.c      ****         }
  84:.\main.c      ****     }
 260              		.loc 1 84 0 is_stmt 1
 261 00cc 00BF     		nop
  56:.\main.c      ****         while(!initialized) {
 262              		.loc 1 56 0
 263 00ce C1E7     		b	.L2
 264              	.L10:
 265              		.align	2
 266              	.L9:
 267 00d0 00000000 		.word	UART_RX_INTER
 268 00d4 00000000 		.word	TIMER_DMA_INTER
 269 00d8 00000000 		.word	DMA_FRAME_INTER
 270 00dc 00000000 		.word	commandReady
 271 00e0 00000000 		.word	command
 272 00e4 00000000 		.word	.LC0
 273 00e8 00000000 		.word	initialized
 274 00ec 14000000 		.word	.LC1
 275 00f0 00000000 		.word	adcFrameReady
 276 00f4 20000000 		.word	.LC2
 277 00f8 00000000 		.word	adcFrame
 278              		.cfi_endproc
 279              	.LFE56:
 280              		.size	main, .-main
 281              		.section	.rodata
 282 0026 0000     		.align	2
 283              	.LC3:
 284 0028 41465253 		.ascii	"AFRSZ#\000"
 284      5A2300
 285 002f 00       		.align	2
 286              	.LC4:
 287 0030 4144464F 		.ascii	"ADFOVWZ#\000"
 287      56575A23 
 287      00
 288 0039 000000   		.align	2
 289              	.LC5:
 290 003c 2350435F 		.ascii	"#PC_REQ_DISCONNECT#\000"
 290      5245515F 
 290      44495343 
 290      4F4E4E45 
 290      43542300 
 291              		.section	.text.parseCommand,"ax",%progbits
 292              		.align	2
 293              		.global	parseCommand
ARM GAS  C:\Users\Leiuqeze\AppData\Local\Temp\ccpKB82g.s 			page 8


 294              		.thumb
 295              		.thumb_func
 296              		.type	parseCommand, %function
 297              	parseCommand:
 298              	.LFB57:
  85:.\main.c      ****     return 0;
  86:.\main.c      **** }
  87:.\main.c      **** 
  88:.\main.c      **** void parseCommand(char *cmd) {
 299              		.loc 1 88 0
 300              		.cfi_startproc
 301              		@ args = 0, pretend = 0, frame = 16
 302              		@ frame_needed = 1, uses_anonymous_args = 0
 303 0000 80B5     		push	{r7, lr}
 304              		.cfi_def_cfa_offset 8
 305              		.cfi_offset 7, -8
 306              		.cfi_offset 14, -4
 307 0002 84B0     		sub	sp, sp, #16
 308              		.cfi_def_cfa_offset 24
 309 0004 00AF     		add	r7, sp, #0
 310              		.cfi_def_cfa_register 7
 311 0006 7860     		str	r0, [r7, #4]
  89:.\main.c      ****     char *param = cmd + 1;
 312              		.loc 1 89 0
 313 0008 7B68     		ldr	r3, [r7, #4]
 314 000a 0133     		adds	r3, r3, #1
 315 000c FB60     		str	r3, [r7, #12]
  90:.\main.c      ****     
  91:.\main.c      ****     if (*param == 'A') {
 316              		.loc 1 91 0
 317 000e FB68     		ldr	r3, [r7, #12]
 318 0010 1B78     		ldrb	r3, [r3]	@ zero_extendqisi2
 319 0012 412B     		cmp	r3, #65
 320 0014 72D1     		bne	.L12
  92:.\main.c      ****         #ifdef DEBUG_OUTPUT
  93:.\main.c      ****         UART_PutString("ADC");
  94:.\main.c      ****         #endif
  95:.\main.c      ****         ++param;
 321              		.loc 1 95 0
 322 0016 FB68     		ldr	r3, [r7, #12]
 323 0018 0133     		adds	r3, r3, #1
 324 001a FB60     		str	r3, [r7, #12]
  96:.\main.c      ****         while (*param != '#') {
 325              		.loc 1 96 0
 326 001c 69E0     		b	.L13
 327              	.L24:
  97:.\main.c      ****             switch (*param++) {
 328              		.loc 1 97 0
 329 001e FB68     		ldr	r3, [r7, #12]
 330 0020 5A1C     		adds	r2, r3, #1
 331 0022 FA60     		str	r2, [r7, #12]
 332 0024 1B78     		ldrb	r3, [r3]	@ zero_extendqisi2
 333 0026 413B     		subs	r3, r3, #65
 334 0028 192B     		cmp	r3, #25
 335 002a 5CD8     		bhi	.L49
 336 002c 01A2     		adr	r2, .L16
 337 002e 52F823F0 		ldr	pc, [r2, r3, lsl #2]
ARM GAS  C:\Users\Leiuqeze\AppData\Local\Temp\ccpKB82g.s 			page 9


 338 0032 00BF     		.p2align 2
 339              	.L16:
 340 0034 9D000000 		.word	.L15+1
 341 0038 E7000000 		.word	.L49+1
 342 003c E7000000 		.word	.L49+1
 343 0040 E7000000 		.word	.L49+1
 344 0044 E7000000 		.word	.L49+1
 345 0048 E7000000 		.word	.L49+1
 346 004c E7000000 		.word	.L49+1
 347 0050 E7000000 		.word	.L49+1
 348 0054 E7000000 		.word	.L49+1
 349 0058 E7000000 		.word	.L49+1
 350 005c E7000000 		.word	.L49+1
 351 0060 E7000000 		.word	.L49+1
 352 0064 E7000000 		.word	.L49+1
 353 0068 E7000000 		.word	.L49+1
 354 006c E7000000 		.word	.L49+1
 355 0070 E7000000 		.word	.L49+1
 356 0074 E7000000 		.word	.L49+1
 357 0078 E7000000 		.word	.L49+1
 358 007c E7000000 		.word	.L49+1
 359 0080 E7000000 		.word	.L49+1
 360 0084 E7000000 		.word	.L49+1
 361 0088 E7000000 		.word	.L49+1
 362 008c E7000000 		.word	.L49+1
 363 0090 E7000000 		.word	.L49+1
 364 0094 E7000000 		.word	.L49+1
 365 0098 C3000000 		.word	.L20+1
 366              		.p2align 1
 367              	.L15:
  98:.\main.c      ****                 case 'A': // Start
  99:.\main.c      ****                     #ifdef DEBUG_OUTPUT
 100:.\main.c      ****                     UART_PutString(" Start");
 101:.\main.c      ****                     #endif
 102:.\main.c      ****                     
 103:.\main.c      ****                     if (!adcOn) {
 368              		.loc 1 103 0
 369 009c 884B     		ldr	r3, .L52
 370 009e 1B78     		ldrb	r3, [r3]	@ zero_extendqisi2
 371 00a0 002B     		cmp	r3, #0
 372 00a2 0DD1     		bne	.L21
 104:.\main.c      ****                         ADC_StartConvert();
 373              		.loc 1 104 0
 374 00a4 FFF7FEFF 		bl	ADC_StartConvert
 105:.\main.c      ****                         TIMER_DMA_Start();
 375              		.loc 1 105 0
 376 00a8 FFF7FEFF 		bl	TIMER_DMA_Start
 106:.\main.c      ****                         adcOn = 1;
 377              		.loc 1 106 0
 378 00ac 844B     		ldr	r3, .L52
 379 00ae 0122     		movs	r2, #1
 380 00b0 1A70     		strb	r2, [r3]
 107:.\main.c      ****                         CyDmaChEnable(DMA_ADC_MEM_Chan, 1);
 381              		.loc 1 107 0
 382 00b2 844B     		ldr	r3, .L52+4
 383 00b4 1B78     		ldrb	r3, [r3]	@ zero_extendqisi2
 384 00b6 1846     		mov	r0, r3
ARM GAS  C:\Users\Leiuqeze\AppData\Local\Temp\ccpKB82g.s 			page 10


 385 00b8 0121     		movs	r1, #1
 386 00ba FFF7FEFF 		bl	CyDmaChEnable
 108:.\main.c      ****                     }
 109:.\main.c      ****                     
 110:.\main.c      ****                     break;
 387              		.loc 1 110 0
 388 00be 13E0     		b	.L22
 389              	.L21:
 390 00c0 12E0     		b	.L22
 391              	.L20:
 111:.\main.c      ****                 case 'F': // Samples per frame
 112:.\main.c      ****                     #ifdef DEBUG_OUTPUT
 113:.\main.c      ****                     UART_PutString(" SPF");
 114:.\main.c      ****                     #endif
 115:.\main.c      ****                     break;
 116:.\main.c      ****                 case 'R': // Resolution
 117:.\main.c      ****                     #ifdef DEBUG_OUTPUT
 118:.\main.c      ****                     UART_PutString(" Res");
 119:.\main.c      ****                     #endif
 120:.\main.c      ****                     break;
 121:.\main.c      ****                 case 'S': // Samples per second
 122:.\main.c      ****                     #ifdef DEBUG_OUTPUT
 123:.\main.c      ****                     UART_PutString(" SPS");
 124:.\main.c      ****                     #endif
 125:.\main.c      ****                     break;
 126:.\main.c      ****                 case 'Z': // Stop
 127:.\main.c      ****                     #ifdef DEBUG_OUTPUT
 128:.\main.c      ****                     UART_PutString(" Stop");
 129:.\main.c      ****                     #endif
 130:.\main.c      ****                     
 131:.\main.c      ****                     if (adcOn) {
 392              		.loc 1 131 0
 393 00c2 7F4B     		ldr	r3, .L52
 394 00c4 1B78     		ldrb	r3, [r3]	@ zero_extendqisi2
 395 00c6 002B     		cmp	r3, #0
 396 00c8 0CD0     		beq	.L23
 132:.\main.c      ****                         TIMER_DMA_Stop();
 397              		.loc 1 132 0
 398 00ca FFF7FEFF 		bl	TIMER_DMA_Stop
 133:.\main.c      ****                         ADC_Stop();
 399              		.loc 1 133 0
 400 00ce FFF7FEFF 		bl	ADC_Stop
 134:.\main.c      ****                         CyDmaChDisable(DMA_ADC_MEM_Chan);
 401              		.loc 1 134 0
 402 00d2 7C4B     		ldr	r3, .L52+4
 403 00d4 1B78     		ldrb	r3, [r3]	@ zero_extendqisi2
 404 00d6 1846     		mov	r0, r3
 405 00d8 FFF7FEFF 		bl	CyDmaChDisable
 135:.\main.c      ****                         adcOn = 0;
 406              		.loc 1 135 0
 407 00dc 784B     		ldr	r3, .L52
 408 00de 0022     		movs	r2, #0
 409 00e0 1A70     		strb	r2, [r3]
 136:.\main.c      ****                     }
 137:.\main.c      ****                     
 138:.\main.c      ****                     break;
 410              		.loc 1 138 0
ARM GAS  C:\Users\Leiuqeze\AppData\Local\Temp\ccpKB82g.s 			page 11


 411 00e2 01E0     		b	.L22
 412              	.L23:
 413 00e4 00E0     		b	.L22
 414              	.L49:
 139:.\main.c      ****                 default:  // Unexpected parameter
 140:.\main.c      ****                     #ifdef DEBUG_OUTPUT
 141:.\main.c      ****                     UART_PutString(" Unknown");
 142:.\main.c      ****                     #endif
 143:.\main.c      ****                     break;
 415              		.loc 1 143 0
 416 00e6 00BF     		nop
 417              	.L22:
 144:.\main.c      ****             }
 145:.\main.c      ****             param = strpbrk(param, ADC_PARAMS);
 418              		.loc 1 145 0
 419 00e8 F868     		ldr	r0, [r7, #12]
 420 00ea 7749     		ldr	r1, .L52+8
 421 00ec FFF7FEFF 		bl	strpbrk
 422 00f0 F860     		str	r0, [r7, #12]
 423              	.L13:
  96:.\main.c      ****         while (*param != '#') {
 424              		.loc 1 96 0 discriminator 1
 425 00f2 FB68     		ldr	r3, [r7, #12]
 426 00f4 1B78     		ldrb	r3, [r3]	@ zero_extendqisi2
 427 00f6 232B     		cmp	r3, #35
 428 00f8 91D1     		bne	.L24
 429 00fa DEE0     		b	.L11
 430              	.L12:
 146:.\main.c      ****         }
 147:.\main.c      ****         #ifdef DEBUG_OUTPUT
 148:.\main.c      ****         UART_PutString("\n\r");
 149:.\main.c      ****         #endif
 150:.\main.c      ****     }
 151:.\main.c      ****     else if (*param == 'D') {
 431              		.loc 1 151 0
 432 00fc FB68     		ldr	r3, [r7, #12]
 433 00fe 1B78     		ldrb	r3, [r3]	@ zero_extendqisi2
 434 0100 442B     		cmp	r3, #68
 435 0102 40F0D680 		bne	.L26
 152:.\main.c      ****         #ifdef DEBUG_OUTPUT
 153:.\main.c      ****         UART_PutString("DAC");
 154:.\main.c      ****         #endif
 155:.\main.c      ****         ++param;
 436              		.loc 1 155 0
 437 0106 FB68     		ldr	r3, [r7, #12]
 438 0108 0133     		adds	r3, r3, #1
 439 010a FB60     		str	r3, [r7, #12]
 156:.\main.c      ****         while (*param != '#') {
 440              		.loc 1 156 0
 441 010c CBE0     		b	.L27
 442              	.L48:
 157:.\main.c      ****             switch (*param++) {
 443              		.loc 1 157 0
 444 010e FB68     		ldr	r3, [r7, #12]
 445 0110 5A1C     		adds	r2, r3, #1
 446 0112 FA60     		str	r2, [r7, #12]
 447 0114 1B78     		ldrb	r3, [r3]	@ zero_extendqisi2
ARM GAS  C:\Users\Leiuqeze\AppData\Local\Temp\ccpKB82g.s 			page 12


 448 0116 413B     		subs	r3, r3, #65
 449 0118 192B     		cmp	r3, #25
 450 011a 00F2BE80 		bhi	.L50
 451 011e 01A2     		adr	r2, .L30
 452 0120 52F823F0 		ldr	pc, [r2, r3, lsl #2]
 453              		.p2align 2
 454              	.L30:
 455 0124 8D010000 		.word	.L29+1
 456 0128 9B020000 		.word	.L50+1
 457 012c 9B020000 		.word	.L50+1
 458 0130 9B020000 		.word	.L50+1
 459 0134 9B020000 		.word	.L50+1
 460 0138 9B020000 		.word	.L50+1
 461 013c 9B020000 		.word	.L50+1
 462 0140 9B020000 		.word	.L50+1
 463 0144 9B020000 		.word	.L50+1
 464 0148 9B020000 		.word	.L50+1
 465 014c 9B020000 		.word	.L50+1
 466 0150 9B020000 		.word	.L50+1
 467 0154 9B020000 		.word	.L50+1
 468 0158 9B020000 		.word	.L50+1
 469 015c 9B020000 		.word	.L50+1
 470 0160 9B020000 		.word	.L50+1
 471 0164 9B020000 		.word	.L50+1
 472 0168 9B020000 		.word	.L50+1
 473 016c 9B020000 		.word	.L50+1
 474 0170 9B020000 		.word	.L50+1
 475 0174 9B020000 		.word	.L50+1
 476 0178 9B020000 		.word	.L50+1
 477 017c BB010000 		.word	.L35+1
 478 0180 9B020000 		.word	.L50+1
 479 0184 9B020000 		.word	.L50+1
 480 0188 7D020000 		.word	.L36+1
 481              		.p2align 1
 482              	.L29:
 158:.\main.c      ****                 case 'A': // Start
 159:.\main.c      ****                     #ifdef DEBUG_OUTPUT
 160:.\main.c      ****                     UART_PutString(" Start");
 161:.\main.c      ****                     #endif
 162:.\main.c      ****                     
 163:.\main.c      ****                     if (!dacOn) {
 483              		.loc 1 163 0
 484 018c 4F4B     		ldr	r3, .L52+12
 485 018e 1B78     		ldrb	r3, [r3]	@ zero_extendqisi2
 486 0190 002B     		cmp	r3, #0
 487 0192 11D1     		bne	.L37
 164:.\main.c      ****                         MUX_DAC_FastSelect(ms);
 488              		.loc 1 164 0
 489 0194 4E4B     		ldr	r3, .L52+16
 490 0196 1B78     		ldrb	r3, [r3]	@ zero_extendqisi2
 491 0198 1846     		mov	r0, r3
 492 019a FFF7FEFF 		bl	MUX_DAC_FastSelect
 165:.\main.c      ****                         Control_DAC_Write(ws);
 493              		.loc 1 165 0
 494 019e 4D4B     		ldr	r3, .L52+20
 495 01a0 1B78     		ldrb	r3, [r3]	@ zero_extendqisi2
 496 01a2 1846     		mov	r0, r3
ARM GAS  C:\Users\Leiuqeze\AppData\Local\Temp\ccpKB82g.s 			page 13


 497 01a4 FFF7FEFF 		bl	Control_DAC_Write
 166:.\main.c      ****                         DAC_1_Start();
 498              		.loc 1 166 0
 499 01a8 FFF7FEFF 		bl	DAC_1_Start
 167:.\main.c      ****                         DAC_2_Start();
 500              		.loc 1 167 0
 501 01ac FFF7FEFF 		bl	DAC_2_Start
 168:.\main.c      ****                         dacOn = 1;
 502              		.loc 1 168 0
 503 01b0 464B     		ldr	r3, .L52+12
 504 01b2 0122     		movs	r2, #1
 505 01b4 1A70     		strb	r2, [r3]
 169:.\main.c      ****                     }
 170:.\main.c      ****                     
 171:.\main.c      ****                     break;
 506              		.loc 1 171 0
 507 01b6 71E0     		b	.L38
 508              	.L37:
 509 01b8 70E0     		b	.L38
 510              	.L35:
 172:.\main.c      ****                 case 'D': // Duty cycle
 173:.\main.c      ****                     #ifdef DEBUG_OUTPUT
 174:.\main.c      ****                     UART_PutString(" Duty");
 175:.\main.c      ****                     #endif
 176:.\main.c      ****                     break;
 177:.\main.c      ****                 case 'F': // Frequency
 178:.\main.c      ****                     #ifdef DEBUG_OUTPUT
 179:.\main.c      ****                     UART_PutString(" Freq");
 180:.\main.c      ****                     #endif
 181:.\main.c      ****                     break;
 182:.\main.c      ****                 case 'O': // Offset
 183:.\main.c      ****                     #ifdef DEBUG_OUTPUT
 184:.\main.c      ****                     UART_PutString(" Offset");
 185:.\main.c      ****                     #endif
 186:.\main.c      ****                     break;
 187:.\main.c      ****                 case 'V': // Peak to Peak Voltage
 188:.\main.c      ****                     #ifdef DEBUG_OUTPUT
 189:.\main.c      ****                     UART_PutString(" VPP");
 190:.\main.c      ****                     #endif
 191:.\main.c      ****                     break;
 192:.\main.c      ****                 case 'W': // Waveform
 193:.\main.c      ****                     #ifdef DEBUG_OUTPUT
 194:.\main.c      ****                     UART_PutString(" Wave");
 195:.\main.c      ****                     #endif
 196:.\main.c      ****                     
 197:.\main.c      ****                     // Settings for current DAC setup
 198:.\main.c      ****                     //       MUX 0   MUX 1
 199:.\main.c      ****                     // REG0  Sine    Triangle
 200:.\main.c      ****                     // REG1  Square  Arbitrary
 201:.\main.c      ****                     //
 202:.\main.c      ****                     // S(I)ne, S(Q)uare, Sa(W)tooth, (T)riangle, (A)rbitrary
 203:.\main.c      ****                     switch (*++param) {
 511              		.loc 1 203 0
 512 01ba FB68     		ldr	r3, [r7, #12]
 513 01bc 0133     		adds	r3, r3, #1
 514 01be FB60     		str	r3, [r7, #12]
 515 01c0 FB68     		ldr	r3, [r7, #12]
ARM GAS  C:\Users\Leiuqeze\AppData\Local\Temp\ccpKB82g.s 			page 14


 516 01c2 1B78     		ldrb	r3, [r3]	@ zero_extendqisi2
 517 01c4 413B     		subs	r3, r3, #65
 518 01c6 162B     		cmp	r3, #22
 519 01c8 4CD8     		bhi	.L51
 520 01ca 01A2     		adr	r2, .L41
 521 01cc 52F823F0 		ldr	pc, [r2, r3, lsl #2]
 522              		.p2align 2
 523              	.L41:
 524 01d0 2D020000 		.word	.L40+1
 525 01d4 65020000 		.word	.L51+1
 526 01d8 65020000 		.word	.L51+1
 527 01dc 65020000 		.word	.L51+1
 528 01e0 65020000 		.word	.L51+1
 529 01e4 65020000 		.word	.L51+1
 530 01e8 65020000 		.word	.L51+1
 531 01ec 65020000 		.word	.L51+1
 532 01f0 3B020000 		.word	.L42+1
 533 01f4 65020000 		.word	.L51+1
 534 01f8 65020000 		.word	.L51+1
 535 01fc 65020000 		.word	.L51+1
 536 0200 65020000 		.word	.L51+1
 537 0204 65020000 		.word	.L51+1
 538 0208 65020000 		.word	.L51+1
 539 020c 65020000 		.word	.L51+1
 540 0210 49020000 		.word	.L43+1
 541 0214 65020000 		.word	.L51+1
 542 0218 65020000 		.word	.L51+1
 543 021c 57020000 		.word	.L44+1
 544 0220 65020000 		.word	.L51+1
 545 0224 65020000 		.word	.L51+1
 546 0228 65020000 		.word	.L51+1
 547              		.p2align 1
 548              	.L40:
 204:.\main.c      ****                         case 'A':
 205:.\main.c      ****                             ms = 1;
 549              		.loc 1 205 0
 550 022c 284B     		ldr	r3, .L52+16
 551 022e 0122     		movs	r2, #1
 552 0230 1A70     		strb	r2, [r3]
 206:.\main.c      ****                             ws = 1;
 553              		.loc 1 206 0
 554 0232 284B     		ldr	r3, .L52+20
 555 0234 0122     		movs	r2, #1
 556 0236 1A70     		strb	r2, [r3]
 207:.\main.c      ****                             break;
 557              		.loc 1 207 0
 558 0238 15E0     		b	.L46
 559              	.L42:
 208:.\main.c      ****                         case 'I':
 209:.\main.c      ****                             ms = 0;
 560              		.loc 1 209 0
 561 023a 254B     		ldr	r3, .L52+16
 562 023c 0022     		movs	r2, #0
 563 023e 1A70     		strb	r2, [r3]
 210:.\main.c      ****                             ws = 0;
 564              		.loc 1 210 0
 565 0240 244B     		ldr	r3, .L52+20
ARM GAS  C:\Users\Leiuqeze\AppData\Local\Temp\ccpKB82g.s 			page 15


 566 0242 0022     		movs	r2, #0
 567 0244 1A70     		strb	r2, [r3]
 211:.\main.c      ****                             break;
 568              		.loc 1 211 0
 569 0246 0EE0     		b	.L46
 570              	.L43:
 212:.\main.c      ****                         case 'Q':
 213:.\main.c      ****                             ms = 0;
 571              		.loc 1 213 0
 572 0248 214B     		ldr	r3, .L52+16
 573 024a 0022     		movs	r2, #0
 574 024c 1A70     		strb	r2, [r3]
 214:.\main.c      ****                             ws = 1;
 575              		.loc 1 214 0
 576 024e 214B     		ldr	r3, .L52+20
 577 0250 0122     		movs	r2, #1
 578 0252 1A70     		strb	r2, [r3]
 215:.\main.c      ****                             break;
 579              		.loc 1 215 0
 580 0254 07E0     		b	.L46
 581              	.L44:
 216:.\main.c      ****                         case 'T':
 217:.\main.c      ****                             ms = 1;
 582              		.loc 1 217 0
 583 0256 1E4B     		ldr	r3, .L52+16
 584 0258 0122     		movs	r2, #1
 585 025a 1A70     		strb	r2, [r3]
 218:.\main.c      ****                             ws = 0;
 586              		.loc 1 218 0
 587 025c 1D4B     		ldr	r3, .L52+20
 588 025e 0022     		movs	r2, #0
 589 0260 1A70     		strb	r2, [r3]
 219:.\main.c      ****                             break;
 590              		.loc 1 219 0
 591 0262 00E0     		b	.L46
 592              	.L51:
 220:.\main.c      ****                         case 'W':
 221:.\main.c      ****                             // Not yet implemented
 222:.\main.c      ****                             break;
 223:.\main.c      ****                         default:
 224:.\main.c      ****                             // Bad parameter
 225:.\main.c      ****                             break;
 593              		.loc 1 225 0
 594 0264 00BF     		nop
 595              	.L46:
 226:.\main.c      ****                     }
 227:.\main.c      ****                     
 228:.\main.c      ****                     Control_DAC_Write(ws);
 596              		.loc 1 228 0
 597 0266 1B4B     		ldr	r3, .L52+20
 598 0268 1B78     		ldrb	r3, [r3]	@ zero_extendqisi2
 599 026a 1846     		mov	r0, r3
 600 026c FFF7FEFF 		bl	Control_DAC_Write
 229:.\main.c      ****                     MUX_DAC_FastSelect(ms);
 601              		.loc 1 229 0
 602 0270 174B     		ldr	r3, .L52+16
 603 0272 1B78     		ldrb	r3, [r3]	@ zero_extendqisi2
ARM GAS  C:\Users\Leiuqeze\AppData\Local\Temp\ccpKB82g.s 			page 16


 604 0274 1846     		mov	r0, r3
 605 0276 FFF7FEFF 		bl	MUX_DAC_FastSelect
 230:.\main.c      ****                     
 231:.\main.c      ****                     break;
 606              		.loc 1 231 0
 607 027a 0FE0     		b	.L38
 608              	.L36:
 232:.\main.c      ****                 case 'Z': // Stop
 233:.\main.c      ****                     #ifdef DEBUG_OUTPUT
 234:.\main.c      ****                     UART_PutString(" Stop");
 235:.\main.c      ****                     #endif
 236:.\main.c      ****                     
 237:.\main.c      ****                     if (dacOn) {
 609              		.loc 1 237 0
 610 027c 134B     		ldr	r3, .L52+12
 611 027e 1B78     		ldrb	r3, [r3]	@ zero_extendqisi2
 612 0280 002B     		cmp	r3, #0
 613 0282 09D0     		beq	.L47
 238:.\main.c      ****                         MUX_DAC_DisconnectAll();
 614              		.loc 1 238 0
 615 0284 FFF7FEFF 		bl	MUX_DAC_DisconnectAll
 239:.\main.c      ****                         DAC_1_Stop();
 616              		.loc 1 239 0
 617 0288 FFF7FEFF 		bl	DAC_1_Stop
 240:.\main.c      ****                         DAC_2_Stop();
 618              		.loc 1 240 0
 619 028c FFF7FEFF 		bl	DAC_2_Stop
 241:.\main.c      ****                         dacOn = 0;
 620              		.loc 1 241 0
 621 0290 0E4B     		ldr	r3, .L52+12
 622 0292 0022     		movs	r2, #0
 623 0294 1A70     		strb	r2, [r3]
 242:.\main.c      ****                     }
 243:.\main.c      ****                     
 244:.\main.c      ****                     break;
 624              		.loc 1 244 0
 625 0296 01E0     		b	.L38
 626              	.L47:
 627 0298 00E0     		b	.L38
 628              	.L50:
 245:.\main.c      ****                 default:  // Unexpected parameter
 246:.\main.c      ****                     #ifdef DEBUG_OUTPUT
 247:.\main.c      ****                     UART_PutString(" Unknown");
 248:.\main.c      ****                     #endif
 249:.\main.c      ****                     break;
 629              		.loc 1 249 0
 630 029a 00BF     		nop
 631              	.L38:
 250:.\main.c      ****             }
 251:.\main.c      ****             param = strpbrk(param, DAC_PARAMS);
 632              		.loc 1 251 0
 633 029c F868     		ldr	r0, [r7, #12]
 634 029e 0E49     		ldr	r1, .L52+24
 635 02a0 FFF7FEFF 		bl	strpbrk
 636 02a4 F860     		str	r0, [r7, #12]
 637              	.L27:
 156:.\main.c      ****         while (*param != '#') {
ARM GAS  C:\Users\Leiuqeze\AppData\Local\Temp\ccpKB82g.s 			page 17


 638              		.loc 1 156 0 discriminator 1
 639 02a6 FB68     		ldr	r3, [r7, #12]
 640 02a8 1B78     		ldrb	r3, [r3]	@ zero_extendqisi2
 641 02aa 232B     		cmp	r3, #35
 642 02ac 7FF42FAF 		bne	.L48
 643 02b0 03E0     		b	.L11
 644              	.L26:
 252:.\main.c      ****         }
 253:.\main.c      ****         #ifdef DEBUG_OUTPUT
 254:.\main.c      ****         UART_PutString("\n\r");
 255:.\main.c      ****         #endif
 256:.\main.c      ****     }
 257:.\main.c      ****     else if (strcmp(command, PC_DISCONNECT) == 0) {
 645              		.loc 1 257 0
 646 02b2 0A48     		ldr	r0, .L52+28
 647 02b4 0A49     		ldr	r1, .L52+32
 648 02b6 FFF7FEFF 		bl	strcmp
 649              	.L11:
 258:.\main.c      ****         // Set everything to default and uninitialize
 259:.\main.c      ****     }
 260:.\main.c      ****     else { // Unspecified command
 261:.\main.c      ****     }
 262:.\main.c      **** }
 650              		.loc 1 262 0
 651 02ba 1037     		adds	r7, r7, #16
 652 02bc BD46     		mov	sp, r7
 653              		@ sp needed
 654 02be 80BD     		pop	{r7, pc}
 655              	.L53:
 656              		.align	2
 657              	.L52:
 658 02c0 00000000 		.word	adcOn
 659 02c4 00000000 		.word	DMA_ADC_MEM_Chan
 660 02c8 28000000 		.word	.LC3
 661 02cc 00000000 		.word	dacOn
 662 02d0 00000000 		.word	ms
 663 02d4 00000000 		.word	ws
 664 02d8 30000000 		.word	.LC4
 665 02dc 00000000 		.word	command
 666 02e0 3C000000 		.word	.LC5
 667              		.cfi_endproc
 668              	.LFE57:
 669              		.size	parseCommand, .-parseCommand
 670              		.section	.text.UART_RX_INTER,"ax",%progbits
 671              		.align	2
 672              		.global	UART_RX_INTER
 673              		.thumb
 674              		.thumb_func
 675              		.type	UART_RX_INTER, %function
 676              	UART_RX_INTER:
 677              	.LFB58:
 263:.\main.c      **** 
 264:.\main.c      **** CY_ISR(UART_RX_INTER) {
 678              		.loc 1 264 0
 679              		.cfi_startproc
 680              		@ args = 0, pretend = 0, frame = 8
 681              		@ frame_needed = 1, uses_anonymous_args = 0
ARM GAS  C:\Users\Leiuqeze\AppData\Local\Temp\ccpKB82g.s 			page 18


 682 0000 80B5     		push	{r7, lr}
 683              		.cfi_def_cfa_offset 8
 684              		.cfi_offset 7, -8
 685              		.cfi_offset 14, -4
 686 0002 82B0     		sub	sp, sp, #8
 687              		.cfi_def_cfa_offset 16
 688 0004 00AF     		add	r7, sp, #0
 689              		.cfi_def_cfa_register 7
 265:.\main.c      ****     char c;
 266:.\main.c      ****     
 267:.\main.c      ****     // Build the command if no other command is pending
 268:.\main.c      ****     // Need error checking for command greater than 32 chars**************************
 269:.\main.c      ****     while (UART_GetRxBufferSize() && !commandReady) {
 690              		.loc 1 269 0
 691 0006 2CE0     		b	.L55
 692              	.L58:
 270:.\main.c      ****         c = UART_GetChar();
 693              		.loc 1 270 0
 694 0008 FFF7FEFF 		bl	UART_GetChar
 695 000c 0346     		mov	r3, r0
 696 000e FB71     		strb	r3, [r7, #7]
 271:.\main.c      ****         if (rxBufLen || c == '#') { // Filters out random bytes
 697              		.loc 1 271 0
 698 0010 1B4B     		ldr	r3, .L59
 699 0012 1B78     		ldrb	r3, [r3]	@ zero_extendqisi2
 700 0014 002B     		cmp	r3, #0
 701 0016 02D1     		bne	.L56
 702              		.loc 1 271 0 is_stmt 0 discriminator 1
 703 0018 FB79     		ldrb	r3, [r7, #7]	@ zero_extendqisi2
 704 001a 232B     		cmp	r3, #35
 705 001c 21D1     		bne	.L55
 706              	.L56:
 272:.\main.c      ****             rxBuffer[rxBufLen] = c;
 707              		.loc 1 272 0 is_stmt 1
 708 001e 184B     		ldr	r3, .L59
 709 0020 1B78     		ldrb	r3, [r3]	@ zero_extendqisi2
 710 0022 184A     		ldr	r2, .L59+4
 711 0024 F979     		ldrb	r1, [r7, #7]
 712 0026 D154     		strb	r1, [r2, r3]
 273:.\main.c      ****             if (rxBufLen++ && c == '#') { // End packet
 713              		.loc 1 273 0
 714 0028 154B     		ldr	r3, .L59
 715 002a 1B78     		ldrb	r3, [r3]	@ zero_extendqisi2
 716 002c 5A1C     		adds	r2, r3, #1
 717 002e D1B2     		uxtb	r1, r2
 718 0030 134A     		ldr	r2, .L59
 719 0032 1170     		strb	r1, [r2]
 720 0034 002B     		cmp	r3, #0
 721 0036 14D0     		beq	.L55
 722              		.loc 1 273 0 is_stmt 0 discriminator 1
 723 0038 FB79     		ldrb	r3, [r7, #7]	@ zero_extendqisi2
 724 003a 232B     		cmp	r3, #35
 725 003c 11D1     		bne	.L55
 274:.\main.c      ****                 commandReady = 1;
 726              		.loc 1 274 0 is_stmt 1
 727 003e 124B     		ldr	r3, .L59+8
 728 0040 0122     		movs	r2, #1
ARM GAS  C:\Users\Leiuqeze\AppData\Local\Temp\ccpKB82g.s 			page 19


 729 0042 1A70     		strb	r2, [r3]
 275:.\main.c      ****                 strncpy(command, rxBuffer, rxBufLen);
 730              		.loc 1 275 0
 731 0044 0E4B     		ldr	r3, .L59
 732 0046 1B78     		ldrb	r3, [r3]	@ zero_extendqisi2
 733 0048 1048     		ldr	r0, .L59+12
 734 004a 0E49     		ldr	r1, .L59+4
 735 004c 1A46     		mov	r2, r3
 736 004e FFF7FEFF 		bl	strncpy
 276:.\main.c      ****                 command[rxBufLen] = 0;
 737              		.loc 1 276 0
 738 0052 0B4B     		ldr	r3, .L59
 739 0054 1B78     		ldrb	r3, [r3]	@ zero_extendqisi2
 740 0056 0D4A     		ldr	r2, .L59+12
 741 0058 0021     		movs	r1, #0
 742 005a D154     		strb	r1, [r2, r3]
 277:.\main.c      ****                 rxBufLen = 0;
 743              		.loc 1 277 0
 744 005c 084B     		ldr	r3, .L59
 745 005e 0022     		movs	r2, #0
 746 0060 1A70     		strb	r2, [r3]
 747              	.L55:
 269:.\main.c      ****     while (UART_GetRxBufferSize() && !commandReady) {
 748              		.loc 1 269 0 discriminator 1
 749 0062 FFF7FEFF 		bl	UART_GetRxBufferSize
 750 0066 0346     		mov	r3, r0
 751 0068 002B     		cmp	r3, #0
 752 006a 03D0     		beq	.L57
 269:.\main.c      ****     while (UART_GetRxBufferSize() && !commandReady) {
 753              		.loc 1 269 0 is_stmt 0 discriminator 2
 754 006c 064B     		ldr	r3, .L59+8
 755 006e 1B78     		ldrb	r3, [r3]	@ zero_extendqisi2
 756 0070 002B     		cmp	r3, #0
 757 0072 C9D0     		beq	.L58
 758              	.L57:
 278:.\main.c      ****             }
 279:.\main.c      ****         }
 280:.\main.c      ****         else {
 281:.\main.c      ****             #ifdef DEBUG_OUTPUT
 282:.\main.c      ****             UART_PutString("Random bytes");
 283:.\main.c      ****             #endif
 284:.\main.c      ****         }
 285:.\main.c      ****     }
 286:.\main.c      ****     
 287:.\main.c      ****     // Check for error with UART module
 288:.\main.c      ****     if (UART_ReadRxStatus() & (UART_RX_STS_OVERRUN | UART_RX_STS_PAR_ERROR |
 759              		.loc 1 288 0 is_stmt 1
 760 0074 FFF7FEFF 		bl	UART_ReadRxStatus
 289:.\main.c      ****      UART_RX_STS_STOP_ERROR | UART_RX_STS_BREAK)) {
 290:.\main.c      ****         // Maybe do something about it
 291:.\main.c      ****         // Clear buffer and request resend
 292:.\main.c      ****     }
 293:.\main.c      **** }
 761              		.loc 1 293 0
 762 0078 0837     		adds	r7, r7, #8
 763 007a BD46     		mov	sp, r7
 764              		@ sp needed
ARM GAS  C:\Users\Leiuqeze\AppData\Local\Temp\ccpKB82g.s 			page 20


 765 007c 80BD     		pop	{r7, pc}
 766              	.L60:
 767 007e 00BF     		.align	2
 768              	.L59:
 769 0080 00000000 		.word	rxBufLen
 770 0084 00000000 		.word	rxBuffer
 771 0088 00000000 		.word	commandReady
 772 008c 00000000 		.word	command
 773              		.cfi_endproc
 774              	.LFE58:
 775              		.size	UART_RX_INTER, .-UART_RX_INTER
 776              		.section	.text.TIMER_DMA_INTER,"ax",%progbits
 777              		.align	2
 778              		.global	TIMER_DMA_INTER
 779              		.thumb
 780              		.thumb_func
 781              		.type	TIMER_DMA_INTER, %function
 782              	TIMER_DMA_INTER:
 783              	.LFB59:
 294:.\main.c      **** 
 295:.\main.c      **** // Used to reenable the ADC to MEM DMA so that another frame can be captured
 296:.\main.c      **** CY_ISR(TIMER_DMA_INTER) {
 784              		.loc 1 296 0
 785              		.cfi_startproc
 786              		@ args = 0, pretend = 0, frame = 0
 787              		@ frame_needed = 1, uses_anonymous_args = 0
 788 0000 80B5     		push	{r7, lr}
 789              		.cfi_def_cfa_offset 8
 790              		.cfi_offset 7, -8
 791              		.cfi_offset 14, -4
 792 0002 00AF     		add	r7, sp, #0
 793              		.cfi_def_cfa_register 7
 297:.\main.c      ****     #ifdef DEBUG_OUTPUT
 298:.\main.c      ****     UART_PutString("DMA Reenabled\r\n");
 299:.\main.c      ****     #endif
 300:.\main.c      ****     CyDmaChEnable(DMA_ADC_MEM_Chan, 1);
 794              		.loc 1 300 0
 795 0004 034B     		ldr	r3, .L62
 796 0006 1B78     		ldrb	r3, [r3]	@ zero_extendqisi2
 797 0008 1846     		mov	r0, r3
 798 000a 0121     		movs	r1, #1
 799 000c FFF7FEFF 		bl	CyDmaChEnable
 301:.\main.c      **** }
 800              		.loc 1 301 0
 801 0010 80BD     		pop	{r7, pc}
 802              	.L63:
 803 0012 00BF     		.align	2
 804              	.L62:
 805 0014 00000000 		.word	DMA_ADC_MEM_Chan
 806              		.cfi_endproc
 807              	.LFE59:
 808              		.size	TIMER_DMA_INTER, .-TIMER_DMA_INTER
 809              		.section	.text.DMA_FRAME_INTER,"ax",%progbits
 810              		.align	2
 811              		.global	DMA_FRAME_INTER
 812              		.thumb
 813              		.thumb_func
ARM GAS  C:\Users\Leiuqeze\AppData\Local\Temp\ccpKB82g.s 			page 21


 814              		.type	DMA_FRAME_INTER, %function
 815              	DMA_FRAME_INTER:
 816              	.LFB60:
 302:.\main.c      **** 
 303:.\main.c      **** // Used to notify Main that a frame is ready for transmission
 304:.\main.c      **** CY_ISR(DMA_FRAME_INTER) {
 817              		.loc 1 304 0
 818              		.cfi_startproc
 819              		@ args = 0, pretend = 0, frame = 0
 820              		@ frame_needed = 1, uses_anonymous_args = 0
 821              		@ link register save eliminated.
 822 0000 80B4     		push	{r7}
 823              		.cfi_def_cfa_offset 4
 824              		.cfi_offset 7, -4
 825 0002 00AF     		add	r7, sp, #0
 826              		.cfi_def_cfa_register 7
 305:.\main.c      ****     #ifdef DEBUG_OUTPUT
 306:.\main.c      ****     UART_PutString("Frame Captured\r\n");
 307:.\main.c      ****     #endif
 308:.\main.c      ****     adcFrameReady = 1;
 827              		.loc 1 308 0
 828 0004 034B     		ldr	r3, .L65
 829 0006 0122     		movs	r2, #1
 830 0008 1A70     		strb	r2, [r3]
 309:.\main.c      **** }
 831              		.loc 1 309 0
 832 000a BD46     		mov	sp, r7
 833              		@ sp needed
 834 000c 5DF8047B 		ldr	r7, [sp], #4
 835 0010 7047     		bx	lr
 836              	.L66:
 837 0012 00BF     		.align	2
 838              	.L65:
 839 0014 00000000 		.word	adcFrameReady
 840              		.cfi_endproc
 841              	.LFE60:
 842              		.size	DMA_FRAME_INTER, .-DMA_FRAME_INTER
 843              		.section	.text.DMA_ADC_MEM_Config,"ax",%progbits
 844              		.align	2
 845              		.global	DMA_ADC_MEM_Config
 846              		.thumb
 847              		.thumb_func
 848              		.type	DMA_ADC_MEM_Config, %function
 849              	DMA_ADC_MEM_Config:
 850              	.LFB61:
 310:.\main.c      **** 
 311:.\main.c      **** /*  Code created by the DMA Wizard. Initializes the DMA to transfer ADC_FRAME_SIZE samples
 312:.\main.c      ****  *  to the array adcFrame. After one frame capture it disables the channel and waits to be
 313:.\main.c      ****  *  reenabled.
 314:.\main.c      ****  */
 315:.\main.c      **** void DMA_ADC_MEM_Config() {
 851              		.loc 1 315 0
 852              		.cfi_startproc
 853              		@ args = 0, pretend = 0, frame = 0
 854              		@ frame_needed = 1, uses_anonymous_args = 0
 855 0000 80B5     		push	{r7, lr}
 856              		.cfi_def_cfa_offset 8
ARM GAS  C:\Users\Leiuqeze\AppData\Local\Temp\ccpKB82g.s 			page 22


 857              		.cfi_offset 7, -8
 858              		.cfi_offset 14, -4
 859 0002 00AF     		add	r7, sp, #0
 860              		.cfi_def_cfa_register 7
 316:.\main.c      ****     DMA_ADC_MEM_Chan = DMA_ADC_MEM_DmaInitialize(DMA_ADC_MEM_BYTES_PER_BURST, DMA_ADC_MEM_REQUEST_P
 861              		.loc 1 316 0
 862 0004 0220     		movs	r0, #2
 863 0006 0121     		movs	r1, #1
 864 0008 4FF48042 		mov	r2, #16384
 865 000c 41F6FF73 		movw	r3, #8191
 866 0010 FFF7FEFF 		bl	DMA_ADC_MEM_DmaInitialize
 867 0014 0346     		mov	r3, r0
 868 0016 1A46     		mov	r2, r3
 869 0018 114B     		ldr	r3, .L68
 870 001a 1A70     		strb	r2, [r3]
 317:.\main.c      ****      HI16(DMA_ADC_MEM_SRC_BASE), HI16(DMA_ADC_MEM_DST_BASE));
 318:.\main.c      ****     DMA_ADC_MEM_TD[0] = CyDmaTdAllocate();
 871              		.loc 1 318 0
 872 001c FFF7FEFF 		bl	CyDmaTdAllocate
 873 0020 0346     		mov	r3, r0
 874 0022 1A46     		mov	r2, r3
 875 0024 0F4B     		ldr	r3, .L68+4
 876 0026 1A70     		strb	r2, [r3]
 319:.\main.c      ****     CyDmaTdSetConfiguration(DMA_ADC_MEM_TD[0], 2 * ADC_FRAME_SIZE, CY_DMA_DISABLE_TD,
 877              		.loc 1 319 0
 878 0028 0E4B     		ldr	r3, .L68+4
 879 002a 1B78     		ldrb	r3, [r3]	@ zero_extendqisi2
 880 002c 1846     		mov	r0, r3
 881 002e 4FF44871 		mov	r1, #800
 882 0032 FE22     		movs	r2, #254
 883 0034 0623     		movs	r3, #6
 884 0036 FFF7FEFF 		bl	CyDmaTdSetConfiguration
 320:.\main.c      ****      DMA_ADC_MEM__TD_TERMOUT_EN | TD_INC_DST_ADR);
 321:.\main.c      ****     CyDmaTdSetAddress(DMA_ADC_MEM_TD[0], LO16((uint32)ADC_SAR_WRK0_PTR), LO16((uint32)adcFrame));
 885              		.loc 1 321 0
 886 003a 0A4B     		ldr	r3, .L68+4
 887 003c 1A78     		ldrb	r2, [r3]	@ zero_extendqisi2
 888 003e 0A4B     		ldr	r3, .L68+8
 889 0040 9BB2     		uxth	r3, r3
 890 0042 1046     		mov	r0, r2
 891 0044 45F6A231 		movw	r1, #23458
 892 0048 1A46     		mov	r2, r3
 893 004a FFF7FEFF 		bl	CyDmaTdSetAddress
 322:.\main.c      ****     CyDmaChSetInitialTd(DMA_ADC_MEM_Chan, DMA_ADC_MEM_TD[0]);
 894              		.loc 1 322 0
 895 004e 044B     		ldr	r3, .L68
 896 0050 1A78     		ldrb	r2, [r3]	@ zero_extendqisi2
 897 0052 044B     		ldr	r3, .L68+4
 898 0054 1B78     		ldrb	r3, [r3]	@ zero_extendqisi2
 899 0056 1046     		mov	r0, r2
 900 0058 1946     		mov	r1, r3
 901 005a FFF7FEFF 		bl	CyDmaChSetInitialTd
 323:.\main.c      **** }...
 902              		.loc 1 323 0
 903 005e 80BD     		pop	{r7, pc}
 904              	.L69:
 905              		.align	2
ARM GAS  C:\Users\Leiuqeze\AppData\Local\Temp\ccpKB82g.s 			page 23


 906              	.L68:
 907 0060 00000000 		.word	DMA_ADC_MEM_Chan
 908 0064 00000000 		.word	DMA_ADC_MEM_TD
 909 0068 00000000 		.word	adcFrame
 910              		.cfi_endproc
 911              	.LFE61:
 912              		.size	DMA_ADC_MEM_Config, .-DMA_ADC_MEM_Config
 913              		.text
 914              	.Letext0:
 915              		.file 2 "./main.h"
 916              		.file 3 "c:\\program files (x86)\\cypress\\psoc creator\\3.1\\psoc creator\\import\\gnu_cs\\arm\\4
 917              		.file 4 "c:\\program files (x86)\\cypress\\psoc creator\\3.1\\psoc creator\\import\\gnu_cs\\arm\\4
 918              		.file 5 ".\\Generated_Source\\PSoC5/cytypes.h"
 919              		.file 6 ".\\Generated_Source\\PSoC5/core_cm3.h"
 920              		.section	.debug_info,"",%progbits
 921              	.Ldebug_info0:
 922 0000 68030000 		.4byte	0x368
 923 0004 0400     		.2byte	0x4
 924 0006 00000000 		.4byte	.Ldebug_abbrev0
 925 000a 04       		.byte	0x4
 926 000b 01       		.uleb128 0x1
 927 000c 9A010000 		.4byte	.LASF49
 928 0010 01       		.byte	0x1
 929 0011 97000000 		.4byte	.LASF50
 930 0015 0D000000 		.4byte	.LASF51
 931 0019 00000000 		.4byte	.Ldebug_ranges0+0
 932 001d 00000000 		.4byte	0
 933 0021 00000000 		.4byte	.Ldebug_line0
 934 0025 02       		.uleb128 0x2
 935 0026 01       		.byte	0x1
 936 0027 02       		.byte	0x2
 937 0028 1E       		.byte	0x1e
 938 0029 4C000000 		.4byte	0x4c
 939 002d 03       		.uleb128 0x3
 940 002e 08000000 		.4byte	.LASF0
 941 0032 00       		.sleb128 0
 942 0033 03       		.uleb128 0x3
 943 0034 98020000 		.4byte	.LASF1
 944 0038 01       		.sleb128 1
 945 0039 04       		.uleb128 0x4
 946 003a 53415700 		.ascii	"SAW\000"
 947 003e 02       		.sleb128 2
 948 003f 03       		.uleb128 0x3
 949 0040 72020000 		.4byte	.LASF2
 950 0044 03       		.sleb128 3
 951 0045 04       		.uleb128 0x4
 952 0046 41524200 		.ascii	"ARB\000"
 953 004a 04       		.sleb128 4
 954 004b 00       		.byte	0
 955 004c 05       		.uleb128 0x5
 956 004d 8B010000 		.4byte	.LASF7
 957 0051 02       		.byte	0x2
 958 0052 1E       		.byte	0x1e
 959 0053 25000000 		.4byte	0x25
 960 0057 06       		.uleb128 0x6
 961 0058 01       		.byte	0x1
 962 0059 06       		.byte	0x6
ARM GAS  C:\Users\Leiuqeze\AppData\Local\Temp\ccpKB82g.s 			page 24


 963 005a 9F020000 		.4byte	.LASF3
 964 005e 06       		.uleb128 0x6
 965 005f 01       		.byte	0x1
 966 0060 08       		.byte	0x8
 967 0061 A6000000 		.4byte	.LASF4
 968 0065 06       		.uleb128 0x6
 969 0066 02       		.byte	0x2
 970 0067 05       		.byte	0x5
 971 0068 68020000 		.4byte	.LASF5
 972 006c 06       		.uleb128 0x6
 973 006d 02       		.byte	0x2
 974 006e 07       		.byte	0x7
 975 006f C7000000 		.4byte	.LASF6
 976 0073 05       		.uleb128 0x5
 977 0074 3A000000 		.4byte	.LASF8
 978 0078 03       		.byte	0x3
 979 0079 37       		.byte	0x37
 980 007a 7E000000 		.4byte	0x7e
 981 007e 06       		.uleb128 0x6
 982 007f 04       		.byte	0x4
 983 0080 05       		.byte	0x5
 984 0081 4B000000 		.4byte	.LASF9
 985 0085 06       		.uleb128 0x6
 986 0086 04       		.byte	0x4
 987 0087 07       		.byte	0x7
 988 0088 FF000000 		.4byte	.LASF10
 989 008c 06       		.uleb128 0x6
 990 008d 08       		.byte	0x8
 991 008e 05       		.byte	0x5
 992 008f 42020000 		.4byte	.LASF11
 993 0093 06       		.uleb128 0x6
 994 0094 08       		.byte	0x8
 995 0095 07       		.byte	0x7
 996 0096 64010000 		.4byte	.LASF12
 997 009a 07       		.uleb128 0x7
 998 009b 04       		.byte	0x4
 999 009c 05       		.byte	0x5
 1000 009d 696E7400 		.ascii	"int\000"
 1001 00a1 06       		.uleb128 0x6
 1002 00a2 04       		.byte	0x4
 1003 00a3 07       		.byte	0x7
 1004 00a4 4A010000 		.4byte	.LASF13
 1005 00a8 05       		.uleb128 0x5
 1006 00a9 23020000 		.4byte	.LASF14
 1007 00ad 04       		.byte	0x4
 1008 00ae 41       		.byte	0x41
 1009 00af 73000000 		.4byte	0x73
 1010 00b3 05       		.uleb128 0x5
 1011 00b4 7B020000 		.4byte	.LASF15
 1012 00b8 05       		.byte	0x5
 1013 00b9 A1       		.byte	0xa1
 1014 00ba 5E000000 		.4byte	0x5e
 1015 00be 05       		.uleb128 0x5
 1016 00bf 2E010000 		.4byte	.LASF16
 1017 00c3 05       		.byte	0x5
 1018 00c4 A2       		.byte	0xa2
 1019 00c5 6C000000 		.4byte	0x6c
ARM GAS  C:\Users\Leiuqeze\AppData\Local\Temp\ccpKB82g.s 			page 25


 1020 00c9 05       		.uleb128 0x5
 1021 00ca 35010000 		.4byte	.LASF17
 1022 00ce 05       		.byte	0x5
 1023 00cf A3       		.byte	0xa3
 1024 00d0 85000000 		.4byte	0x85
 1025 00d4 06       		.uleb128 0x6
 1026 00d5 04       		.byte	0x4
 1027 00d6 04       		.byte	0x4
 1028 00d7 A0000000 		.4byte	.LASF18
 1029 00db 06       		.uleb128 0x6
 1030 00dc 08       		.byte	0x8
 1031 00dd 04       		.byte	0x4
 1032 00de AB020000 		.4byte	.LASF19
 1033 00e2 06       		.uleb128 0x6
 1034 00e3 01       		.byte	0x1
 1035 00e4 08       		.byte	0x8
 1036 00e5 63020000 		.4byte	.LASF20
 1037 00e9 08       		.uleb128 0x8
 1038 00ea BC000000 		.4byte	.LASF21
 1039 00ee 05       		.byte	0x5
 1040 00ef 4B01     		.2byte	0x14b
 1041 00f1 F5000000 		.4byte	0xf5
 1042 00f5 09       		.uleb128 0x9
 1043 00f6 B3000000 		.4byte	0xb3
 1044 00fa 06       		.uleb128 0x6
 1045 00fb 04       		.byte	0x4
 1046 00fc 07       		.byte	0x7
 1047 00fd 39020000 		.4byte	.LASF22
 1048 0101 0A       		.uleb128 0xa
 1049 0102 04       		.byte	0x4
 1050 0103 E2000000 		.4byte	0xe2
 1051 0107 0B       		.uleb128 0xb
 1052 0108 3C010000 		.4byte	.LASF24
 1053 010c 01       		.byte	0x1
 1054 010d 28       		.byte	0x28
 1055 010e 9A000000 		.4byte	0x9a
 1056 0112 00000000 		.4byte	.LFB56
 1057 0116 FC000000 		.4byte	.LFE56-.LFB56
 1058 011a 01       		.uleb128 0x1
 1059 011b 9C       		.byte	0x9c
 1060 011c 3B010000 		.4byte	0x13b
 1061 0120 0C       		.uleb128 0xc
 1062 0121 6900     		.ascii	"i\000"
 1063 0123 01       		.byte	0x1
 1064 0124 29       		.byte	0x29
 1065 0125 BE000000 		.4byte	0xbe
 1066 0129 02       		.uleb128 0x2
 1067 012a 91       		.byte	0x91
 1068 012b 76       		.sleb128 -10
 1069 012c 0D       		.uleb128 0xd
 1070 012d 71000000 		.4byte	.LASF23
 1071 0131 01       		.byte	0x1
 1072 0132 2A       		.byte	0x2a
 1073 0133 3B010000 		.4byte	0x13b
 1074 0137 02       		.uleb128 0x2
 1075 0138 91       		.byte	0x91
 1076 0139 6C       		.sleb128 -20
ARM GAS  C:\Users\Leiuqeze\AppData\Local\Temp\ccpKB82g.s 			page 26


 1077 013a 00       		.byte	0
 1078 013b 0E       		.uleb128 0xe
 1079 013c E2000000 		.4byte	0xe2
 1080 0140 4B010000 		.4byte	0x14b
 1081 0144 0F       		.uleb128 0xf
 1082 0145 FA000000 		.4byte	0xfa
 1083 0149 09       		.byte	0x9
 1084 014a 00       		.byte	0
 1085 014b 10       		.uleb128 0x10
 1086 014c 57010000 		.4byte	.LASF25
 1087 0150 01       		.byte	0x1
 1088 0151 58       		.byte	0x58
 1089 0152 00000000 		.4byte	.LFB57
 1090 0156 E4020000 		.4byte	.LFE57-.LFB57
 1091 015a 01       		.uleb128 0x1
 1092 015b 9C       		.byte	0x9c
 1093 015c 7D010000 		.4byte	0x17d
 1094 0160 11       		.uleb128 0x11
 1095 0161 636D6400 		.ascii	"cmd\000"
 1096 0165 01       		.byte	0x1
 1097 0166 58       		.byte	0x58
 1098 0167 01010000 		.4byte	0x101
 1099 016b 02       		.uleb128 0x2
 1100 016c 91       		.byte	0x91
 1101 016d 6C       		.sleb128 -20
 1102 016e 0D       		.uleb128 0xd
 1103 016f C1000000 		.4byte	.LASF26
 1104 0173 01       		.byte	0x1
 1105 0174 59       		.byte	0x59
 1106 0175 01010000 		.4byte	0x101
 1107 0179 02       		.uleb128 0x2
 1108 017a 91       		.byte	0x91
 1109 017b 74       		.sleb128 -12
 1110 017c 00       		.byte	0
 1111 017d 12       		.uleb128 0x12
 1112 017e 2B020000 		.4byte	.LASF27
 1113 0182 01       		.byte	0x1
 1114 0183 0801     		.2byte	0x108
 1115 0185 00000000 		.4byte	.LFB58
 1116 0189 90000000 		.4byte	.LFE58-.LFB58
 1117 018d 01       		.uleb128 0x1
 1118 018e 9C       		.byte	0x9c
 1119 018f A1010000 		.4byte	0x1a1
 1120 0193 13       		.uleb128 0x13
 1121 0194 6300     		.ascii	"c\000"
 1122 0196 01       		.byte	0x1
 1123 0197 0901     		.2byte	0x109
 1124 0199 E2000000 		.4byte	0xe2
 1125 019d 02       		.uleb128 0x2
 1126 019e 91       		.byte	0x91
 1127 019f 77       		.sleb128 -9
 1128 01a0 00       		.byte	0
 1129 01a1 14       		.uleb128 0x14
 1130 01a2 DA000000 		.4byte	.LASF28
 1131 01a6 01       		.byte	0x1
 1132 01a7 2801     		.2byte	0x128
 1133 01a9 00000000 		.4byte	.LFB59
ARM GAS  C:\Users\Leiuqeze\AppData\Local\Temp\ccpKB82g.s 			page 27


 1134 01ad 18000000 		.4byte	.LFE59-.LFB59
 1135 01b1 01       		.uleb128 0x1
 1136 01b2 9C       		.byte	0x9c
 1137 01b3 15       		.uleb128 0x15
 1138 01b4 7B010000 		.4byte	.LASF29
 1139 01b8 01       		.byte	0x1
 1140 01b9 3001     		.2byte	0x130
 1141 01bb 00000000 		.4byte	.LFB60
 1142 01bf 18000000 		.4byte	.LFE60-.LFB60
 1143 01c3 01       		.uleb128 0x1
 1144 01c4 9C       		.byte	0x9c
 1145 01c5 16       		.uleb128 0x16
 1146 01c6 50020000 		.4byte	.LASF52
 1147 01ca 01       		.byte	0x1
 1148 01cb 3B01     		.2byte	0x13b
 1149 01cd 00000000 		.4byte	.LFB61
 1150 01d1 6C000000 		.4byte	.LFE61-.LFB61
 1151 01d5 01       		.uleb128 0x1
 1152 01d6 9C       		.byte	0x9c
 1153 01d7 17       		.uleb128 0x17
 1154 01d8 F2000000 		.4byte	.LASF30
 1155 01dc 06       		.byte	0x6
 1156 01dd 1606     		.2byte	0x616
 1157 01df E3010000 		.4byte	0x1e3
 1158 01e3 09       		.uleb128 0x9
 1159 01e4 A8000000 		.4byte	0xa8
 1160 01e8 18       		.uleb128 0x18
 1161 01e9 65000000 		.4byte	.LASF31
 1162 01ed 01       		.byte	0x1
 1163 01ee 0B       		.byte	0xb
 1164 01ef B3000000 		.4byte	0xb3
 1165 01f3 05       		.uleb128 0x5
 1166 01f4 03       		.byte	0x3
 1167 01f5 00000000 		.4byte	initialized
 1168 01f9 0E       		.uleb128 0xe
 1169 01fa E2000000 		.4byte	0xe2
 1170 01fe 09020000 		.4byte	0x209
 1171 0202 0F       		.uleb128 0xf
 1172 0203 FA000000 		.4byte	0xfa
 1173 0207 1F       		.byte	0x1f
 1174 0208 00       		.byte	0
 1175 0209 18       		.uleb128 0x18
 1176 020a 7D000000 		.4byte	.LASF32
 1177 020e 01       		.byte	0x1
 1178 020f 0E       		.byte	0xe
 1179 0210 F9010000 		.4byte	0x1f9
 1180 0214 05       		.uleb128 0x5
 1181 0215 03       		.byte	0x3
 1182 0216 00000000 		.4byte	rxBuffer
 1183 021a 18       		.uleb128 0x18
 1184 021b 5C000000 		.4byte	.LASF33
 1185 021f 01       		.byte	0x1
 1186 0220 0F       		.byte	0xf
 1187 0221 B3000000 		.4byte	0xb3
 1188 0225 05       		.uleb128 0x5
 1189 0226 03       		.byte	0x3
 1190 0227 00000000 		.4byte	rxBufLen
ARM GAS  C:\Users\Leiuqeze\AppData\Local\Temp\ccpKB82g.s 			page 28


 1191 022b 18       		.uleb128 0x18
 1192 022c 16020000 		.4byte	.LASF34
 1193 0230 01       		.byte	0x1
 1194 0231 10       		.byte	0x10
 1195 0232 B3000000 		.4byte	0xb3
 1196 0236 05       		.uleb128 0x5
 1197 0237 03       		.byte	0x3
 1198 0238 00000000 		.4byte	commandReady
 1199 023c 18       		.uleb128 0x18
 1200 023d 54000000 		.4byte	.LASF35
 1201 0241 01       		.byte	0x1
 1202 0242 11       		.byte	0x11
 1203 0243 F9010000 		.4byte	0x1f9
 1204 0247 05       		.uleb128 0x5
 1205 0248 03       		.byte	0x3
 1206 0249 00000000 		.4byte	command
 1207 024d 18       		.uleb128 0x18
 1208 024e 94010000 		.4byte	.LASF36
 1209 0252 01       		.byte	0x1
 1210 0253 14       		.byte	0x14
 1211 0254 B3000000 		.4byte	0xb3
 1212 0258 05       		.uleb128 0x5
 1213 0259 03       		.byte	0x3
 1214 025a 00000000 		.4byte	adcOn
 1215 025e 18       		.uleb128 0x18
 1216 025f B2020000 		.4byte	.LASF37
 1217 0263 01       		.byte	0x1
 1218 0264 15       		.byte	0x15
 1219 0265 B3000000 		.4byte	0xb3
 1220 0269 05       		.uleb128 0x5
 1221 026a 03       		.byte	0x3
 1222 026b 00000000 		.4byte	adcRez
 1223 026f 18       		.uleb128 0x18
 1224 0270 91020000 		.4byte	.LASF38
 1225 0274 01       		.byte	0x1
 1226 0275 16       		.byte	0x16
 1227 0276 C9000000 		.4byte	0xc9
 1228 027a 05       		.uleb128 0x5
 1229 027b 03       		.byte	0x3
 1230 027c 00000000 		.4byte	adcSPS
 1231 0280 0E       		.uleb128 0xe
 1232 0281 BE000000 		.4byte	0xbe
 1233 0285 91020000 		.4byte	0x291
 1234 0289 19       		.uleb128 0x19
 1235 028a FA000000 		.4byte	0xfa
 1236 028e 8F01     		.2byte	0x18f
 1237 0290 00       		.byte	0
 1238 0291 18       		.uleb128 0x18
 1239 0292 41010000 		.4byte	.LASF39
 1240 0296 01       		.byte	0x1
 1241 0297 17       		.byte	0x17
 1242 0298 80020000 		.4byte	0x280
 1243 029c 05       		.uleb128 0x5
 1244 029d 03       		.byte	0x3
 1245 029e 00000000 		.4byte	adcFrame
 1246 02a2 18       		.uleb128 0x18
 1247 02a3 20010000 		.4byte	.LASF40
ARM GAS  C:\Users\Leiuqeze\AppData\Local\Temp\ccpKB82g.s 			page 29


 1248 02a7 01       		.byte	0x1
 1249 02a8 18       		.byte	0x18
 1250 02a9 B3000000 		.4byte	0xb3
 1251 02ad 05       		.uleb128 0x5
 1252 02ae 03       		.byte	0x3
 1253 02af 00000000 		.4byte	adcFrameReady
 1254 02b3 18       		.uleb128 0x18
 1255 02b4 81020000 		.4byte	.LASF41
 1256 02b8 01       		.byte	0x1
 1257 02b9 1B       		.byte	0x1b
 1258 02ba B3000000 		.4byte	0xb3
 1259 02be 05       		.uleb128 0x5
 1260 02bf 03       		.byte	0x3
 1261 02c0 00000000 		.4byte	dacOn
 1262 02c4 18       		.uleb128 0x18
 1263 02c5 B4000000 		.4byte	.LASF42
 1264 02c9 01       		.byte	0x1
 1265 02ca 1C       		.byte	0x1c
 1266 02cb C9000000 		.4byte	0xc9
 1267 02cf 05       		.uleb128 0x5
 1268 02d0 03       		.byte	0x3
 1269 02d1 00000000 		.4byte	dacFreq
 1270 02d5 18       		.uleb128 0x18
 1271 02d6 44000000 		.4byte	.LASF43
 1272 02da 01       		.byte	0x1
 1273 02db 1D       		.byte	0x1d
 1274 02dc D4000000 		.4byte	0xd4
 1275 02e0 05       		.uleb128 0x5
 1276 02e1 03       		.byte	0x3
 1277 02e2 00000000 		.4byte	dacVPP
 1278 02e6 18       		.uleb128 0x18
 1279 02e7 87020000 		.4byte	.LASF44
 1280 02eb 01       		.byte	0x1
 1281 02ec 1E       		.byte	0x1e
 1282 02ed D4000000 		.4byte	0xd4
 1283 02f1 05       		.uleb128 0x5
 1284 02f2 03       		.byte	0x3
 1285 02f3 00000000 		.4byte	dacOffset
 1286 02f7 18       		.uleb128 0x18
 1287 02f8 00000000 		.4byte	.LASF45
 1288 02fc 01       		.byte	0x1
 1289 02fd 1F       		.byte	0x1f
 1290 02fe 4C000000 		.4byte	0x4c
 1291 0302 05       		.uleb128 0x5
 1292 0303 03       		.byte	0x3
 1293 0304 00000000 		.4byte	dacWave
 1294 0308 18       		.uleb128 0x18
 1295 0309 EA000000 		.4byte	.LASF46
 1296 030d 01       		.byte	0x1
 1297 030e 20       		.byte	0x20
 1298 030f B3000000 		.4byte	0xb3
 1299 0313 05       		.uleb128 0x5
 1300 0314 03       		.byte	0x3
 1301 0315 00000000 		.4byte	dacDuty
 1302 0319 1A       		.uleb128 0x1a
 1303 031a 777300   		.ascii	"ws\000"
 1304 031d 01       		.byte	0x1
ARM GAS  C:\Users\Leiuqeze\AppData\Local\Temp\ccpKB82g.s 			page 30


 1305 031e 21       		.byte	0x21
 1306 031f B3000000 		.4byte	0xb3
 1307 0323 05       		.uleb128 0x5
 1308 0324 03       		.byte	0x3
 1309 0325 00000000 		.4byte	ws
 1310 0329 1A       		.uleb128 0x1a
 1311 032a 6D7300   		.ascii	"ms\000"
 1312 032d 01       		.byte	0x1
 1313 032e 22       		.byte	0x22
 1314 032f B3000000 		.4byte	0xb3
 1315 0333 05       		.uleb128 0x5
 1316 0334 03       		.byte	0x3
 1317 0335 00000000 		.4byte	ms
 1318 0339 18       		.uleb128 0x18
 1319 033a 86000000 		.4byte	.LASF47
 1320 033e 01       		.byte	0x1
 1321 033f 25       		.byte	0x25
 1322 0340 B3000000 		.4byte	0xb3
 1323 0344 05       		.uleb128 0x5
 1324 0345 03       		.byte	0x3
 1325 0346 00000000 		.4byte	DMA_ADC_MEM_Chan
 1326 034a 0E       		.uleb128 0xe
 1327 034b B3000000 		.4byte	0xb3
 1328 034f 5A030000 		.4byte	0x35a
 1329 0353 0F       		.uleb128 0xf
 1330 0354 FA000000 		.4byte	0xfa
 1331 0358 00       		.byte	0
 1332 0359 00       		.byte	0
 1333 035a 18       		.uleb128 0x18
 1334 035b 11010000 		.4byte	.LASF48
 1335 035f 01       		.byte	0x1
 1336 0360 26       		.byte	0x26
 1337 0361 4A030000 		.4byte	0x34a
 1338 0365 05       		.uleb128 0x5
 1339 0366 03       		.byte	0x3
 1340 0367 00000000 		.4byte	DMA_ADC_MEM_TD
 1341 036b 00       		.byte	0
 1342              		.section	.debug_abbrev,"",%progbits
 1343              	.Ldebug_abbrev0:
 1344 0000 01       		.uleb128 0x1
 1345 0001 11       		.uleb128 0x11
 1346 0002 01       		.byte	0x1
 1347 0003 25       		.uleb128 0x25
 1348 0004 0E       		.uleb128 0xe
 1349 0005 13       		.uleb128 0x13
 1350 0006 0B       		.uleb128 0xb
 1351 0007 03       		.uleb128 0x3
 1352 0008 0E       		.uleb128 0xe
 1353 0009 1B       		.uleb128 0x1b
 1354 000a 0E       		.uleb128 0xe
 1355 000b 55       		.uleb128 0x55
 1356 000c 17       		.uleb128 0x17
 1357 000d 11       		.uleb128 0x11
 1358 000e 01       		.uleb128 0x1
 1359 000f 10       		.uleb128 0x10
 1360 0010 17       		.uleb128 0x17
 1361 0011 00       		.byte	0
ARM GAS  C:\Users\Leiuqeze\AppData\Local\Temp\ccpKB82g.s 			page 31


 1362 0012 00       		.byte	0
 1363 0013 02       		.uleb128 0x2
 1364 0014 04       		.uleb128 0x4
 1365 0015 01       		.byte	0x1
 1366 0016 0B       		.uleb128 0xb
 1367 0017 0B       		.uleb128 0xb
 1368 0018 3A       		.uleb128 0x3a
 1369 0019 0B       		.uleb128 0xb
 1370 001a 3B       		.uleb128 0x3b
 1371 001b 0B       		.uleb128 0xb
 1372 001c 01       		.uleb128 0x1
 1373 001d 13       		.uleb128 0x13
 1374 001e 00       		.byte	0
 1375 001f 00       		.byte	0
 1376 0020 03       		.uleb128 0x3
 1377 0021 28       		.uleb128 0x28
 1378 0022 00       		.byte	0
 1379 0023 03       		.uleb128 0x3
 1380 0024 0E       		.uleb128 0xe
 1381 0025 1C       		.uleb128 0x1c
 1382 0026 0D       		.uleb128 0xd
 1383 0027 00       		.byte	0
 1384 0028 00       		.byte	0
 1385 0029 04       		.uleb128 0x4
 1386 002a 28       		.uleb128 0x28
 1387 002b 00       		.byte	0
 1388 002c 03       		.uleb128 0x3
 1389 002d 08       		.uleb128 0x8
 1390 002e 1C       		.uleb128 0x1c
 1391 002f 0D       		.uleb128 0xd
 1392 0030 00       		.byte	0
 1393 0031 00       		.byte	0
 1394 0032 05       		.uleb128 0x5
 1395 0033 16       		.uleb128 0x16
 1396 0034 00       		.byte	0
 1397 0035 03       		.uleb128 0x3
 1398 0036 0E       		.uleb128 0xe
 1399 0037 3A       		.uleb128 0x3a
 1400 0038 0B       		.uleb128 0xb
 1401 0039 3B       		.uleb128 0x3b
 1402 003a 0B       		.uleb128 0xb
 1403 003b 49       		.uleb128 0x49
 1404 003c 13       		.uleb128 0x13
 1405 003d 00       		.byte	0
 1406 003e 00       		.byte	0
 1407 003f 06       		.uleb128 0x6
 1408 0040 24       		.uleb128 0x24
 1409 0041 00       		.byte	0
 1410 0042 0B       		.uleb128 0xb
 1411 0043 0B       		.uleb128 0xb
 1412 0044 3E       		.uleb128 0x3e
 1413 0045 0B       		.uleb128 0xb
 1414 0046 03       		.uleb128 0x3
 1415 0047 0E       		.uleb128 0xe
 1416 0048 00       		.byte	0
 1417 0049 00       		.byte	0
 1418 004a 07       		.uleb128 0x7
ARM GAS  C:\Users\Leiuqeze\AppData\Local\Temp\ccpKB82g.s 			page 32


 1419 004b 24       		.uleb128 0x24
 1420 004c 00       		.byte	0
 1421 004d 0B       		.uleb128 0xb
 1422 004e 0B       		.uleb128 0xb
 1423 004f 3E       		.uleb128 0x3e
 1424 0050 0B       		.uleb128 0xb
 1425 0051 03       		.uleb128 0x3
 1426 0052 08       		.uleb128 0x8
 1427 0053 00       		.byte	0
 1428 0054 00       		.byte	0
 1429 0055 08       		.uleb128 0x8
 1430 0056 16       		.uleb128 0x16
 1431 0057 00       		.byte	0
 1432 0058 03       		.uleb128 0x3
 1433 0059 0E       		.uleb128 0xe
 1434 005a 3A       		.uleb128 0x3a
 1435 005b 0B       		.uleb128 0xb
 1436 005c 3B       		.uleb128 0x3b
 1437 005d 05       		.uleb128 0x5
 1438 005e 49       		.uleb128 0x49
 1439 005f 13       		.uleb128 0x13
 1440 0060 00       		.byte	0
 1441 0061 00       		.byte	0
 1442 0062 09       		.uleb128 0x9
 1443 0063 35       		.uleb128 0x35
 1444 0064 00       		.byte	0
 1445 0065 49       		.uleb128 0x49
 1446 0066 13       		.uleb128 0x13
 1447 0067 00       		.byte	0
 1448 0068 00       		.byte	0
 1449 0069 0A       		.uleb128 0xa
 1450 006a 0F       		.uleb128 0xf
 1451 006b 00       		.byte	0
 1452 006c 0B       		.uleb128 0xb
 1453 006d 0B       		.uleb128 0xb
 1454 006e 49       		.uleb128 0x49
 1455 006f 13       		.uleb128 0x13
 1456 0070 00       		.byte	0
 1457 0071 00       		.byte	0
 1458 0072 0B       		.uleb128 0xb
 1459 0073 2E       		.uleb128 0x2e
 1460 0074 01       		.byte	0x1
 1461 0075 3F       		.uleb128 0x3f
 1462 0076 19       		.uleb128 0x19
 1463 0077 03       		.uleb128 0x3
 1464 0078 0E       		.uleb128 0xe
 1465 0079 3A       		.uleb128 0x3a
 1466 007a 0B       		.uleb128 0xb
 1467 007b 3B       		.uleb128 0x3b
 1468 007c 0B       		.uleb128 0xb
 1469 007d 49       		.uleb128 0x49
 1470 007e 13       		.uleb128 0x13
 1471 007f 11       		.uleb128 0x11
 1472 0080 01       		.uleb128 0x1
 1473 0081 12       		.uleb128 0x12
 1474 0082 06       		.uleb128 0x6
 1475 0083 40       		.uleb128 0x40
ARM GAS  C:\Users\Leiuqeze\AppData\Local\Temp\ccpKB82g.s 			page 33


 1476 0084 18       		.uleb128 0x18
 1477 0085 9642     		.uleb128 0x2116
 1478 0087 19       		.uleb128 0x19
 1479 0088 01       		.uleb128 0x1
 1480 0089 13       		.uleb128 0x13
 1481 008a 00       		.byte	0
 1482 008b 00       		.byte	0
 1483 008c 0C       		.uleb128 0xc
 1484 008d 34       		.uleb128 0x34
 1485 008e 00       		.byte	0
 1486 008f 03       		.uleb128 0x3
 1487 0090 08       		.uleb128 0x8
 1488 0091 3A       		.uleb128 0x3a
 1489 0092 0B       		.uleb128 0xb
 1490 0093 3B       		.uleb128 0x3b
 1491 0094 0B       		.uleb128 0xb
 1492 0095 49       		.uleb128 0x49
 1493 0096 13       		.uleb128 0x13
 1494 0097 02       		.uleb128 0x2
 1495 0098 18       		.uleb128 0x18
 1496 0099 00       		.byte	0
 1497 009a 00       		.byte	0
 1498 009b 0D       		.uleb128 0xd
 1499 009c 34       		.uleb128 0x34
 1500 009d 00       		.byte	0
 1501 009e 03       		.uleb128 0x3
 1502 009f 0E       		.uleb128 0xe
 1503 00a0 3A       		.uleb128 0x3a
 1504 00a1 0B       		.uleb128 0xb
 1505 00a2 3B       		.uleb128 0x3b
 1506 00a3 0B       		.uleb128 0xb
 1507 00a4 49       		.uleb128 0x49
 1508 00a5 13       		.uleb128 0x13
 1509 00a6 02       		.uleb128 0x2
 1510 00a7 18       		.uleb128 0x18
 1511 00a8 00       		.byte	0
 1512 00a9 00       		.byte	0
 1513 00aa 0E       		.uleb128 0xe
 1514 00ab 01       		.uleb128 0x1
 1515 00ac 01       		.byte	0x1
 1516 00ad 49       		.uleb128 0x49
 1517 00ae 13       		.uleb128 0x13
 1518 00af 01       		.uleb128 0x1
 1519 00b0 13       		.uleb128 0x13
 1520 00b1 00       		.byte	0
 1521 00b2 00       		.byte	0
 1522 00b3 0F       		.uleb128 0xf
 1523 00b4 21       		.uleb128 0x21
 1524 00b5 00       		.byte	0
 1525 00b6 49       		.uleb128 0x49
 1526 00b7 13       		.uleb128 0x13
 1527 00b8 2F       		.uleb128 0x2f
 1528 00b9 0B       		.uleb128 0xb
 1529 00ba 00       		.byte	0
 1530 00bb 00       		.byte	0
 1531 00bc 10       		.uleb128 0x10
 1532 00bd 2E       		.uleb128 0x2e
ARM GAS  C:\Users\Leiuqeze\AppData\Local\Temp\ccpKB82g.s 			page 34


 1533 00be 01       		.byte	0x1
 1534 00bf 3F       		.uleb128 0x3f
 1535 00c0 19       		.uleb128 0x19
 1536 00c1 03       		.uleb128 0x3
 1537 00c2 0E       		.uleb128 0xe
 1538 00c3 3A       		.uleb128 0x3a
 1539 00c4 0B       		.uleb128 0xb
 1540 00c5 3B       		.uleb128 0x3b
 1541 00c6 0B       		.uleb128 0xb
 1542 00c7 27       		.uleb128 0x27
 1543 00c8 19       		.uleb128 0x19
 1544 00c9 11       		.uleb128 0x11
 1545 00ca 01       		.uleb128 0x1
 1546 00cb 12       		.uleb128 0x12
 1547 00cc 06       		.uleb128 0x6
 1548 00cd 40       		.uleb128 0x40
 1549 00ce 18       		.uleb128 0x18
 1550 00cf 9642     		.uleb128 0x2116
 1551 00d1 19       		.uleb128 0x19
 1552 00d2 01       		.uleb128 0x1
 1553 00d3 13       		.uleb128 0x13
 1554 00d4 00       		.byte	0
 1555 00d5 00       		.byte	0
 1556 00d6 11       		.uleb128 0x11
 1557 00d7 05       		.uleb128 0x5
 1558 00d8 00       		.byte	0
 1559 00d9 03       		.uleb128 0x3
 1560 00da 08       		.uleb128 0x8
 1561 00db 3A       		.uleb128 0x3a
 1562 00dc 0B       		.uleb128 0xb
 1563 00dd 3B       		.uleb128 0x3b
 1564 00de 0B       		.uleb128 0xb
 1565 00df 49       		.uleb128 0x49
 1566 00e0 13       		.uleb128 0x13
 1567 00e1 02       		.uleb128 0x2
 1568 00e2 18       		.uleb128 0x18
 1569 00e3 00       		.byte	0
 1570 00e4 00       		.byte	0
 1571 00e5 12       		.uleb128 0x12
 1572 00e6 2E       		.uleb128 0x2e
 1573 00e7 01       		.byte	0x1
 1574 00e8 3F       		.uleb128 0x3f
 1575 00e9 19       		.uleb128 0x19
 1576 00ea 03       		.uleb128 0x3
 1577 00eb 0E       		.uleb128 0xe
 1578 00ec 3A       		.uleb128 0x3a
 1579 00ed 0B       		.uleb128 0xb
 1580 00ee 3B       		.uleb128 0x3b
 1581 00ef 05       		.uleb128 0x5
 1582 00f0 27       		.uleb128 0x27
 1583 00f1 19       		.uleb128 0x19
 1584 00f2 11       		.uleb128 0x11
 1585 00f3 01       		.uleb128 0x1
 1586 00f4 12       		.uleb128 0x12
 1587 00f5 06       		.uleb128 0x6
 1588 00f6 40       		.uleb128 0x40
 1589 00f7 18       		.uleb128 0x18
ARM GAS  C:\Users\Leiuqeze\AppData\Local\Temp\ccpKB82g.s 			page 35


 1590 00f8 9642     		.uleb128 0x2116
 1591 00fa 19       		.uleb128 0x19
 1592 00fb 01       		.uleb128 0x1
 1593 00fc 13       		.uleb128 0x13
 1594 00fd 00       		.byte	0
 1595 00fe 00       		.byte	0
 1596 00ff 13       		.uleb128 0x13
 1597 0100 34       		.uleb128 0x34
 1598 0101 00       		.byte	0
 1599 0102 03       		.uleb128 0x3
 1600 0103 08       		.uleb128 0x8
 1601 0104 3A       		.uleb128 0x3a
 1602 0105 0B       		.uleb128 0xb
 1603 0106 3B       		.uleb128 0x3b
 1604 0107 05       		.uleb128 0x5
 1605 0108 49       		.uleb128 0x49
 1606 0109 13       		.uleb128 0x13
 1607 010a 02       		.uleb128 0x2
 1608 010b 18       		.uleb128 0x18
 1609 010c 00       		.byte	0
 1610 010d 00       		.byte	0
 1611 010e 14       		.uleb128 0x14
 1612 010f 2E       		.uleb128 0x2e
 1613 0110 00       		.byte	0
 1614 0111 3F       		.uleb128 0x3f
 1615 0112 19       		.uleb128 0x19
 1616 0113 03       		.uleb128 0x3
 1617 0114 0E       		.uleb128 0xe
 1618 0115 3A       		.uleb128 0x3a
 1619 0116 0B       		.uleb128 0xb
 1620 0117 3B       		.uleb128 0x3b
 1621 0118 05       		.uleb128 0x5
 1622 0119 27       		.uleb128 0x27
 1623 011a 19       		.uleb128 0x19
 1624 011b 11       		.uleb128 0x11
 1625 011c 01       		.uleb128 0x1
 1626 011d 12       		.uleb128 0x12
 1627 011e 06       		.uleb128 0x6
 1628 011f 40       		.uleb128 0x40
 1629 0120 18       		.uleb128 0x18
 1630 0121 9642     		.uleb128 0x2116
 1631 0123 19       		.uleb128 0x19
 1632 0124 00       		.byte	0
 1633 0125 00       		.byte	0
 1634 0126 15       		.uleb128 0x15
 1635 0127 2E       		.uleb128 0x2e
 1636 0128 00       		.byte	0
 1637 0129 3F       		.uleb128 0x3f
 1638 012a 19       		.uleb128 0x19
 1639 012b 03       		.uleb128 0x3
 1640 012c 0E       		.uleb128 0xe
 1641 012d 3A       		.uleb128 0x3a
 1642 012e 0B       		.uleb128 0xb
 1643 012f 3B       		.uleb128 0x3b
 1644 0130 05       		.uleb128 0x5
 1645 0131 27       		.uleb128 0x27
 1646 0132 19       		.uleb128 0x19
ARM GAS  C:\Users\Leiuqeze\AppData\Local\Temp\ccpKB82g.s 			page 36


 1647 0133 11       		.uleb128 0x11
 1648 0134 01       		.uleb128 0x1
 1649 0135 12       		.uleb128 0x12
 1650 0136 06       		.uleb128 0x6
 1651 0137 40       		.uleb128 0x40
 1652 0138 18       		.uleb128 0x18
 1653 0139 9742     		.uleb128 0x2117
 1654 013b 19       		.uleb128 0x19
 1655 013c 00       		.byte	0
 1656 013d 00       		.byte	0
 1657 013e 16       		.uleb128 0x16
 1658 013f 2E       		.uleb128 0x2e
 1659 0140 00       		.byte	0
 1660 0141 3F       		.uleb128 0x3f
 1661 0142 19       		.uleb128 0x19
 1662 0143 03       		.uleb128 0x3
 1663 0144 0E       		.uleb128 0xe
 1664 0145 3A       		.uleb128 0x3a
 1665 0146 0B       		.uleb128 0xb
 1666 0147 3B       		.uleb128 0x3b
 1667 0148 05       		.uleb128 0x5
 1668 0149 11       		.uleb128 0x11
 1669 014a 01       		.uleb128 0x1
 1670 014b 12       		.uleb128 0x12
 1671 014c 06       		.uleb128 0x6
 1672 014d 40       		.uleb128 0x40
 1673 014e 18       		.uleb128 0x18
 1674 014f 9642     		.uleb128 0x2116
 1675 0151 19       		.uleb128 0x19
 1676 0152 00       		.byte	0
 1677 0153 00       		.byte	0
 1678 0154 17       		.uleb128 0x17
 1679 0155 34       		.uleb128 0x34
 1680 0156 00       		.byte	0
 1681 0157 03       		.uleb128 0x3
 1682 0158 0E       		.uleb128 0xe
 1683 0159 3A       		.uleb128 0x3a
 1684 015a 0B       		.uleb128 0xb
 1685 015b 3B       		.uleb128 0x3b
 1686 015c 05       		.uleb128 0x5
 1687 015d 49       		.uleb128 0x49
 1688 015e 13       		.uleb128 0x13
 1689 015f 3F       		.uleb128 0x3f
 1690 0160 19       		.uleb128 0x19
 1691 0161 3C       		.uleb128 0x3c
 1692 0162 19       		.uleb128 0x19
 1693 0163 00       		.byte	0
 1694 0164 00       		.byte	0
 1695 0165 18       		.uleb128 0x18
 1696 0166 34       		.uleb128 0x34
 1697 0167 00       		.byte	0
 1698 0168 03       		.uleb128 0x3
 1699 0169 0E       		.uleb128 0xe
 1700 016a 3A       		.uleb128 0x3a
 1701 016b 0B       		.uleb128 0xb
 1702 016c 3B       		.uleb128 0x3b
 1703 016d 0B       		.uleb128 0xb
ARM GAS  C:\Users\Leiuqeze\AppData\Local\Temp\ccpKB82g.s 			page 37


 1704 016e 49       		.uleb128 0x49
 1705 016f 13       		.uleb128 0x13
 1706 0170 3F       		.uleb128 0x3f
 1707 0171 19       		.uleb128 0x19
 1708 0172 02       		.uleb128 0x2
 1709 0173 18       		.uleb128 0x18
 1710 0174 00       		.byte	0
 1711 0175 00       		.byte	0
 1712 0176 19       		.uleb128 0x19
 1713 0177 21       		.uleb128 0x21
 1714 0178 00       		.byte	0
 1715 0179 49       		.uleb128 0x49
 1716 017a 13       		.uleb128 0x13
 1717 017b 2F       		.uleb128 0x2f
 1718 017c 05       		.uleb128 0x5
 1719 017d 00       		.byte	0
 1720 017e 00       		.byte	0
 1721 017f 1A       		.uleb128 0x1a
 1722 0180 34       		.uleb128 0x34
 1723 0181 00       		.byte	0
 1724 0182 03       		.uleb128 0x3
 1725 0183 08       		.uleb128 0x8
 1726 0184 3A       		.uleb128 0x3a
 1727 0185 0B       		.uleb128 0xb
 1728 0186 3B       		.uleb128 0x3b
 1729 0187 0B       		.uleb128 0xb
 1730 0188 49       		.uleb128 0x49
 1731 0189 13       		.uleb128 0x13
 1732 018a 3F       		.uleb128 0x3f
 1733 018b 19       		.uleb128 0x19
 1734 018c 02       		.uleb128 0x2
 1735 018d 18       		.uleb128 0x18
 1736 018e 00       		.byte	0
 1737 018f 00       		.byte	0
 1738 0190 00       		.byte	0
 1739              		.section	.debug_aranges,"",%progbits
 1740 0000 44000000 		.4byte	0x44
 1741 0004 0200     		.2byte	0x2
 1742 0006 00000000 		.4byte	.Ldebug_info0
 1743 000a 04       		.byte	0x4
 1744 000b 00       		.byte	0
 1745 000c 0000     		.2byte	0
 1746 000e 0000     		.2byte	0
 1747 0010 00000000 		.4byte	.LFB56
 1748 0014 FC000000 		.4byte	.LFE56-.LFB56
 1749 0018 00000000 		.4byte	.LFB57
 1750 001c E4020000 		.4byte	.LFE57-.LFB57
 1751 0020 00000000 		.4byte	.LFB58
 1752 0024 90000000 		.4byte	.LFE58-.LFB58
 1753 0028 00000000 		.4byte	.LFB59
 1754 002c 18000000 		.4byte	.LFE59-.LFB59
 1755 0030 00000000 		.4byte	.LFB60
 1756 0034 18000000 		.4byte	.LFE60-.LFB60
 1757 0038 00000000 		.4byte	.LFB61
 1758 003c 6C000000 		.4byte	.LFE61-.LFB61
 1759 0040 00000000 		.4byte	0
 1760 0044 00000000 		.4byte	0
ARM GAS  C:\Users\Leiuqeze\AppData\Local\Temp\ccpKB82g.s 			page 38


 1761              		.section	.debug_ranges,"",%progbits
 1762              	.Ldebug_ranges0:
 1763 0000 00000000 		.4byte	.LFB56
 1764 0004 FC000000 		.4byte	.LFE56
 1765 0008 00000000 		.4byte	.LFB57
 1766 000c E4020000 		.4byte	.LFE57
 1767 0010 00000000 		.4byte	.LFB58
 1768 0014 90000000 		.4byte	.LFE58
 1769 0018 00000000 		.4byte	.LFB59
 1770 001c 18000000 		.4byte	.LFE59
 1771 0020 00000000 		.4byte	.LFB60
 1772 0024 18000000 		.4byte	.LFE60
 1773 0028 00000000 		.4byte	.LFB61
 1774 002c 6C000000 		.4byte	.LFE61
 1775 0030 00000000 		.4byte	0
 1776 0034 00000000 		.4byte	0
 1777              		.section	.debug_line,"",%progbits
 1778              	.Ldebug_line0:
 1779 0000 83020000 		.section	.debug_str,"MS",%progbits,1
 1779      02005D01 
 1779      00000201 
 1779      FB0E0D00 
 1779      01010101 
 1780              	.LASF45:
 1781 0000 64616357 		.ascii	"dacWave\000"
 1781      61766500 
 1782              	.LASF0:
 1783 0008 53494E45 		.ascii	"SINE\000"
 1783      00
 1784              	.LASF51:
 1785 000d 433A5C55 		.ascii	"C:\\Users\\Leiuqeze\\Desktop\\Oscope_Alpha.cydsn\000"
 1785      73657273 
 1785      5C4C6569 
 1785      7571657A 
 1785      655C4465 
 1786              	.LASF8:
 1787 003a 5F5F696E 		.ascii	"__int32_t\000"
 1787      7433325F 
 1787      7400
 1788              	.LASF43:
 1789 0044 64616356 		.ascii	"dacVPP\000"
 1789      505000
 1790              	.LASF9:
 1791 004b 6C6F6E67 		.ascii	"long int\000"
 1791      20696E74 
 1791      00
 1792              	.LASF35:
 1793 0054 636F6D6D 		.ascii	"command\000"
 1793      616E6400 
 1794              	.LASF33:
 1795 005c 72784275 		.ascii	"rxBufLen\000"
 1795      664C656E 
 1795      00
 1796              	.LASF31:
 1797 0065 696E6974 		.ascii	"initialized\000"
 1797      69616C69 
 1797      7A656400 
ARM GAS  C:\Users\Leiuqeze\AppData\Local\Temp\ccpKB82g.s 			page 39


 1798              	.LASF23:
 1799 0071 6672616D 		.ascii	"framePrefix\000"
 1799      65507265 
 1799      66697800 
 1800              	.LASF32:
 1801 007d 72784275 		.ascii	"rxBuffer\000"
 1801      66666572 
 1801      00
 1802              	.LASF47:
 1803 0086 444D415F 		.ascii	"DMA_ADC_MEM_Chan\000"
 1803      4144435F 
 1803      4D454D5F 
 1803      4368616E 
 1803      00
 1804              	.LASF50:
 1805 0097 2E5C6D61 		.ascii	".\\main.c\000"
 1805      696E2E63 
 1805      00
 1806              	.LASF18:
 1807 00a0 666C6F61 		.ascii	"float\000"
 1807      7400
 1808              	.LASF4:
 1809 00a6 756E7369 		.ascii	"unsigned char\000"
 1809      676E6564 
 1809      20636861 
 1809      7200
 1810              	.LASF42:
 1811 00b4 64616346 		.ascii	"dacFreq\000"
 1811      72657100 
 1812              	.LASF21:
 1813 00bc 72656738 		.ascii	"reg8\000"
 1813      00
 1814              	.LASF26:
 1815 00c1 70617261 		.ascii	"param\000"
 1815      6D00
 1816              	.LASF6:
 1817 00c7 73686F72 		.ascii	"short unsigned int\000"
 1817      7420756E 
 1817      7369676E 
 1817      65642069 
 1817      6E7400
 1818              	.LASF28:
 1819 00da 54494D45 		.ascii	"TIMER_DMA_INTER\000"
 1819      525F444D 
 1819      415F494E 
 1819      54455200 
 1820              	.LASF46:
 1821 00ea 64616344 		.ascii	"dacDuty\000"
 1821      75747900 
 1822              	.LASF30:
 1823 00f2 49544D5F 		.ascii	"ITM_RxBuffer\000"
 1823      52784275 
 1823      66666572 
 1823      00
 1824              	.LASF10:
 1825 00ff 6C6F6E67 		.ascii	"long unsigned int\000"
 1825      20756E73 
ARM GAS  C:\Users\Leiuqeze\AppData\Local\Temp\ccpKB82g.s 			page 40


 1825      69676E65 
 1825      6420696E 
 1825      7400
 1826              	.LASF48:
 1827 0111 444D415F 		.ascii	"DMA_ADC_MEM_TD\000"
 1827      4144435F 
 1827      4D454D5F 
 1827      544400
 1828              	.LASF40:
 1829 0120 61646346 		.ascii	"adcFrameReady\000"
 1829      72616D65 
 1829      52656164 
 1829      7900
 1830              	.LASF16:
 1831 012e 75696E74 		.ascii	"uint16\000"
 1831      313600
 1832              	.LASF17:
 1833 0135 75696E74 		.ascii	"uint32\000"
 1833      333200
 1834              	.LASF24:
 1835 013c 6D61696E 		.ascii	"main\000"
 1835      00
 1836              	.LASF39:
 1837 0141 61646346 		.ascii	"adcFrame\000"
 1837      72616D65 
 1837      00
 1838              	.LASF13:
 1839 014a 756E7369 		.ascii	"unsigned int\000"
 1839      676E6564 
 1839      20696E74 
 1839      00
 1840              	.LASF25:
 1841 0157 70617273 		.ascii	"parseCommand\000"
 1841      65436F6D 
 1841      6D616E64 
 1841      00
 1842              	.LASF12:
 1843 0164 6C6F6E67 		.ascii	"long long unsigned int\000"
 1843      206C6F6E 
 1843      6720756E 
 1843      7369676E 
 1843      65642069 
 1844              	.LASF29:
 1845 017b 444D415F 		.ascii	"DMA_FRAME_INTER\000"
 1845      4652414D 
 1845      455F494E 
 1845      54455200 
 1846              	.LASF7:
 1847 018b 77617665 		.ascii	"waveform\000"
 1847      666F726D 
 1847      00
 1848              	.LASF36:
 1849 0194 6164634F 		.ascii	"adcOn\000"
 1849      6E00
 1850              	.LASF49:
 1851 019a 474E5520 		.ascii	"GNU C 4.8.4 20140526 (release) [ARM/embedded-4_8-br"
 1851      4320342E 
ARM GAS  C:\Users\Leiuqeze\AppData\Local\Temp\ccpKB82g.s 			page 41


 1851      382E3420 
 1851      32303134 
 1851      30353236 
 1852 01cd 616E6368 		.ascii	"anch revision 211358] -mcpu=cortex-m3 -mthumb -g -O"
 1852      20726576 
 1852      6973696F 
 1852      6E203231 
 1852      31333538 
 1853 0200 30202D66 		.ascii	"0 -ffunction-sections\000"
 1853      66756E63 
 1853      74696F6E 
 1853      2D736563 
 1853      74696F6E 
 1854              	.LASF34:
 1855 0216 636F6D6D 		.ascii	"commandReady\000"
 1855      616E6452 
 1855      65616479 
 1855      00
 1856              	.LASF14:
 1857 0223 696E7433 		.ascii	"int32_t\000"
 1857      325F7400 
 1858              	.LASF27:
 1859 022b 55415254 		.ascii	"UART_RX_INTER\000"
 1859      5F52585F 
 1859      494E5445 
 1859      5200
 1860              	.LASF22:
 1861 0239 73697A65 		.ascii	"sizetype\000"
 1861      74797065 
 1861      00
 1862              	.LASF11:
 1863 0242 6C6F6E67 		.ascii	"long long int\000"
 1863      206C6F6E 
 1863      6720696E 
 1863      7400
 1864              	.LASF52:
 1865 0250 444D415F 		.ascii	"DMA_ADC_MEM_Config\000"
 1865      4144435F 
 1865      4D454D5F 
 1865      436F6E66 
 1865      696700
 1866              	.LASF20:
 1867 0263 63686172 		.ascii	"char\000"
 1867      00
 1868              	.LASF5:
 1869 0268 73686F72 		.ascii	"short int\000"
 1869      7420696E 
 1869      7400
 1870              	.LASF2:
 1871 0272 54524941 		.ascii	"TRIANGLE\000"
 1871      4E474C45 
 1871      00
 1872              	.LASF15:
 1873 027b 75696E74 		.ascii	"uint8\000"
 1873      3800
 1874              	.LASF41:
 1875 0281 6461634F 		.ascii	"dacOn\000"
ARM GAS  C:\Users\Leiuqeze\AppData\Local\Temp\ccpKB82g.s 			page 42


 1875      6E00
 1876              	.LASF44:
 1877 0287 6461634F 		.ascii	"dacOffset\000"
 1877      66667365 
 1877      7400
 1878              	.LASF38:
 1879 0291 61646353 		.ascii	"adcSPS\000"
 1879      505300
 1880              	.LASF1:
 1881 0298 53515541 		.ascii	"SQUARE\000"
 1881      524500
 1882              	.LASF3:
 1883 029f 7369676E 		.ascii	"signed char\000"
 1883      65642063 
 1883      68617200 
 1884              	.LASF19:
 1885 02ab 646F7562 		.ascii	"double\000"
 1885      6C6500
 1886              	.LASF37:
 1887 02b2 61646352 		.ascii	"adcRez\000"
 1887      657A00
 1888              		.ident	"GCC: (GNU Tools for ARM Embedded Processors) 4.8.4 20140526 (release) [ARM/embedded-4_8-br
