--------------- Build Started: 11/23/2015 16:25:08 Project: Oscope_Init, Configuration: ARM GCC 4.8.4 Debug ---------------
cydsfit.exe -.appdatapath "C:\Users\Leiuqeze\AppData\Local\Cypress Semiconductor\PSoC Creator\3.1" -.fdsnotice -.fdswarpdepfile=warp_dependencies.txt -.fdselabdepfile=elab_dependencies.txt -.fdsbldfile=generated_files.txt -p C:\Users\Leiuqeze\Desktop\Oscope_Init.cydsn\Oscope_Init.cyprj -d CY8C5888LTI-LP097 -s C:\Users\Leiuqeze\Desktop\Oscope_Init.cydsn\Generated_Source\PSoC5 -- -yv2 -q10 -ygs -o2 -v3 -.fftcfgtype=LE
Elaborating Design...
HDL Generation ...
Synthesis ...
Place and Route ...
Tech mapping ...
Analog Placement ...
Analog Routing ...
Analog Code Generation ...
Digital Placement ...
Digital Routing ...
Bitstream Generation ...
Static timing analysis ...
API Generation ...
Dependency Generation ...
Clean Temporary Files ...
arm-none-eabi-gcc.exe -mcpu=cortex-m3 -mthumb -Wno-main -I. -I.\Generated_Source\PSoC5 -Wa,-alh=.\ARM_GCC_484\Debug/main.lst -g -ffunction-sections -O0 -c .\main.c -o .\ARM_GCC_484\Debug\main.o
arm-none-eabi-gcc.exe -mcpu=cortex-m3 -mthumb -Wno-main -I. -I.\Generated_Source\PSoC5 -Wa,-alh=.\ARM_GCC_484\Debug/cyfitter_cfg.lst -g -ffunction-sections -O0 -c .\Generated_Source\PSoC5\cyfitter_cfg.c -o .\ARM_GCC_484\Debug\cyfitter_cfg.o
arm-none-eabi-gcc.exe -mcpu=cortex-m3 -mthumb -Wno-main -I. -I.\Generated_Source\PSoC5 -Wa,-alh=.\ARM_GCC_484\Debug/cymetadata.lst -g -ffunction-sections -O0 -c .\Generated_Source\PSoC5\cymetadata.c -o .\ARM_GCC_484\Debug\cymetadata.o
arm-none-eabi-gcc.exe -mcpu=cortex-m3 -mthumb -Wno-main -I. -I.\Generated_Source\PSoC5 -Wa,-alh=.\ARM_GCC_484\Debug/Cm3Start.lst -g -ffunction-sections -O0 -c .\Generated_Source\PSoC5\Cm3Start.c -o .\ARM_GCC_484\Debug\Cm3Start.o
arm-none-eabi-as.exe -mcpu=cortex-m3 -mthumb -I. -I.\Generated_Source\PSoC5 -alh=.\ARM_GCC_484\Debug/CyBootAsmGnu.lst -g -o .\ARM_GCC_484\Debug\CyBootAsmGnu.o .\Generated_Source\PSoC5\CyBootAsmGnu.s
arm-none-eabi-gcc.exe -mcpu=cortex-m3 -mthumb -Wno-main -I. -I.\Generated_Source\PSoC5 -Wa,-alh=.\ARM_GCC_484\Debug/CyDmac.lst -g -ffunction-sections -O0 -c .\Generated_Source\PSoC5\CyDmac.c -o .\ARM_GCC_484\Debug\CyDmac.o
arm-none-eabi-gcc.exe -mcpu=cortex-m3 -mthumb -Wno-main -I. -I.\Generated_Source\PSoC5 -Wa,-alh=.\ARM_GCC_484\Debug/CyFlash.lst -g -ffunction-sections -O0 -c .\Generated_Source\PSoC5\CyFlash.c -o .\ARM_GCC_484\Debug\CyFlash.o
arm-none-eabi-gcc.exe -mcpu=cortex-m3 -mthumb -Wno-main -I. -I.\Generated_Source\PSoC5 -Wa,-alh=.\ARM_GCC_484\Debug/CyLib.lst -g -ffunction-sections -O0 -c .\Generated_Source\PSoC5\CyLib.c -o .\ARM_GCC_484\Debug\CyLib.o
arm-none-eabi-gcc.exe -mcpu=cortex-m3 -mthumb -Wno-main -I. -I.\Generated_Source\PSoC5 -Wa,-alh=.\ARM_GCC_484\Debug/cyPm.lst -g -ffunction-sections -O0 -c .\Generated_Source\PSoC5\cyPm.c -o .\ARM_GCC_484\Debug\cyPm.o
arm-none-eabi-gcc.exe -mcpu=cortex-m3 -mthumb -Wno-main -I. -I.\Generated_Source\PSoC5 -Wa,-alh=.\ARM_GCC_484\Debug/CySpc.lst -g -ffunction-sections -O0 -c .\Generated_Source\PSoC5\CySpc.c -o .\ARM_GCC_484\Debug\CySpc.o
arm-none-eabi-gcc.exe -mcpu=cortex-m3 -mthumb -Wno-main -I. -I.\Generated_Source\PSoC5 -Wa,-alh=.\ARM_GCC_484\Debug/cyutils.lst -g -ffunction-sections -O0 -c .\Generated_Source\PSoC5\cyutils.c -o .\ARM_GCC_484\Debug\cyutils.o
arm-none-eabi-gcc.exe -mcpu=cortex-m3 -mthumb -Wno-main -I. -I.\Generated_Source\PSoC5 -Wa,-alh=.\ARM_GCC_484\Debug/UART_RX.lst -g -ffunction-sections -O0 -c .\Generated_Source\PSoC5\UART_RX.c -o .\ARM_GCC_484\Debug\UART_RX.o
arm-none-eabi-gcc.exe -mcpu=cortex-m3 -mthumb -Wno-main -I. -I.\Generated_Source\PSoC5 -Wa,-alh=.\ARM_GCC_484\Debug/UART.lst -g -ffunction-sections -O0 -c .\Generated_Source\PSoC5\UART.c -o .\ARM_GCC_484\Debug\UART.o
arm-none-eabi-gcc.exe -mcpu=cortex-m3 -mthumb -Wno-main -I. -I.\Generated_Source\PSoC5 -Wa,-alh=.\ARM_GCC_484\Debug/UART_PM.lst -g -ffunction-sections -O0 -c .\Generated_Source\PSoC5\UART_PM.c -o .\ARM_GCC_484\Debug\UART_PM.o
arm-none-eabi-gcc.exe -mcpu=cortex-m3 -mthumb -Wno-main -I. -I.\Generated_Source\PSoC5 -Wa,-alh=.\ARM_GCC_484\Debug/UART_INT.lst -g -ffunction-sections -O0 -c .\Generated_Source\PSoC5\UART_INT.c -o .\ARM_GCC_484\Debug\UART_INT.o
arm-none-eabi-gcc.exe -mcpu=cortex-m3 -mthumb -Wno-main -I. -I.\Generated_Source\PSoC5 -Wa,-alh=.\ARM_GCC_484\Debug/UART_BOOT.lst -g -ffunction-sections -O0 -c .\Generated_Source\PSoC5\UART_BOOT.c -o .\ARM_GCC_484\Debug\UART_BOOT.o
arm-none-eabi-gcc.exe -mcpu=cortex-m3 -mthumb -Wno-main -I. -I.\Generated_Source\PSoC5 -Wa,-alh=.\ARM_GCC_484\Debug/UART_IntClock.lst -g -ffunction-sections -O0 -c .\Generated_Source\PSoC5\UART_IntClock.c -o .\ARM_GCC_484\Debug\UART_IntClock.o
arm-none-eabi-ar.exe -rs .\ARM_GCC_484\Debug\Oscope_Init.a .\ARM_GCC_484\Debug\cyfitter_cfg.o .\ARM_GCC_484\Debug\CyBootAsmGnu.o .\ARM_GCC_484\Debug\CyDmac.o .\ARM_GCC_484\Debug\CyFlash.o .\ARM_GCC_484\Debug\CyLib.o .\ARM_GCC_484\Debug\cyPm.o .\ARM_GCC_484\Debug\CySpc.o .\ARM_GCC_484\Debug\cyutils.o .\ARM_GCC_484\Debug\UART_RX.o .\ARM_GCC_484\Debug\UART.o .\ARM_GCC_484\Debug\UART_PM.o .\ARM_GCC_484\Debug\UART_INT.o .\ARM_GCC_484\Debug\UART_BOOT.o .\ARM_GCC_484\Debug\UART_IntClock.o
arm-none-eabi-ar.exe: creating .\ARM_GCC_484\Debug\Oscope_Init.a
arm-none-eabi-gcc.exe -Wl,--start-group -o .\ARM_GCC_484\Debug\Oscope_Init.elf .\ARM_GCC_484\Debug\main.o .\ARM_GCC_484\Debug\cymetadata.o .\ARM_GCC_484\Debug\Cm3Start.o .\ARM_GCC_484\Debug\Oscope_Init.a "C:\Program Files (x86)\Cypress\PSoC Creator\3.1\PSoC Creator\psoc\content\cycomponentlibrary\CyComponentLibrary.cylib\CortexM3\ARM_GCC_484\Debug\CyComponentLibrary.a" -mthumb -march=armv7-m -mfix-cortex-m3-ldrd -Wl,-Map,.\ARM_GCC_484\Debug/Oscope_Init.map -T .\Generated_Source\PSoC5\cm3gcc.ld -g -specs=nano.specs "-u _printf_float" "" -Wl,--gc-sections -Wl,--end-group
.\ARM_GCC_484\Debug\main.o: In function `parseCommand':
C:\Users\Leiuqeze\Desktop\Oscope_Init.cydsn/.\main.c:90: undefined reference to `ADC_Start'
C:\Users\Leiuqeze\Desktop\Oscope_Init.cydsn/.\main.c:91: undefined reference to `ADC_StartConvert'
C:\Users\Leiuqeze\Desktop\Oscope_Init.cydsn/.\main.c:112: undefined reference to `ADC_Stop'
collect2.exe: error: ld returned 1 exit status
The command 'arm-none-eabi-gcc.exe' failed with exit code '1'.
--------------- Build Failed: 11/23/2015 16:25:30 ---------------
