--------------- Clean Started: 11/23/2015 20:16:15 Project: Oscope_Init_and_ADC_DMA, Configuration: ARM GCC 4.8.4 Debug ---------------
Deleting file ".\ARM_GCC_484\Debug\main.o"
Deleting file ".\ARM_GCC_484\Debug\cyfitter_cfg.o"
Deleting file ".\ARM_GCC_484\Debug\cymetadata.o"
Deleting file ".\ARM_GCC_484\Debug\Cm3Start.o"
Deleting file ".\ARM_GCC_484\Debug\CyBootAsmGnu.o"
Deleting file ".\ARM_GCC_484\Debug\CyDmac.o"
Deleting file ".\ARM_GCC_484\Debug\CyFlash.o"
Deleting file ".\ARM_GCC_484\Debug\CyLib.o"
Deleting file ".\ARM_GCC_484\Debug\cyPm.o"
Deleting file ".\ARM_GCC_484\Debug\CySpc.o"
Deleting file ".\ARM_GCC_484\Debug\cyutils.o"
Deleting file ".\ARM_GCC_484\Debug\UART_RX.o"
Deleting file ".\ARM_GCC_484\Debug\UART.o"
Deleting file ".\ARM_GCC_484\Debug\UART_PM.o"
Deleting file ".\ARM_GCC_484\Debug\UART_INT.o"
Deleting file ".\ARM_GCC_484\Debug\UART_BOOT.o"
Deleting file ".\ARM_GCC_484\Debug\UART_IntClock.o"
Deleting file ".\ARM_GCC_484\Debug\ADC.o"
Deleting file ".\ARM_GCC_484\Debug\ADC_INT.o"
Deleting file ".\ARM_GCC_484\Debug\ADC_PM.o"
Deleting file ".\ARM_GCC_484\Debug\ADC_IRQ.o"
Deleting file ".\ARM_GCC_484\Debug\ADC_Clock.o"
Deleting file ".\ARM_GCC_484\Debug\ADC_POS.o"
Deleting file ".\ARM_GCC_484\Debug\DMA_ADC_MEM_dma.o"
Deleting file ".\ARM_GCC_484\Debug\TIMER_DMA.o"
Deleting file ".\ARM_GCC_484\Debug\TIMER_DMA_PM.o"
Deleting file ".\ARM_GCC_484\Debug\DMA_ENABLE.o"
Deleting file ".\ARM_GCC_484\Debug\DMA_FRAME_READY.o"
Deleting file ".\ARM_GCC_484\Debug\Oscope_Init_and_ADC_DMA.hex"
Deleting file ".\ARM_GCC_484\Debug\Oscope_Init_and_ADC_DMA.elf"
Deleting file ".\ARM_GCC_484\Debug\Oscope_Init_and_ADC_DMA.map"
Deleting file ".\Oscope_Init_and_ADC_DMA.cycdx"
Deleting file ".\Oscope_Init_and_ADC_DMA.svd"
Deleting file ".\Oscope_Init_and_ADC_DMA.rpt"
Deleting file ".\Oscope_Init_and_ADC_DMA_timing.html"
Deleting file ".\ARM_GCC_484\Debug\.deps\C_FILE.P"
Deleting file ".\ARM_GCC_484\Debug\.deps\ARM_C_FILE.P"
Deleting file ".\ARM_GCC_484\Debug\.deps\GNU_ARM_ASM_FILE.P"
--------------- Clean Succeeded: 11/23/2015 20:16:15 ---------------
