--------------- Clean Started: 11/23/2015 16:30:25 Project: Oscope_Init, Configuration: ARM GCC 4.8.4 Debug ---------------
Deleting file ".\ARM_GCC_484\Debug\main.o"
Deleting file ".\ARM_GCC_484\Debug\cyfitter_cfg.o"
Deleting file ".\ARM_GCC_484\Debug\cymetadata.o"
Deleting file ".\ARM_GCC_484\Debug\Cm3Start.o"
Deleting file ".\ARM_GCC_484\Debug\CyBootAsmGnu.o"
Deleting file ".\ARM_GCC_484\Debug\CyDmac.o"
Deleting file ".\ARM_GCC_484\Debug\CyFlash.o"
Deleting file ".\ARM_GCC_484\Debug\CyLib.o"
Deleting file ".\ARM_GCC_484\Debug\cyPm.o"
Deleting file ".\ARM_GCC_484\Debug\CySpc.o"
Deleting file ".\ARM_GCC_484\Debug\cyutils.o"
Deleting file ".\ARM_GCC_484\Debug\UART_RX.o"
Deleting file ".\ARM_GCC_484\Debug\UART.o"
Deleting file ".\ARM_GCC_484\Debug\UART_PM.o"
Deleting file ".\ARM_GCC_484\Debug\UART_INT.o"
Deleting file ".\ARM_GCC_484\Debug\UART_BOOT.o"
Deleting file ".\ARM_GCC_484\Debug\UART_IntClock.o"
Deleting file ".\ARM_GCC_484\Debug\Oscope_Init.hex"
Deleting file ".\ARM_GCC_484\Debug\Oscope_Init.elf"
Deleting file ".\ARM_GCC_484\Debug\Oscope_Init.map"
Deleting file ".\Oscope_Init.cycdx"
Deleting file ".\Oscope_Init.svd"
Deleting file ".\Oscope_Init.rpt"
Deleting file ".\Oscope_Init_timing.html"
Deleting file ".\ARM_GCC_484\Debug\.deps\C_FILE.P"
Deleting file ".\ARM_GCC_484\Debug\.deps\ARM_C_FILE.P"
Deleting file ".\ARM_GCC_484\Debug\.deps\GNU_ARM_ASM_FILE.P"
--------------- Clean Succeeded: 11/23/2015 16:30:25 ---------------
