--------------- Build Started: 12/02/2015 15:05:03 Project: Oscope_Alpha, Configuration: ARM GCC 4.8.4 Debug ---------------
cydsfit.exe -.appdatapath "C:\Users\Leiuqeze\AppData\Local\Cypress Semiconductor\PSoC Creator\3.1" -.fdsnotice -.fdswarpdepfile=warp_dependencies.txt -.fdselabdepfile=elab_dependencies.txt -.fdsbldfile=generated_files.txt -p C:\Users\Leiuqeze\Desktop\Oscope_Alpha.cydsn\Oscope_Alpha.cyprj -d CY8C5888LTI-LP097 -s C:\Users\Leiuqeze\Desktop\Oscope_Alpha.cydsn\Generated_Source\PSoC5 -- -yv2 -q10 -ygs -o2 -v3 -.fftcfgtype=LE
Elaborating Design...
HDL Generation ...
Synthesis ...
Place and Route ...
Tech mapping ...
Analog Placement ...
Log: apr.M0058: The analog placement iterative improvement is 54% done. (App=cydsfit)
Analog Routing ...
Analog Code Generation ...
Digital Placement ...
Digital Routing ...
Bitstream Generation ...
Static timing analysis ...
API Generation ...
Dependency Generation ...
Clean Temporary Files ...
arm-none-eabi-gcc.exe -mcpu=cortex-m3 -mthumb -Wno-main -I. -I.\Generated_Source\PSoC5 -Wa,-alh=.\ARM_GCC_484\Debug/main.lst -g -ffunction-sections -O0 -c .\main.c -o .\ARM_GCC_484\Debug\main.o
arm-none-eabi-gcc.exe -mcpu=cortex-m3 -mthumb -Wno-main -I. -I.\Generated_Source\PSoC5 -Wa,-alh=.\ARM_GCC_484\Debug/TIMER_DMA.lst -g -ffunction-sections -O0 -c .\Generated_Source\PSoC5\TIMER_DMA.c -o .\ARM_GCC_484\Debug\TIMER_DMA.o
arm-none-eabi-gcc.exe -mcpu=cortex-m3 -mthumb -Wno-main -I. -I.\Generated_Source\PSoC5 -Wa,-alh=.\ARM_GCC_484\Debug/TIMER_DMA_PM.lst -g -ffunction-sections -O0 -c .\Generated_Source\PSoC5\TIMER_DMA_PM.c -o .\ARM_GCC_484\Debug\TIMER_DMA_PM.o
arm-none-eabi-ar.exe -rs .\ARM_GCC_484\Debug\Oscope_Alpha.a .\ARM_GCC_484\Debug\cyfitter_cfg.o .\ARM_GCC_484\Debug\CyBootAsmGnu.o .\ARM_GCC_484\Debug\CyDmac.o .\ARM_GCC_484\Debug\CyFlash.o .\ARM_GCC_484\Debug\CyLib.o .\ARM_GCC_484\Debug\cyPm.o .\ARM_GCC_484\Debug\CySpc.o .\ARM_GCC_484\Debug\cyutils.o .\ARM_GCC_484\Debug\UART_RX.o .\ARM_GCC_484\Debug\UART.o .\ARM_GCC_484\Debug\UART_PM.o .\ARM_GCC_484\Debug\UART_INT.o .\ARM_GCC_484\Debug\UART_BOOT.o .\ARM_GCC_484\Debug\UART_IntClock.o .\ARM_GCC_484\Debug\ADC.o .\ARM_GCC_484\Debug\ADC_INT.o .\ARM_GCC_484\Debug\ADC_PM.o .\ARM_GCC_484\Debug\ADC_IRQ.o .\ARM_GCC_484\Debug\ADC_Clock.o .\ARM_GCC_484\Debug\ADC_POS.o .\ARM_GCC_484\Debug\DMA_ADC_MEM_dma.o .\ARM_GCC_484\Debug\TIMER_DMA.o .\ARM_GCC_484\Debug\TIMER_DMA_PM.o .\ARM_GCC_484\Debug\DMA_ENABLE.o .\ARM_GCC_484\Debug\DMA_FRAME_READY.o .\ARM_GCC_484\Debug\DAC_1.o .\ARM_GCC_484\Debug\DAC_1_PM.o .\ARM_GCC_484\Debug\DAC_POS.o .\ARM_GCC_484\Debug\MUX_DAC.o .\ARM_GCC_484\Debug\DAC_2.o .\ARM_GCC_484\Debug\DAC_2_PM.o .\ARM_GCC_484\Debug\Control_DAC.o .\ARM_GCC_484\Debug\Control_DAC_PM.o .\ARM_GCC_484\Debug\DAC_1_DacClk.o .\ARM_GCC_484\Debug\DAC_1_Wave1_DMA_dma.o .\ARM_GCC_484\Debug\DAC_1_Wave2_DMA_dma.o .\ARM_GCC_484\Debug\DAC_1_VDAC8.o .\ARM_GCC_484\Debug\DAC_1_VDAC8_PM.o .\ARM_GCC_484\Debug\DAC_2_DacClk.o .\ARM_GCC_484\Debug\DAC_2_Wave1_DMA_dma.o .\ARM_GCC_484\Debug\DAC_2_Wave2_DMA_dma.o .\ARM_GCC_484\Debug\DAC_2_VDAC8.o .\ARM_GCC_484\Debug\DAC_2_VDAC8_PM.o .\ARM_GCC_484\Debug\DAC_2_BuffAmp.o .\ARM_GCC_484\Debug\DAC_2_BuffAmp_PM.o
arm-none-eabi-ar.exe: creating .\ARM_GCC_484\Debug\Oscope_Alpha.a
arm-none-eabi-gcc.exe -Wl,--start-group -o .\ARM_GCC_484\Debug\Oscope_Alpha.elf .\ARM_GCC_484\Debug\main.o .\ARM_GCC_484\Debug\cymetadata.o .\ARM_GCC_484\Debug\Cm3Start.o .\ARM_GCC_484\Debug\Oscope_Alpha.a "C:\Program Files (x86)\Cypress\PSoC Creator\3.1\PSoC Creator\psoc\content\cycomponentlibrary\CyComponentLibrary.cylib\CortexM3\ARM_GCC_484\Debug\CyComponentLibrary.a" -mthumb -march=armv7-m -mfix-cortex-m3-ldrd -Wl,-Map,.\ARM_GCC_484\Debug/Oscope_Alpha.map -T .\Generated_Source\PSoC5\cm3gcc.ld -g -specs=nano.specs "-u _printf_float" "" -Wl,--gc-sections -Wl,--end-group
cyelftool.exe -C C:\Users\Leiuqeze\Desktop\Oscope_Alpha.cydsn\ARM_GCC_484\Debug\Oscope_Alpha.elf --flash_size 262144 --flash_row_size 256
cyelftool.exe -S C:\Users\Leiuqeze\Desktop\Oscope_Alpha.cydsn\ARM_GCC_484\Debug\Oscope_Alpha.elf
Flash used: 13374 of 262144 bytes (5.1 %).
SRAM used: 3533 of 65536 bytes (5.4 %). Stack: 2048 bytes. Heap: 128 bytes.
--------------- Build Succeeded: 12/02/2015 15:05:38 ---------------
